[1579529592.307167] [dahu-17:19614:0]       ib_iface.c:696  UCX  ERROR ibv_create_cq(cqe=4096) failed: Function not implemented
[1579529592.308316] [dahu-17:19615:0]       ib_iface.c:696  UCX  ERROR ibv_create_cq(cqe=4096) failed: Function not implemented
[1579529592.308799] [dahu-17:19611:0]       ib_iface.c:696  UCX  ERROR ibv_create_cq(cqe=4096) failed: Function not implemented
[1579529592.309057] [dahu-17:19610:0]       ib_iface.c:696  UCX  ERROR ibv_create_cq(cqe=4096) failed: Function not implemented
[1579529592.309247] [dahu-17:19612:0]       ib_iface.c:696  UCX  ERROR ibv_create_cq(cqe=4096) failed: Function not implemented
[1579529592.314684] [dahu-17:19618:0]       ib_iface.c:696  UCX  ERROR ibv_create_cq(cqe=4096) failed: Function not implemented
[1579529592.316844] [dahu-17:19616:0]       ib_iface.c:696  UCX  ERROR ibv_create_cq(cqe=4096) failed: Function not implemented
[1579529592.317046] [dahu-17:19617:0]       ib_iface.c:696  UCX  ERROR ibv_create_cq(cqe=4096) failed: Function not implemented
[1579529592.318384] [dahu-17:19613:0]       ib_iface.c:696  UCX  ERROR ibv_create_cq(cqe=4096) failed: Function not implemented
[1579529592.319040] [dahu-17:19609:0]       ib_iface.c:696  UCX  ERROR ibv_create_cq(cqe=4096) failed: Function not implemented
[1579529592.320587] [dahu-17:19621:0]       ib_iface.c:696  UCX  ERROR ibv_create_cq(cqe=4096) failed: Function not implemented
[1579529592.321945] [dahu-17:19620:0]       ib_iface.c:696  UCX  ERROR ibv_create_cq(cqe=4096) failed: Function not implemented
[1579529592.325729] [dahu-17:19622:0]       ib_iface.c:696  UCX  ERROR ibv_create_cq(cqe=4096) failed: Function not implemented
[1579529592.325798] [dahu-17:19619:0]       ib_iface.c:696  UCX  ERROR ibv_create_cq(cqe=4096) failed: Function not implemented
[1579529592.328420] [dahu-17:19623:0]       ib_iface.c:696  UCX  ERROR ibv_create_cq(cqe=4096) failed: Function not implemented
[1579529592.328800] [dahu-17:19625:0]       ib_iface.c:696  UCX  ERROR ibv_create_cq(cqe=4096) failed: Function not implemented
[1579529592.330669] [dahu-17:19626:0]       ib_iface.c:696  UCX  ERROR ibv_create_cq(cqe=4096) failed: Function not implemented
[1579529592.334741] [dahu-17:19628:0]       ib_iface.c:696  UCX  ERROR ibv_create_cq(cqe=4096) failed: Function not implemented
[1579529592.335188] [dahu-17:19624:0]       ib_iface.c:696  UCX  ERROR ibv_create_cq(cqe=4096) failed: Function not implemented
[1579529592.335228] [dahu-17:19627:0]       ib_iface.c:696  UCX  ERROR ibv_create_cq(cqe=4096) failed: Function not implemented
[1579529592.340479] [dahu-17:19633:0]       ib_iface.c:696  UCX  ERROR ibv_create_cq(cqe=4096) failed: Function not implemented
[1579529592.341195] [dahu-17:19629:0]       ib_iface.c:696  UCX  ERROR ibv_create_cq(cqe=4096) failed: Function not implemented
[1579529592.343783] [dahu-17:19630:0]       ib_iface.c:696  UCX  ERROR ibv_create_cq(cqe=4096) failed: Function not implemented
[1579529592.346227] [dahu-17:19631:0]       ib_iface.c:696  UCX  ERROR ibv_create_cq(cqe=4096) failed: Function not implemented
[1579529592.347052] [dahu-17:19634:0]       ib_iface.c:696  UCX  ERROR ibv_create_cq(cqe=4096) failed: Function not implemented
[1579529592.347126] [dahu-17:19635:0]       ib_iface.c:696  UCX  ERROR ibv_create_cq(cqe=4096) failed: Function not implemented
[1579529592.350439] [dahu-17:19639:0]       ib_iface.c:696  UCX  ERROR ibv_create_cq(cqe=4096) failed: Function not implemented
[1579529592.351220] [dahu-17:19637:0]       ib_iface.c:696  UCX  ERROR ibv_create_cq(cqe=4096) failed: Function not implemented
[1579529592.352208] [dahu-17:19632:0]       ib_iface.c:696  UCX  ERROR ibv_create_cq(cqe=4096) failed: Function not implemented
[1579529592.355254] [dahu-17:19638:0]       ib_iface.c:696  UCX  ERROR ibv_create_cq(cqe=4096) failed: Function not implemented
[1579529592.355789] [dahu-17:19636:0]       ib_iface.c:696  UCX  ERROR ibv_create_cq(cqe=4096) failed: Function not implemented
[1579529592.358184] [dahu-17:19640:0]       ib_iface.c:696  UCX  ERROR ibv_create_cq(cqe=4096) failed: Function not implemented
[1579529592.362395] [dahu-16:25234:0]       ib_iface.c:696  UCX  ERROR ibv_create_cq(cqe=4096) failed: Function not implemented
[1579529592.363347] [dahu-16:25247:0]       ib_iface.c:696  UCX  ERROR ibv_create_cq(cqe=4096) failed: Function not implemented
[1579529592.370349] [dahu-16:25237:0]       ib_iface.c:696  UCX  ERROR ibv_create_cq(cqe=4096) failed: Function not implemented
[1579529592.373589] [dahu-16:25236:0]       ib_iface.c:696  UCX  ERROR ibv_create_cq(cqe=4096) failed: Function not implemented
[1579529592.373578] [dahu-16:25239:0]       ib_iface.c:696  UCX  ERROR ibv_create_cq(cqe=4096) failed: Function not implemented
[1579529592.375156] [dahu-16:25250:0]       ib_iface.c:696  UCX  ERROR ibv_create_cq(cqe=4096) failed: Function not implemented
[1579529592.375973] [dahu-16:25251:0]       ib_iface.c:696  UCX  ERROR ibv_create_cq(cqe=4096) failed: Function not implemented
[1579529592.377514] [dahu-16:25245:0]       ib_iface.c:696  UCX  ERROR ibv_create_cq(cqe=4096) failed: Function not implemented
[1579529592.377987] [dahu-16:25238:0]       ib_iface.c:696  UCX  ERROR ibv_create_cq(cqe=4096) failed: Function not implemented
[1579529592.378603] [dahu-16:25249:0]       ib_iface.c:696  UCX  ERROR ibv_create_cq(cqe=4096) failed: Function not implemented
[1579529592.379048] [dahu-16:25248:0]       ib_iface.c:696  UCX  ERROR ibv_create_cq(cqe=4096) failed: Function not implemented
[1579529592.381505] [dahu-16:25246:0]       ib_iface.c:696  UCX  ERROR ibv_create_cq(cqe=4096) failed: Function not implemented
[1579529592.384067] [dahu-16:25230:0]       ib_iface.c:696  UCX  ERROR ibv_create_cq(cqe=4096) failed: Function not implemented
[1579529592.385795] [dahu-16:25235:0]       ib_iface.c:696  UCX  ERROR ibv_create_cq(cqe=4096) failed: Function not implemented
[1579529592.386975] [dahu-16:25252:0]       ib_iface.c:696  UCX  ERROR ibv_create_cq(cqe=4096) failed: Function not implemented
[1579529592.386989] [dahu-16:25227:0]       ib_iface.c:696  UCX  ERROR ibv_create_cq(cqe=4096) failed: Function not implemented
[1579529592.387201] [dahu-16:25256:0]       ib_iface.c:696  UCX  ERROR ibv_create_cq(cqe=4096) failed: Function not implemented
[1579529592.387311] [dahu-16:25257:0]       ib_iface.c:696  UCX  ERROR ibv_create_cq(cqe=4096) failed: Function not implemented
[1579529592.388823] [dahu-16:25243:0]       ib_iface.c:696  UCX  ERROR ibv_create_cq(cqe=4096) failed: Function not implemented
[1579529592.389661] [dahu-16:25254:0]       ib_iface.c:696  UCX  ERROR ibv_create_cq(cqe=4096) failed: Function not implemented
[1579529592.389726] [dahu-16:25242:0]       ib_iface.c:696  UCX  ERROR ibv_create_cq(cqe=4096) failed: Function not implemented
[1579529592.389904] [dahu-16:25228:0]       ib_iface.c:696  UCX  ERROR ibv_create_cq(cqe=4096) failed: Function not implemented
[1579529592.390006] [dahu-16:25240:0]       ib_iface.c:696  UCX  ERROR ibv_create_cq(cqe=4096) failed: Function not implemented
[1579529592.390999] [dahu-16:25241:0]       ib_iface.c:696  UCX  ERROR ibv_create_cq(cqe=4096) failed: Function not implemented
[1579529592.391610] [dahu-16:25226:0]       ib_iface.c:696  UCX  ERROR ibv_create_cq(cqe=4096) failed: Function not implemented
[1579529592.391945] [dahu-16:25253:0]       ib_iface.c:696  UCX  ERROR ibv_create_cq(cqe=4096) failed: Function not implemented
[1579529592.392509] [dahu-16:25231:0]       ib_iface.c:696  UCX  ERROR ibv_create_cq(cqe=4096) failed: Function not implemented
[1579529592.392535] [dahu-16:25232:0]       ib_iface.c:696  UCX  ERROR ibv_create_cq(cqe=4096) failed: Function not implemented
[1579529592.393616] [dahu-16:25244:0]       ib_iface.c:696  UCX  ERROR ibv_create_cq(cqe=4096) failed: Function not implemented
[1579529592.393651] [dahu-16:25233:0]       ib_iface.c:696  UCX  ERROR ibv_create_cq(cqe=4096) failed: Function not implemented
[1579529592.393893] [dahu-16:25229:0]       ib_iface.c:696  UCX  ERROR ibv_create_cq(cqe=4096) failed: Function not implemented
[1579529592.394769] [dahu-16:25255:0]       ib_iface.c:696  UCX  ERROR ibv_create_cq(cqe=4096) failed: Function not implemented
13:12.559200899 [ INFO] [4] has timed out. starting new election...
13:12.564035371 [ INFO] [4] becomes leader with 33 votes
13:12.722252883 [ INFO] [7] has timed out. starting new election...
13:12.728456257 [ INFO] [7] becomes leader with 33 votes
13:12.896388914 [ INFO] [30] has timed out. starting new election...
13:12.897168080 [ INFO] [45] has timed out. starting new election...
13:12.897358369 [ INFO] [40] has timed out. starting new election...
13:12.905066648 [ INFO] [49] has timed out. starting new election...
13:12.916035180 [ INFO] [45] becomes leader with 33 votes
13:13.097477817 [ INFO] [23] has timed out. starting new election...
13:13.104841817 [ INFO] [37] has timed out. starting new election...
13:13.145459856 [ INFO] [23] becomes leader with 62 votes
13:13.344928844 [ INFO] [30] has timed out. starting new election...
13:13.345683023 [ INFO] [40] has timed out. starting new election...
13:13.348872554 [ INFO] [40] becomes leader with 33 votes
13:13.722342969 [ INFO] [4] has timed out. starting new election...
13:13.724465321 [ INFO] [30] candidate has timed out. starting new election...
13:13.725232797 [ INFO] [4] becomes leader with 33 votes
13:13.889760277 [ INFO] [7] has timed out. starting new election...
13:13.892603326 [ INFO] [7] becomes leader with 33 votes
13:14.086949873 [ INFO] [45] has timed out. starting new election...
13:14.096217826 [ INFO] [45] becomes leader with 33 votes
13:14.518950095 [ INFO] [40] has timed out. starting new election...
13:14.536019382 [ INFO] [40] becomes leader with 33 votes
13:14.712775785 [ INFO] [49] has timed out. starting new election...
13:14.716254320 [ INFO] [23] has timed out. starting new election...
13:14.719213749 [ INFO] [23] becomes leader with 33 votes
13:15.049145241 [ INFO] [4] has timed out. starting new election...
13:15.053670619 [ INFO] [4] becomes leader with 33 votes
13:15.255803287 [ INFO] [7] has timed out. starting new election...
13:15.285459015 [ INFO] [7] becomes leader with 63 votes
13:15.476934851 [ INFO] [45] has timed out. starting new election...
13:15.485937584 [ INFO] [45] becomes leader with 33 votes
13:15.706044108 [ INFO] [40] has timed out. starting new election...
13:15.711764687 [ INFO] [40] becomes leader with 33 votes
13:15.898244696 [ INFO] [23] has timed out. starting new election...
13:15.941460580 [ INFO] [23] becomes leader with 63 votes
13:16.213479449 [ INFO] [4] has timed out. starting new election...
13:16.245462047 [ INFO] [4] becomes leader with 63 votes
13:16.469206450 [ INFO] [7] has timed out. starting new election...
13:16.485481406 [ INFO] [7] becomes leader with 63 votes
13:16.659838716 [ INFO] [45] has timed out. starting new election...
13:16.662865747 [ INFO] [45] becomes leader with 33 votes
13:16.881802697 [ INFO] [40] has timed out. starting new election...
13:16.885210762 [ INFO] [40] becomes leader with 33 votes
13:17.216113588 [ INFO] [23] has timed out. starting new election...
13:17.219445842 [ INFO] [23] becomes leader with 33 votes
13:17.414219345 [ INFO] [4] has timed out. starting new election...
13:17.420072050 [ INFO] [4] becomes leader with 33 votes
13:17.645467282 [ INFO] [7] has timed out. starting new election...
13:17.663083264 [ INFO] [7] becomes leader with 33 votes
13:17.835732682 [ INFO] [45] has timed out. starting new election...
13:17.839078190 [ INFO] [45] becomes leader with 33 votes
13:18.054958001 [ INFO] [40] has timed out. starting new election...
13:18.090825786 [ INFO] [40] becomes leader with 63 votes
13:18.399371315 [ INFO] [49] has timed out. starting new election...
13:18.403967256 [ INFO] [8] has timed out. starting new election...
13:18.406148702 [ INFO] [37] has timed out. starting new election...
13:18.578220501 [ INFO] [4] has timed out. starting new election...
13:18.605463567 [ INFO] [4] becomes leader with 63 votes
13:18.823466969 [ INFO] [7] has timed out. starting new election...
13:18.859041100 [ INFO] [7] becomes leader with 33 votes
13:19.029905334 [ INFO] [45] has timed out. starting new election...
13:19.035071160 [ INFO] [23] has timed out. starting new election...
13:19.042381228 [ INFO] [23] becomes leader with 33 votes
13:19.260375313 [ INFO] [40] has timed out. starting new election...
13:19.279742684 [ INFO] [40] becomes leader with 33 votes
13:19.449997007 [ INFO] [45] has timed out. starting new election...
13:19.468297585 [ INFO] [45] becomes leader with 33 votes
13:19.763471507 [ INFO] [4] has timed out. starting new election...
13:19.785903025 [ INFO] [49] has timed out. starting new election...
13:19.822825033 [ INFO] [49] becomes leader with 62 votes
13:20.033533591 [ INFO] [7] has timed out. starting new election...
13:20.061462396 [ INFO] [7] becomes leader with 63 votes
13:20.215830632 [ INFO] [4] has timed out. starting new election...
13:20.257459218 [ INFO] [4] becomes leader with 63 votes
13:20.449972958 [ INFO] [40] has timed out. starting new election...
13:20.460478739 [ INFO] [23] has timed out. starting new election...
13:20.493467044 [ INFO] [23] becomes leader with 62 votes
13:20.662677757 [ INFO] [45] has timed out. starting new election...
13:20.665791559 [ INFO] [45] becomes leader with 33 votes
13:20.835888632 [ INFO] [40] has timed out. starting new election...
13:20.882828462 [ INFO] [40] becomes leader with 63 votes
13:21.060581169 [ INFO] [49] has timed out. starting new election...
13:21.077653119 [ INFO] [49] becomes leader with 52 votes
13:21.235772809 [ INFO] [7] has timed out. starting new election...
13:21.295631026 [ INFO] [7] becomes leader with 33 votes
13:21.449960726 [ INFO] [4] has timed out. starting new election...
13:21.485456834 [ INFO] [4] becomes leader with 63 votes
13:21.836238756 [ INFO] [45] has timed out. starting new election...
13:21.870827615 [ INFO] [45] becomes leader with 63 votes
13:22.248295403 [ INFO] [40] has timed out. starting new election...
13:22.253418774 [ INFO] [40] becomes leader with 33 votes
13:22.455319189 [ INFO] [7] has timed out. starting new election...
13:22.497459013 [ INFO] [7] becomes leader with 62 votes
13:22.748049381 [ INFO] [4] has timed out. starting new election...
13:22.751526114 [ INFO] [4] becomes leader with 33 votes
13:22.928555894 [ INFO] [49] has timed out. starting new election...
13:22.934386983 [ INFO] [49] becomes leader with 33 votes
13:23.108101719 [ INFO] [45] has timed out. starting new election...
13:23.142823057 [ INFO] [45] becomes leader with 63 votes
13:23.423709403 [ INFO] [40] has timed out. starting new election...
13:23.426945358 [ INFO] [40] becomes leader with 33 votes
13:23.657241241 [ INFO] [7] has timed out. starting new election...
13:23.674999885 [ INFO] [7] becomes leader with 33 votes
13:23.909523785 [ INFO] [4] has timed out. starting new election...
13:23.953465348 [ INFO] [4] becomes leader with 63 votes
13:24.129024307 [ INFO] [49] has timed out. starting new election...
13:24.158827753 [ INFO] [49] becomes leader with 63 votes
13:24.377338282 [ INFO] [45] has timed out. starting new election...
13:24.418824548 [ INFO] [45] becomes leader with 63 votes
13:24.603443506 [ INFO] [40] has timed out. starting new election...
13:24.606637571 [ INFO] [40] becomes leader with 33 votes
13:24.834863734 [ INFO] [7] has timed out. starting new election...
13:24.837838330 [ INFO] [7] becomes leader with 33 votes
13:25.111511009 [ INFO] [4] has timed out. starting new election...
13:25.114716297 [ INFO] [4] becomes leader with 33 votes
13:25.347192697 [ INFO] [49] has timed out. starting new election...
13:25.350230490 [ INFO] [49] becomes leader with 33 votes
13:25.589634131 [ INFO] [45] has timed out. starting new election...
13:25.599611624 [ INFO] [23] has timed out. starting new election...
13:25.611035595 [ INFO] [0] has timed out. starting new election...
13:25.641459869 [ INFO] [23] becomes leader with 61 votes
13:25.808044058 [ INFO] [40] has timed out. starting new election...
13:25.811025772 [ INFO] [40] becomes leader with 33 votes
13:25.997895194 [ INFO] [7] has timed out. starting new election...
13:26.001132477 [ INFO] [7] becomes leader with 33 votes
13:26.273076013 [ INFO] [4] has timed out. starting new election...
13:26.286735745 [ INFO] [45] has timed out. starting new election...
13:26.299046147 [ INFO] [8] has timed out. starting new election...
13:26.303309545 [ INFO] [8] becomes leader with 33 votes
13:26.537190122 [ INFO] [37] has timed out. starting new election...
13:26.578825047 [ INFO] [37] becomes leader with 63 votes
13:26.798188158 [ INFO] [4] has timed out. starting new election...
13:26.841460843 [ INFO] [4] becomes leader with 63 votes
13:27.007385039 [ INFO] [40] has timed out. starting new election...
13:27.011478410 [ INFO] [45] has timed out. starting new election...
13:27.034283779 [ INFO] [45] becomes leader with 33 votes
13:27.196717647 [ INFO] [7] has timed out. starting new election...
13:27.199887884 [ INFO] [7] becomes leader with 33 votes
13:27.474358811 [ INFO] [40] has timed out. starting new election...
13:27.477539536 [ INFO] [40] becomes leader with 33 votes
13:27.757288127 [ INFO] [23] has timed out. starting new election...
13:27.760524849 [ INFO] [23] becomes leader with 33 votes
13:27.999543242 [ INFO] [4] has timed out. starting new election...
13:28.004702160 [ INFO] [4] becomes leader with 33 votes
13:28.204980564 [ INFO] [45] has timed out. starting new election...
13:28.209735371 [ INFO] [45] becomes leader with 33 votes
13:28.389538511 [ INFO] [7] has timed out. starting new election...
13:28.392609913 [ INFO] [7] becomes leader with 33 votes
13:28.647409388 [ INFO] [40] has timed out. starting new election...
13:28.674825155 [ INFO] [40] becomes leader with 63 votes
13:28.939474616 [ INFO] [23] has timed out. starting new election...
13:28.981459336 [ INFO] [23] becomes leader with 63 votes
13:29.191589593 [ INFO] [4] has timed out. starting new election...
13:29.309458407 [ INFO] [4] becomes leader with 63 votes
13:29.556032708 [ INFO] [7] has timed out. starting new election...
13:29.558965771 [ INFO] [7] becomes leader with 33 votes
13:29.727801700 [ INFO] [45] has timed out. starting new election...
13:29.733267349 [ INFO] [45] becomes leader with 33 votes
13:29.904461261 [ INFO] [40] has timed out. starting new election...
13:29.907720487 [ INFO] [40] becomes leader with 33 votes
13:30.231940843 [ INFO] [23] has timed out. starting new election...
13:30.235130486 [ INFO] [23] becomes leader with 33 votes
13:30.475188094 [ INFO] [4] has timed out. starting new election...
13:30.502159589 [ INFO] [4] becomes leader with 63 votes
13:30.720323331 [ INFO] [7] has timed out. starting new election...
13:30.744894258 [ INFO] [7] becomes leader with 63 votes
13:31.077514054 [ INFO] [40] has timed out. starting new election...
13:31.080691144 [ INFO] [40] becomes leader with 33 votes
13:31.406292111 [ INFO] [45] has timed out. starting new election...
13:31.414911549 [ INFO] [23] has timed out. starting new election...
13:31.432860319 [ INFO] [23] becomes leader with 61 votes
13:31.666195866 [ INFO] [4] has timed out. starting new election...
13:31.670150569 [ INFO] [4] becomes leader with 33 votes
13:31.904721699 [ INFO] [7] has timed out. starting new election...
13:31.907843933 [ INFO] [7] becomes leader with 33 votes
13:32.079728723 [ INFO] [45] has timed out. starting new election...
13:32.119327836 [ INFO] [45] becomes leader with 63 votes
13:32.286810141 [ INFO] [40] has timed out. starting new election...
13:32.289704794 [ INFO] [40] becomes leader with 33 votes
13:32.611707344 [ INFO] [23] has timed out. starting new election...
13:32.645458593 [ INFO] [23] becomes leader with 63 votes
13:32.843537186 [ INFO] [4] has timed out. starting new election...
13:32.873464017 [ INFO] [4] becomes leader with 63 votes
13:33.067765268 [ INFO] [7] has timed out. starting new election...
13:33.070882405 [ INFO] [7] becomes leader with 33 votes
13:33.289864327 [ INFO] [45] has timed out. starting new election...
13:33.314832954 [ INFO] [45] becomes leader with 63 votes
13:33.483281167 [ INFO] [40] has timed out. starting new election...
13:33.486261871 [ INFO] [40] becomes leader with 33 votes
13:33.824244574 [ INFO] [23] has timed out. starting new election...
13:33.828857313 [ INFO] [23] becomes leader with 33 votes
13:34.031502965 [ INFO] [4] has timed out. starting new election...
13:34.050880600 [ INFO] [4] becomes leader with 33 votes
13:34.230737884 [ INFO] [7] has timed out. starting new election...
13:34.233871012 [ INFO] [7] becomes leader with 33 votes
13:34.485836550 [ INFO] [45] has timed out. starting new election...
13:34.488926165 [ INFO] [45] becomes leader with 33 votes
13:34.661660269 [ INFO] [40] has timed out. starting new election...
13:34.679463709 [ INFO] [40] becomes leader with 33 votes
13:35.007742554 [ INFO] [23] has timed out. starting new election...
13:35.010798924 [ INFO] [23] becomes leader with 33 votes
13:35.209061019 [ INFO] [4] has timed out. starting new election...
13:35.212385755 [ INFO] [4] becomes leader with 33 votes
13:35.393787122 [ INFO] [7] has timed out. starting new election...
13:35.399741700 [ INFO] [7] becomes leader with 33 votes
13:35.659715595 [ INFO] [45] has timed out. starting new election...
13:35.662933027 [ INFO] [45] becomes leader with 33 votes
13:35.849586198 [ INFO] [40] has timed out. starting new election...
13:35.855374683 [ INFO] [40] becomes leader with 33 votes
13:36.190160694 [ INFO] [23] has timed out. starting new election...
13:36.191301479 [ INFO] [49] has timed out. starting new election...
13:36.238827475 [ INFO] [49] becomes leader with 62 votes
13:36.399430780 [ INFO] [4] has timed out. starting new election...
13:36.433460585 [ INFO] [4] becomes leader with 63 votes
13:36.654879703 [ INFO] [7] has timed out. starting new election...
13:36.660819824 [ INFO] [7] becomes leader with 33 votes
13:36.834142192 [ INFO] [45] has timed out. starting new election...
13:36.843494739 [ INFO] [23] has timed out. starting new election...
13:36.881460538 [ INFO] [23] becomes leader with 62 votes
13:37.121825313 [ INFO] [40] has timed out. starting new election...
13:37.125030202 [ INFO] [40] becomes leader with 33 votes
13:37.411056938 [ INFO] [45] has timed out. starting new election...
13:37.428234290 [ INFO] [45] becomes leader with 33 votes
13:37.655154113 [ INFO] [4] has timed out. starting new election...
13:37.661129522 [ INFO] [4] becomes leader with 33 votes
13:37.822496892 [ INFO] [7] has timed out. starting new election...
13:37.848789686 [ INFO] [7] becomes leader with 33 votes
13:38.294650454 [ INFO] [40] has timed out. starting new election...
13:38.297820647 [ INFO] [40] becomes leader with 33 votes
13:38.599437611 [ INFO] [45] has timed out. starting new election...
13:38.608861385 [ INFO] [23] has timed out. starting new election...
13:38.608444769 [ INFO] [49] has timed out. starting new election...
13:38.619474629 [ INFO] [23] becomes leader with 33 votes
13:38.819226850 [ INFO] [4] has timed out. starting new election...
13:38.822534423 [ INFO] [4] becomes leader with 33 votes
13:39.008626664 [ INFO] [7] has timed out. starting new election...
13:39.053465307 [ INFO] [7] becomes leader with 63 votes
13:39.224509913 [ INFO] [45] has timed out. starting new election...
13:39.231050515 [ INFO] [49] has timed out. starting new election...
13:39.236396150 [ INFO] [8] has timed out. starting new election...
13:39.257258145 [ INFO] [8] becomes leader with 61 votes
13:39.467635298 [ INFO] [40] has timed out. starting new election...
13:39.470891651 [ INFO] [40] becomes leader with 33 votes
13:39.791004490 [ INFO] [45] has timed out. starting new election...
13:39.846829064 [ INFO] [45] becomes leader with 63 votes
13:40.002350122 [ INFO] [4] has timed out. starting new election...
13:40.005550040 [ INFO] [4] becomes leader with 33 votes
13:40.229536804 [ INFO] [7] has timed out. starting new election...
13:40.232508115 [ INFO] [7] becomes leader with 33 votes
13:40.437122443 [ INFO] [23] has timed out. starting new election...
13:40.437555893 [ INFO] [49] has timed out. starting new election...
13:40.442281268 [ INFO] [8] has timed out. starting new election...
13:40.444014609 [ INFO] [37] has timed out. starting new election...
13:40.446259043 [ INFO] [0] has timed out. starting new election...
13:40.454102048 [ INFO] [49] becomes leader with 33 votes
13:40.709027103 [ INFO] [40] has timed out. starting new election...
13:40.712031352 [ INFO] [40] becomes leader with 33 votes
13:41.163452094 [ INFO] [4] has timed out. starting new election...
13:41.166290710 [ INFO] [4] becomes leader with 33 votes
13:41.392358949 [ INFO] [7] has timed out. starting new election...
13:41.395480553 [ INFO] [7] becomes leader with 33 votes
13:41.626446083 [ INFO] [45] has timed out. starting new election...
13:41.643899034 [ INFO] [45] becomes leader with 33 votes
13:41.881850328 [ INFO] [40] has timed out. starting new election...
13:41.907750795 [ INFO] [40] becomes leader with 33 votes
13:42.086930897 [ INFO] [23] has timed out. starting new election...
13:42.086891158 [ INFO] [49] has timed out. starting new election...
13:42.142831908 [ INFO] [49] becomes leader with 63 votes
13:42.334105731 [ INFO] [4] has timed out. starting new election...
13:42.369458733 [ INFO] [4] becomes leader with 63 votes
13:42.573538271 [ INFO] [7] has timed out. starting new election...
13:42.577643435 [ INFO] [7] becomes leader with 33 votes
13:42.814832478 [ INFO] [45] has timed out. starting new election...
13:42.858825447 [ INFO] [45] becomes leader with 63 votes
13:43.077546316 [ INFO] [40] has timed out. starting new election...
13:43.080555450 [ INFO] [40] becomes leader with 33 votes
13:43.321659554 [ INFO] [49] has timed out. starting new election...
13:43.323776 [ INFO] [23] has timed out. starting new election...
13:43.327460839 [ INFO] [8] has timed out. starting new election...
13:43.375574778 [ INFO] [8] becomes leader with 61 votes
13:43.563446714 [ INFO] [4] has timed out. starting new election...
13:43.589461772 [ INFO] [4] becomes leader with 63 votes
13:43.798488515 [ INFO] [7] has timed out. starting new election...
13:43.817023305 [ INFO] [49] has timed out. starting new election...
13:43.855284048 [ INFO] [49] becomes leader with 61 votes
13:44.043862860 [ INFO] [23] has timed out. starting new election...
13:44.050567107 [ INFO] [37] has timed out. starting new election...
13:44.078823820 [ INFO] [37] becomes leader with 62 votes
13:44.261601398 [ INFO] [7] has timed out. starting new election...
13:44.293460936 [ INFO] [7] becomes leader with 63 votes
13:44.554443388 [ INFO] [40] has timed out. starting new election...
13:44.556170822 [ INFO] [45] has timed out. starting new election...
13:44.559319807 [ INFO] [45] becomes leader with 33 votes
13:44.798837286 [ INFO] [4] has timed out. starting new election...
13:44.821464378 [ INFO] [4] becomes leader with 63 votes
13:45.038321052 [ INFO] [40] has timed out. starting new election...
13:45.041906113 [ INFO] [40] becomes leader with 33 votes
13:45.259373448 [ INFO] [23] has timed out. starting new election...
13:45.259572784 [ INFO] [49] has timed out. starting new election...
13:45.286826739 [ INFO] [49] becomes leader with 62 votes
13:45.453243742 [ INFO] [7] has timed out. starting new election...
13:45.464366105 [ INFO] [7] becomes leader with 33 votes
13:45.730251111 [ INFO] [45] has timed out. starting new election...
13:45.734015833 [ INFO] [45] becomes leader with 33 votes
13:45.979447049 [ INFO] [4] has timed out. starting new election...
13:45.997546549 [ INFO] [4] becomes leader with 33 votes
13:46.211570216 [ INFO] [40] has timed out. starting new election...
13:46.214765392 [ INFO] [40] becomes leader with 33 votes
13:46.465874799 [ INFO] [49] has timed out. starting new election...
13:46.506825784 [ INFO] [49] becomes leader with 63 votes
13:46.664579360 [ INFO] [7] has timed out. starting new election...
13:46.667974340 [ INFO] [7] becomes leader with 33 votes
13:46.904890448 [ INFO] [45] has timed out. starting new election...
13:46.914542339 [ INFO] [23] has timed out. starting new election...
13:46.957460679 [ INFO] [23] becomes leader with 61 votes
13:47.171081801 [ INFO] [4] has timed out. starting new election...
13:47.201461432 [ INFO] [4] becomes leader with 63 votes
13:47.389551832 [ INFO] [40] has timed out. starting new election...
13:47.392757457 [ INFO] [40] becomes leader with 33 votes
13:47.827727768 [ INFO] [7] has timed out. starting new election...
13:47.861461985 [ INFO] [7] becomes leader with 63 votes
13:48.160796592 [ INFO] [45] has timed out. starting new election...
13:48.163862945 [ INFO] [45] becomes leader with 33 votes
13:48.379776423 [ INFO] [4] has timed out. starting new election...
13:48.382872761 [ INFO] [4] becomes leader with 33 votes
13:48.563090053 [ INFO] [40] has timed out. starting new election...
13:48.566036878 [ INFO] [40] becomes leader with 33 votes
13:48.742092523 [ INFO] [49] has timed out. starting new election...
13:48.770826906 [ INFO] [49] becomes leader with 63 votes
13:49.052954940 [ INFO] [7] has timed out. starting new election...
13:49.056407163 [ INFO] [7] becomes leader with 33 votes
13:49.335233663 [ INFO] [45] has timed out. starting new election...
13:49.366832459 [ INFO] [45] becomes leader with 62 votes
13:49.540817367 [ INFO] [4] has timed out. starting new election...
13:49.569559531 [ INFO] [4] becomes leader with 63 votes
13:49.771301607 [ INFO] [40] has timed out. starting new election...
13:49.791354868 [ INFO] [40] becomes leader with 33 votes
13:49.970757740 [ INFO] [23] has timed out. starting new election...
13:50.013460591 [ INFO] [23] becomes leader with 63 votes
13:50.216245554 [ INFO] [7] has timed out. starting new election...
13:50.219026151 [ INFO] [7] becomes leader with 33 votes
13:50.537822995 [ INFO] [45] has timed out. starting new election...
13:50.570826787 [ INFO] [45] becomes leader with 62 votes
13:50.766005157 [ INFO] [4] has timed out. starting new election...
13:50.813464589 [ INFO] [4] becomes leader with 63 votes
13:50.979332866 [ INFO] [40] has timed out. starting new election...
13:50.983556493 [ INFO] [40] becomes leader with 33 votes
13:51.192140458 [ INFO] [23] has timed out. starting new election...
13:51.224452900 [ INFO] [23] becomes leader with 63 votes
13:51.382000406 [ INFO] [7] has timed out. starting new election...
13:51.417460135 [ INFO] [7] becomes leader with 63 votes
13:51.741556694 [ INFO] [45] has timed out. starting new election...
13:51.749552961 [ INFO] [49] has timed out. starting new election...
13:51.790827976 [ INFO] [49] becomes leader with 62 votes
13:51.979909882 [ INFO] [4] has timed out. starting new election...
13:51.985077314 [ INFO] [4] becomes leader with 33 votes
13:52.155715780 [ INFO] [40] has timed out. starting new election...
13:52.159503187 [ INFO] [45] has timed out. starting new election...
13:52.169713750 [ INFO] [45] becomes leader with 33 votes
13:52.408887472 [ INFO] [8] has timed out. starting new election...
13:52.437459783 [ INFO] [8] becomes leader with 63 votes
13:52.608953673 [ INFO] [7] has timed out. starting new election...
13:52.628336857 [ INFO] [7] becomes leader with 63 votes
13:52.798389595 [ INFO] [40] has timed out. starting new election...
13:52.824790550 [ INFO] [40] becomes leader with 63 votes
13:53.143075617 [ INFO] [4] has timed out. starting new election...
13:53.146118977 [ INFO] [4] becomes leader with 33 votes
13:53.340568429 [ INFO] [45] has timed out. starting new election...
13:53.343880222 [ INFO] [45] becomes leader with 33 votes
13:53.617826936 [ INFO] [23] has timed out. starting new election...
13:53.617656713 [ INFO] [49] has timed out. starting new election...
13:53.622412178 [ INFO] [8] has timed out. starting new election...
13:53.627365479 [ INFO] [8] becomes leader with 33 votes
13:53.813805232 [ INFO] [7] has timed out. starting new election...
13:53.830963752 [ INFO] [7] becomes leader with 33 votes
13:54.048460743 [ INFO] [40] has timed out. starting new election...
13:54.051522409 [ INFO] [40] becomes leader with 33 votes
13:54.304092063 [ INFO] [4] has timed out. starting new election...
13:54.341462975 [ INFO] [4] becomes leader with 63 votes
13:54.514726320 [ INFO] [45] has timed out. starting new election...
13:54.518147901 [ INFO] [45] becomes leader with 33 votes
13:54.816051318 [ INFO] [23] has timed out. starting new election...
13:54.853460945 [ INFO] [23] becomes leader with 63 votes
13:55.010742522 [ INFO] [7] has timed out. starting new election...
13:55.035498270 [ INFO] [7] becomes leader with 63 votes
13:55.221321793 [ INFO] [40] has timed out. starting new election...
13:55.224432810 [ INFO] [40] becomes leader with 33 votes
13:55.499658373 [ INFO] [4] has timed out. starting new election...
13:55.502948374 [ INFO] [4] becomes leader with 33 votes
13:55.688831958 [ INFO] [45] has timed out. starting new election...
13:55.722826171 [ INFO] [45] becomes leader with 63 votes
13:56.032152402 [ INFO] [23] has timed out. starting new election...
13:56.069462554 [ INFO] [23] becomes leader with 63 votes
13:56.225794720 [ INFO] [7] has timed out. starting new election...
13:56.257462100 [ INFO] [7] becomes leader with 63 votes
13:56.661033811 [ INFO] [4] has timed out. starting new election...
13:56.681748114 [ INFO] [4] becomes leader with 33 votes
13:56.893278830 [ INFO] [40] has timed out. starting new election...
13:56.893551422 [ INFO] [45] has timed out. starting new election...
13:56.912129272 [ INFO] [45] becomes leader with 33 votes
13:57.222967763 [ INFO] [40] candidate has timed out. starting new election...
13:57.247063752 [ INFO] [49] has timed out. starting new election...
13:57.282834507 [ INFO] [49] becomes leader with 62 votes
13:57.507846273 [ INFO] [7] has timed out. starting new election...
13:57.541458224 [ INFO] [7] becomes leader with 62 votes
13:57.839740440 [ INFO] [4] has timed out. starting new election...
13:57.862097515 [ INFO] [23] has timed out. starting new election...
13:57.905461906 [ INFO] [23] becomes leader with 61 votes
13:58.096231593 [ INFO] [45] has timed out. starting new election...
13:58.130825827 [ INFO] [45] becomes leader with 62 votes
13:58.439593963 [ INFO] [4] has timed out. starting new election...
13:58.442585910 [ INFO] [4] becomes leader with 33 votes
13:58.701251811 [ INFO] [7] has timed out. starting new election...
13:58.704336829 [ INFO] [7] becomes leader with 33 votes
13:58.882514830 [ INFO] [49] has timed out. starting new election...
13:58.888281296 [ INFO] [37] has timed out. starting new election...
13:58.918831185 [ INFO] [37] becomes leader with 60 votes
13:59.153882465 [ INFO] [23] has timed out. starting new election...
13:59.156875707 [ INFO] [23] becomes leader with 33 votes
13:59.340182512 [ INFO] [45] has timed out. starting new election...
13:59.343342804 [ INFO] [45] becomes leader with 33 votes
13:59.600469886 [ INFO] [4] has timed out. starting new election...
13:59.603786643 [ INFO] [4] becomes leader with 33 votes
13:59.880204589 [ INFO] [7] has timed out. starting new election...
13:59.883233045 [ INFO] [7] becomes leader with 33 votes
14:00.099337301 [ INFO] [49] has timed out. starting new election...
14:00.116115842 [ INFO] [49] becomes leader with 33 votes
14:00.335670983 [ INFO] [23] has timed out. starting new election...
14:00.338685679 [ INFO] [23] becomes leader with 33 votes
14:00.341475281 [ INFO] [8] has timed out. starting new election...
14:00.518562912 [ INFO] [45] has timed out. starting new election...
14:00.554830514 [ INFO] [45] becomes leader with 62 votes
14:00.761636804 [ INFO] [4] has timed out. starting new election...
14:00.764977335 [ INFO] [4] becomes leader with 33 votes
14:01.043006712 [ INFO] [7] has timed out. starting new election...
14:01.077458571 [ INFO] [7] becomes leader with 62 votes
14:01.294946007 [ INFO] [49] has timed out. starting new election...
14:01.300855851 [ INFO] [8] has timed out. starting new election...
14:01.303376975 [ INFO] [37] has timed out. starting new election...
14:01.338829901 [ INFO] [37] becomes leader with 60 votes
14:01.637461409 [ INFO] [8] candidate has timed out. starting new election...
14:01.706959446 [ INFO] [49] candidate has timed out. starting new election...
14:01.725540995 [ INFO] [45] has timed out. starting new election...
14:01.754826058 [ INFO] [45] becomes leader with 60 votes
14:01.922816912 [ INFO] [4] has timed out. starting new election...
14:01.925742987 [ INFO] [4] becomes leader with 33 votes
14:02.237149368 [ INFO] [7] has timed out. starting new election...
14:02.240474968 [ INFO] [7] becomes leader with 33 votes
14:02.551252905 [ INFO] [23] has timed out. starting new election...
14:02.557231137 [ INFO] [37] has timed out. starting new election...
14:02.606829305 [ INFO] [37] becomes leader with 59 votes
14:02.893546733 [ INFO] [23] candidate has timed out. starting new election...
14:02.925508823 [ INFO] [45] has timed out. starting new election...
14:02.966826562 [ INFO] [45] becomes leader with 59 votes
14:03.185461351 [ INFO] [4] has timed out. starting new election...
14:03.213460250 [ INFO] [4] becomes leader with 59 votes
14:03.400171893 [ INFO] [7] has timed out. starting new election...
14:03.433458598 [ INFO] [7] becomes leader with 59 votes
14:03.621392853 [ INFO] [0] has timed out. starting new election...
14:03.624497230 [ INFO] [47] has timed out. starting new election...
14:03.629191677 [ INFO] [56] has timed out. starting new election...
14:03.630052340 [ INFO] [2] has timed out. starting new election...
14:03.629936025 [ INFO] [43] has timed out. starting new election...
14:03.631054140 [ INFO] [28] has timed out. starting new election...
14:03.631999486 [ INFO] [42] has timed out. starting new election...
14:03.634788134 [ INFO] [35] has timed out. starting new election...
14:03.636350574 [ INFO] [11] has timed out. starting new election...
14:03.864131485 [ INFO] [37] has timed out. starting new election...
14:03.894825972 [ INFO] [37] becomes leader with 58 votes
14:04.201222146 [ INFO] [45] has timed out. starting new election...
14:04.217228431 [ INFO] [45] becomes leader with 33 votes
14:04.377445322 [ INFO] [4] has timed out. starting new election...
14:04.406687065 [ INFO] [0] has timed out. starting new election...
14:04.436584976 [ INFO] [0] becomes leader with 33 votes
14:04.597743040 [ INFO] [7] has timed out. starting new election...
14:04.602491598 [ INFO] [7] becomes leader with 33 votes
14:04.758008208 [ INFO] [4] has timed out. starting new election...
14:04.778690632 [ INFO] [4] becomes leader with 33 votes
14:05.085299755 [ INFO] [37] has timed out. starting new election...
14:05.088323510 [ INFO] [37] becomes leader with 33 votes
14:05.100198309 [ INFO] [28] has timed out. starting new election...
14:05.387891120 [ INFO] [45] has timed out. starting new election...
14:05.430824835 [ INFO] [45] becomes leader with 59 votes
14:05.762310582 [ INFO] [7] has timed out. starting new election...
14:05.765957343 [ INFO] [7] becomes leader with 33 votes
14:05.954727408 [ INFO] [4] has timed out. starting new election...
14:05.958342912 [ INFO] [4] becomes leader with 33 votes
14:06.275113310 [ INFO] [37] has timed out. starting new election...
14:06.306827236 [ INFO] [37] becomes leader with 59 votes
14:06.633271300 [ INFO] [45] has timed out. starting new election...
14:06.666825883 [ INFO] [45] becomes leader with 58 votes
14:06.926791205 [ INFO] [7] has timed out. starting new election...
14:06.959885617 [ INFO] [7] becomes leader with 59 votes
14:07.149069539 [ INFO] [4] has timed out. starting new election...
14:07.181462081 [ INFO] [4] becomes leader with 59 votes
14:07.369422781 [ INFO] [0] has timed out. starting new election...
14:07.389264491 [ INFO] [0] becomes leader with 57 votes
14:07.577600897 [ INFO] [37] has timed out. starting new election...
14:07.585273473 [ INFO] [2] has timed out. starting new election...
14:07.584976123 [ INFO] [43] has timed out. starting new election...
14:07.617462792 [ INFO] [2] becomes leader with 57 votes
14:07.841757953 [ INFO] [45] has timed out. starting new election...
14:07.844977457 [ INFO] [45] becomes leader with 33 votes
14:08.157101906 [ INFO] [7] has timed out. starting new election...
14:08.169607544 [ INFO] [7] becomes leader with 33 votes
14:08.339271320 [ INFO] [4] has timed out. starting new election...
14:08.342363073 [ INFO] [4] becomes leader with 33 votes
14:08.576035419 [ INFO] [37] has timed out. starting new election...
14:08.606827210 [ INFO] [37] becomes leader with 59 votes
14:09.015619826 [ INFO] [45] has timed out. starting new election...
14:09.032164023 [ INFO] [45] becomes leader with 33 votes
14:09.329434401 [ INFO] [7] has timed out. starting new election...
14:09.369471341 [ INFO] [7] becomes leader with 59 votes
14:09.523816513 [ INFO] [4] has timed out. starting new election...
14:09.553462147 [ INFO] [4] becomes leader with 58 votes
14:09.794058044 [ INFO] [37] has timed out. starting new election...
14:09.804836133 [ INFO] [2] has timed out. starting new election...
14:09.842825710 [ INFO] [37] becomes leader with 58 votes
14:10.145465314 [ INFO] [2] candidate has timed out. starting new election...
14:10.795367829 [ INFO] [42] has timed out. starting new election...
14:10.202830200 [ INFO] [45] has timed out. starting new election...
14:10.596254715 [ INFO] [45] has timed out. starting new election...
14:11.051511896 [ INFO] [45] has timed out. starting new election...
14:10.425004767 [ INFO] [43] has timed out. starting new election...
14:10.794609441 [ INFO] [56] has timed out. starting new election...
14:10.227352133 [ INFO] [47] has timed out. starting new election...
14:10.789552492 [ INFO] [47] has timed out. starting new election...
