[1579521231.547527] [dahu-24:11319:0]       ib_iface.c:696  UCX  ERROR ibv_create_cq(cqe=4096) failed: Function not implemented
[1579521231.549352] [dahu-24:11311:0]       ib_iface.c:696  UCX  ERROR ibv_create_cq(cqe=4096) failed: Function not implemented
[1579521231.551010] [dahu-24:11309:0]       ib_iface.c:696  UCX  ERROR ibv_create_cq(cqe=4096) failed: Function not implemented
[1579521231.551945] [dahu-24:11321:0]       ib_iface.c:696  UCX  ERROR ibv_create_cq(cqe=4096) failed: Function not implemented
[1579521231.553181] [dahu-24:11317:0]       ib_iface.c:696  UCX  ERROR ibv_create_cq(cqe=4096) failed: Function not implemented
[1579521231.553867] [dahu-23:9594 :0]       ib_iface.c:696  UCX  ERROR ibv_create_cq(cqe=4096) failed: Function not implemented
[1579521231.554112] [dahu-24:11323:0]       ib_iface.c:696  UCX  ERROR ibv_create_cq(cqe=4096) failed: Function not implemented
[1579521231.554323] [dahu-23:9609 :0]       ib_iface.c:696  UCX  ERROR ibv_create_cq(cqe=4096) failed: Function not implemented
[1579521231.554612] [dahu-24:11318:0]       ib_iface.c:696  UCX  ERROR ibv_create_cq(cqe=4096) failed: Function not implemented
[1579521231.554665] [dahu-24:11315:0]       ib_iface.c:696  UCX  ERROR ibv_create_cq(cqe=4096) failed: Function not implemented
[1579521231.555009] [dahu-24:11327:0]       ib_iface.c:696  UCX  ERROR ibv_create_cq(cqe=4096) failed: Function not implemented
[1579521231.556599] [dahu-23:9603 :0]       ib_iface.c:696  UCX  ERROR ibv_create_cq(cqe=4096) failed: Function not implemented
[1579521231.557935] [dahu-24:11312:0]       ib_iface.c:696  UCX  ERROR ibv_create_cq(cqe=4096) failed: Function not implemented
[1579521231.557950] [dahu-24:11320:0]       ib_iface.c:696  UCX  ERROR ibv_create_cq(cqe=4096) failed: Function not implemented
[1579521231.558077] [dahu-24:11324:0]       ib_iface.c:696  UCX  ERROR ibv_create_cq(cqe=4096) failed: Function not implemented
[1579521231.558534] [dahu-24:11314:0]       ib_iface.c:696  UCX  ERROR ibv_create_cq(cqe=4096) failed: Function not implemented
[1579521231.558599] [dahu-24:11322:0]       ib_iface.c:696  UCX  ERROR ibv_create_cq(cqe=4096) failed: Function not implemented
[1579521231.558873] [dahu-24:11326:0]       ib_iface.c:696  UCX  ERROR ibv_create_cq(cqe=4096) failed: Function not implemented
[1579521231.559980] [dahu-24:11330:0]       ib_iface.c:696  UCX  ERROR ibv_create_cq(cqe=4096) failed: Function not implemented
[1579521231.560132] [dahu-24:11329:0]       ib_iface.c:696  UCX  ERROR ibv_create_cq(cqe=4096) failed: Function not implemented
[1579521231.560478] [dahu-24:11325:0]       ib_iface.c:696  UCX  ERROR ibv_create_cq(cqe=4096) failed: Function not implemented
[1579521231.562549] [dahu-24:11332:0]       ib_iface.c:696  UCX  ERROR ibv_create_cq(cqe=4096) failed: Function not implemented
[1579521231.562981] [dahu-23:9606 :0]       ib_iface.c:696  UCX  ERROR ibv_create_cq(cqe=4096) failed: Function not implemented
[1579521231.563708] [dahu-24:11310:0]       ib_iface.c:696  UCX  ERROR ibv_create_cq(cqe=4096) failed: Function not implemented
[1579521231.564163] [dahu-24:11313:0]       ib_iface.c:696  UCX  ERROR ibv_create_cq(cqe=4096) failed: Function not implemented
[1579521231.566177] [dahu-24:11336:0]       ib_iface.c:696  UCX  ERROR ibv_create_cq(cqe=4096) failed: Function not implemented
[1579521231.566642] [dahu-24:11334:0]       ib_iface.c:696  UCX  ERROR ibv_create_cq(cqe=4096) failed: Function not implemented
[1579521231.567063] [dahu-24:11337:0]       ib_iface.c:696  UCX  ERROR ibv_create_cq(cqe=4096) failed: Function not implemented
[1579521231.567675] [dahu-23:9599 :0]       ib_iface.c:696  UCX  ERROR ibv_create_cq(cqe=4096) failed: Function not implemented
[1579521231.567821] [dahu-24:11316:0]       ib_iface.c:696  UCX  ERROR ibv_create_cq(cqe=4096) failed: Function not implemented
[1579521231.567819] [dahu-24:11333:0]       ib_iface.c:696  UCX  ERROR ibv_create_cq(cqe=4096) failed: Function not implemented
[1579521231.568989] [dahu-24:11338:0]       ib_iface.c:696  UCX  ERROR ibv_create_cq(cqe=4096) failed: Function not implemented
[1579521231.570034] [dahu-24:11340:0]       ib_iface.c:696  UCX  ERROR ibv_create_cq(cqe=4096) failed: Function not implemented
[1579521231.571248] [dahu-24:11328:0]       ib_iface.c:696  UCX  ERROR ibv_create_cq(cqe=4096) failed: Function not implemented
[1579521231.571341] [dahu-24:11339:0]       ib_iface.c:696  UCX  ERROR ibv_create_cq(cqe=4096) failed: Function not implemented
[1579521231.571665] [dahu-24:11331:0]       ib_iface.c:696  UCX  ERROR ibv_create_cq(cqe=4096) failed: Function not implemented
[1579521231.572496] [dahu-24:11335:0]       ib_iface.c:696  UCX  ERROR ibv_create_cq(cqe=4096) failed: Function not implemented
[1579521231.574621] [dahu-23:9595 :0]       ib_iface.c:696  UCX  ERROR ibv_create_cq(cqe=4096) failed: Function not implemented
[1579521231.575473] [dahu-23:9610 :0]       ib_iface.c:696  UCX  ERROR ibv_create_cq(cqe=4096) failed: Function not implemented
[1579521231.578241] [dahu-23:9600 :0]       ib_iface.c:696  UCX  ERROR ibv_create_cq(cqe=4096) failed: Function not implemented
[1579521231.578240] [dahu-23:9614 :0]       ib_iface.c:696  UCX  ERROR ibv_create_cq(cqe=4096) failed: Function not implemented
[1579521231.578376] [dahu-23:9612 :0]       ib_iface.c:696  UCX  ERROR ibv_create_cq(cqe=4096) failed: Function not implemented
[1579521231.578743] [dahu-23:9597 :0]       ib_iface.c:696  UCX  ERROR ibv_create_cq(cqe=4096) failed: Function not implemented
[1579521231.579022] [dahu-23:9611 :0]       ib_iface.c:696  UCX  ERROR ibv_create_cq(cqe=4096) failed: Function not implemented
[1579521231.579221] [dahu-23:9604 :0]       ib_iface.c:696  UCX  ERROR ibv_create_cq(cqe=4096) failed: Function not implemented
[1579521231.579254] [dahu-23:9607 :0]       ib_iface.c:696  UCX  ERROR ibv_create_cq(cqe=4096) failed: Function not implemented
[1579521231.579582] [dahu-23:9608 :0]       ib_iface.c:696  UCX  ERROR ibv_create_cq(cqe=4096) failed: Function not implemented
[1579521231.579786] [dahu-23:9596 :0]       ib_iface.c:696  UCX  ERROR ibv_create_cq(cqe=4096) failed: Function not implemented
[1579521231.583776] [dahu-23:9616 :0]       ib_iface.c:696  UCX  ERROR ibv_create_cq(cqe=4096) failed: Function not implemented
[1579521231.584201] [dahu-23:9605 :0]       ib_iface.c:696  UCX  ERROR ibv_create_cq(cqe=4096) failed: Function not implemented
[1579521231.585343] [dahu-23:9598 :0]       ib_iface.c:696  UCX  ERROR ibv_create_cq(cqe=4096) failed: Function not implemented
[1579521231.585451] [dahu-23:9619 :0]       ib_iface.c:696  UCX  ERROR ibv_create_cq(cqe=4096) failed: Function not implemented
[1579521231.586608] [dahu-23:9622 :0]       ib_iface.c:696  UCX  ERROR ibv_create_cq(cqe=4096) failed: Function not implemented
[1579521231.586686] [dahu-23:9601 :0]       ib_iface.c:696  UCX  ERROR ibv_create_cq(cqe=4096) failed: Function not implemented
[1579521231.586692] [dahu-23:9615 :0]       ib_iface.c:696  UCX  ERROR ibv_create_cq(cqe=4096) failed: Function not implemented
[1579521231.587726] [dahu-23:9618 :0]       ib_iface.c:696  UCX  ERROR ibv_create_cq(cqe=4096) failed: Function not implemented
[1579521231.587826] [dahu-23:9613 :0]       ib_iface.c:696  UCX  ERROR ibv_create_cq(cqe=4096) failed: Function not implemented
[1579521231.588451] [dahu-23:9602 :0]       ib_iface.c:696  UCX  ERROR ibv_create_cq(cqe=4096) failed: Function not implemented
[1579521231.590370] [dahu-23:9617 :0]       ib_iface.c:696  UCX  ERROR ibv_create_cq(cqe=4096) failed: Function not implemented
[1579521231.591516] [dahu-23:9620 :0]       ib_iface.c:696  UCX  ERROR ibv_create_cq(cqe=4096) failed: Function not implemented
[1579521231.593229] [dahu-23:9624 :0]       ib_iface.c:696  UCX  ERROR ibv_create_cq(cqe=4096) failed: Function not implemented
[1579521231.593305] [dahu-23:9623 :0]       ib_iface.c:696  UCX  ERROR ibv_create_cq(cqe=4096) failed: Function not implemented
[1579521231.596880] [dahu-23:9621 :0]       ib_iface.c:696  UCX  ERROR ibv_create_cq(cqe=4096) failed: Function not implemented
[1579521231.596876] [dahu-23:9625 :0]       ib_iface.c:696  UCX  ERROR ibv_create_cq(cqe=4096) failed: Function not implemented
53:51.757698132 [ INFO] [16] has timed out. starting new election...
53:51.762057504 [ INFO] [16] becomes leader with 33 votes
53:51.924282120 [ INFO] [28] has timed out. starting new election...
53:51.925022998 [ INFO] [33] has timed out. starting new election...
53:51.929286839 [ INFO] [44] has timed out. starting new election...
53:51.933651351 [ INFO] [55] has timed out. starting new election...
53:51.934580393 [ INFO] [37] has timed out. starting new election...
53:51.971875382 [ INFO] [28] becomes leader with 37 votes
53:52.137943852 [ INFO] [6] has timed out. starting new election...
53:52.142646515 [ INFO] [26] has timed out. starting new election...
53:52.146002747 [ INFO] [1] has timed out. starting new election...
53:52.150457552 [ INFO] [42] has timed out. starting new election...
53:52.150541015 [ INFO] [40] has timed out. starting new election...
53:52.151269906 [ INFO] [41] has timed out. starting new election...
53:52.158298190 [ INFO] [35] has timed out. starting new election...
53:52.162072396 [ INFO] [51] has timed out. starting new election...
53:52.167477871 [ INFO] [59] has timed out. starting new election...
53:52.168870468 [ INFO] [46] has timed out. starting new election...
53:52.365188379 [ INFO] [13] has timed out. starting new election...
53:52.385400926 [ INFO] [13] becomes leader with 33 votes
53:52.548715898 [ INFO] [33] has timed out. starting new election...
53:52.590679668 [ INFO] [33] becomes leader with 64 votes
53:52.758031790 [ INFO] [44] has timed out. starting new election...
53:52.786681591 [ INFO] [44] becomes leader with 64 votes
53:52.943249102 [ INFO] [16] has timed out. starting new election...
53:52.961140426 [ INFO] [16] becomes leader with 33 votes
53:53.133158323 [ INFO] [28] has timed out. starting new election...
53:53.136133960 [ INFO] [28] becomes leader with 33 votes
53:53.303035818 [ INFO] [26] has timed out. starting new election...
53:53.303519584 [ INFO] [6] has timed out. starting new election...
53:53.306587646 [ INFO] [6] becomes leader with 33 votes
53:53.562822111 [ INFO] [55] has timed out. starting new election...
53:53.598694545 [ INFO] [55] becomes leader with 64 votes
53:53.760921763 [ INFO] [33] has timed out. starting new election...
53:53.763862512 [ INFO] [33] becomes leader with 33 votes
53:53.955689115 [ INFO] [44] has timed out. starting new election...
53:53.961473148 [ INFO] [44] becomes leader with 33 votes
53:54.120640997 [ INFO] [16] has timed out. starting new election...
53:54.123655098 [ INFO] [16] becomes leader with 33 votes
53:54.297693160 [ INFO] [28] has timed out. starting new election...
53:54.300652177 [ INFO] [28] becomes leader with 33 votes
53:54.486811440 [ INFO] [6] has timed out. starting new election...
53:54.527876980 [ INFO] [6] becomes leader with 64 votes
53:54.928658218 [ INFO] [33] has timed out. starting new election...
53:54.931522992 [ INFO] [33] becomes leader with 33 votes
53:55.279399700 [ INFO] [16] has timed out. starting new election...
53:55.292097086 [ INFO] [26] has timed out. starting new election...
53:55.293448263 [ INFO] [44] has timed out. starting new election...
53:55.296548349 [ INFO] [55] has timed out. starting new election...
53:55.297802183 [ INFO] [37] has timed out. starting new election...
53:55.303278920 [ INFO] [37] becomes leader with 33 votes
53:55.500808978 [ INFO] [28] has timed out. starting new election...
53:55.513498582 [ INFO] [28] becomes leader with 33 votes
53:55.715675202 [ INFO] [16] has timed out. starting new election...
53:55.718593643 [ INFO] [16] becomes leader with 33 votes
53:55.883844372 [ INFO] [6] has timed out. starting new election...
53:55.885511375 [ INFO] [26] has timed out. starting new election...
53:55.904626340 [ INFO] [6] becomes leader with 33 votes
53:56.096452545 [ INFO] [33] has timed out. starting new election...
53:56.101368792 [ INFO] [44] has timed out. starting new election...
53:56.104945720 [ INFO] [55] has timed out. starting new election...
53:56.106912864 [ INFO] [1] has timed out. starting new election...
53:56.111122063 [ INFO] [42] has timed out. starting new election...
53:56.151268607 [ INFO] [42] becomes leader with 59 votes
53:56.426805520 [ INFO] [33] candidate has timed out. starting new election...
53:56.426993832 [ INFO] [55] candidate has timed out. starting new election...
53:56.427877265 [ INFO] [1] candidate has timed out. starting new election...
53:56.432548611 [ INFO] [44] candidate has timed out. starting new election...
53:56.472208749 [ INFO] [26] has timed out. starting new election...
53:56.475177920 [ INFO] [26] becomes leader with 33 votes
53:56.674154153 [ INFO] [28] has timed out. starting new election...
53:56.707875054 [ INFO] [28] becomes leader with 60 votes
53:56.874327746 [ INFO] [16] has timed out. starting new election...
53:56.886853832 [ INFO] [16] becomes leader with 33 votes
53:57.072808141 [ INFO] [6] has timed out. starting new election...
53:57.075644369 [ INFO] [6] becomes leader with 33 votes
53:57.404124972 [ INFO] [37] has timed out. starting new election...
53:57.409346815 [ INFO] [42] has timed out. starting new election...
53:57.411786902 [ INFO] [41] has timed out. starting new election...
53:57.451184934 [ INFO] [41] becomes leader with 58 votes
53:57.645203547 [ INFO] [26] has timed out. starting new election...
53:57.648262036 [ INFO] [26] becomes leader with 33 votes
53:57.868603495 [ INFO] [28] has timed out. starting new election...
53:57.871584196 [ INFO] [28] becomes leader with 33 votes
53:58.042655880 [ INFO] [16] has timed out. starting new election...
53:58.045701501 [ INFO] [16] becomes leader with 33 votes
53:58.243507175 [ INFO] [6] has timed out. starting new election...
53:58.249448101 [ INFO] [37] has timed out. starting new election...
53:58.255190232 [ INFO] [42] has timed out. starting new election...
53:58.256879557 [ INFO] [40] has timed out. starting new election...
53:58.257940251 [ INFO] [3] has timed out. starting new election...
53:58.259426744 [ INFO] [13] has timed out. starting new election...
53:58.262266900 [ INFO] [29] has timed out. starting new election...
53:58.262952788 [ INFO] [9] has timed out. starting new election...
53:58.563268296 [ INFO] [6] candidate has timed out. starting new election...
53:58.567837398 [ INFO] [3] candidate has timed out. starting new election...
53:58.571876899 [ INFO] [29] candidate has timed out. starting new election...
53:58.573134992 [ INFO] [9] candidate has timed out. starting new election...
53:58.575876268 [ INFO] [13] candidate has timed out. starting new election...
53:58.578684010 [ INFO] [40] candidate has timed out. starting new election...
53:58.578869212 [ INFO] [42] candidate has timed out. starting new election...
53:58.582876018 [ INFO] [37] candidate has timed out. starting new election...
53:58.638045524 [ INFO] [41] has timed out. starting new election...
53:58.652910221 [ INFO] [41] becomes leader with 33 votes
53:58.823390625 [ INFO] [26] has timed out. starting new election...
53:58.849179890 [ INFO] [26] becomes leader with 33 votes
53:59.032354842 [ INFO] [28] has timed out. starting new election...
53:59.063876466 [ INFO] [28] becomes leader with 52 votes
53:59.218239510 [ INFO] [16] has timed out. starting new election...
53:59.291872127 [ INFO] [16] becomes leader with 52 votes
53:59.477423390 [ INFO] [22] has timed out. starting new election...
53:59.478630679 [ INFO] [35] has timed out. starting new election...
53:59.481301561 [ INFO] [32] has timed out. starting new election...
53:59.483022800 [ INFO] [51] has timed out. starting new election...
53:59.487540348 [ INFO] [59] has timed out. starting new election...
53:59.787917462 [ INFO] [59] candidate has timed out. starting new election...
53:59.795109101 [ INFO] [35] candidate has timed out. starting new election...
53:59.796176547 [ INFO] [22] candidate has timed out. starting new election...
53:59.796349979 [ INFO] [32] candidate has timed out. starting new election...
53:59.826955954 [ INFO] [51] candidate has timed out. starting new election...
53:59.834070269 [ INFO] [41] has timed out. starting new election...
53:59.837311947 [ INFO] [41] becomes leader with 33 votes
54:00.019019745 [ INFO] [26] has timed out. starting new election...
54:00.029449702 [ INFO] [26] becomes leader with 33 votes
54:00.224587291 [ INFO] [28] has timed out. starting new election...
54:00.227523096 [ INFO] [28] becomes leader with 33 votes
54:00.447527091 [ INFO] [16] has timed out. starting new election...
54:00.450515257 [ INFO] [16] becomes leader with 33 votes
54:00.637363878 [ INFO] [24] has timed out. starting new election...
54:00.639226403 [ INFO] [14] has timed out. starting new election...
54:00.669722858 [ INFO] [14] becomes leader with 46 votes
54:00.985009162 [ INFO] [24] candidate has timed out. starting new election...
54:01.017915712 [ INFO] [41] has timed out. starting new election...
54:01.034134087 [ INFO] [41] becomes leader with 44 votes
54:01.226450665 [ INFO] [15] has timed out. starting new election...
54:01.230879488 [ INFO] [46] has timed out. starting new election...
54:01.403308986 [ INFO] [28] has timed out. starting new election...
54:01.435315992 [ INFO] [28] becomes leader with 46 votes
54:01.637481675 [ INFO] [16] has timed out. starting new election...
54:01.652771253 [ INFO] [26] has timed out. starting new election...
54:01.655927006 [ INFO] [26] becomes leader with 33 votes
54:01.864503035 [ INFO] [15] has timed out. starting new election...
54:01.869067653 [ INFO] [46] has timed out. starting new election...
54:01.910684166 [ INFO] [46] becomes leader with 45 votes
54:02.189887422 [ INFO] [16] has timed out. starting new election...
54:02.192891069 [ INFO] [16] becomes leader with 33 votes
54:02.372917051 [ INFO] [41] has timed out. starting new election...
54:02.376257270 [ INFO] [41] becomes leader with 33 votes
54:02.644529249 [ INFO] [28] has timed out. starting new election...
54:02.660161479 [ INFO] [28] becomes leader with 33 votes
54:02.841946241 [ INFO] [26] has timed out. starting new election...
54:02.845014317 [ INFO] [26] becomes leader with 33 votes
54:03.099398687 [ INFO] [14] has timed out. starting new election...
54:03.105473870 [ INFO] [15] has timed out. starting new election...
54:03.144351508 [ INFO] [15] becomes leader with 45 votes
54:03.348619177 [ INFO] [16] has timed out. starting new election...
54:03.379872104 [ INFO] [16] becomes leader with 44 votes
54:03.575601715 [ INFO] [41] has timed out. starting new election...
54:03.578265547 [ INFO] [41] becomes leader with 33 votes
54:03.821143005 [ INFO] [28] has timed out. starting new election...
54:03.824135823 [ INFO] [28] becomes leader with 33 votes
54:04.014883051 [ INFO] [26] has timed out. starting new election...
54:04.047879694 [ INFO] [26] becomes leader with 46 votes
54:04.364800043 [ INFO] [14] has timed out. starting new election...
54:04.395874199 [ INFO] [14] becomes leader with 46 votes
54:04.733569261 [ INFO] [16] has timed out. starting new election...
54:04.763873320 [ INFO] [16] becomes leader with 46 votes
54:04.984822890 [ INFO] [28] has timed out. starting new election...
54:05.027876421 [ INFO] [28] becomes leader with 46 votes
54:05.217564039 [ INFO] [26] has timed out. starting new election...
54:05.228666682 [ INFO] [41] has timed out. starting new election...
54:05.242214432 [ INFO] [15] has timed out. starting new election...
54:05.245983532 [ INFO] [46] has timed out. starting new election...
54:05.260310734 [ INFO] [46] becomes leader with 33 votes
54:05.561048237 [ INFO] [15] candidate has timed out. starting new election...
54:05.560929021 [ INFO] [41] candidate has timed out. starting new election...
54:05.595876895 [ INFO] [26] candidate has timed out. starting new election...
54:05.652623723 [ INFO] [14] has timed out. starting new election...
54:05.655727492 [ INFO] [14] becomes leader with 33 votes
54:05.919633496 [ INFO] [16] has timed out. starting new election...
54:05.922523873 [ INFO] [16] becomes leader with 33 votes
54:06.188436228 [ INFO] [28] has timed out. starting new election...
54:06.231873952 [ INFO] [28] becomes leader with 43 votes
54:06.459101818 [ INFO] [46] has timed out. starting new election...
54:06.475986060 [ INFO] [46] becomes leader with 33 votes
54:06.845427248 [ INFO] [14] has timed out. starting new election...
54:06.848500398 [ INFO] [14] becomes leader with 33 votes
54:07.078293940 [ INFO] [16] has timed out. starting new election...
54:07.114682496 [ INFO] [16] becomes leader with 33 votes
54:07.392402609 [ INFO] [28] has timed out. starting new election...
54:07.405856103 [ INFO] [28] becomes leader with 33 votes
54:07.674869427 [ INFO] [46] has timed out. starting new election...
54:07.677883633 [ INFO] [46] becomes leader with 33 votes
54:08.038535370 [ INFO] [14] has timed out. starting new election...
54:08.041656288 [ INFO] [14] becomes leader with 33 votes
54:08.270346444 [ INFO] [16] has timed out. starting new election...
54:08.273323327 [ INFO] [16] becomes leader with 33 votes
54:08.566438579 [ INFO] [28] has timed out. starting new election...
54:08.607878254 [ INFO] [28] becomes leader with 43 votes
54:08.876516693 [ INFO] [46] has timed out. starting new election...
54:08.918684410 [ INFO] [46] becomes leader with 43 votes
54:09.231390026 [ INFO] [14] has timed out. starting new election...
54:09.271872438 [ INFO] [14] becomes leader with 43 votes
54:09.457682816 [ INFO] [16] has timed out. starting new election...
54:09.460758742 [ INFO] [16] becomes leader with 33 votes
54:09.768644920 [ INFO] [28] has timed out. starting new election...
54:09.771826370 [ INFO] [28] becomes leader with 33 votes
54:10.117288211 [ INFO] [46] has timed out. starting new election...
54:10.150686551 [ INFO] [46] becomes leader with 43 votes
54:10.616431754 [ INFO] [16] has timed out. starting new election...
54:10.647876252 [ INFO] [16] becomes leader with 43 votes
54:10.944947244 [ INFO] [28] has timed out. starting new election...
54:10.961374078 [ INFO] [28] becomes leader with 33 votes
54:11.149746855 [ INFO] [14] has timed out. starting new election...
54:11.155307053 [ INFO] [14] becomes leader with 33 votes
54:11.353514 [ INFO] [17] has timed out. starting new election...
54:11.359110785 [ INFO] [45] has timed out. starting new election...
54:11.359205692 [ INFO] [39] has timed out. starting new election...
54:11.360133778 [ INFO] [61] has timed out. starting new election...
54:11.365749569 [ INFO] [46] has timed out. starting new election...
54:11.575311714 [ INFO] [36] has timed out. starting new election...
54:11.586230758 [ INFO] [18] has timed out. starting new election...
54:11.631875897 [ INFO] [18] becomes leader with 42 votes
54:11.853507505 [ INFO] [16] has timed out. starting new election...
54:11.856382781 [ INFO] [16] becomes leader with 33 votes
54:12.122190665 [ INFO] [28] has timed out. starting new election...
54:12.125109856 [ INFO] [28] becomes leader with 33 votes
54:12.347308162 [ INFO] [14] has timed out. starting new election...
54:12.350175435 [ INFO] [14] becomes leader with 33 votes
54:12.546045277 [ INFO] [46] has timed out. starting new election...
54:12.586678846 [ INFO] [46] becomes leader with 43 votes
54:13.012100515 [ INFO] [16] has timed out. starting new election...
54:13.055875079 [ INFO] [16] becomes leader with 42 votes
54:13.285791472 [ INFO] [28] has timed out. starting new election...
54:13.288663950 [ INFO] [28] becomes leader with 33 votes
54:13.539859658 [ INFO] [14] has timed out. starting new election...
54:13.543077071 [ INFO] [14] becomes leader with 33 votes
54:13.801087339 [ INFO] [46] has timed out. starting new election...
54:13.830684754 [ INFO] [46] becomes leader with 43 votes
54:14.028752942 [ INFO] [17] has timed out. starting new election...
54:14.059875129 [ INFO] [17] becomes leader with 43 votes
54:14.255323639 [ INFO] [16] has timed out. starting new election...
54:14.287873509 [ INFO] [16] becomes leader with 43 votes
54:14.460241244 [ INFO] [28] has timed out. starting new election...
54:14.491874808 [ INFO] [28] becomes leader with 42 votes
54:14.732860116 [ INFO] [14] has timed out. starting new election...
54:14.775878174 [ INFO] [14] becomes leader with 43 votes
54:15.029340817 [ INFO] [46] has timed out. starting new election...
54:15.032464717 [ INFO] [46] becomes leader with 33 votes
54:15.275445121 [ INFO] [17] has timed out. starting new election...
54:15.304412779 [ INFO] [17] becomes leader with 43 votes
54:15.461571110 [ INFO] [16] has timed out. starting new election...
54:15.464325367 [ INFO] [16] becomes leader with 33 votes
54:15.652403036 [ INFO] [28] has timed out. starting new election...
54:15.657136588 [ INFO] [28] becomes leader with 33 votes
54:15.997357378 [ INFO] [14] has timed out. starting new election...
54:16.000373623 [ INFO] [14] becomes leader with 33 votes
54:16.231007400 [ INFO] [46] has timed out. starting new election...
54:16.244319006 [ INFO] [10] has timed out. starting new election...
54:16.262682160 [ INFO] [46] becomes leader with 42 votes
54:16.547874203 [ INFO] [10] candidate has timed out. starting new election...
54:16.630245282 [ INFO] [16] has timed out. starting new election...
54:16.633227593 [ INFO] [16] becomes leader with 33 votes
54:16.817608166 [ INFO] [28] has timed out. starting new election...
54:16.859876599 [ INFO] [28] becomes leader with 42 votes
54:17.190056267 [ INFO] [14] has timed out. starting new election...
54:17.199577037 [ INFO] [17] has timed out. starting new election...
54:17.201634645 [ INFO] [36] has timed out. starting new election...
54:17.210714233 [ INFO] [18] has timed out. starting new election...
54:17.230726644 [ INFO] [36] becomes leader with 39 votes
54:17.461362816 [ INFO] [46] has timed out. starting new election...
54:17.502682471 [ INFO] [46] becomes leader with 41 votes
54:17.788859670 [ INFO] [16] has timed out. starting new election...
54:17.823876182 [ INFO] [16] becomes leader with 42 votes
54:18.088563191 [ INFO] [28] has timed out. starting new election...
54:18.131874088 [ INFO] [28] becomes leader with 42 votes
54:18.422627474 [ INFO] [14] has timed out. starting new election...
54:18.451874331 [ INFO] [14] becomes leader with 42 votes
54:18.701396926 [ INFO] [46] has timed out. starting new election...
54:18.708775318 [ INFO] [46] becomes leader with 33 votes
54:19.023387853 [ INFO] [16] has timed out. starting new election...
54:19.031385741 [ INFO] [16] becomes leader with 33 votes
54:19.356319916 [ INFO] [28] has timed out. starting new election...
54:19.391875812 [ INFO] [28] becomes leader with 42 votes
54:19.641606401 [ INFO] [14] has timed out. starting new election...
54:19.675874872 [ INFO] [14] becomes leader with 42 votes
54:19.907507956 [ INFO] [46] has timed out. starting new election...
54:19.916259395 [ INFO] [46] becomes leader with 33 votes
54:20.187068504 [ INFO] [16] has timed out. starting new election...
54:20.230757917 [ INFO] [17] has timed out. starting new election...
54:20.253968378 [ INFO] [17] becomes leader with 33 votes
54:20.531960359 [ INFO] [16] candidate has timed out. starting new election...
54:20.584356005 [ INFO] [28] has timed out. starting new election...
54:20.587536968 [ INFO] [28] becomes leader with 33 votes
54:20.865597292 [ INFO] [14] has timed out. starting new election...
54:20.885498860 [ INFO] [14] becomes leader with 33 votes
54:21.114879157 [ INFO] [46] has timed out. starting new election...
54:21.117843755 [ INFO] [46] becomes leader with 33 votes
54:21.454073176 [ INFO] [17] has timed out. starting new election...
54:21.487876795 [ INFO] [17] becomes leader with 41 votes
54:21.748132881 [ INFO] [28] has timed out. starting new election...
54:21.779874669 [ INFO] [28] becomes leader with 41 votes
54:22.089292315 [ INFO] [14] has timed out. starting new election...
54:22.104515069 [ INFO] [14] becomes leader with 33 votes
54:22.316449355 [ INFO] [46] has timed out. starting new election...
54:22.343904218 [ INFO] [46] becomes leader with 33 votes
54:22.687513962 [ INFO] [17] has timed out. starting new election...
54:22.690681457 [ INFO] [17] becomes leader with 33 votes
54:22.943229588 [ INFO] [28] has timed out. starting new election...
54:22.946030202 [ INFO] [28] becomes leader with 33 votes
54:23.294448395 [ INFO] [14] has timed out. starting new election...
54:23.297569610 [ INFO] [14] becomes leader with 33 votes
54:23.542757657 [ INFO] [46] has timed out. starting new election...
54:23.546022887 [ INFO] [46] becomes leader with 33 votes
54:23.890545887 [ INFO] [17] has timed out. starting new election...
54:23.893612725 [ INFO] [17] becomes leader with 33 votes
54:24.107303485 [ INFO] [28] has timed out. starting new election...
54:24.179876138 [ INFO] [28] becomes leader with 41 votes
54:24.487381970 [ INFO] [14] has timed out. starting new election...
54:24.490310221 [ INFO] [14] becomes leader with 33 votes
54:24.744877885 [ INFO] [46] has timed out. starting new election...
54:24.746752830 [ INFO] [36] has timed out. starting new election...
54:24.751252518 [ INFO] [36] becomes leader with 33 votes
54:25.082844096 [ INFO] [46] candidate has timed out. starting new election...
54:25.093471441 [ INFO] [17] has timed out. starting new election...
54:25.099290984 [ INFO] [39] has timed out. starting new election...
54:25.099715048 [ INFO] [45] has timed out. starting new election...
54:25.102010661 [ INFO] [61] has timed out. starting new election...
54:25.103417664 [ INFO] [18] has timed out. starting new election...
54:25.148062739 [ INFO] [18] becomes leader with 36 votes
54:25.376650809 [ INFO] [28] has timed out. starting new election...
54:25.407877578 [ INFO] [28] becomes leader with 40 votes
54:25.680019130 [ INFO] [14] has timed out. starting new election...
54:25.682974197 [ INFO] [14] becomes leader with 33 votes
54:25.956615982 [ INFO] [17] has timed out. starting new election...
54:25.961239461 [ INFO] [17] becomes leader with 33 votes
54:26.161146979 [ INFO] [36] has timed out. starting new election...
54:26.164009704 [ INFO] [39] has timed out. starting new election...
54:26.197403883 [ INFO] [39] becomes leader with 39 votes
54:26.400996939 [ INFO] [45] has timed out. starting new election...
54:26.424684559 [ INFO] [45] becomes leader with 33 votes
54:26.584516634 [ INFO] [28] has timed out. starting new election...
54:26.615874859 [ INFO] [28] becomes leader with 39 votes
54:26.873089419 [ INFO] [14] has timed out. starting new election...
54:26.876380525 [ INFO] [14] becomes leader with 33 votes
54:27.160990681 [ INFO] [17] has timed out. starting new election...
54:27.191877983 [ INFO] [17] becomes leader with 40 votes
54:27.398943368 [ INFO] [36] has timed out. starting new election...
54:27.439692643 [ INFO] [36] becomes leader with 40 votes
54:27.776515766 [ INFO] [28] has timed out. starting new election...
54:27.811877002 [ INFO] [28] becomes leader with 40 votes
54:28.066352477 [ INFO] [14] has timed out. starting new election...
54:28.099874724 [ INFO] [14] becomes leader with 40 votes
54:28.391551476 [ INFO] [17] has timed out. starting new election...
54:28.431874759 [ INFO] [17] becomes leader with 40 votes
54:28.683832323 [ INFO] [36] has timed out. starting new election...
54:28.686656975 [ INFO] [36] becomes leader with 33 votes
54:28.972840946 [ INFO] [28] has timed out. starting new election...
54:28.995874573 [ INFO] [28] becomes leader with 40 votes
54:29.289639783 [ INFO] [14] has timed out. starting new election...
54:29.302830976 [ INFO] [14] becomes leader with 33 votes
54:29.655393594 [ INFO] [17] has timed out. starting new election...
54:29.659255867 [ INFO] [17] becomes leader with 33 votes
54:29.888211907 [ INFO] [36] has timed out. starting new election...
54:29.930683604 [ INFO] [36] becomes leader with 40 votes
54:30.160516399 [ INFO] [28] has timed out. starting new election...
54:30.223872767 [ INFO] [28] becomes leader with 40 votes
54:30.492614582 [ INFO] [14] has timed out. starting new election...
54:30.509374160 [ INFO] [14] becomes leader with 33 votes
54:30.859087644 [ INFO] [17] has timed out. starting new election...
54:30.862111921 [ INFO] [17] becomes leader with 33 votes
54:31.132278197 [ INFO] [36] has timed out. starting new election...
54:31.135551287 [ INFO] [36] becomes leader with 33 votes
54:31.385064645 [ INFO] [28] has timed out. starting new election...
54:31.388231534 [ INFO] [28] becomes leader with 33 votes
54:31.699667158 [ INFO] [14] has timed out. starting new election...
54:31.743876973 [ INFO] [14] becomes leader with 40 votes
54:32.066227011 [ INFO] [17] has timed out. starting new election...
54:32.069311110 [ INFO] [17] becomes leader with 33 votes
54:32.337126684 [ INFO] [36] has timed out. starting new election...
54:32.366681967 [ INFO] [36] becomes leader with 40 votes
54:32.555198994 [ INFO] [28] has timed out. starting new election...
54:32.587873475 [ INFO] [28] becomes leader with 40 votes
54:32.933489242 [ INFO] [14] has timed out. starting new election...
54:32.937752532 [ INFO] [14] becomes leader with 33 votes
54:33.269243718 [ INFO] [17] has timed out. starting new election...
54:33.272236046 [ INFO] [17] becomes leader with 33 votes
54:33.568303292 [ INFO] [36] has timed out. starting new election...
54:33.587159726 [ INFO] [36] becomes leader with 33 votes
54:33.763221346 [ INFO] [28] has timed out. starting new election...
54:33.766447468 [ INFO] [28] becomes leader with 33 votes
54:34.127509652 [ INFO] [14] has timed out. starting new election...
54:34.130749950 [ INFO] [14] becomes leader with 33 votes
54:34.471900023 [ INFO] [17] has timed out. starting new election...
54:34.474982519 [ INFO] [17] becomes leader with 33 votes
54:34.927078359 [ INFO] [28] has timed out. starting new election...
54:34.967873474 [ INFO] [28] becomes leader with 40 votes
54:35.321083345 [ INFO] [14] has timed out. starting new election...
54:35.363879036 [ INFO] [14] becomes leader with 40 votes
54:35.674641990 [ INFO] [17] has timed out. starting new election...
54:35.677764598 [ INFO] [17] becomes leader with 33 votes
54:35.876755347 [ INFO] [36] has timed out. starting new election...
54:35.880585925 [ INFO] [39] has timed out. starting new election...
54:35.881312288 [ INFO] [45] has timed out. starting new election...
54:35.890073010 [ INFO] [20] has timed out. starting new election...
54:35.916660543 [ INFO] [20] becomes leader with 38 votes
54:36.128460610 [ INFO] [28] has timed out. starting new election...
54:36.155876313 [ INFO] [28] becomes leader with 40 votes
54:36.355400478 [ INFO] [36] has timed out. starting new election...
54:36.358848459 [ INFO] [39] has timed out. starting new election...
54:36.375057908 [ INFO] [39] becomes leader with 33 votes
54:36.593688210 [ INFO] [45] has timed out. starting new election...
54:36.593939683 [ INFO] [14] has timed out. starting new election...
54:36.639873864 [ INFO] [14] becomes leader with 40 votes
54:36.877393883 [ INFO] [17] has timed out. starting new election...
54:36.880703406 [ INFO] [17] becomes leader with 33 votes
54:37.119933184 [ INFO] [36] has timed out. starting new election...
54:37.124422581 [ INFO] [45] has timed out. starting new election...
54:37.127946628 [ INFO] [61] has timed out. starting new election...
54:37.174779102 [ INFO] [61] becomes leader with 38 votes
54:37.348951375 [ INFO] [28] has timed out. starting new election...
54:37.365379328 [ INFO] [28] becomes leader with 33 votes
54:37.576641815 [ INFO] [36] has timed out. starting new election...
54:37.618685701 [ INFO] [36] becomes leader with 40 votes
54:37.865296371 [ INFO] [14] has timed out. starting new election...
54:37.895877130 [ INFO] [14] becomes leader with 40 votes
54:38.093848836 [ INFO] [17] has timed out. starting new election...
54:38.097268521 [ INFO] [17] becomes leader with 33 votes
54:38.540958297 [ INFO] [28] has timed out. starting new election...
54:38.544264269 [ INFO] [28] becomes leader with 33 votes
54:38.820294553 [ INFO] [36] has timed out. starting new election...
54:38.823956008 [ INFO] [39] has timed out. starting new election...
54:38.866681411 [ INFO] [39] becomes leader with 39 votes
54:39.085974294 [ INFO] [14] has timed out. starting new election...
54:39.115875083 [ INFO] [14] becomes leader with 40 votes
54:39.345235641 [ INFO] [17] has timed out. starting new election...
54:39.348351600 [ INFO] [17] becomes leader with 33 votes
54:39.704826784 [ INFO] [28] has timed out. starting new election...
54:39.747894036 [ INFO] [28] becomes leader with 40 votes
54:40.079611520 [ INFO] [36] has timed out. starting new election...
54:40.122682235 [ INFO] [36] becomes leader with 40 votes
54:40.337375857 [ INFO] [14] has timed out. starting new election...
54:40.340302414 [ INFO] [14] becomes leader with 33 votes
54:40.548070914 [ INFO] [17] has timed out. starting new election...
54:40.552170759 [ INFO] [17] becomes leader with 33 votes
54:40.908476709 [ INFO] [28] has timed out. starting new election...
54:40.925483580 [ INFO] [28] becomes leader with 33 votes
54:41.324260172 [ INFO] [36] has timed out. starting new election...
54:41.328433637 [ INFO] [39] has timed out. starting new election...
54:41.328521386 [ INFO] [45] has timed out. starting new election...
54:41.337109427 [ INFO] [45] becomes leader with 33 votes
54:41.540148107 [ INFO] [14] has timed out. starting new election...
54:41.595877624 [ INFO] [14] becomes leader with 40 votes
54:41.821751918 [ INFO] [17] has timed out. starting new election...
54:41.824901405 [ INFO] [17] becomes leader with 33 votes
54:42.086681319 [ INFO] [28] has timed out. starting new election...
54:42.127038955 [ INFO] [36] has timed out. starting new election...
54:42.166687874 [ INFO] [36] becomes leader with 39 votes
54:42.479876476 [ INFO] [28] candidate has timed out. starting new election...
54:42.542848386 [ INFO] [39] has timed out. starting new election...
54:42.542895481 [ INFO] [45] has timed out. starting new election...
54:42.548622695 [ INFO] [39] becomes leader with 33 votes
54:42.825949304 [ INFO] [14] has timed out. starting new election...
54:42.836673175 [ INFO] [14] becomes leader with 33 votes
54:42.846688477 [ INFO] [45] candidate has timed out. starting new election...
54:43.034861989 [ INFO] [17] has timed out. starting new election...
54:43.041341933 [ INFO] [61] has timed out. starting new election...
54:43.082681955 [ INFO] [61] becomes leader with 37 votes
54:43.343725302 [ INFO] [17] candidate has timed out. starting new election...
54:43.384756480 [ INFO] [36] has timed out. starting new election...
54:43.400130936 [ INFO] [36] becomes leader with 33 votes
54:43.754490200 [ INFO] [39] has timed out. starting new election...
54:43.759456797 [ INFO] [18] has timed out. starting new election...
54:43.761365131 [ INFO] [20] has timed out. starting new election...
54:43.766690174 [ INFO] [23] has timed out. starting new election...
54:43.768544061 [ INFO] [53] has timed out. starting new election...
54:43.798683067 [ INFO] [39] becomes leader with 33 votes
54:44.026575375 [ INFO] [14] has timed out. starting new election...
54:44.044198533 [ INFO] [14] becomes leader with 33 votes
54:44.290311257 [ INFO] [61] has timed out. starting new election...
54:44.322682491 [ INFO] [61] becomes leader with 37 votes
54:44.602048125 [ INFO] [36] has timed out. starting new election...
54:44.638690561 [ INFO] [36] becomes leader with 37 votes
54:45.023879873 [ INFO] [18] has timed out. starting new election...
54:45.060516374 [ INFO] [18] becomes leader with 33 votes
54:45.246941957 [ INFO] [14] has timed out. starting new election...
54:45.265299674 [ INFO] [39] has timed out. starting new election...
54:45.270637930 [ INFO] [39] becomes leader with 33 votes
54:45.530351822 [ INFO] [61] has timed out. starting new election...
54:45.533365308 [ INFO] [61] becomes leader with 33 votes
54:45.827799557 [ INFO] [14] has timed out. starting new election...
54:45.859875910 [ INFO] [14] becomes leader with 37 votes
54:46.262017520 [ INFO] [36] has timed out. starting new election...
54:46.271247109 [ INFO] [18] has timed out. starting new election...
54:46.274201068 [ INFO] [18] becomes leader with 33 votes
54:46.674795023 [ INFO] [36] candidate has timed out. starting new election...
54:46.738839152 [ INFO] [39] has timed out. starting new election...
54:46.786681520 [ INFO] [39] becomes leader with 36 votes
54:47.081258550 [ INFO] [14] has timed out. starting new election...
54:47.123875327 [ INFO] [14] becomes leader with 36 votes
54:47.483323245 [ INFO] [61] has timed out. starting new election...
54:47.484832398 [ INFO] [18] has timed out. starting new election...
54:47.489470896 [ INFO] [18] becomes leader with 33 votes
54:47.724580385 [ INFO] [20] has timed out. starting new election...
54:47.731390243 [ INFO] [23] has timed out. starting new election...
54:47.731630238 [ INFO] [53] has timed out. starting new election...
54:47.732768102 [ INFO] [62] has timed out. starting new election...
54:47.738042483 [ INFO] [56] has timed out. starting new election...
54:47.740893152 [ INFO] [49] has timed out. starting new election...
54:47.742199258 [ INFO] [43] has timed out. starting new election...
54:47.744002147 [ INFO] [47] has timed out. starting new election...
54:47.750241823 [ INFO] [19] has timed out. starting new election...
54:47.753537229 [ INFO] [21] has timed out. starting new election...
54:47.744391366 [ INFO] [34] has timed out. starting new election...
54:47.747581383 [ INFO] [63] has timed out. starting new election...
54:47.747339441 [ INFO] [60] has timed out. starting new election...
54:47.754785470 [ INFO] [25] has timed out. starting new election...
54:48.023900830 [ INFO] [0] has timed out. starting new election...
54:48.067875959 [ INFO] [0] becomes leader with 36 votes
54:48.369957640 [ INFO] [14] has timed out. starting new election...
54:48.403875351 [ INFO] [14] becomes leader with 36 votes
54:48.695098051 [ INFO] [39] has timed out. starting new election...
54:48.698904817 [ INFO] [61] has timed out. starting new election...
54:48.700210957 [ INFO] [18] has timed out. starting new election...
54:48.716245651 [ INFO] [18] becomes leader with 33 votes
54:48.931037445 [ INFO] [20] has timed out. starting new election...
54:48.936458913 [ INFO] [23] has timed out. starting new election...
54:48.936962407 [ INFO] [53] has timed out. starting new election...
54:49.237267868 [ INFO] [53] candidate has timed out. starting new election...
54:49.238716403 [ INFO] [20] candidate has timed out. starting new election...
54:49.268067232 [ INFO] [23] candidate has timed out. starting new election...
54:49.273678664 [ INFO] [39] has timed out. starting new election...
54:49.322681051 [ INFO] [39] becomes leader with 33 votes
54:49.805168470 [ INFO] [56] has timed out. starting new election...
54:49.540378780 [ INFO] [62] has timed out. starting new election...
54:50.229267386 [ INFO] [62] has timed out. starting new election...
54:49.529095911 [ INFO] [61] has timed out. starting new election...
54:50.011934139 [ INFO] [61] has timed out. starting new election...
