[1579521170.370091] [dahu-23:9150 :0]       ib_iface.c:696  UCX  ERROR ibv_create_cq(cqe=4096) failed: Function not implemented
[1579521170.372676] [dahu-23:9154 :0]       ib_iface.c:696  UCX  ERROR ibv_create_cq(cqe=4096) failed: Function not implemented
[1579521170.376708] [dahu-23:9153 :0]       ib_iface.c:696  UCX  ERROR ibv_create_cq(cqe=4096) failed: Function not implemented
[1579521170.379537] [dahu-23:9146 :0]       ib_iface.c:696  UCX  ERROR ibv_create_cq(cqe=4096) failed: Function not implemented
[1579521170.381555] [dahu-23:9145 :0]       ib_iface.c:696  UCX  ERROR ibv_create_cq(cqe=4096) failed: Function not implemented
[1579521170.381704] [dahu-23:9156 :0]       ib_iface.c:696  UCX  ERROR ibv_create_cq(cqe=4096) failed: Function not implemented
[1579521170.381983] [dahu-23:9159 :0]       ib_iface.c:696  UCX  ERROR ibv_create_cq(cqe=4096) failed: Function not implemented
[1579521170.383521] [dahu-23:9149 :0]       ib_iface.c:696  UCX  ERROR ibv_create_cq(cqe=4096) failed: Function not implemented
[1579521170.383564] [dahu-23:9147 :0]       ib_iface.c:696  UCX  ERROR ibv_create_cq(cqe=4096) failed: Function not implemented
[1579521170.384456] [dahu-23:9160 :0]       ib_iface.c:696  UCX  ERROR ibv_create_cq(cqe=4096) failed: Function not implemented
[1579521170.385213] [dahu-23:9164 :0]       ib_iface.c:696  UCX  ERROR ibv_create_cq(cqe=4096) failed: Function not implemented
[1579521170.387445] [dahu-23:9151 :0]       ib_iface.c:696  UCX  ERROR ibv_create_cq(cqe=4096) failed: Function not implemented
[1579521170.390105] [dahu-23:9148 :0]       ib_iface.c:696  UCX  ERROR ibv_create_cq(cqe=4096) failed: Function not implemented
[1579521170.390367] [dahu-23:9144 :0]       ib_iface.c:696  UCX  ERROR ibv_create_cq(cqe=4096) failed: Function not implemented
[1579521170.390362] [dahu-23:9157 :0]       ib_iface.c:696  UCX  ERROR ibv_create_cq(cqe=4096) failed: Function not implemented
[1579521170.390710] [dahu-23:9152 :0]       ib_iface.c:696  UCX  ERROR ibv_create_cq(cqe=4096) failed: Function not implemented
[1579521170.391195] [dahu-23:9155 :0]       ib_iface.c:696  UCX  ERROR ibv_create_cq(cqe=4096) failed: Function not implemented
[1579521170.392828] [dahu-23:9158 :0]       ib_iface.c:696  UCX  ERROR ibv_create_cq(cqe=4096) failed: Function not implemented
[1579521170.394594] [dahu-23:9167 :0]       ib_iface.c:696  UCX  ERROR ibv_create_cq(cqe=4096) failed: Function not implemented
[1579521170.394580] [dahu-23:9165 :0]       ib_iface.c:696  UCX  ERROR ibv_create_cq(cqe=4096) failed: Function not implemented
[1579521170.396404] [dahu-23:9162 :0]       ib_iface.c:696  UCX  ERROR ibv_create_cq(cqe=4096) failed: Function not implemented
[1579521170.397117] [dahu-23:9163 :0]       ib_iface.c:696  UCX  ERROR ibv_create_cq(cqe=4096) failed: Function not implemented
[1579521170.397117] [dahu-23:9171 :0]       ib_iface.c:696  UCX  ERROR ibv_create_cq(cqe=4096) failed: Function not implemented
[1579521170.398386] [dahu-23:9166 :0]       ib_iface.c:696  UCX  ERROR ibv_create_cq(cqe=4096) failed: Function not implemented
[1579521170.398681] [dahu-23:9161 :0]       ib_iface.c:696  UCX  ERROR ibv_create_cq(cqe=4096) failed: Function not implemented
[1579521170.398807] [dahu-23:9168 :0]       ib_iface.c:696  UCX  ERROR ibv_create_cq(cqe=4096) failed: Function not implemented
[1579521170.399360] [dahu-23:9175 :0]       ib_iface.c:696  UCX  ERROR ibv_create_cq(cqe=4096) failed: Function not implemented
[1579521170.399861] [dahu-23:9173 :0]       ib_iface.c:696  UCX  ERROR ibv_create_cq(cqe=4096) failed: Function not implemented
[1579521170.400646] [dahu-23:9174 :0]       ib_iface.c:696  UCX  ERROR ibv_create_cq(cqe=4096) failed: Function not implemented
[1579521170.400823] [dahu-23:9172 :0]       ib_iface.c:696  UCX  ERROR ibv_create_cq(cqe=4096) failed: Function not implemented
[1579521170.402575] [dahu-23:9170 :0]       ib_iface.c:696  UCX  ERROR ibv_create_cq(cqe=4096) failed: Function not implemented
[1579521170.402880] [dahu-23:9169 :0]       ib_iface.c:696  UCX  ERROR ibv_create_cq(cqe=4096) failed: Function not implemented
[1579521170.854773] [dahu-24:10772:0]       ib_iface.c:696  UCX  ERROR ibv_create_cq(cqe=4096) failed: Function not implemented
[1579521170.854667] [dahu-24:10780:0]       ib_iface.c:696  UCX  ERROR ibv_create_cq(cqe=4096) failed: Function not implemented
[1579521170.865009] [dahu-24:10775:0]       ib_iface.c:696  UCX  ERROR ibv_create_cq(cqe=4096) failed: Function not implemented
[1579521170.865055] [dahu-24:10778:0]       ib_iface.c:696  UCX  ERROR ibv_create_cq(cqe=4096) failed: Function not implemented
[1579521170.865009] [dahu-24:10779:0]       ib_iface.c:696  UCX  ERROR ibv_create_cq(cqe=4096) failed: Function not implemented
[1579521170.865055] [dahu-24:10784:0]       ib_iface.c:696  UCX  ERROR ibv_create_cq(cqe=4096) failed: Function not implemented
[1579521170.865255] [dahu-24:10785:0]       ib_iface.c:696  UCX  ERROR ibv_create_cq(cqe=4096) failed: Function not implemented
[1579521170.865603] [dahu-24:10786:0]       ib_iface.c:696  UCX  ERROR ibv_create_cq(cqe=4096) failed: Function not implemented
[1579521170.865690] [dahu-24:10781:0]       ib_iface.c:696  UCX  ERROR ibv_create_cq(cqe=4096) failed: Function not implemented
[1579521170.865797] [dahu-24:10782:0]       ib_iface.c:696  UCX  ERROR ibv_create_cq(cqe=4096) failed: Function not implemented
[1579521170.873187] [dahu-24:10773:0]       ib_iface.c:696  UCX  ERROR ibv_create_cq(cqe=4096) failed: Function not implemented
[1579521170.874194] [dahu-24:10774:0]       ib_iface.c:696  UCX  ERROR ibv_create_cq(cqe=4096) failed: Function not implemented
[1579521170.874286] [dahu-24:10777:0]       ib_iface.c:696  UCX  ERROR ibv_create_cq(cqe=4096) failed: Function not implemented
[1579521170.874404] [dahu-24:10776:0]       ib_iface.c:696  UCX  ERROR ibv_create_cq(cqe=4096) failed: Function not implemented
[1579521170.874583] [dahu-24:10783:0]       ib_iface.c:696  UCX  ERROR ibv_create_cq(cqe=4096) failed: Function not implemented
[1579521170.874628] [dahu-24:10787:0]       ib_iface.c:696  UCX  ERROR ibv_create_cq(cqe=4096) failed: Function not implemented
52:51.034788043 [ INFO] [46] has timed out. starting new election...
52:51.037874546 [ INFO] [46] becomes leader with 25 votes
52:51.196959341 [ INFO] [17] has timed out. starting new election...
52:51.200294060 [ INFO] [17] becomes leader with 25 votes
52:51.358992114 [ INFO] [12] has timed out. starting new election...
52:51.359806414 [ INFO] [16] has timed out. starting new election...
52:51.369174224 [ INFO] [16] becomes leader with 25 votes
52:51.538888456 [ INFO] [20] has timed out. starting new election...
52:51.539763736 [ INFO] [0] has timed out. starting new election...
52:51.542292720 [ INFO] [13] has timed out. starting new election...
52:51.546476583 [ INFO] [47] has timed out. starting new election...
52:51.552728595 [ INFO] [43] has timed out. starting new election...
52:51.599874270 [ INFO] [13] becomes leader with 44 votes
52:51.758195238 [ INFO] [12] has timed out. starting new election...
52:51.760507760 [ INFO] [12] becomes leader with 25 votes
52:51.931001168 [ INFO] [20] has timed out. starting new election...
52:51.934882925 [ INFO] [26] has timed out. starting new election...
52:51.963884878 [ INFO] [20] becomes leader with 47 votes
52:52.192993450 [ INFO] [46] has timed out. starting new election...
52:52.195350436 [ INFO] [46] becomes leader with 25 votes
52:52.356789200 [ INFO] [17] has timed out. starting new election...
52:52.361005252 [ INFO] [17] becomes leader with 25 votes
52:52.528457456 [ INFO] [16] has timed out. starting new election...
52:52.551877349 [ INFO] [16] becomes leader with 48 votes
52:52.919948402 [ INFO] [12] has timed out. starting new election...
52:52.922332493 [ INFO] [12] becomes leader with 25 votes
52:53.167879336 [ INFO] [20] has timed out. starting new election...
52:53.200471555 [ INFO] [20] becomes leader with 48 votes
52:53.517138375 [ INFO] [17] has timed out. starting new election...
52:53.521366686 [ INFO] [17] becomes leader with 25 votes
52:53.708670190 [ INFO] [46] has timed out. starting new election...
52:53.711010192 [ INFO] [46] becomes leader with 25 votes
52:53.873243216 [ INFO] [16] has timed out. starting new election...
52:53.899876313 [ INFO] [16] becomes leader with 48 votes
52:54.088183493 [ INFO] [12] has timed out. starting new election...
52:54.097983396 [ INFO] [12] becomes leader with 25 votes
52:54.400791426 [ INFO] [20] has timed out. starting new election...
52:54.443874293 [ INFO] [20] becomes leader with 48 votes
52:54.677743655 [ INFO] [17] has timed out. starting new election...
52:54.696083672 [ INFO] [17] becomes leader with 25 votes
52:54.865947513 [ INFO] [46] has timed out. starting new election...
52:54.868334780 [ INFO] [46] becomes leader with 25 votes
52:55.086459076 [ INFO] [16] has timed out. starting new election...
52:55.124354045 [ INFO] [16] becomes leader with 48 votes
52:55.300436928 [ INFO] [12] has timed out. starting new election...
52:55.302862486 [ INFO] [12] becomes leader with 25 votes
52:55.612806961 [ INFO] [20] has timed out. starting new election...
52:55.647881596 [ INFO] [20] becomes leader with 48 votes
52:55.852325239 [ INFO] [17] has timed out. starting new election...
52:55.854762215 [ INFO] [17] becomes leader with 25 votes
52:56.023251452 [ INFO] [46] has timed out. starting new election...
52:56.025724317 [ INFO] [46] becomes leader with 25 votes
52:56.298951533 [ INFO] [16] has timed out. starting new election...
52:56.363876489 [ INFO] [16] becomes leader with 48 votes
52:56.522570121 [ INFO] [12] has timed out. starting new election...
52:56.524916495 [ INFO] [12] becomes leader with 25 votes
52:56.818818885 [ INFO] [0] has timed out. starting new election...
52:56.847876442 [ INFO] [0] becomes leader with 48 votes
52:57.026764439 [ INFO] [17] has timed out. starting new election...
52:57.075875044 [ INFO] [17] becomes leader with 48 votes
52:57.241945093 [ INFO] [46] has timed out. starting new election...
52:57.244235100 [ INFO] [46] becomes leader with 25 votes
52:57.523075914 [ INFO] [16] has timed out. starting new election...
52:57.551879574 [ INFO] [16] becomes leader with 48 votes
52:57.709430266 [ INFO] [12] has timed out. starting new election...
52:57.711842859 [ INFO] [12] becomes leader with 25 votes
52:58.018764442 [ INFO] [20] has timed out. starting new election...
52:58.021134431 [ INFO] [20] becomes leader with 25 votes
52:58.243788616 [ INFO] [17] has timed out. starting new election...
52:58.319876496 [ INFO] [17] becomes leader with 48 votes
52:58.472100629 [ INFO] [46] has timed out. starting new election...
52:58.474266094 [ INFO] [46] becomes leader with 25 votes
52:58.711018753 [ INFO] [16] has timed out. starting new election...
52:58.714036290 [ INFO] [16] becomes leader with 25 votes
52:58.879202655 [ INFO] [12] has timed out. starting new election...
52:58.881623732 [ INFO] [12] becomes leader with 25 votes
52:59.190259 [ INFO] [20] has timed out. starting new election...
52:59.204863664 [ INFO] [20] becomes leader with 25 votes
52:59.476097879 [ INFO] [17] has timed out. starting new election...
52:59.495998670 [ INFO] [17] becomes leader with 25 votes
52:59.649793230 [ INFO] [46] has timed out. starting new election...
52:59.652192869 [ INFO] [46] becomes leader with 25 votes
52:59.873220703 [ INFO] [16] has timed out. starting new election...
52:59.888860933 [ INFO] [16] becomes leader with 25 votes
53:00.048197509 [ INFO] [12] has timed out. starting new election...
53:00.050579689 [ INFO] [12] becomes leader with 25 votes
53:00.374108182 [ INFO] [20] has timed out. starting new election...
53:00.415874922 [ INFO] [20] becomes leader with 48 votes
53:00.807121159 [ INFO] [46] has timed out. starting new election...
53:00.809473482 [ INFO] [46] becomes leader with 25 votes
53:01.046130916 [ INFO] [17] has timed out. starting new election...
53:01.087880545 [ INFO] [17] becomes leader with 48 votes
53:01.244194565 [ INFO] [12] has timed out. starting new election...
53:01.246681552 [ INFO] [12] becomes leader with 25 votes
53:01.406997054 [ INFO] [16] has timed out. starting new election...
53:01.409550857 [ INFO] [16] becomes leader with 25 votes
53:01.616796602 [ INFO] [20] has timed out. starting new election...
53:01.619394287 [ INFO] [20] becomes leader with 25 votes
53:01.790814954 [ INFO] [0] has timed out. starting new election...
53:01.794180899 [ INFO] [13] has timed out. starting new election...
53:01.794243203 [ INFO] [26] has timed out. starting new election...
53:01.794335032 [ INFO] [18] has timed out. starting new election...
53:01.822339034 [ INFO] [26] becomes leader with 45 votes
53:01.975852819 [ INFO] [46] has timed out. starting new election...
53:01.978195209 [ INFO] [46] becomes leader with 25 votes
53:02.246559989 [ INFO] [17] has timed out. starting new election...
53:02.283877752 [ INFO] [17] becomes leader with 48 votes
53:02.569468052 [ INFO] [12] has timed out. starting new election...
53:02.603877236 [ INFO] [12] becomes leader with 48 votes
53:02.789692408 [ INFO] [16] has timed out. starting new election...
53:02.797124493 [ INFO] [16] becomes leader with 25 votes
53:03.133136319 [ INFO] [46] has timed out. starting new election...
53:03.135572122 [ INFO] [46] becomes leader with 25 votes
53:03.304442227 [ INFO] [20] has timed out. starting new election...
53:03.347877526 [ INFO] [20] becomes leader with 48 votes
53:03.535411547 [ INFO] [17] has timed out. starting new election...
53:03.571878088 [ INFO] [17] becomes leader with 48 votes
53:03.763080325 [ INFO] [12] has timed out. starting new election...
53:03.765443520 [ INFO] [12] becomes leader with 25 votes
53:03.956277001 [ INFO] [16] has timed out. starting new election...
53:03.961105932 [ INFO] [16] becomes leader with 25 votes
53:04.131887984 [ INFO] [0] has timed out. starting new election...
53:04.136472129 [ INFO] [13] has timed out. starting new election...
53:04.138174278 [ INFO] [26] has timed out. starting new election...
53:04.139014256 [ INFO] [13] becomes leader with 25 votes
53:04.162043050 [ INFO] [26] becomes leader with 25 votes
53:04.348046769 [ INFO] [46] has timed out. starting new election...
53:04.350445796 [ INFO] [46] becomes leader with 25 votes
53:04.549056683 [ INFO] [20] has timed out. starting new election...
53:04.550702067 [ INFO] [0] has timed out. starting new election...
53:04.551580575 [ INFO] [20] becomes leader with 25 votes
53:04.728318656 [ INFO] [17] has timed out. starting new election...
53:04.730965460 [ INFO] [17] becomes leader with 25 votes
53:04.924578978 [ INFO] [12] has timed out. starting new election...
53:04.927254674 [ INFO] [12] becomes leader with 25 votes
53:05.120352737 [ INFO] [16] has timed out. starting new election...
53:05.122633302 [ INFO] [16] becomes leader with 25 votes
53:05.341628993 [ INFO] [0] has timed out. starting new election...
53:05.346805400 [ INFO] [18] has timed out. starting new election...
53:05.346856942 [ INFO] [26] has timed out. starting new election...
53:05.383877787 [ INFO] [18] becomes leader with 31 votes
53:05.647079099 [ INFO] [26] candidate has timed out. starting new election...
53:05.676027756 [ INFO] [0] candidate has timed out. starting new election...
53:05.706533350 [ INFO] [46] has timed out. starting new election...
53:05.709062579 [ INFO] [46] becomes leader with 25 votes
53:05.887295990 [ INFO] [17] has timed out. starting new election...
53:05.892070358 [ INFO] [17] becomes leader with 25 votes
53:06.086486788 [ INFO] [12] has timed out. starting new election...
53:06.088866611 [ INFO] [12] becomes leader with 25 votes
53:06.281797105 [ INFO] [16] has timed out. starting new election...
53:06.284258511 [ INFO] [16] becomes leader with 25 votes
53:06.586062525 [ INFO] [20] has timed out. starting new election...
53:06.592937367 [ INFO] [18] has timed out. starting new election...
53:06.595488482 [ INFO] [18] becomes leader with 25 votes
53:06.863998276 [ INFO] [46] has timed out. starting new election...
53:06.866353105 [ INFO] [46] becomes leader with 25 votes
53:07.048422255 [ INFO] [17] has timed out. starting new election...
53:07.051088017 [ INFO] [17] becomes leader with 25 votes
53:07.248003374 [ INFO] [12] has timed out. starting new election...
53:07.257059797 [ INFO] [20] has timed out. starting new election...
53:07.265703597 [ INFO] [25] has timed out. starting new election...
53:07.268647103 [ INFO] [47] has timed out. starting new election...
53:07.277741621 [ INFO] [25] becomes leader with 25 votes
53:07.472904172 [ INFO] [16] has timed out. starting new election...
53:07.475329816 [ INFO] [16] becomes leader with 25 votes
53:07.755269252 [ INFO] [12] has timed out. starting new election...
53:07.768862207 [ INFO] [12] becomes leader with 25 votes
53:08.021261315 [ INFO] [46] has timed out. starting new election...
53:08.023688505 [ INFO] [46] becomes leader with 25 votes
53:08.211550326 [ INFO] [17] has timed out. starting new election...
53:08.222169300 [ INFO] [17] becomes leader with 25 votes
53:08.448489847 [ INFO] [20] has timed out. starting new election...
53:08.477999286 [ INFO] [20] becomes leader with 45 votes
53:08.639452604 [ INFO] [16] has timed out. starting new election...
53:08.646283692 [ INFO] [16] becomes leader with 25 votes
53:08.928478041 [ INFO] [12] has timed out. starting new election...
53:08.930907930 [ INFO] [12] becomes leader with 25 votes
53:09.178579359 [ INFO] [46] has timed out. starting new election...
53:09.180861726 [ INFO] [46] becomes leader with 25 votes
53:09.378745342 [ INFO] [17] has timed out. starting new election...
53:09.381343370 [ INFO] [17] becomes leader with 25 votes
53:09.647249130 [ INFO] [20] has timed out. starting new election...
53:09.679883743 [ INFO] [20] becomes leader with 45 votes
53:09.850849121 [ INFO] [16] has timed out. starting new election...
53:09.853378023 [ INFO] [16] becomes leader with 25 votes
53:10.091601419 [ INFO] [12] has timed out. starting new election...
53:10.093960221 [ INFO] [12] becomes leader with 25 votes
53:10.335844895 [ INFO] [46] has timed out. starting new election...
53:10.338053507 [ INFO] [46] becomes leader with 25 votes
53:10.537784002 [ INFO] [17] has timed out. starting new election...
53:10.543890289 [ INFO] [17] becomes leader with 43 votes
53:11.013799662 [ INFO] [16] has timed out. starting new election...
53:11.047877811 [ INFO] [16] becomes leader with 45 votes
53:11.257406171 [ INFO] [12] has timed out. starting new election...
53:11.259834890 [ INFO] [12] becomes leader with 25 votes
53:11.492994687 [ INFO] [46] has timed out. starting new election...
53:11.495363059 [ INFO] [46] becomes leader with 25 votes
53:11.700074711 [ INFO] [17] has timed out. starting new election...
53:11.702680143 [ INFO] [17] becomes leader with 25 votes
53:11.874462760 [ INFO] [20] has timed out. starting new election...
53:11.891885205 [ INFO] [20] becomes leader with 43 votes
53:12.066942562 [ INFO] [25] has timed out. starting new election...
53:12.095877781 [ INFO] [25] becomes leader with 44 votes
53:12.418989192 [ INFO] [12] has timed out. starting new election...
53:12.436628779 [ INFO] [12] becomes leader with 25 votes
53:12.650253605 [ INFO] [46] has timed out. starting new election...
53:12.652548154 [ INFO] [46] becomes leader with 25 votes
53:12.858953329 [ INFO] [17] has timed out. starting new election...
53:12.861233216 [ INFO] [17] becomes leader with 25 votes
53:13.056350968 [ INFO] [16] has timed out. starting new election...
53:13.062207041 [ INFO] [16] becomes leader with 25 votes
53:13.282571917 [ INFO] [20] has timed out. starting new election...
53:13.288813538 [ INFO] [25] has timed out. starting new election...
53:13.289728832 [ INFO] [47] has timed out. starting new election...
53:13.292126061 [ INFO] [47] becomes leader with 25 votes
53:13.612121390 [ INFO] [25] candidate has timed out. starting new election...
53:13.614723351 [ INFO] [12] has timed out. starting new election...
53:13.616909139 [ INFO] [20] candidate has timed out. starting new election...
53:13.618405809 [ INFO] [12] becomes leader with 25 votes
53:13.807513073 [ INFO] [46] has timed out. starting new election...
53:13.809679796 [ INFO] [46] becomes leader with 25 votes
53:14.017335085 [ INFO] [17] has timed out. starting new election...
53:14.019989651 [ INFO] [17] becomes leader with 25 votes
53:14.221318819 [ INFO] [16] has timed out. starting new election...
53:14.238302400 [ INFO] [18] has timed out. starting new election...
53:14.267873966 [ INFO] [18] becomes leader with 42 votes
53:14.470250741 [ INFO] [47] has timed out. starting new election...
53:14.472372213 [ INFO] [47] becomes leader with 25 votes
53:14.778610874 [ INFO] [16] has timed out. starting new election...
53:14.780988539 [ INFO] [16] becomes leader with 25 votes
53:14.964611165 [ INFO] [46] has timed out. starting new election...
53:14.966858890 [ INFO] [46] becomes leader with 25 votes
53:15.176580332 [ INFO] [17] has timed out. starting new election...
53:15.183890474 [ INFO] [17] becomes leader with 42 votes
53:15.427461146 [ INFO] [12] has timed out. starting new election...
53:15.444899357 [ INFO] [12] becomes leader with 25 votes
53:15.650357640 [ INFO] [47] has timed out. starting new election...
53:15.652791232 [ INFO] [47] becomes leader with 25 votes
53:15.940048185 [ INFO] [16] has timed out. starting new election...
53:15.942429466 [ INFO] [16] becomes leader with 25 votes
53:16.121759545 [ INFO] [46] has timed out. starting new election...
53:16.124276498 [ INFO] [46] becomes leader with 25 votes
53:16.340026713 [ INFO] [17] has timed out. starting new election...
53:16.343944478 [ INFO] [17] becomes leader with 25 votes
53:16.604075072 [ INFO] [12] has timed out. starting new election...
53:16.607255368 [ INFO] [12] becomes leader with 25 votes
53:16.830752190 [ INFO] [47] has timed out. starting new election...
53:16.832983775 [ INFO] [47] becomes leader with 25 votes
53:17.103415064 [ INFO] [16] has timed out. starting new election...
53:17.105604739 [ INFO] [16] becomes leader with 25 votes
53:17.279204804 [ INFO] [46] has timed out. starting new election...
53:17.281396460 [ INFO] [46] becomes leader with 25 votes
53:17.500182147 [ INFO] [17] has timed out. starting new election...
53:17.507890153 [ INFO] [17] becomes leader with 42 votes
53:17.766303507 [ INFO] [12] has timed out. starting new election...
53:17.785438998 [ INFO] [18] has timed out. starting new election...
53:17.798134838 [ INFO] [18] becomes leader with 25 votes
53:18.010904494 [ INFO] [47] has timed out. starting new election...
53:18.013035930 [ INFO] [47] becomes leader with 25 votes
53:18.264480692 [ INFO] [12] has timed out. starting new election...
53:18.264644183 [ INFO] [16] has timed out. starting new election...
53:18.270606985 [ INFO] [12] becomes leader with 25 votes
53:18.436308239 [ INFO] [46] has timed out. starting new election...
53:18.438755494 [ INFO] [46] becomes leader with 25 votes
53:18.664087014 [ INFO] [17] has timed out. starting new election...
53:18.666369307 [ INFO] [17] becomes leader with 25 votes
53:18.958347945 [ INFO] [16] has timed out. starting new election...
53:18.960801053 [ INFO] [16] becomes leader with 25 votes
53:19.190974344 [ INFO] [47] has timed out. starting new election...
53:19.193371384 [ INFO] [47] becomes leader with 25 votes
53:19.429765318 [ INFO] [12] has timed out. starting new election...
53:19.441598992 [ INFO] [12] becomes leader with 25 votes
53:19.596348384 [ INFO] [46] has timed out. starting new election...
53:19.598692161 [ INFO] [46] becomes leader with 25 votes
53:19.822623955 [ INFO] [17] has timed out. starting new election...
53:19.825283904 [ INFO] [17] becomes leader with 25 votes
53:20.119887192 [ INFO] [16] has timed out. starting new election...
53:20.122430859 [ INFO] [16] becomes leader with 25 votes
53:20.371294550 [ INFO] [47] has timed out. starting new election...
53:20.373632159 [ INFO] [47] becomes leader with 25 votes
53:20.753633047 [ INFO] [46] has timed out. starting new election...
53:20.756029090 [ INFO] [46] becomes leader with 25 votes
53:20.981712765 [ INFO] [17] has timed out. starting new election...
53:20.984960324 [ INFO] [17] becomes leader with 32 votes
53:21.281811360 [ INFO] [12] has timed out. starting new election...
53:21.282836943 [ INFO] [16] has timed out. starting new election...
53:21.285210156 [ INFO] [16] becomes leader with 25 votes
53:21.551625100 [ INFO] [47] has timed out. starting new election...
53:21.554087516 [ INFO] [47] becomes leader with 25 votes
53:21.712857624 [ INFO] [12] has timed out. starting new election...
53:21.716120859 [ INFO] [12] becomes leader with 25 votes
53:21.910952757 [ INFO] [46] has timed out. starting new election...
53:21.913284053 [ INFO] [46] becomes leader with 25 votes
53:22.140921685 [ INFO] [17] has timed out. starting new election...
53:22.148426424 [ INFO] [17] becomes leader with 25 votes
53:22.444247381 [ INFO] [16] has timed out. starting new election...
53:22.463485879 [ INFO] [18] has timed out. starting new election...
53:22.469983452 [ INFO] [18] becomes leader with 25 votes
53:22.763847693 [ INFO] [16] candidate has timed out. starting new election...
53:22.881627716 [ INFO] [12] has timed out. starting new election...
53:22.884013433 [ INFO] [12] becomes leader with 25 votes
53:23.068203526 [ INFO] [46] has timed out. starting new election...
53:23.070617734 [ INFO] [46] becomes leader with 25 votes
53:23.304719281 [ INFO] [17] has timed out. starting new election...
53:23.307021760 [ INFO] [17] becomes leader with 25 votes
53:23.647084109 [ INFO] [18] has timed out. starting new election...
53:23.687875538 [ INFO] [18] becomes leader with 42 votes
53:24.043210516 [ INFO] [12] has timed out. starting new election...
53:24.045558709 [ INFO] [12] becomes leader with 25 votes
53:24.225520726 [ INFO] [46] has timed out. starting new election...
53:24.227768842 [ INFO] [46] becomes leader with 25 votes
53:24.463091559 [ INFO] [17] has timed out. starting new election...
53:24.468263487 [ INFO] [17] becomes leader with 25 votes
53:24.645303827 [ INFO] [11] has timed out. starting new election...
53:24.645128114 [ INFO] [47] has timed out. starting new election...
53:24.647513541 [ INFO] [47] becomes leader with 25 votes
53:24.671880981 [ INFO] [11] becomes leader with 42 votes
53:24.896790774 [ INFO] [18] has timed out. starting new election...
53:24.899207900 [ INFO] [18] becomes leader with 25 votes
53:25.204585689 [ INFO] [12] has timed out. starting new election...
53:25.209499798 [ INFO] [12] becomes leader with 25 votes
53:25.382679506 [ INFO] [46] has timed out. starting new election...
53:25.385075661 [ INFO] [46] becomes leader with 25 votes
53:25.624799205 [ INFO] [17] has timed out. starting new election...
53:25.659874504 [ INFO] [17] becomes leader with 42 votes
53:25.674960044 [ WARN] [47] panicked because it's election signal channel has failed (on send)
53:25.679896895 [ WARN] [47] panicked because it's election signal channel has failed (on send)
53:25.857915197 [ INFO] [11] has timed out. starting new election...
53:25.858037402 [ WARN] [47] panicked because it's election signal channel has failed (on send)
53:25.860515249 [ INFO] [11] becomes leader with 25 votes
53:25.860698009 [ WARN] [47] panicked because it's election signal channel has failed (on send)
53:25.902164523 [ WARN] [47] panicked because it's election signal channel has failed (on send)
53:26.076308833 [ INFO] [18] has timed out. starting new election...
53:26.076457780 [ WARN] [47] panicked because it's election signal channel has failed (on send)
53:26.092759961 [ INFO] [18] becomes leader with 25 votes
53:26.093050893 [ WARN] [47] panicked because it's election signal channel has failed (on send)
53:26.212469736 [ WARN] [47] panicked because it's election signal channel has failed (on send)
53:26.368614136 [ INFO] [12] has timed out. starting new election...
53:26.383980353 [ WARN] [47] panicked because it's election signal channel has failed (on send)
53:26.387901994 [ WARN] [47] panicked because it's election signal channel has failed (on send)
53:26.399877002 [ INFO] [12] becomes leader with 41 votes
53:26.400066217 [ WARN] [47] panicked because it's election signal channel has failed (on send)
53:26.552124126 [ INFO] [46] has timed out. starting new election...
53:26.552292426 [ WARN] [47] panicked because it's election signal channel has failed (on send)
53:26.554283770 [ INFO] [46] becomes leader with 25 votes
53:26.554516960 [ WARN] [47] panicked because it's election signal channel has failed (on send)
53:26.689724274 [ WARN] [47] panicked because it's election signal channel has failed (on send)
53:26.842897327 [ INFO] [17] has timed out. starting new election...
53:26.843064907 [ WARN] [47] panicked because it's election signal channel has failed (on send)
53:26.860928887 [ INFO] [17] becomes leader with 25 votes
53:26.861285659 [ WARN] [47] panicked because it's election signal channel has failed (on send)
53:26.865168034 [ WARN] [47] panicked because it's election signal channel has failed (on send)
53:27.043768967 [ INFO] [9] has timed out. starting new election...
53:27.049502669 [ INFO] [43] has timed out. starting new election...
53:27.049815438 [ WARN] [47] panicked because it's election signal channel has failed (on send)
53:27.051881835 [ INFO] [43] becomes leader with 25 votes
53:27.052284374 [ WARN] [47] panicked because it's election signal channel has failed (on send)
53:27.052483922 [ WARN] [47] panicked because it's election signal channel has failed (on send)
53:27.095882605 [ WARN] [47] panicked because it's election signal channel has failed (on send)
53:27.270021781 [ INFO] [18] has timed out. starting new election...
53:27.271283234 [ INFO] [11] has timed out. starting new election...
53:27.271578018 [ WARN] [47] panicked because it's election signal channel has failed (on send)
53:27.287946446 [ WARN] [47] panicked because it's election signal channel has failed (on send)
53:27.290996303 [ INFO] [11] becomes leader with 25 votes
53:27.291379038 [ WARN] [47] panicked because it's election signal channel has failed (on send)
53:27.402846487 [ WARN] [47] panicked because it's election signal channel has failed (on send)
53:27.557181383 [ WARN] [47] panicked because it's election signal channel has failed (on send)
53:27.588007945 [ INFO] [18] candidate has timed out. starting new election...
53:27.709249375 [ INFO] [46] has timed out. starting new election...
53:27.709428110 [ WARN] [47] panicked because it's election signal channel has failed (on send)
53:27.711476668 [ INFO] [46] becomes leader with 25 votes
53:27.711732005 [ WARN] [47] panicked because it's election signal channel has failed (on send)
53:27.863956089 [ WARN] [47] panicked because it's election signal channel has failed (on send)
53:28.017097299 [ INFO] [17] has timed out. starting new election...
53:28.017234107 [ WARN] [47] panicked because it's election signal channel has failed (on send)
53:28.032653966 [ INFO] [17] becomes leader with 25 votes
53:28.032985415 [ WARN] [47] panicked because it's election signal channel has failed (on send)
53:28.054917611 [ WARN] [47] panicked because it's election signal channel has failed (on send)
53:28.211562290 [ INFO] [12] has timed out. starting new election...
53:28.235407608 [ INFO] [9] has timed out. starting new election...
53:28.235627956 [ WARN] [47] panicked because it's election signal channel has failed (on send)
53:28.251935411 [ WARN] [47] panicked because it's election signal channel has failed (on send)
53:28.252248366 [ INFO] [9] becomes leader with 31 votes
53:28.252987305 [ WARN] [47] panicked because it's election signal channel has failed (on send)
53:28.294127184 [ WARN] [47] panicked because it's election signal channel has failed (on send)
53:28.470268694 [ INFO] [11] has timed out. starting new election...
53:28.477067260 [ INFO] [43] has timed out. starting new election...
53:28.477255877 [ WARN] [47] panicked because it's election signal channel has failed (on send)
53:28.479504030 [ INFO] [43] becomes leader with 25 votes
53:28.479739506 [ WARN] [47] panicked because it's election signal channel has failed (on send)
53:28.503890819 [ WARN] [47] panicked because it's election signal channel has failed (on send)
53:28.660012670 [ INFO] [12] has timed out. starting new election...
53:28.660199666 [ WARN] [47] panicked because it's election signal channel has failed (on send)
53:28.691875584 [ INFO] [12] becomes leader with 40 votes
53:28.714373253 [ WARN] [47] panicked because it's election signal channel has failed (on send)
53:28.714651348 [ WARN] [47] panicked because it's election signal channel has failed (on send)
53:28.868987854 [ INFO] [46] has timed out. starting new election...
53:28.869177138 [ WARN] [47] panicked because it's election signal channel has failed (on send)
53:28.871414350 [ INFO] [46] becomes leader with 25 votes
53:28.871665390 [ WARN] [47] panicked because it's election signal channel has failed (on send)
53:29.037847303 [ WARN] [47] panicked because it's election signal channel has failed (on send)
53:29.191043465 [ INFO] [17] has timed out. starting new election...
53:29.191211826 [ WARN] [47] panicked because it's election signal channel has failed (on send)
53:29.223877242 [ INFO] [17] becomes leader with 40 votes
53:29.254770493 [ WARN] [47] panicked because it's election signal channel has failed (on send)
53:29.255683266 [ WARN] [47] panicked because it's election signal channel has failed (on send)
53:29.432592131 [ INFO] [11] has timed out. starting new election...
53:29.432795852 [ WARN] [47] panicked because it's election signal channel has failed (on send)
53:29.434965583 [ INFO] [11] becomes leader with 25 votes
53:29.435155664 [ WARN] [47] panicked because it's election signal channel has failed (on send)
53:29.482407753 [ WARN] [47] panicked because it's election signal channel has failed (on send)
53:29.662722809 [ INFO] [9] has timed out. starting new election...
53:29.665475669 [ INFO] [43] has timed out. starting new election...
53:29.665649294 [ WARN] [47] panicked because it's election signal channel has failed (on send)
53:29.667725449 [ INFO] [43] becomes leader with 25 votes
53:29.667964813 [ WARN] [47] panicked because it's election signal channel has failed (on send)
53:29.691907914 [ WARN] [47] panicked because it's election signal channel has failed (on send)
53:29.721513232 [ WARN] [47] panicked because it's election signal channel has failed (on send)
53:29.874280558 [ WARN] [47] panicked because it's election signal channel has failed (on send)
53:30.003873867 [ INFO] [9] candidate has timed out. starting new election...
53:30.026346384 [ INFO] [46] has timed out. starting new election...
53:30.026507707 [ WARN] [47] panicked because it's election signal channel has failed (on send)
53:30.028699164 [ INFO] [46] becomes leader with 25 votes
53:30.028948173 [ WARN] [47] panicked because it's election signal channel has failed (on send)
53:30.187832803 [ INFO] [12] has timed out. starting new election...
53:30.215900176 [ WARN] [47] panicked because it's election signal channel has failed (on send)
53:30.233147906 [ INFO] [12] becomes leader with 25 votes
53:30.233422837 [ WARN] [47] panicked because it's election signal channel has failed (on send)
53:30.259968699 [ WARN] [47] panicked because it's election signal channel has failed (on send)
53:30.413105502 [ INFO] [17] has timed out. starting new election...
53:30.413198191 [ WARN] [47] panicked because it's election signal channel has failed (on send)
53:30.437929548 [ WARN] [47] panicked because it's election signal channel has failed (on send)
53:30.438830784 [ INFO] [17] becomes leader with 39 votes
53:30.439294094 [ WARN] [47] panicked because it's election signal channel has failed (on send)
53:30.618776725 [ INFO] [11] has timed out. starting new election...
53:30.618919669 [ WARN] [47] panicked because it's election signal channel has failed (on send)
53:30.632222362 [ INFO] [11] becomes leader with 25 votes
53:30.632746469 [ WARN] [47] panicked because it's election signal channel has failed (on send)
53:30.670571547 [ WARN] [47] panicked because it's election signal channel has failed (on send)
53:30.853638805 [ INFO] [43] has timed out. starting new election...
53:30.853816334 [ WARN] [47] panicked because it's election signal channel has failed (on send)
53:30.855910534 [ INFO] [43] becomes leader with 25 votes
53:30.856157588 [ WARN] [47] panicked because it's election signal channel has failed (on send)
53:31.031554772 [ WARN] [47] panicked because it's election signal channel has failed (on send)
53:31.183619050 [ INFO] [46] has timed out. starting new election...
53:31.183794615 [ WARN] [47] panicked because it's election signal channel has failed (on send)
53:31.186024195 [ INFO] [46] becomes leader with 25 votes
53:31.186271519 [ WARN] [47] panicked because it's election signal channel has failed (on send)
53:31.241498494 [ WARN] [47] panicked because it's election signal channel has failed (on send)
53:31.397665791 [ INFO] [12] has timed out. starting new election...
53:31.397782232 [ WARN] [47] panicked because it's election signal channel has failed (on send)
53:31.400267537 [ INFO] [12] becomes leader with 25 votes
53:31.400448866 [ WARN] [47] panicked because it's election signal channel has failed (on send)
53:31.442051789 [ WARN] [47] panicked because it's election signal channel has failed (on send)
53:31.595194335 [ INFO] [17] has timed out. starting new election...
53:31.595339880 [ WARN] [47] panicked because it's election signal channel has failed (on send)
53:31.635437336 [ WARN] [47] panicked because it's election signal channel has failed (on send)
53:31.636609009 [ INFO] [17] becomes leader with 39 votes
53:31.636830067 [ WARN] [47] panicked because it's election signal channel has failed (on send)
53:31.816728192 [ INFO] [11] has timed out. starting new election...
53:31.816860920 [ WARN] [47] panicked because it's election signal channel has failed (on send)
53:31.820070744 [ INFO] [11] becomes leader with 25 votes
53:31.820401648 [ WARN] [47] panicked because it's election signal channel has failed (on send)
53:31.858759275 [ WARN] [47] panicked because it's election signal channel has failed (on send)
53:32.041831160 [ INFO] [43] has timed out. starting new election...
53:32.042011525 [ WARN] [47] panicked because it's election signal channel has failed (on send)
53:32.044186034 [ INFO] [43] becomes leader with 25 votes
53:32.044423177 [ WARN] [47] panicked because it's election signal channel has failed (on send)
53:32.188883936 [ WARN] [47] panicked because it's election signal channel has failed (on send)
53:32.340947948 [ INFO] [46] has timed out. starting new election...
53:32.341123690 [ WARN] [47] panicked because it's election signal channel has failed (on send)
53:32.343254100 [ INFO] [46] becomes leader with 25 votes
53:32.343485492 [ WARN] [47] panicked because it's election signal channel has failed (on send)
53:32.403208979 [ WARN] [47] panicked because it's election signal channel has failed (on send)
53:32.559336577 [ INFO] [12] has timed out. starting new election...
53:32.559471237 [ WARN] [47] panicked because it's election signal channel has failed (on send)
53:32.561745721 [ INFO] [12] becomes leader with 25 votes
53:32.561918056 [ WARN] [47] panicked because it's election signal channel has failed (on send)
53:32.639465643 [ WARN] [47] panicked because it's election signal channel has failed (on send)
53:32.792597659 [ INFO] [17] has timed out. starting new election...
53:32.792703382 [ WARN] [47] panicked because it's election signal channel has failed (on send)
53:32.822728740 [ INFO] [17] becomes leader with 39 votes
53:32.822970054 [ WARN] [47] panicked because it's election signal channel has failed (on send)
53:32.823395763 [ WARN] [47] panicked because it's election signal channel has failed (on send)
53:33.000395039 [ INFO] [11] has timed out. starting new election...
53:33.000626449 [ WARN] [47] panicked because it's election signal channel has failed (on send)
53:33.016709444 [ INFO] [11] becomes leader with 25 votes
53:33.017053709 [ WARN] [47] panicked because it's election signal channel has failed (on send)
53:33.047038279 [ WARN] [47] panicked because it's election signal channel has failed (on send)
53:33.230105703 [ INFO] [43] has timed out. starting new election...
53:33.230276925 [ WARN] [47] panicked because it's election signal channel has failed (on send)
53:33.232635148 [ INFO] [43] becomes leader with 25 votes
53:33.232866702 [ WARN] [47] panicked because it's election signal channel has failed (on send)
53:33.346125420 [ WARN] [47] panicked because it's election signal channel has failed (on send)
53:33.498196689 [ INFO] [46] has timed out. starting new election...
53:33.498363522 [ WARN] [47] panicked because it's election signal channel has failed (on send)
53:33.500309050 [ INFO] [46] becomes leader with 25 votes
53:33.500556585 [ WARN] [47] panicked because it's election signal channel has failed (on send)
53:33.573480940 [ WARN] [47] panicked because it's election signal channel has failed (on send)
53:33.729634475 [ INFO] [12] has timed out. starting new election...
53:33.729762315 [ WARN] [47] panicked because it's election signal channel has failed (on send)
53:33.748678781 [ INFO] [12] becomes leader with 25 votes
53:33.748996259 [ WARN] [47] panicked because it's election signal channel has failed (on send)
53:33.825641318 [ WARN] [47] panicked because it's election signal channel has failed (on send)
53:33.978773942 [ INFO] [17] has timed out. starting new election...
53:33.978898210 [ WARN] [47] panicked because it's election signal channel has failed (on send)
53:33.981064006 [ INFO] [17] becomes leader with 25 votes
53:33.981243053 [ WARN] [47] panicked because it's election signal channel has failed (on send)
53:34.019812823 [ WARN] [47] panicked because it's election signal channel has failed (on send)
53:34.195954995 [ INFO] [11] has timed out. starting new election...
53:34.207691885 [ INFO] [41] has timed out. starting new election...
53:34.208671408 [ WARN] [47] panicked because it's election signal channel has failed (on send)
53:34.210606384 [ INFO] [41] becomes leader with 25 votes
53:34.211053936 [ WARN] [47] panicked because it's election signal channel has failed (on send)
53:34.211765828 [ WARN] [47] panicked because it's election signal channel has failed (on send)
53:34.235499156 [ WARN] [47] panicked because it's election signal channel has failed (on send)
53:34.418558278 [ INFO] [43] has timed out. starting new election...
53:34.418739159 [ WARN] [47] panicked because it's election signal channel has failed (on send)
53:34.420876572 [ INFO] [43] becomes leader with 25 votes
53:34.421111254 [ WARN] [47] panicked because it's election signal channel has failed (on send)
53:34.503188512 [ WARN] [47] panicked because it's election signal channel has failed (on send)
53:34.655247901 [ INFO] [46] has timed out. starting new election...
53:34.655420775 [ WARN] [47] panicked because it's election signal channel has failed (on send)
53:34.657401360 [ INFO] [46] becomes leader with 25 votes
53:34.657644089 [ WARN] [47] panicked because it's election signal channel has failed (on send)
53:34.751724653 [ WARN] [47] panicked because it's election signal channel has failed (on send)
53:34.907878682 [ INFO] [12] has timed out. starting new election...
53:34.908064615 [ WARN] [47] panicked because it's election signal channel has failed (on send)
53:34.916660417 [ INFO] [12] becomes leader with 25 votes
53:34.916989157 [ WARN] [47] panicked because it's election signal channel has failed (on send)
53:34.983948242 [ WARN] [47] panicked because it's election signal channel has failed (on send)
53:35.137107453 [ INFO] [17] has timed out. starting new election...
53:35.137355496 [ WARN] [47] panicked because it's election signal channel has failed (on send)
53:35.139600366 [ INFO] [17] becomes leader with 25 votes
53:35.139851920 [ WARN] [47] panicked because it's election signal channel has failed (on send)
53:35.213681017 [ WARN] [47] panicked because it's election signal channel has failed (on send)
53:35.390858353 [ INFO] [11] has timed out. starting new election...
53:35.391237597 [ WARN] [47] panicked because it's election signal channel has failed (on send)
53:35.423716060 [ WARN] [47] panicked because it's election signal channel has failed (on send)
53:35.439879863 [ INFO] [11] becomes leader with 39 votes
53:35.451897351 [ WARN] [47] panicked because it's election signal channel has failed (on send)
53:35.636987120 [ INFO] [43] has timed out. starting new election...
53:35.637153148 [ WARN] [47] panicked because it's election signal channel has failed (on send)
53:35.639309592 [ INFO] [43] becomes leader with 25 votes
53:35.639547970 [ WARN] [47] panicked because it's election signal channel has failed (on send)
53:35.660320758 [ WARN] [47] panicked because it's election signal channel has failed (on send)
53:35.812391191 [ INFO] [46] has timed out. starting new election...
53:35.812563682 [ WARN] [47] panicked because it's election signal channel has failed (on send)
53:35.814811977 [ INFO] [46] becomes leader with 25 votes
53:35.815070621 [ WARN] [47] panicked because it's election signal channel has failed (on send)
53:35.919638099 [ WARN] [47] panicked because it's election signal channel has failed (on send)
53:36.087947875 [ INFO] [12] has timed out. starting new election...
53:36.088064235 [ WARN] [47] panicked because it's election signal channel has failed (on send)
53:36.090584082 [ INFO] [12] becomes leader with 25 votes
53:36.090779001 [ WARN] [47] panicked because it's election signal channel has failed (on send)
53:36.142525272 [ WARN] [47] panicked because it's election signal channel has failed (on send)
53:36.295654585 [ INFO] [17] has timed out. starting new election...
53:36.331935119 [ INFO] [41] has timed out. starting new election...
53:36.332205867 [ WARN] [47] panicked because it's election signal channel has failed (on send)
53:36.334150290 [ INFO] [41] becomes leader with 25 votes
53:36.334446305 [ WARN] [47] panicked because it's election signal channel has failed (on send)
53:36.387891681 [ WARN] [47] panicked because it's election signal channel has failed (on send)
53:36.454717604 [ WARN] [47] panicked because it's election signal channel has failed (on send)
53:36.630858254 [ INFO] [11] has timed out. starting new election...
53:36.631026546 [ WARN] [47] panicked because it's election signal channel has failed (on send)
53:36.640114284 [ INFO] [11] becomes leader with 25 votes
53:36.640338132 [ WARN] [47] panicked because it's election signal channel has failed (on send)
53:36.643319258 [ WARN] [47] panicked because it's election signal channel has failed (on send)
53:36.799780790 [ INFO] [17] has timed out. starting new election...
53:36.799920005 [ WARN] [47] panicked because it's election signal channel has failed (on send)
53:36.802064412 [ INFO] [17] becomes leader with 25 votes
53:36.802235037 [ WARN] [47] panicked because it's election signal channel has failed (on send)
53:36.817704429 [ WARN] [47] panicked because it's election signal channel has failed (on send)
53:36.969763626 [ INFO] [46] has timed out. starting new election...
53:36.969936012 [ WARN] [47] panicked because it's election signal channel has failed (on send)
53:36.972040457 [ INFO] [46] becomes leader with 25 votes
53:36.972284821 [ WARN] [47] panicked because it's election signal channel has failed (on send)
53:37.093479209 [ WARN] [47] panicked because it's election signal channel has failed (on send)
53:37.263949959 [ INFO] [12] has timed out. starting new election...
53:37.264078923 [ WARN] [47] panicked because it's election signal channel has failed (on send)
53:37.266229842 [ INFO] [12] becomes leader with 25 votes
53:37.266436345 [ WARN] [47] panicked because it's election signal channel has failed (on send)
53:37.337057902 [ WARN] [47] panicked because it's election signal channel has failed (on send)
53:37.519988444 [ INFO] [43] has timed out. starting new election...
53:37.520188342 [ WARN] [47] panicked because it's election signal channel has failed (on send)
53:37.522291446 [ INFO] [43] becomes leader with 25 votes
53:37.522524274 [ WARN] [47] panicked because it's election signal channel has failed (on send)
53:37.643066240 [ WARN] [47] panicked because it's election signal channel has failed (on send)
53:37.805096205 [ WARN] [47] panicked because it's election signal channel has failed (on send)
53:37.958245430 [ INFO] [17] has timed out. starting new election...
53:37.958507756 [ WARN] [47] panicked because it's election signal channel has failed (on send)
53:37.960720829 [ INFO] [17] becomes leader with 25 votes
53:37.961085381 [ WARN] [47] panicked because it's election signal channel has failed (on send)
53:37.974907211 [ WARN] [47] panicked because it's election signal channel has failed (on send)
53:38.126965933 [ INFO] [46] has timed out. starting new election...
53:38.127127010 [ WARN] [47] panicked because it's election signal channel has failed (on send)
53:38.129263668 [ INFO] [46] becomes leader with 25 votes
53:38.129493545 [ WARN] [47] panicked because it's election signal channel has failed (on send)
53:38.269139858 [ WARN] [47] panicked because it's election signal channel has failed (on send)
53:38.425269093 [ INFO] [12] has timed out. starting new election...
53:38.425431079 [ WARN] [47] panicked because it's election signal channel has failed (on send)
53:38.427671992 [ INFO] [12] becomes leader with 25 votes
53:38.427887937 [ WARN] [47] panicked because it's election signal channel has failed (on send)
53:38.525131318 [ WARN] [47] panicked because it's election signal channel has failed (on send)
53:38.701505132 [ INFO] [11] has timed out. starting new election...
53:38.708203099 [ INFO] [43] has timed out. starting new election...
53:38.708377612 [ WARN] [47] panicked because it's election signal channel has failed (on send)
53:38.710434916 [ INFO] [43] becomes leader with 25 votes
53:38.710684375 [ WARN] [47] panicked because it's election signal channel has failed (on send)
53:38.720020022 [ WARN] [47] panicked because it's election signal channel has failed (on send)
53:38.909308240 [ INFO] [41] has timed out. starting new election...
53:38.909526897 [ WARN] [47] panicked because it's election signal channel has failed (on send)
53:38.911627339 [ INFO] [41] becomes leader with 25 votes
53:38.911855233 [ WARN] [47] panicked because it's election signal channel has failed (on send)
53:38.963778598 [ WARN] [47] panicked because it's election signal channel has failed (on send)
53:39.116905171 [ INFO] [17] has timed out. starting new election...
53:39.117012123 [ WARN] [47] panicked because it's election signal channel has failed (on send)
53:39.119417286 [ INFO] [17] becomes leader with 25 votes
53:39.119606302 [ WARN] [47] panicked because it's election signal channel has failed (on send)
53:39.132141687 [ WARN] [47] panicked because it's election signal channel has failed (on send)
53:39.284205582 [ INFO] [46] has timed out. starting new election...
53:39.284366403 [ WARN] [47] panicked because it's election signal channel has failed (on send)
53:39.289679916 [ INFO] [46] becomes leader with 25 votes
53:39.289910736 [ WARN] [47] panicked because it's election signal channel has failed (on send)
53:39.430585528 [ WARN] [47] panicked because it's election signal channel has failed (on send)
53:39.586709312 [ INFO] [12] has timed out. starting new election...
53:39.586894784 [ WARN] [47] panicked because it's election signal channel has failed (on send)
53:39.619878401 [ INFO] [12] becomes leader with 39 votes
53:39.620090023 [ WARN] [47] panicked because it's election signal channel has failed (on send)
53:39.713281323 [ WARN] [47] panicked because it's election signal channel has failed (on send)
53:39.890501567 [ INFO] [11] has timed out. starting new election...
53:39.896352432 [ INFO] [43] has timed out. starting new election...
53:39.896514336 [ WARN] [47] panicked because it's election signal channel has failed (on send)
53:39.898575096 [ INFO] [43] becomes leader with 25 votes
53:39.898814446 [ WARN] [47] panicked because it's election signal channel has failed (on send)
53:39.912023607 [ WARN] [47] panicked because it's election signal channel has failed (on send)
53:39.916053538 [ WARN] [47] panicked because it's election signal channel has failed (on send)
53:40.104128698 [ INFO] [41] has timed out. starting new election...
53:40.104301255 [ WARN] [47] panicked because it's election signal channel has failed (on send)
53:40.106422924 [ INFO] [41] becomes leader with 25 votes
53:40.106656948 [ WARN] [47] panicked because it's election signal channel has failed (on send)
53:40.122320209 [ WARN] [47] panicked because it's election signal channel has failed (on send)
53:40.275468235 [ INFO] [17] has timed out. starting new election...
53:40.275733004 [ WARN] [47] panicked because it's election signal channel has failed (on send)
53:40.278033818 [ INFO] [17] becomes leader with 25 votes
53:40.278235255 [ WARN] [47] panicked because it's election signal channel has failed (on send)
53:40.292543903 [ WARN] [47] panicked because it's election signal channel has failed (on send)
53:40.444612589 [ INFO] [46] has timed out. starting new election...
53:40.444796430 [ WARN] [47] panicked because it's election signal channel has failed (on send)
53:40.446935362 [ INFO] [46] becomes leader with 25 votes
53:40.447165752 [ WARN] [47] panicked because it's election signal channel has failed (on send)
53:40.622762777 [ WARN] [47] panicked because it's election signal channel has failed (on send)
53:40.778889115 [ INFO] [12] has timed out. starting new election...
53:40.778994583 [ WARN] [47] panicked because it's election signal channel has failed (on send)
53:40.805054837 [ INFO] [12] becomes leader with 25 votes
53:40.805358957 [ WARN] [47] panicked because it's election signal channel has failed (on send)
53:40.901474621 [ WARN] [47] panicked because it's election signal channel has failed (on send)
53:41.078015977 [ INFO] [11] has timed out. starting new election...
53:41.078220211 [ WARN] [47] panicked because it's election signal channel has failed (on send)
53:41.109265383 [ WARN] [47] panicked because it's election signal channel has failed (on send)
53:41.111164088 [ INFO] [11] becomes leader with 39 votes
53:41.111406302 [ WARN] [47] panicked because it's election signal channel has failed (on send)
53:41.280913860 [ WARN] [47] panicked because it's election signal channel has failed (on send)
53:41.434051898 [ INFO] [17] has timed out. starting new election...
53:41.434167724 [ WARN] [47] panicked because it's election signal channel has failed (on send)
53:41.436446523 [ INFO] [17] becomes leader with 25 votes
53:41.436655421 [ WARN] [47] panicked because it's election signal channel has failed (on send)
53:41.449782696 [ WARN] [47] panicked because it's election signal channel has failed (on send)
53:41.601848937 [ INFO] [46] has timed out. starting new election...
53:41.602015054 [ WARN] [47] panicked because it's election signal channel has failed (on send)
53:41.604021238 [ INFO] [46] becomes leader with 25 votes
53:41.604255254 [ WARN] [47] panicked because it's election signal channel has failed (on send)
53:41.789237683 [ INFO] [43] has timed out. starting new election...
53:41.789461943 [ WARN] [47] panicked because it's election signal channel has failed (on send)
53:41.791454365 [ INFO] [43] becomes leader with 25 votes
53:41.791702377 [ WARN] [47] panicked because it's election signal channel has failed (on send)
53:41.808464457 [ WARN] [47] panicked because it's election signal channel has failed (on send)
53:41.964584337 [ INFO] [12] has timed out. starting new election...
53:41.995891319 [ WARN] [47] panicked because it's election signal channel has failed (on send)
53:42.023898065 [ INFO] [12] becomes leader with 39 votes
53:42.024161666 [ WARN] [47] panicked because it's election signal channel has failed (on send)
53:42.114087110 [ WARN] [47] panicked because it's election signal channel has failed (on send)
53:42.290210785 [ INFO] [11] has timed out. starting new election...
53:42.290329452 [ WARN] [47] panicked because it's election signal channel has failed (on send)
53:42.305074384 [ INFO] [11] becomes leader with 25 votes
53:42.305367234 [ WARN] [47] panicked because it's election signal channel has failed (on send)
53:42.439311920 [ WARN] [47] panicked because it's election signal channel has failed (on send)
53:42.592463565 [ INFO] [17] has timed out. starting new election...
53:42.592592934 [ WARN] [47] panicked because it's election signal channel has failed (on send)
53:42.606902744 [ WARN] [47] panicked because it's election signal channel has failed (on send)
53:42.636060755 [ INFO] [17] becomes leader with 39 votes
53:42.735885058 [ WARN] [47] panicked because it's election signal channel has failed (on send)
53:42.794285159 [ WARN] [47] panicked because it's election signal channel has failed (on send)
53:42.948165463 [ INFO] [46] has timed out. starting new election...
53:42.948361968 [ WARN] [47] panicked because it's election signal channel has failed (on send)
53:42.950489019 [ INFO] [46] becomes leader with 25 votes
53:42.950735679 [ WARN] [47] panicked because it's election signal channel has failed (on send)
53:43.026840245 [ WARN] [47] panicked because it's election signal channel has failed (on send)
53:43.182956694 [ INFO] [12] has timed out. starting new election...
53:43.191889459 [ WARN] [47] panicked because it's election signal channel has failed (on send)
53:43.223876454 [ INFO] [12] becomes leader with 39 votes
53:43.271928634 [ WARN] [47] panicked because it's election signal channel has failed (on send)
53:43.308028961 [ WARN] [47] panicked because it's election signal channel has failed (on send)
53:43.484140352 [ INFO] [11] has timed out. starting new election...
53:43.484282705 [ WARN] [47] panicked because it's election signal channel has failed (on send)
53:43.486729523 [ INFO] [11] becomes leader with 25 votes
53:43.486998355 [ WARN] [47] panicked because it's election signal channel has failed (on send)
53:43.670056050 [ INFO] [43] has timed out. starting new election...
53:43.670242487 [ WARN] [47] panicked because it's election signal channel has failed (on send)
53:43.672383061 [ INFO] [43] becomes leader with 25 votes
53:43.672628487 [ WARN] [47] panicked because it's election signal channel has failed (on send)
53:43.738568460 [ WARN] [47] panicked because it's election signal channel has failed (on send)
53:43.891689911 [ INFO] [17] has timed out. starting new election...
53:43.891829938 [ WARN] [47] panicked because it's election signal channel has failed (on send)
53:43.894238813 [ INFO] [17] becomes leader with 25 votes
53:43.894429047 [ WARN] [47] panicked because it's election signal channel has failed (on send)
53:43.953358721 [ WARN] [47] panicked because it's election signal channel has failed (on send)
53:44.105426952 [ INFO] [46] has timed out. starting new election...
53:44.105607124 [ WARN] [47] panicked because it's election signal channel has failed (on send)
53:44.107554665 [ INFO] [46] becomes leader with 25 votes
53:44.107785538 [ WARN] [47] panicked because it's election signal channel has failed (on send)
53:44.274760342 [ WARN] [47] panicked because it's election signal channel has failed (on send)
53:44.430897326 [ INFO] [12] has timed out. starting new election...
53:44.431078550 [ WARN] [47] panicked because it's election signal channel has failed (on send)
53:44.433244353 [ INFO] [12] becomes leader with 25 votes
53:44.433567175 [ WARN] [47] panicked because it's election signal channel has failed (on send)
53:44.489720735 [ WARN] [47] panicked because it's election signal channel has failed (on send)
53:44.665864690 [ INFO] [11] has timed out. starting new election...
53:44.666022579 [ WARN] [47] panicked because it's election signal channel has failed (on send)
53:44.670547438 [ INFO] [11] becomes leader with 25 votes
53:44.670899600 [ WARN] [47] panicked because it's election signal channel has failed (on send)
53:44.675240043 [ WARN] [47] panicked because it's election signal channel has failed (on send)
53:44.858303016 [ INFO] [43] has timed out. starting new election...
53:44.858470226 [ WARN] [47] panicked because it's election signal channel has failed (on send)
53:44.860542890 [ INFO] [43] becomes leader with 25 votes
53:44.860782489 [ WARN] [47] panicked because it's election signal channel has failed (on send)
53:44.897112913 [ WARN] [47] panicked because it's election signal channel has failed (on send)
53:45.050227253 [ INFO] [17] has timed out. starting new election...
53:45.050380391 [ WARN] [47] panicked because it's election signal channel has failed (on send)
53:45.083881436 [ INFO] [17] becomes leader with 39 votes
53:45.084079865 [ WARN] [47] panicked because it's election signal channel has failed (on send)
53:45.110460672 [ WARN] [47] panicked because it's election signal channel has failed (on send)
53:45.262523927 [ INFO] [46] has timed out. starting new election...
53:45.262699806 [ WARN] [47] panicked because it's election signal channel has failed (on send)
53:45.264674617 [ INFO] [46] becomes leader with 25 votes
53:45.264950203 [ WARN] [47] panicked because it's election signal channel has failed (on send)
53:45.445477622 [ WARN] [47] panicked because it's election signal channel has failed (on send)
53:45.601645161 [ INFO] [12] has timed out. starting new election...
53:45.601832693 [ WARN] [47] panicked because it's election signal channel has failed (on send)
53:45.631875548 [ INFO] [12] becomes leader with 39 votes
53:45.632107877 [ WARN] [47] panicked because it's election signal channel has failed (on send)
53:45.673599737 [ WARN] [47] panicked because it's election signal channel has failed (on send)
53:45.849713543 [ INFO] [11] has timed out. starting new election...
53:45.849869138 [ WARN] [47] panicked because it's election signal channel has failed (on send)
53:45.852094233 [ INFO] [11] becomes leader with 25 votes
53:45.852298685 [ WARN] [47] panicked because it's election signal channel has failed (on send)
53:45.863389041 [ WARN] [47] panicked because it's election signal channel has failed (on send)
53:46.046453603 [ INFO] [43] has timed out. starting new election...
53:46.046620981 [ WARN] [47] panicked because it's election signal channel has failed (on send)
53:46.048857221 [ INFO] [43] becomes leader with 25 votes
53:46.049079808 [ WARN] [47] panicked because it's election signal channel has failed (on send)
53:46.086702708 [ WARN] [47] panicked because it's election signal channel has failed (on send)
53:46.239811715 [ INFO] [17] has timed out. starting new election...
53:46.239967021 [ WARN] [47] panicked because it's election signal channel has failed (on send)
53:46.242070684 [ INFO] [17] becomes leader with 25 votes
53:46.242262646 [ WARN] [47] panicked because it's election signal channel has failed (on send)
53:46.267576237 [ WARN] [47] panicked because it's election signal channel has failed (on send)
53:46.419635409 [ INFO] [46] has timed out. starting new election...
53:46.419814150 [ WARN] [47] panicked because it's election signal channel has failed (on send)
53:46.421863620 [ INFO] [46] becomes leader with 25 votes
53:46.422098246 [ WARN] [47] panicked because it's election signal channel has failed (on send)
53:46.610166999 [ INFO] [41] has timed out. starting new election...
53:46.610437068 [ WARN] [47] panicked because it's election signal channel has failed (on send)
53:46.612452451 [ INFO] [41] becomes leader with 25 votes
53:46.612733989 [ WARN] [47] panicked because it's election signal channel has failed (on send)
53:46.634713340 [ WARN] [47] panicked because it's election signal channel has failed (on send)
53:46.790825372 [ INFO] [12] has timed out. starting new election...
53:46.819898223 [ WARN] [47] panicked because it's election signal channel has failed (on send)
53:46.824751057 [ INFO] [12] becomes leader with 25 votes
53:46.824957775 [ WARN] [47] panicked because it's election signal channel has failed (on send)
53:46.855168798 [ WARN] [47] panicked because it's election signal channel has failed (on send)
53:47.031285090 [ INFO] [11] has timed out. starting new election...
53:47.031411640 [ WARN] [47] panicked because it's election signal channel has failed (on send)
53:47.051693291 [ WARN] [47] panicked because it's election signal channel has failed (on send)
53:47.052209625 [ INFO] [11] becomes leader with 25 votes
53:47.052831123 [ WARN] [47] panicked because it's election signal channel has failed (on send)
53:47.237710316 [ INFO] [43] has timed out. starting new election...
53:47.237888831 [ WARN] [47] panicked because it's election signal channel has failed (on send)
53:47.240028337 [ INFO] [43] becomes leader with 25 votes
53:47.240238818 [ WARN] [47] panicked because it's election signal channel has failed (on send)
53:47.245272366 [ WARN] [47] panicked because it's election signal channel has failed (on send)
53:47.398402672 [ INFO] [17] has timed out. starting new election...
53:47.398542162 [ WARN] [47] panicked because it's election signal channel has failed (on send)
53:47.424703633 [ WARN] [47] panicked because it's election signal channel has failed (on send)
53:47.439876038 [ INFO] [17] becomes leader with 39 votes
53:47.503936534 [ WARN] [47] panicked because it's election signal channel has failed (on send)
53:47.615356535 [ WARN] [47] panicked because it's election signal channel has failed (on send)
53:47.767396975 [ INFO] [46] has timed out. starting new election...
53:47.767587735 [ WARN] [47] panicked because it's election signal channel has failed (on send)
53:47.769722065 [ INFO] [46] becomes leader with 25 votes
53:47.769957195 [ WARN] [47] panicked because it's election signal channel has failed (on send)
53:47.827411811 [ WARN] [47] panicked because it's election signal channel has failed (on send)
53:47.983532017 [ INFO] [12] has timed out. starting new election...
53:47.983670437 [ WARN] [47] panicked because it's election signal channel has failed (on send)
53:48.023875404 [ INFO] [12] becomes leader with 39 votes
53:48.055487928 [ WARN] [47] panicked because it's election signal channel has failed (on send)
53:48.056550735 [ WARN] [47] panicked because it's election signal channel has failed (on send)
53:48.234905619 [ INFO] [11] has timed out. starting new election...
53:48.235040992 [ WARN] [47] panicked because it's election signal channel has failed (on send)
53:48.242563731 [ WARN] [47] panicked because it's election signal channel has failed (on send)
53:48.257494407 [ INFO] [11] becomes leader with 39 votes
53:48.257762629 [ WARN] [47] panicked because it's election signal channel has failed (on send)
53:48.924603777 [ INFO] [46] has timed out. starting new election...
53:49.262211743 [ INFO] [46] has timed out. starting new election...
53:48.629918268 [ INFO] [41] has timed out. starting new election...
53:48.441671408 [ INFO] [43] has timed out. starting new election...
53:49.107875485 [ INFO] [43] has timed out. starting new election...
53:48.441833376 [ WARN] [47] panicked because it's election signal channel has failed (on send)
53:48.630104466 [ WARN] [47] panicked because it's election signal channel has failed (on send)
53:48.772566760 [ WARN] [47] panicked because it's election signal channel has failed (on send)
53:48.924819587 [ WARN] [47] panicked because it's election signal channel has failed (on send)
53:49.108120125 [ WARN] [47] panicked because it's election signal channel has failed (on send)
53:49.262435015 [ WARN] [47] panicked because it's election signal channel has failed (on send)
