[1579528611.440107] [dahu-17:13085:0]       ib_iface.c:696  UCX  ERROR ibv_create_cq(cqe=4096) failed: Function not implemented
[1579528611.441689] [dahu-17:13093:0]       ib_iface.c:696  UCX  ERROR ibv_create_cq(cqe=4096) failed: Function not implemented
[1579528611.449683] [dahu-17:13078:0]       ib_iface.c:696  UCX  ERROR ibv_create_cq(cqe=4096) failed: Function not implemented
[1579528611.449926] [dahu-17:13080:0]       ib_iface.c:696  UCX  ERROR ibv_create_cq(cqe=4096) failed: Function not implemented
[1579528611.450327] [dahu-17:13092:0]       ib_iface.c:696  UCX  ERROR ibv_create_cq(cqe=4096) failed: Function not implemented
[1579528611.450625] [dahu-17:13082:0]       ib_iface.c:696  UCX  ERROR ibv_create_cq(cqe=4096) failed: Function not implemented
[1579528611.452331] [dahu-17:13088:0]       ib_iface.c:696  UCX  ERROR ibv_create_cq(cqe=4096) failed: Function not implemented
[1579528611.452467] [dahu-17:13096:0]       ib_iface.c:696  UCX  ERROR ibv_create_cq(cqe=4096) failed: Function not implemented
[1579528611.454276] [dahu-17:13091:0]       ib_iface.c:696  UCX  ERROR ibv_create_cq(cqe=4096) failed: Function not implemented
[1579528611.455142] [dahu-17:13087:0]       ib_iface.c:696  UCX  ERROR ibv_create_cq(cqe=4096) failed: Function not implemented
[1579528611.455495] [dahu-17:13086:0]       ib_iface.c:696  UCX  ERROR ibv_create_cq(cqe=4096) failed: Function not implemented
[1579528611.455787] [dahu-17:13081:0]       ib_iface.c:696  UCX  ERROR ibv_create_cq(cqe=4096) failed: Function not implemented
[1579528611.456400] [dahu-17:13094:0]       ib_iface.c:696  UCX  ERROR ibv_create_cq(cqe=4096) failed: Function not implemented
[1579528611.456586] [dahu-17:13079:0]       ib_iface.c:696  UCX  ERROR ibv_create_cq(cqe=4096) failed: Function not implemented
[1579528611.456763] [dahu-17:13097:0]       ib_iface.c:696  UCX  ERROR ibv_create_cq(cqe=4096) failed: Function not implemented
[1579528611.457263] [dahu-17:13089:0]       ib_iface.c:696  UCX  ERROR ibv_create_cq(cqe=4096) failed: Function not implemented
[1579528611.457703] [dahu-17:13090:0]       ib_iface.c:696  UCX  ERROR ibv_create_cq(cqe=4096) failed: Function not implemented
[1579528611.457810] [dahu-17:13099:0]       ib_iface.c:696  UCX  ERROR ibv_create_cq(cqe=4096) failed: Function not implemented
[1579528611.459339] [dahu-17:13098:0]       ib_iface.c:696  UCX  ERROR ibv_create_cq(cqe=4096) failed: Function not implemented
[1579528611.463004] [dahu-16:18254:0]       ib_iface.c:696  UCX  ERROR ibv_create_cq(cqe=4096) failed: Function not implemented
[1579528611.463306] [dahu-16:18263:0]       ib_iface.c:696  UCX  ERROR ibv_create_cq(cqe=4096) failed: Function not implemented
[1579528611.463333] [dahu-16:18256:0]       ib_iface.c:696  UCX  ERROR ibv_create_cq(cqe=4096) failed: Function not implemented
[1579528611.463805] [dahu-17:13083:0]       ib_iface.c:696  UCX  ERROR ibv_create_cq(cqe=4096) failed: Function not implemented
[1579528611.465563] [dahu-17:13095:0]       ib_iface.c:696  UCX  ERROR ibv_create_cq(cqe=4096) failed: Function not implemented
[1579528611.465873] [dahu-17:13106:0]       ib_iface.c:696  UCX  ERROR ibv_create_cq(cqe=4096) failed: Function not implemented
[1579528611.466210] [dahu-17:13084:0]       ib_iface.c:696  UCX  ERROR ibv_create_cq(cqe=4096) failed: Function not implemented
[1579528611.466901] [dahu-17:13100:0]       ib_iface.c:696  UCX  ERROR ibv_create_cq(cqe=4096) failed: Function not implemented
[1579528611.468115] [dahu-16:18265:0]       ib_iface.c:696  UCX  ERROR ibv_create_cq(cqe=4096) failed: Function not implemented
[1579528611.468047] [dahu-17:13109:0]       ib_iface.c:696  UCX  ERROR ibv_create_cq(cqe=4096) failed: Function not implemented
[1579528611.468107] [dahu-17:13108:0]       ib_iface.c:696  UCX  ERROR ibv_create_cq(cqe=4096) failed: Function not implemented
[1579528611.469078] [dahu-17:13107:0]       ib_iface.c:696  UCX  ERROR ibv_create_cq(cqe=4096) failed: Function not implemented
[1579528611.470855] [dahu-17:13104:0]       ib_iface.c:696  UCX  ERROR ibv_create_cq(cqe=4096) failed: Function not implemented
[1579528611.471638] [dahu-16:18268:0]       ib_iface.c:696  UCX  ERROR ibv_create_cq(cqe=4096) failed: Function not implemented
[1579528611.471436] [dahu-17:13105:0]       ib_iface.c:696  UCX  ERROR ibv_create_cq(cqe=4096) failed: Function not implemented
[1579528611.472713] [dahu-17:13103:0]       ib_iface.c:696  UCX  ERROR ibv_create_cq(cqe=4096) failed: Function not implemented
[1579528611.473998] [dahu-17:13101:0]       ib_iface.c:696  UCX  ERROR ibv_create_cq(cqe=4096) failed: Function not implemented
[1579528611.474308] [dahu-17:13102:0]       ib_iface.c:696  UCX  ERROR ibv_create_cq(cqe=4096) failed: Function not implemented
[1579528611.477161] [dahu-16:18257:0]       ib_iface.c:696  UCX  ERROR ibv_create_cq(cqe=4096) failed: Function not implemented
[1579528611.477878] [dahu-16:18259:0]       ib_iface.c:696  UCX  ERROR ibv_create_cq(cqe=4096) failed: Function not implemented
[1579528611.479214] [dahu-16:18264:0]       ib_iface.c:696  UCX  ERROR ibv_create_cq(cqe=4096) failed: Function not implemented
[1579528611.484640] [dahu-16:18267:0]       ib_iface.c:696  UCX  ERROR ibv_create_cq(cqe=4096) failed: Function not implemented
[1579528611.485807] [dahu-16:18253:0]       ib_iface.c:696  UCX  ERROR ibv_create_cq(cqe=4096) failed: Function not implemented
[1579528611.485803] [dahu-16:18258:0]       ib_iface.c:696  UCX  ERROR ibv_create_cq(cqe=4096) failed: Function not implemented
[1579528611.485822] [dahu-16:18270:0]       ib_iface.c:696  UCX  ERROR ibv_create_cq(cqe=4096) failed: Function not implemented
[1579528611.486734] [dahu-16:18255:0]       ib_iface.c:696  UCX  ERROR ibv_create_cq(cqe=4096) failed: Function not implemented
[1579528611.491516] [dahu-16:18274:0]       ib_iface.c:696  UCX  ERROR ibv_create_cq(cqe=4096) failed: Function not implemented
[1579528611.492512] [dahu-16:18277:0]       ib_iface.c:696  UCX  ERROR ibv_create_cq(cqe=4096) failed: Function not implemented
[1579528611.493363] [dahu-16:18279:0]       ib_iface.c:696  UCX  ERROR ibv_create_cq(cqe=4096) failed: Function not implemented
[1579528611.493908] [dahu-16:18260:0]       ib_iface.c:696  UCX  ERROR ibv_create_cq(cqe=4096) failed: Function not implemented
[1579528611.494283] [dahu-16:18266:0]       ib_iface.c:696  UCX  ERROR ibv_create_cq(cqe=4096) failed: Function not implemented
[1579528611.494311] [dahu-16:18281:0]       ib_iface.c:696  UCX  ERROR ibv_create_cq(cqe=4096) failed: Function not implemented
[1579528611.494669] [dahu-16:18262:0]       ib_iface.c:696  UCX  ERROR ibv_create_cq(cqe=4096) failed: Function not implemented
[1579528611.494707] [dahu-16:18261:0]       ib_iface.c:696  UCX  ERROR ibv_create_cq(cqe=4096) failed: Function not implemented
[1579528611.495390] [dahu-16:18278:0]       ib_iface.c:696  UCX  ERROR ibv_create_cq(cqe=4096) failed: Function not implemented
[1579528611.495616] [dahu-16:18252:0]       ib_iface.c:696  UCX  ERROR ibv_create_cq(cqe=4096) failed: Function not implemented
[1579528611.495616] [dahu-16:18269:0]       ib_iface.c:696  UCX  ERROR ibv_create_cq(cqe=4096) failed: Function not implemented
[1579528611.495816] [dahu-16:18271:0]       ib_iface.c:696  UCX  ERROR ibv_create_cq(cqe=4096) failed: Function not implemented
[1579528611.496124] [dahu-16:18272:0]       ib_iface.c:696  UCX  ERROR ibv_create_cq(cqe=4096) failed: Function not implemented
[1579528611.496919] [dahu-16:18283:0]       ib_iface.c:696  UCX  ERROR ibv_create_cq(cqe=4096) failed: Function not implemented
[1579528611.496947] [dahu-16:18282:0]       ib_iface.c:696  UCX  ERROR ibv_create_cq(cqe=4096) failed: Function not implemented
[1579528611.499135] [dahu-16:18275:0]       ib_iface.c:696  UCX  ERROR ibv_create_cq(cqe=4096) failed: Function not implemented
[1579528611.500189] [dahu-16:18273:0]       ib_iface.c:696  UCX  ERROR ibv_create_cq(cqe=4096) failed: Function not implemented
[1579528611.500807] [dahu-16:18280:0]       ib_iface.c:696  UCX  ERROR ibv_create_cq(cqe=4096) failed: Function not implemented
[1579528611.501321] [dahu-16:18276:0]       ib_iface.c:696  UCX  ERROR ibv_create_cq(cqe=4096) failed: Function not implemented
56:51.661976841 [ INFO] [3] has timed out. starting new election...
56:51.666067995 [ INFO] [3] becomes leader with 33 votes
56:51.821247589 [ INFO] [58] has timed out. starting new election...
56:51.827550014 [ INFO] [58] becomes leader with 33 votes
56:51.984382299 [ INFO] [8] has timed out. starting new election...
56:52.002938924 [ INFO] [8] becomes leader with 33 votes
56:52.162993982 [ INFO] [15] has timed out. starting new election...
56:52.162685374 [ INFO] [40] has timed out. starting new election...
56:52.167765942 [ INFO] [61] has timed out. starting new election...
56:52.171775247 [ INFO] [38] has timed out. starting new election...
56:52.204816816 [ INFO] [40] becomes leader with 47 votes
56:52.424558832 [ INFO] [0] has timed out. starting new election...
56:52.440966209 [ INFO] [0] becomes leader with 33 votes
56:52.602929010 [ INFO] [15] has timed out. starting new election...
56:52.606098575 [ INFO] [15] becomes leader with 33 votes
56:52.820191203 [ INFO] [3] has timed out. starting new election...
56:52.823264535 [ INFO] [3] becomes leader with 33 votes
56:52.985681724 [ INFO] [58] has timed out. starting new election...
56:52.988982808 [ INFO] [58] becomes leader with 33 votes
56:53.160964508 [ INFO] [8] has timed out. starting new election...
56:53.179143482 [ INFO] [8] becomes leader with 33 votes
56:53.367181110 [ INFO] [40] has timed out. starting new election...
56:53.398824722 [ INFO] [40] becomes leader with 64 votes
56:53.609196690 [ INFO] [61] has timed out. starting new election...
56:53.638824551 [ INFO] [61] becomes leader with 64 votes
56:53.801008111 [ INFO] [15] has timed out. starting new election...
56:53.845463157 [ INFO] [15] becomes leader with 64 votes
56:54.142311004 [ INFO] [3] has timed out. starting new election...
56:54.145270426 [ INFO] [3] becomes leader with 33 votes
56:54.337045849 [ INFO] [8] has timed out. starting new election...
56:54.354091176 [ INFO] [8] becomes leader with 33 votes
56:54.591559825 [ INFO] [58] has timed out. starting new election...
56:54.594929451 [ INFO] [58] becomes leader with 33 votes
56:54.802257648 [ INFO] [40] has timed out. starting new election...
56:54.807469038 [ INFO] [61] has timed out. starting new election...
56:54.813207920 [ INFO] [61] becomes leader with 33 votes
56:55.037815888 [ INFO] [15] has timed out. starting new election...
56:55.041031141 [ INFO] [15] becomes leader with 33 votes
56:55.298952760 [ INFO] [3] has timed out. starting new election...
56:55.302165643 [ INFO] [3] becomes leader with 33 votes
56:55.514013806 [ INFO] [8] has timed out. starting new election...
56:55.519622465 [ INFO] [8] becomes leader with 33 votes
56:55.752946762 [ INFO] [58] has timed out. starting new election...
56:55.759575423 [ INFO] [58] becomes leader with 33 votes
56:55.975755243 [ INFO] [40] has timed out. starting new election...
56:55.978202493 [ INFO] [61] has timed out. starting new election...
56:56.022825578 [ INFO] [61] becomes leader with 63 votes
56:56.202565057 [ INFO] [15] has timed out. starting new election...
56:56.205707354 [ INFO] [15] becomes leader with 33 votes
56:56.456181854 [ INFO] [3] has timed out. starting new election...
56:56.459035506 [ INFO] [3] becomes leader with 33 votes
56:56.677677018 [ INFO] [8] has timed out. starting new election...
56:56.686445058 [ INFO] [8] becomes leader with 33 votes
56:56.917396838 [ INFO] [58] has timed out. starting new election...
56:56.921754872 [ INFO] [58] becomes leader with 33 votes
56:57.205807629 [ INFO] [40] has timed out. starting new election...
56:57.208208961 [ INFO] [61] has timed out. starting new election...
56:57.242831954 [ INFO] [61] becomes leader with 63 votes
56:57.400679300 [ INFO] [15] has timed out. starting new election...
56:57.434179488 [ INFO] [15] becomes leader with 64 votes
56:57.615241991 [ INFO] [3] has timed out. starting new election...
56:57.630919922 [ INFO] [3] becomes leader with 33 votes
56:57.844308316 [ INFO] [8] has timed out. starting new election...
56:57.847463901 [ INFO] [8] becomes leader with 33 votes
56:58.080004001 [ INFO] [58] has timed out. starting new election...
56:58.106827563 [ INFO] [58] becomes leader with 64 votes
56:58.416022821 [ INFO] [40] has timed out. starting new election...
56:58.446824164 [ INFO] [40] becomes leader with 64 votes
56:58.784966746 [ INFO] [3] has timed out. starting new election...
56:58.788011216 [ INFO] [3] becomes leader with 33 votes
56:59.005470025 [ INFO] [8] has timed out. starting new election...
56:59.008587811 [ INFO] [8] becomes leader with 33 votes
56:59.264688027 [ INFO] [58] has timed out. starting new election...
56:59.268767830 [ INFO] [15] has timed out. starting new election...
56:59.274838693 [ INFO] [61] has timed out. starting new election...
56:59.275694606 [ INFO] [38] has timed out. starting new election...
56:59.287737322 [ INFO] [24] has timed out. starting new election...
56:59.542070187 [ INFO] [11] has timed out. starting new election...
56:59.542547494 [ INFO] [50] has timed out. starting new election...
56:59.544092445 [ INFO] [59] has timed out. starting new election...
56:59.547015433 [ INFO] [57] has timed out. starting new election...
56:59.566474943 [ INFO] [11] becomes leader with 33 votes
56:59.749404861 [ INFO] [15] has timed out. starting new election...
56:59.750867833 [ INFO] [58] has timed out. starting new election...
56:59.777461924 [ INFO] [15] becomes leader with 62 votes
56:59.941915214 [ INFO] [3] has timed out. starting new election...
56:59.945196692 [ INFO] [3] becomes leader with 33 votes
57:00.166572695 [ INFO] [8] has timed out. starting new election...
57:00.169816965 [ INFO] [8] becomes leader with 33 votes
57:00.325360297 [ INFO] [58] has timed out. starting new election...
57:00.374825319 [ INFO] [58] becomes leader with 64 votes
57:00.534663265 [ INFO] [40] has timed out. starting new election...
57:00.571968718 [ INFO] [40] becomes leader with 64 votes
57:00.735572296 [ INFO] [61] has timed out. starting new election...
57:00.784030544 [ INFO] [61] becomes leader with 64 votes
57:01.099312276 [ INFO] [3] has timed out. starting new election...
57:01.102319295 [ INFO] [3] becomes leader with 33 votes
57:01.327851441 [ INFO] [8] has timed out. starting new election...
57:01.330967125 [ INFO] [15] has timed out. starting new election...
57:01.357463658 [ INFO] [15] becomes leader with 62 votes
57:01.532632743 [ INFO] [58] has timed out. starting new election...
57:01.574826463 [ INFO] [58] becomes leader with 64 votes
57:01.765705339 [ INFO] [8] has timed out. starting new election...
57:01.768853804 [ INFO] [8] becomes leader with 33 votes
57:02.020130966 [ INFO] [40] has timed out. starting new election...
57:02.050828850 [ INFO] [40] becomes leader with 64 votes
57:02.256284939 [ INFO] [3] has timed out. starting new election...
57:02.297457714 [ INFO] [3] becomes leader with 64 votes
57:02.517951594 [ INFO] [15] has timed out. starting new election...
57:02.520895087 [ INFO] [15] becomes leader with 33 votes
57:02.771284502 [ INFO] [58] has timed out. starting new election...
57:02.778247834 [ INFO] [58] becomes leader with 33 votes
57:02.939551293 [ INFO] [8] has timed out. starting new election...
57:02.958734206 [ INFO] [8] becomes leader with 33 votes
57:03.212390420 [ INFO] [40] has timed out. starting new election...
57:03.219022038 [ INFO] [61] has timed out. starting new election...
57:03.240509083 [ INFO] [61] becomes leader with 33 votes
57:03.451321306 [ INFO] [3] has timed out. starting new election...
57:03.497459943 [ INFO] [3] becomes leader with 64 votes
57:03.681568434 [ INFO] [15] has timed out. starting new election...
57:03.713458276 [ INFO] [15] becomes leader with 64 votes
57:03.936079297 [ INFO] [58] has timed out. starting new election...
57:03.948073063 [ INFO] [58] becomes leader with 33 votes
57:04.120806282 [ INFO] [40] has timed out. starting new election...
57:04.125435036 [ INFO] [40] becomes leader with 33 votes
57:04.398233804 [ INFO] [8] has timed out. starting new election...
57:04.402085828 [ INFO] [8] becomes leader with 33 votes
57:04.651217908 [ INFO] [3] has timed out. starting new election...
57:04.654415499 [ INFO] [3] becomes leader with 33 votes
57:04.874334743 [ INFO] [15] has timed out. starting new election...
57:04.877268960 [ INFO] [15] becomes leader with 33 votes
57:05.106010649 [ INFO] [58] has timed out. starting new election...
57:05.116126270 [ INFO] [61] has timed out. starting new election...
57:05.117129205 [ INFO] [38] has timed out. starting new election...
57:05.127027311 [ INFO] [58] becomes leader with 49 votes
57:05.304433165 [ INFO] [40] has timed out. starting new election...
57:05.334829303 [ INFO] [40] becomes leader with 64 votes
57:05.566004375 [ INFO] [8] has timed out. starting new election...
57:05.569248274 [ INFO] [8] becomes leader with 33 votes
57:05.808570126 [ INFO] [3] has timed out. starting new election...
57:05.821060061 [ INFO] [3] becomes leader with 33 votes
57:06.038440423 [ INFO] [15] has timed out. starting new election...
57:06.065528556 [ INFO] [15] becomes leader with 33 votes
57:06.284856291 [ INFO] [58] has timed out. starting new election...
57:06.288194714 [ INFO] [58] becomes leader with 33 votes
57:06.496654422 [ INFO] [40] has timed out. starting new election...
57:06.516684638 [ INFO] [40] becomes leader with 61 votes
57:06.727099513 [ INFO] [8] has timed out. starting new election...
57:06.746730364 [ INFO] [8] becomes leader with 33 votes
57:06.975646187 [ INFO] [3] has timed out. starting new election...
57:07.005457955 [ INFO] [3] becomes leader with 64 votes
57:07.258624226 [ INFO] [15] has timed out. starting new election...
57:07.261738245 [ INFO] [15] becomes leader with 33 votes
57:07.446014685 [ INFO] [58] has timed out. starting new election...
57:07.459815364 [ INFO] [58] becomes leader with 33 votes
57:07.678477984 [ INFO] [40] has timed out. starting new election...
57:07.700460141 [ INFO] [40] becomes leader with 33 votes
57:07.906381792 [ INFO] [8] has timed out. starting new election...
57:07.909454792 [ INFO] [8] becomes leader with 33 votes
57:08.072083991 [ INFO] [61] has timed out. starting new election...
57:08.075560641 [ INFO] [38] has timed out. starting new election...
57:08.098759809 [ INFO] [38] becomes leader with 63 votes
57:08.395136096 [ INFO] [61] candidate has timed out. starting new election...
57:08.414515742 [ INFO] [3] has timed out. starting new election...
57:08.418228237 [ INFO] [3] becomes leader with 33 votes
57:08.630036396 [ INFO] [58] has timed out. starting new election...
57:08.633382790 [ INFO] [58] becomes leader with 33 votes
57:08.883297214 [ INFO] [15] has timed out. starting new election...
57:08.883265607 [ INFO] [40] has timed out. starting new election...
57:08.936248314 [ INFO] [15] becomes leader with 62 votes
57:09.090601910 [ INFO] [8] has timed out. starting new election...
57:09.094819605 [ INFO] [8] becomes leader with 33 votes
57:09.265351235 [ INFO] [40] has timed out. starting new election...
57:09.268610608 [ INFO] [40] becomes leader with 33 votes
57:09.572012366 [ INFO] [3] has timed out. starting new election...
57:09.575418154 [ INFO] [3] becomes leader with 33 votes
57:09.791163918 [ INFO] [58] has timed out. starting new election...
57:09.795448475 [ INFO] [58] becomes leader with 33 votes
57:10.252954396 [ INFO] [8] has timed out. starting new election...
57:10.266539247 [ INFO] [8] becomes leader with 33 votes
57:10.439328222 [ INFO] [15] has timed out. starting new election...
57:10.447769348 [ INFO] [38] has timed out. starting new election...
57:10.478826086 [ INFO] [38] becomes leader with 62 votes
57:10.729233771 [ INFO] [3] has timed out. starting new election...
57:10.742588054 [ INFO] [3] becomes leader with 33 votes
57:10.953172964 [ INFO] [58] has timed out. starting new election...
57:10.956618874 [ INFO] [58] becomes leader with 33 votes
57:11.116477702 [ INFO] [15] has timed out. starting new election...
57:11.135084617 [ INFO] [15] becomes leader with 33 votes
57:11.424507567 [ INFO] [8] has timed out. starting new election...
57:11.427843523 [ INFO] [8] becomes leader with 33 votes
57:11.639530962 [ INFO] [40] has timed out. starting new election...
57:11.648256729 [ INFO] [38] has timed out. starting new election...
57:11.651481299 [ INFO] [38] becomes leader with 33 votes
57:11.898283998 [ INFO] [3] has timed out. starting new election...
57:11.901436 [ INFO] [3] becomes leader with 33 votes
57:12.114379957 [ INFO] [58] has timed out. starting new election...
57:12.154826318 [ INFO] [58] becomes leader with 63 votes
57:12.314410268 [ INFO] [15] has timed out. starting new election...
57:12.317568648 [ INFO] [15] becomes leader with 33 votes
57:12.586108403 [ INFO] [8] has timed out. starting new election...
57:12.589425507 [ INFO] [8] becomes leader with 33 votes
57:12.814123504 [ INFO] [40] has timed out. starting new election...
57:12.821608165 [ INFO] [38] has timed out. starting new election...
57:12.829333427 [ INFO] [38] becomes leader with 33 votes
57:13.058075325 [ INFO] [3] has timed out. starting new election...
57:13.061311396 [ INFO] [3] becomes leader with 33 votes
57:13.312679080 [ INFO] [58] has timed out. starting new election...
57:13.317556450 [ INFO] [40] has timed out. starting new election...
57:13.358828190 [ INFO] [40] becomes leader with 62 votes
57:13.550300893 [ INFO] [15] has timed out. starting new election...
57:13.553573769 [ INFO] [15] becomes leader with 33 votes
57:13.747316047 [ INFO] [58] has timed out. starting new election...
57:13.750461970 [ INFO] [58] becomes leader with 33 votes
57:13.987590588 [ INFO] [8] has timed out. starting new election...
57:13.999390360 [ INFO] [38] has timed out. starting new election...
57:14.004469765 [ INFO] [38] becomes leader with 33 votes
57:14.215081090 [ INFO] [3] has timed out. starting new election...
57:14.249462429 [ INFO] [3] becomes leader with 62 votes
57:14.548522310 [ INFO] [8] has timed out. starting new election...
57:14.552371761 [ INFO] [40] has timed out. starting new election...
57:14.594824604 [ INFO] [40] becomes leader with 62 votes
57:14.721620772 [ INFO] [15] has timed out. starting new election...
57:14.756875881 [ INFO] [15] becomes leader with 63 votes
57:14.913465074 [ INFO] [8] has timed out. starting new election...
57:14.916845388 [ INFO] [8] becomes leader with 33 votes
57:15.165141376 [ INFO] [58] has timed out. starting new election...
57:15.174436063 [ INFO] [38] has timed out. starting new election...
57:15.214829235 [ INFO] [38] becomes leader with 62 votes
57:15.402944020 [ INFO] [3] has timed out. starting new election...
57:15.437460017 [ INFO] [3] becomes leader with 63 votes
57:15.635976257 [ INFO] [58] has timed out. starting new election...
57:15.674829800 [ INFO] [58] becomes leader with 63 votes
57:15.759549054 [ WARN] [40] panicked because it's election signal channel has failed (on send)
57:15.917576955 [ INFO] [15] has timed out. starting new election...
57:15.917545500 [ WARN] [40] panicked because it's election signal channel has failed (on send)
57:15.921480397 [ WARN] [40] panicked because it's election signal channel has failed (on send)
57:15.957459298 [ INFO] [15] becomes leader with 62 votes
57:15.957569001 [ WARN] [40] panicked because it's election signal channel has failed (on send)
57:16.114998489 [ INFO] [8] has timed out. starting new election...
57:16.114998535 [ WARN] [40] panicked because it's election signal channel has failed (on send)
57:16.118223246 [ INFO] [8] becomes leader with 33 votes
57:16.118188893 [ WARN] [40] panicked because it's election signal channel has failed (on send)
57:16.264578799 [ WARN] [40] panicked because it's election signal channel has failed (on send)
57:16.431185098 [ INFO] [38] has timed out. starting new election...
57:16.442259191 [ INFO] [24] has timed out. starting new election...
57:16.442442845 [ WARN] [40] panicked because it's election signal channel has failed (on send)
57:16.455176887 [ WARN] [40] panicked because it's election signal channel has failed (on send)
57:16.472866422 [ INFO] [24] becomes leader with 60 votes
57:16.473420040 [ WARN] [40] panicked because it's election signal channel has failed (on send)
57:16.483850823 [ WARN] [40] panicked because it's election signal channel has failed (on send)
57:16.635171764 [ INFO] [3] has timed out. starting new election...
57:16.653222354 [ WARN] [40] panicked because it's election signal channel has failed (on send)
57:16.656415076 [ INFO] [3] becomes leader with 33 votes
57:16.656691958 [ WARN] [40] panicked because it's election signal channel has failed (on send)
57:16.677769480 [ WARN] [40] panicked because it's election signal channel has failed (on send)
57:16.832645583 [ INFO] [58] has timed out. starting new election...
57:16.845105588 [ INFO] [38] has timed out. starting new election...
57:16.845639647 [ WARN] [40] panicked because it's election signal channel has failed (on send)
57:16.863158246 [ WARN] [40] panicked because it's election signal channel has failed (on send)
57:16.863526520 [ INFO] [38] becomes leader with 33 votes
57:16.864041418 [ WARN] [40] panicked because it's election signal channel has failed (on send)
57:16.960113170 [ WARN] [40] panicked because it's election signal channel has failed (on send)
57:17.118195101 [ INFO] [15] has timed out. starting new election...
57:17.118153096 [ WARN] [40] panicked because it's election signal channel has failed (on send)
57:17.134911304 [ INFO] [15] becomes leader with 33 votes
57:17.135193895 [ WARN] [40] panicked because it's election signal channel has failed (on send)
57:17.139933131 [ WARN] [40] panicked because it's election signal channel has failed (on send)
57:17.297077763 [ INFO] [8] has timed out. starting new election...
57:17.296836480 [ WARN] [40] panicked because it's election signal channel has failed (on send)
57:17.300256088 [ INFO] [8] becomes leader with 33 votes
57:17.300100543 [ WARN] [40] panicked because it's election signal channel has failed (on send)
57:17.454637699 [ INFO] [58] has timed out. starting new election...
57:17.455066624 [ WARN] [40] panicked because it's election signal channel has failed (on send)
57:17.457774872 [ INFO] [58] becomes leader with 33 votes
57:17.458398149 [ WARN] [40] panicked because it's election signal channel has failed (on send)
57:17.476537146 [ WARN] [40] panicked because it's election signal channel has failed (on send)
57:17.652660202 [ INFO] [24] has timed out. starting new election...
57:17.652705243 [ WARN] [40] panicked because it's election signal channel has failed (on send)
57:17.655828284 [ INFO] [24] becomes leader with 33 votes
57:17.655995856 [ WARN] [40] panicked because it's election signal channel has failed (on send)
57:17.660140848 [ WARN] [40] panicked because it's election signal channel has failed (on send)
57:17.812072378 [ INFO] [3] has timed out. starting new election...
57:17.812008552 [ WARN] [40] panicked because it's election signal channel has failed (on send)
57:17.815224853 [ INFO] [3] becomes leader with 33 votes
57:17.815281903 [ WARN] [40] panicked because it's election signal channel has failed (on send)
57:17.866627308 [ WARN] [40] panicked because it's election signal channel has failed (on send)
57:18.033347782 [ INFO] [38] has timed out. starting new election...
57:18.049003975 [ INFO] [50] has timed out. starting new election...
57:18.049519026 [ WARN] [40] panicked because it's election signal channel has failed (on send)
57:18.074828327 [ INFO] [50] becomes leader with 60 votes
57:18.075679023 [ WARN] [40] panicked because it's election signal channel has failed (on send)
57:18.085765283 [ WARN] [40] panicked because it's election signal channel has failed (on send)
57:18.146911398 [ WARN] [40] panicked because it's election signal channel has failed (on send)
57:18.303054095 [ WARN] [40] panicked because it's election signal channel has failed (on send)
57:18.398827733 [ INFO] [38] candidate has timed out. starting new election...
57:18.458537104 [ INFO] [8] has timed out. starting new election...
57:18.458652957 [ WARN] [40] panicked because it's election signal channel has failed (on send)
57:18.463249769 [ WARN] [40] panicked because it's election signal channel has failed (on send)
57:18.471085870 [ INFO] [8] becomes leader with 33 votes
57:18.471174681 [ WARN] [40] panicked because it's election signal channel has failed (on send)
57:18.629534340 [ INFO] [15] has timed out. starting new election...
57:18.629014194 [ INFO] [58] has timed out. starting new election...
57:18.631860646 [ INFO] [58] becomes leader with 33 votes
57:18.637064060 [ WARN] [40] panicked because it's election signal channel has failed (on send)
57:18.637151997 [ WARN] [40] panicked because it's election signal channel has failed (on send)
57:18.658884813 [ WARN] [40] panicked because it's election signal channel has failed (on send)
57:18.693180840 [ WARN] [40] panicked because it's election signal channel has failed (on send)
57:18.817639499 [ WARN] [40] panicked because it's election signal channel has failed (on send)
57:18.968926554 [ INFO] [3] has timed out. starting new election...
57:18.968865255 [ WARN] [40] panicked because it's election signal channel has failed (on send)
57:18.989460797 [ INFO] [3] becomes leader with 61 votes
57:18.989552634 [ WARN] [40] panicked because it's election signal channel has failed (on send)
57:19.078251098 [ WARN] [40] panicked because it's election signal channel has failed (on send)
57:19.236966158 [ INFO] [15] has timed out. starting new election...
57:19.236938209 [ WARN] [40] panicked because it's election signal channel has failed (on send)
57:19.242609435 [ INFO] [15] becomes leader with 33 votes
57:19.242811226 [ WARN] [40] panicked because it's election signal channel has failed (on send)
57:19.422620224 [ INFO] [24] has timed out. starting new election...
57:19.423636050 [ INFO] [11] has timed out. starting new election...
57:19.423647294 [ WARN] [40] panicked because it's election signal channel has failed (on send)
57:19.443960181 [ WARN] [40] panicked because it's election signal channel has failed (on send)
57:19.455136742 [ INFO] [11] becomes leader with 33 votes
57:19.455266535 [ WARN] [40] panicked because it's election signal channel has failed (on send)
57:19.473763597 [ WARN] [40] panicked because it's election signal channel has failed (on send)
57:19.628705806 [ INFO] [8] has timed out. starting new election...
57:19.628458654 [ WARN] [40] panicked because it's election signal channel has failed (on send)
57:19.633612623 [ INFO] [8] becomes leader with 33 votes
57:19.634414245 [ WARN] [40] panicked because it's election signal channel has failed (on send)
57:19.634751065 [ WARN] [40] panicked because it's election signal channel has failed (on send)
57:19.794331511 [ INFO] [58] has timed out. starting new election...
57:19.794876372 [ WARN] [40] panicked because it's election signal channel has failed (on send)
57:19.826825788 [ INFO] [58] becomes leader with 61 votes
57:19.827428568 [ WARN] [40] panicked because it's election signal channel has failed (on send)
57:19.991973855 [ WARN] [40] panicked because it's election signal channel has failed (on send)
57:20.143275880 [ INFO] [3] has timed out. starting new election...
57:20.143024195 [ WARN] [40] panicked because it's election signal channel has failed (on send)
57:20.181458930 [ INFO] [3] becomes leader with 61 votes
57:20.181667995 [ WARN] [40] panicked because it's election signal channel has failed (on send)
57:20.245496650 [ WARN] [40] panicked because it's election signal channel has failed (on send)
57:20.403514849 [ INFO] [15] has timed out. starting new election...
57:20.403602084 [ WARN] [40] panicked because it's election signal channel has failed (on send)
57:20.445458068 [ INFO] [15] becomes leader with 61 votes
57:20.445672744 [ WARN] [40] panicked because it's election signal channel has failed (on send)
57:20.457960486 [ WARN] [40] panicked because it's election signal channel has failed (on send)
57:20.635267217 [ INFO] [24] has timed out. starting new election...
57:20.635457920 [ WARN] [40] panicked because it's election signal channel has failed (on send)
57:20.638493883 [ WARN] [40] panicked because it's election signal channel has failed (on send)
57:20.654351352 [ INFO] [24] becomes leader with 33 votes
57:20.654600620 [ WARN] [40] panicked because it's election signal channel has failed (on send)
57:20.810179633 [ INFO] [8] has timed out. starting new election...
57:20.810322412 [ WARN] [40] panicked because it's election signal channel has failed (on send)
57:20.813513586 [ INFO] [8] becomes leader with 33 votes
57:20.813620750 [ WARN] [40] panicked because it's election signal channel has failed (on send)
57:20.829902815 [ WARN] [40] panicked because it's election signal channel has failed (on send)
57:20.984541610 [ INFO] [58] has timed out. starting new election...
57:21.004537303 [ WARN] [40] panicked because it's election signal channel has failed (on send)
57:21.018827975 [ INFO] [58] becomes leader with 60 votes
57:21.029242639 [ WARN] [40] panicked because it's election signal channel has failed (on send)
57:21.184011983 [ WARN] [40] panicked because it's election signal channel has failed (on send)
57:21.335046576 [ INFO] [3] has timed out. starting new election...
57:21.335057016 [ WARN] [40] panicked because it's election signal channel has failed (on send)
57:21.377460798 [ INFO] [3] becomes leader with 61 votes
57:21.377550145 [ WARN] [40] panicked because it's election signal channel has failed (on send)
57:21.448170182 [ WARN] [40] panicked because it's election signal channel has failed (on send)
57:21.606215595 [ INFO] [15] has timed out. starting new election...
57:21.606227218 [ WARN] [40] panicked because it's election signal channel has failed (on send)
57:21.609497656 [ INFO] [15] becomes leader with 33 votes
57:21.609485423 [ WARN] [40] panicked because it's election signal channel has failed (on send)
57:21.657223245 [ WARN] [40] panicked because it's election signal channel has failed (on send)
57:21.816200410 [ WARN] [40] panicked because it's election signal channel has failed (on send)
57:21.971299841 [ INFO] [8] has timed out. starting new election...
57:21.971260653 [ WARN] [40] panicked because it's election signal channel has failed (on send)
57:21.974949285 [ INFO] [8] becomes leader with 33 votes
57:21.975170195 [ WARN] [40] panicked because it's election signal channel has failed (on send)
57:22.021832954 [ WARN] [40] panicked because it's election signal channel has failed (on send)
57:22.176568102 [ INFO] [58] has timed out. starting new election...
57:22.176962967 [ WARN] [40] panicked because it's election signal channel has failed (on send)
57:22.206829857 [ INFO] [58] becomes leader with 60 votes
57:22.207422055 [ WARN] [40] panicked because it's election signal channel has failed (on send)
57:22.380060794 [ WARN] [40] panicked because it's election signal channel has failed (on send)
57:22.531074350 [ INFO] [3] has timed out. starting new election...
57:22.557637546 [ INFO] [24] has timed out. starting new election...
57:22.557608100 [ WARN] [40] panicked because it's election signal channel has failed (on send)
57:22.593459245 [ INFO] [24] becomes leader with 60 votes
57:22.593552307 [ WARN] [40] panicked because it's election signal channel has failed (on send)
57:22.612316249 [ WARN] [40] panicked because it's election signal channel has failed (on send)
57:22.612787967 [ WARN] [40] panicked because it's election signal channel has failed (on send)
57:22.773436624 [ INFO] [15] has timed out. starting new election...
57:22.773212257 [ WARN] [40] panicked because it's election signal channel has failed (on send)
57:22.776605346 [ INFO] [15] becomes leader with 33 votes
57:22.776732657 [ WARN] [40] panicked because it's election signal channel has failed (on send)
57:22.932949433 [ INFO] [3] has timed out. starting new election...
57:22.932911126 [ WARN] [40] panicked because it's election signal channel has failed (on send)
57:22.936004604 [ INFO] [3] becomes leader with 33 votes
57:22.936071138 [ WARN] [40] panicked because it's election signal channel has failed (on send)
57:22.977730582 [ WARN] [40] panicked because it's election signal channel has failed (on send)
57:23.132936571 [ INFO] [8] has timed out. starting new election...
57:23.132813201 [ WARN] [40] panicked because it's election signal channel has failed (on send)
57:23.139014239 [ INFO] [8] becomes leader with 33 votes
57:23.138997829 [ WARN] [40] panicked because it's election signal channel has failed (on send)
57:23.209877339 [ WARN] [40] panicked because it's election signal channel has failed (on send)
57:23.364602698 [ INFO] [58] has timed out. starting new election...
57:23.364899820 [ WARN] [40] panicked because it's election signal channel has failed (on send)
57:23.368662179 [ INFO] [58] becomes leader with 33 votes
57:23.369111415 [ WARN] [40] panicked because it's election signal channel has failed (on send)
57:23.551188966 [ INFO] [11] has timed out. starting new election...
57:23.552824807 [ INFO] [50] has timed out. starting new election...
57:23.553524891 [ INFO] [59] has timed out. starting new election...
57:23.554094871 [ WARN] [40] panicked because it's election signal channel has failed (on send)
57:23.567221394 [ WARN] [40] panicked because it's election signal channel has failed (on send)
57:23.581290882 [ WARN] [40] panicked because it's election signal channel has failed (on send)
57:23.596292008 [ WARN] [40] panicked because it's election signal channel has failed (on send)
57:23.599575833 [ INFO] [59] becomes leader with 59 votes
57:23.600146121 [ WARN] [40] panicked because it's election signal channel has failed (on send)
57:23.778995651 [ WARN] [40] panicked because it's election signal channel has failed (on send)
57:23.869597952 [ INFO] [50] candidate has timed out. starting new election...
57:23.897460080 [ INFO] [11] candidate has timed out. starting new election...
57:23.938571605 [ WARN] [40] panicked because it's election signal channel has failed (on send)
57:24.089665754 [ INFO] [3] has timed out. starting new election...
57:24.089627173 [ WARN] [40] panicked because it's election signal channel has failed (on send)
57:24.093125289 [ INFO] [3] becomes leader with 33 votes
57:24.092972920 [ WARN] [40] panicked because it's election signal channel has failed (on send)
57:24.141614314 [ WARN] [40] panicked because it's election signal channel has failed (on send)
57:24.296621779 [ INFO] [8] has timed out. starting new election...
57:24.300042546 [ INFO] [15] has timed out. starting new election...
57:24.319368562 [ INFO] [24] has timed out. starting new election...
57:24.319414561 [ WARN] [40] panicked because it's election signal channel has failed (on send)
57:24.333320357 [ WARN] [40] panicked because it's election signal channel has failed (on send)
57:24.334824329 [ INFO] [24] becomes leader with 33 votes
57:24.334736849 [ WARN] [40] panicked because it's election signal channel has failed (on send)
57:24.335896223 [ WARN] [40] panicked because it's election signal channel has failed (on send)
57:24.371677959 [ WARN] [40] panicked because it's election signal channel has failed (on send)
57:24.526435859 [ INFO] [58] has timed out. starting new election...
57:24.526617097 [ WARN] [40] panicked because it's election signal channel has failed (on send)
57:24.531394644 [ INFO] [58] becomes leader with 33 votes
57:24.532010353 [ WARN] [40] panicked because it's election signal channel has failed (on send)
57:24.602766744 [ WARN] [40] panicked because it's election signal channel has failed (on send)
57:24.757995575 [ INFO] [8] has timed out. starting new election...
57:24.757974031 [ WARN] [40] panicked because it's election signal channel has failed (on send)
57:24.761189840 [ INFO] [8] becomes leader with 33 votes
57:24.761344409 [ WARN] [40] panicked because it's election signal channel has failed (on send)
57:24.921378068 [ INFO] [15] has timed out. starting new election...
57:24.921333110 [ WARN] [40] panicked because it's election signal channel has failed (on send)
57:24.924478454 [ INFO] [15] becomes leader with 33 votes
57:24.924683626 [ WARN] [40] panicked because it's election signal channel has failed (on send)
57:25.095543046 [ WARN] [40] panicked because it's election signal channel has failed (on send)
57:25.246732214 [ INFO] [3] has timed out. starting new election...
57:25.254871782 [ WARN] [40] panicked because it's election signal channel has failed (on send)
57:25.289458956 [ INFO] [3] becomes leader with 59 votes
57:25.289378999 [ WARN] [40] panicked because it's election signal channel has failed (on send)
57:25.337524463 [ WARN] [40] panicked because it's election signal channel has failed (on send)
57:25.513683110 [ INFO] [24] has timed out. starting new election...
57:25.513697458 [ WARN] [40] panicked because it's election signal channel has failed (on send)
57:25.534542352 [ WARN] [40] panicked because it's election signal channel has failed (on send)
57:25.553464080 [ INFO] [24] becomes leader with 59 votes
57:25.553545164 [ WARN] [40] panicked because it's election signal channel has failed (on send)
57:25.711277324 [ INFO] [58] has timed out. starting new election...
57:25.711665852 [ WARN] [40] panicked because it's election signal channel has failed (on send)
57:25.714463670 [ INFO] [58] becomes leader with 33 votes
57:25.715001181 [ WARN] [40] panicked because it's election signal channel has failed (on send)
57:25.763836223 [ WARN] [40] panicked because it's election signal channel has failed (on send)
57:25.918911322 [ INFO] [8] has timed out. starting new election...
57:25.918861020 [ WARN] [40] panicked because it's election signal channel has failed (on send)
57:25.930965783 [ WARN] [40] panicked because it's election signal channel has failed (on send)
57:25.965460012 [ INFO] [8] becomes leader with 59 votes
57:25.989274737 [ WARN] [40] panicked because it's election signal channel has failed (on send)
57:26.151052029 [ INFO] [15] has timed out. starting new election...
57:26.151137892 [ WARN] [40] panicked because it's election signal channel has failed (on send)
57:26.193463271 [ INFO] [15] becomes leader with 59 votes
57:26.193450861 [ WARN] [40] panicked because it's election signal channel has failed (on send)
57:26.291894511 [ WARN] [40] panicked because it's election signal channel has failed (on send)
57:26.442758516 [ INFO] [3] has timed out. starting new election...
57:26.443127791 [ WARN] [40] panicked because it's election signal channel has failed (on send)
57:26.485460272 [ INFO] [3] becomes leader with 59 votes
57:26.549358653 [ WARN] [40] panicked because it's election signal channel has failed (on send)
57:26.555944165 [ WARN] [40] panicked because it's election signal channel has failed (on send)
57:26.717450016 [ WARN] [40] panicked because it's election signal channel has failed (on send)
57:26.872196624 [ INFO] [58] has timed out. starting new election...
57:26.872612983 [ WARN] [40] panicked because it's election signal channel has failed (on send)
57:26.875108041 [ INFO] [58] becomes leader with 33 votes
57:26.875618268 [ WARN] [40] panicked because it's election signal channel has failed (on send)
57:26.991806938 [ WARN] [40] panicked because it's election signal channel has failed (on send)
57:27.146916766 [ INFO] [8] has timed out. starting new election...
57:27.169362206 [ INFO] [24] has timed out. starting new election...
57:27.169308682 [ WARN] [40] panicked because it's election signal channel has failed (on send)
57:27.196107786 [ WARN] [40] panicked because it's election signal channel has failed (on send)
57:27.198333765 [ INFO] [24] becomes leader with 58 votes
57:27.229374371 [ WARN] [40] panicked because it's election signal channel has failed (on send)
57:27.229884423 [ WARN] [40] panicked because it's election signal channel has failed (on send)
57:27.388338166 [ INFO] [15] has timed out. starting new election...
57:27.389305669 [ WARN] [40] panicked because it's election signal channel has failed (on send)
57:27.393910801 [ INFO] [15] becomes leader with 33 votes
57:27.393877551 [ WARN] [40] panicked because it's election signal channel has failed (on send)
57:27.551701771 [ WARN] [40] panicked because it's election signal channel has failed (on send)
57:27.702804296 [ INFO] [3] has timed out. starting new election...
57:27.706496629 [ INFO] [8] has timed out. starting new election...
57:27.706613143 [ WARN] [40] panicked because it's election signal channel has failed (on send)
57:27.749459493 [ INFO] [8] becomes leader with 58 votes
57:27.749352368 [ WARN] [40] panicked because it's election signal channel has failed (on send)
57:27.765435781 [ WARN] [40] panicked because it's election signal channel has failed (on send)
57:27.878241188 [ WARN] [40] panicked because it's election signal channel has failed (on send)
57:28.032847705 [ INFO] [58] has timed out. starting new election...
57:28.033212849 [ WARN] [40] panicked because it's election signal channel has failed (on send)
57:28.035837282 [ INFO] [58] becomes leader with 33 votes
57:28.036374810 [ WARN] [40] panicked because it's election signal channel has failed (on send)
57:28.189270678 [ INFO] [3] has timed out. starting new election...
57:28.189167664 [ WARN] [40] panicked because it's election signal channel has failed (on send)
57:28.192494230 [ INFO] [3] becomes leader with 33 votes
57:28.192428216 [ WARN] [40] panicked because it's election signal channel has failed (on send)
57:28.232623873 [ WARN] [40] panicked because it's election signal channel has failed (on send)
57:28.396873626 [ WARN] [40] panicked because it's election signal channel has failed (on send)
57:28.555054627 [ INFO] [15] has timed out. starting new election...
57:28.555038745 [ WARN] [40] panicked because it's election signal channel has failed (on send)
57:28.597459714 [ INFO] [15] becomes leader with 59 votes
57:28.629271978 [ WARN] [40] panicked because it's election signal channel has failed (on send)
57:28.787605705 [ WARN] [40] panicked because it's election signal channel has failed (on send)
57:28.942500846 [ INFO] [8] has timed out. starting new election...
57:28.942459014 [ WARN] [40] panicked because it's election signal channel has failed (on send)
57:28.945733519 [ INFO] [8] becomes leader with 33 votes
57:28.945965251 [ WARN] [40] panicked because it's election signal channel has failed (on send)
57:29.038947844 [ WARN] [40] panicked because it's election signal channel has failed (on send)
57:29.193570801 [ INFO] [58] has timed out. starting new election...
57:29.193988598 [ WARN] [40] panicked because it's election signal channel has failed (on send)
57:29.198202794 [ WARN] [40] panicked because it's election signal channel has failed (on send)
57:29.200300691 [ INFO] [58] becomes leader with 33 votes
57:29.201237855 [ WARN] [40] panicked because it's election signal channel has failed (on send)
57:29.356112428 [ INFO] [3] has timed out. starting new election...
57:29.355872381 [ WARN] [40] panicked because it's election signal channel has failed (on send)
57:29.359961905 [ INFO] [3] becomes leader with 33 votes
57:29.359873213 [ WARN] [40] panicked because it's election signal channel has failed (on send)
57:29.537908596 [ INFO] [24] has timed out. starting new election...
57:29.537963908 [ WARN] [40] panicked because it's election signal channel has failed (on send)
57:29.569460518 [ INFO] [24] becomes leader with 59 votes
57:29.569525191 [ WARN] [40] panicked because it's election signal channel has failed (on send)
57:29.631765949 [ WARN] [40] panicked because it's election signal channel has failed (on send)
57:29.789880564 [ INFO] [15] has timed out. starting new election...
57:29.789756977 [ WARN] [40] panicked because it's election signal channel has failed (on send)
57:29.792932094 [ INFO] [15] becomes leader with 33 votes
57:29.792988831 [ WARN] [40] panicked because it's election signal channel has failed (on send)
57:29.948491133 [ WARN] [40] panicked because it's election signal channel has failed (on send)
57:30.103711973 [ INFO] [8] has timed out. starting new election...
57:30.103752086 [ WARN] [40] panicked because it's election signal channel has failed (on send)
57:30.133465209 [ INFO] [8] becomes leader with 59 votes
57:30.201371607 [ WARN] [40] panicked because it's election signal channel has failed (on send)
57:30.204272661 [ WARN] [40] panicked because it's election signal channel has failed (on send)
57:30.358833009 [ INFO] [58] has timed out. starting new election...
57:30.359176280 [ WARN] [40] panicked because it's election signal channel has failed (on send)
57:30.362266912 [ INFO] [58] becomes leader with 33 votes
57:30.362867965 [ WARN] [40] panicked because it's election signal channel has failed (on send)
57:30.364304947 [ WARN] [40] panicked because it's election signal channel has failed (on send)
57:30.535531453 [ INFO] [3] has timed out. starting new election...
57:30.535514606 [ WARN] [40] panicked because it's election signal channel has failed (on send)
57:30.572029307 [ INFO] [3] becomes leader with 59 votes
57:30.572012967 [ WARN] [40] panicked because it's election signal channel has failed (on send)
57:30.577401677 [ WARN] [40] panicked because it's election signal channel has failed (on send)
57:30.757045287 [ INFO] [24] has timed out. starting new election...
57:30.757024221 [ WARN] [40] panicked because it's election signal channel has failed (on send)
57:30.795553330 [ WARN] [40] panicked because it's election signal channel has failed (on send)
57:30.798200154 [ INFO] [24] becomes leader with 59 votes
57:30.798377732 [ WARN] [40] panicked because it's election signal channel has failed (on send)
57:30.974525823 [ INFO] [15] has timed out. starting new election...
57:30.974639285 [ WARN] [40] panicked because it's election signal channel has failed (on send)
57:31.005459568 [ INFO] [15] becomes leader with 59 votes
57:31.005316822 [ WARN] [40] panicked because it's election signal channel has failed (on send)
57:31.189298324 [ INFO] [59] has timed out. starting new election...
57:31.192667167 [ INFO] [57] has timed out. starting new election...
57:31.193992953 [ INFO] [0] has timed out. starting new election...
57:31.194106890 [ WARN] [40] panicked because it's election signal channel has failed (on send)
57:31.203770015 [ WARN] [40] panicked because it's election signal channel has failed (on send)
57:31.204550353 [ WARN] [40] panicked because it's election signal channel has failed (on send)
57:31.206321263 [ WARN] [40] panicked because it's election signal channel has failed (on send)
57:31.237466108 [ INFO] [0] becomes leader with 57 votes
57:31.237483916 [ WARN] [40] panicked because it's election signal channel has failed (on send)
57:31.365411108 [ WARN] [40] panicked because it's election signal channel has failed (on send)
57:31.506117063 [ INFO] [57] candidate has timed out. starting new election...
57:31.506184126 [ INFO] [59] candidate has timed out. starting new election...
57:31.520112137 [ INFO] [8] has timed out. starting new election...
57:31.520031170 [ WARN] [40] panicked because it's election signal channel has failed (on send)
57:31.561463476 [ INFO] [8] becomes leader with 57 votes
57:31.561464203 [ WARN] [40] panicked because it's election signal channel has failed (on send)
57:31.579806475 [ WARN] [40] panicked because it's election signal channel has failed (on send)
57:31.736747043 [ INFO] [58] has timed out. starting new election...
57:31.743533581 [ INFO] [3] has timed out. starting new election...
57:31.743398652 [ WARN] [40] panicked because it's election signal channel has failed (on send)
57:31.767110231 [ WARN] [40] panicked because it's election signal channel has failed (on send)
57:31.781469173 [ INFO] [3] becomes leader with 56 votes
57:31.781567239 [ WARN] [40] panicked because it's election signal channel has failed (on send)
57:31.801079257 [ WARN] [40] panicked because it's election signal channel has failed (on send)
57:31.977123112 [ INFO] [24] has timed out. starting new election...
57:31.976874642 [ WARN] [40] panicked because it's election signal channel has failed (on send)
57:32.007907663 [ WARN] [40] panicked because it's election signal channel has failed (on send)
57:32.017463301 [ INFO] [24] becomes leader with 57 votes
57:32.109325753 [ WARN] [40] panicked because it's election signal channel has failed (on send)
57:32.240121269 [ WARN] [40] panicked because it's election signal channel has failed (on send)
57:32.397481996 [ INFO] [58] has timed out. starting new election...
57:32.397859559 [ WARN] [40] panicked because it's election signal channel has failed (on send)
57:32.424526507 [ INFO] [58] becomes leader with 33 votes
57:32.425149908 [ WARN] [40] panicked because it's election signal channel has failed (on send)
57:32.563969182 [ WARN] [40] panicked because it's election signal channel has failed (on send)
57:32.719197800 [ INFO] [8] has timed out. starting new election...
57:32.719077709 [ WARN] [40] panicked because it's election signal channel has failed (on send)
57:32.733777872 [ INFO] [8] becomes leader with 33 votes
57:32.733963724 [ WARN] [40] panicked because it's election signal channel has failed (on send)
57:32.783934962 [ WARN] [40] panicked because it's election signal channel has failed (on send)
57:32.935017091 [ INFO] [3] has timed out. starting new election...
57:32.934950199 [ WARN] [40] panicked because it's election signal channel has failed (on send)
57:32.937942579 [ INFO] [3] becomes leader with 33 votes
57:32.937959728 [ WARN] [40] panicked because it's election signal channel has failed (on send)
57:33.098204151 [ INFO] [15] has timed out. starting new election...
57:33.112017114 [ WARN] [40] panicked because it's election signal channel has failed (on send)
57:33.129298048 [ WARN] [40] panicked because it's election signal channel has failed (on send)
57:33.134663036 [ INFO] [15] becomes leader with 33 votes
57:33.134796148 [ WARN] [40] panicked because it's election signal channel has failed (on send)
57:33.310037269 [ INFO] [24] has timed out. starting new election...
57:33.310075494 [ WARN] [40] panicked because it's election signal channel has failed (on send)
57:33.345463664 [ INFO] [24] becomes leader with 57 votes
57:33.345601651 [ WARN] [40] panicked because it's election signal channel has failed (on send)
57:33.427693084 [ WARN] [40] panicked because it's election signal channel has failed (on send)
57:33.582460597 [ INFO] [58] has timed out. starting new election...
57:33.582911782 [ WARN] [40] panicked because it's election signal channel has failed (on send)
57:33.626827610 [ INFO] [58] becomes leader with 56 votes
57:33.627373293 [ WARN] [40] panicked because it's election signal channel has failed (on send)
57:33.736378135 [ WARN] [40] panicked because it's election signal channel has failed (on send)
57:33.891338861 [ INFO] [8] has timed out. starting new election...
57:33.891355895 [ WARN] [40] panicked because it's election signal channel has failed (on send)
57:33.933460492 [ INFO] [8] becomes leader with 57 votes
57:33.933571131 [ WARN] [40] panicked because it's election signal channel has failed (on send)
57:33.940544042 [ WARN] [40] panicked because it's election signal channel has failed (on send)
57:34.091634422 [ INFO] [3] has timed out. starting new election...
57:34.091619896 [ WARN] [40] panicked because it's election signal channel has failed (on send)
57:34.125458605 [ INFO] [3] becomes leader with 57 votes
57:34.137158536 [ WARN] [40] panicked because it's election signal channel has failed (on send)
57:34.138296650 [ WARN] [40] panicked because it's election signal channel has failed (on send)
57:34.302453719 [ INFO] [15] has timed out. starting new election...
57:34.302419711 [ WARN] [40] panicked because it's election signal channel has failed (on send)
57:34.306366186 [ INFO] [15] becomes leader with 33 votes
57:34.306496148 [ WARN] [40] panicked because it's election signal channel has failed (on send)
57:34.348323563 [ WARN] [40] panicked because it's election signal channel has failed (on send)
57:34.524295019 [ INFO] [24] has timed out. starting new election...
57:34.534485134 [ INFO] [0] has timed out. starting new election...
57:34.541791552 [ INFO] [7] has timed out. starting new election...
57:34.541343160 [ INFO] [32] has timed out. starting new election...
57:34.545922077 [ INFO] [54] has timed out. starting new election...
57:34.547302912 [ INFO] [27] has timed out. starting new election...
57:34.553355262 [ WARN] [40] panicked because it's election signal channel has failed (on send)
57:34.554080873 [ WARN] [40] panicked because it's election signal channel has failed (on send)
57:34.554409860 [ WARN] [40] panicked because it's election signal channel has failed (on send)
57:34.573742802 [ WARN] [40] panicked because it's election signal channel has failed (on send)
57:34.575546454 [ WARN] [40] panicked because it's election signal channel has failed (on send)
57:34.593508189 [ WARN] [40] panicked because it's election signal channel has failed (on send)
57:34.629703034 [ WARN] [40] panicked because it's election signal channel has failed (on send)
57:34.784600730 [ INFO] [58] has timed out. starting new election...
57:34.784805602 [ WARN] [40] panicked because it's election signal channel has failed (on send)
57:34.787902348 [ INFO] [58] becomes leader with 33 votes
57:34.788499799 [ WARN] [40] panicked because it's election signal channel has failed (on send)
57:34.936019527 [ WARN] [40] panicked because it's election signal channel has failed (on send)
57:35.091133179 [ INFO] [8] has timed out. starting new election...
57:35.097335880 [ WARN] [40] panicked because it's election signal channel has failed (on send)
57:35.100451440 [ INFO] [8] becomes leader with 33 votes
57:35.100687502 [ WARN] [40] panicked because it's election signal channel has failed (on send)
57:35.145682274 [ WARN] [40] panicked because it's election signal channel has failed (on send)
57:35.296893408 [ INFO] [3] has timed out. starting new election...
57:35.308447557 [ WARN] [40] panicked because it's election signal channel has failed (on send)
57:35.309342663 [ WARN] [40] panicked because it's election signal channel has failed (on send)
57:35.329460123 [ INFO] [3] becomes leader with 57 votes
57:35.361302375 [ WARN] [40] panicked because it's election signal channel has failed (on send)
57:35.520383227 [ INFO] [15] has timed out. starting new election...
57:35.539950786 [ INFO] [24] has timed out. starting new election...
57:35.549741063 [ INFO] [0] has timed out. starting new election...
57:35.549800894 [ WARN] [40] panicked because it's election signal channel has failed (on send)
57:35.551853150 [ WARN] [40] panicked because it's election signal channel has failed (on send)
57:35.569220855 [ WARN] [40] panicked because it's election signal channel has failed (on send)
57:35.570272636 [ INFO] [0] becomes leader with 54 votes
57:35.570286210 [ WARN] [40] panicked because it's election signal channel has failed (on send)
57:35.764985102 [ INFO] [7] has timed out. starting new election...
57:35.764890868 [ WARN] [40] panicked because it's election signal channel has failed (on send)
57:35.791108088 [ WARN] [40] panicked because it's election signal channel has failed (on send)
57:35.801890215 [ INFO] [7] becomes leader with 57 votes
57:35.802118438 [ WARN] [40] panicked because it's election signal channel has failed (on send)
57:35.959493491 [ INFO] [15] has timed out. starting new election...
57:35.959349852 [ WARN] [40] panicked because it's election signal channel has failed (on send)
57:35.962494941 [ INFO] [15] becomes leader with 33 votes
57:35.962587986 [ WARN] [40] panicked because it's election signal channel has failed (on send)
57:36.103209761 [ WARN] [40] panicked because it's election signal channel has failed (on send)
57:36.258538514 [ INFO] [8] has timed out. starting new election...
57:36.260643161 [ INFO] [58] has timed out. starting new election...
57:36.261030072 [ WARN] [40] panicked because it's election signal channel has failed (on send)
57:36.290827895 [ INFO] [58] becomes leader with 56 votes
57:36.311150655 [ WARN] [40] panicked because it's election signal channel has failed (on send)
57:36.363888881 [ WARN] [40] panicked because it's election signal channel has failed (on send)
57:36.377310230 [ WARN] [40] panicked because it's election signal channel has failed (on send)
57:36.527588753 [ INFO] [3] has timed out. starting new election...
57:36.555007447 [ INFO] [24] has timed out. starting new election...
57:36.554875574 [ WARN] [40] panicked because it's election signal channel has failed (on send)
57:36.557287282 [ WARN] [40] panicked because it's election signal channel has failed (on send)
57:36.569459887 [ INFO] [24] becomes leader with 55 votes
57:36.573080849 [ WARN] [40] panicked because it's election signal channel has failed (on send)
57:36.589442799 [ WARN] [40] panicked because it's election signal channel has failed (on send)
57:36.744462456 [ INFO] [8] has timed out. starting new election...
57:36.744226256 [ WARN] [40] panicked because it's election signal channel has failed (on send)
57:36.747679163 [ INFO] [8] becomes leader with 33 votes
57:36.747666819 [ WARN] [40] panicked because it's election signal channel has failed (on send)
57:36.804752509 [ WARN] [40] panicked because it's election signal channel has failed (on send)
57:36.955854419 [ INFO] [3] has timed out. starting new election...
57:36.955726094 [ WARN] [40] panicked because it's election signal channel has failed (on send)
57:36.965065917 [ WARN] [40] panicked because it's election signal channel has failed (on send)
57:36.977700346 [ INFO] [3] becomes leader with 33 votes
57:36.977825146 [ WARN] [40] panicked because it's election signal channel has failed (on send)
57:37.137131148 [ INFO] [15] has timed out. starting new election...
57:37.137202313 [ WARN] [40] panicked because it's election signal channel has failed (on send)
57:37.140356297 [ INFO] [15] becomes leader with 33 votes
57:37.140458848 [ WARN] [40] panicked because it's election signal channel has failed (on send)
57:37.313478017 [ WARN] [40] panicked because it's election signal channel has failed (on send)
57:37.468378734 [ INFO] [58] has timed out. starting new election...
57:37.468812573 [ WARN] [40] panicked because it's election signal channel has failed (on send)
57:37.471526167 [ INFO] [58] becomes leader with 33 votes
57:37.472027588 [ WARN] [40] panicked because it's election signal channel has failed (on send)
57:37.595694521 [ WARN] [40] panicked because it's election signal channel has failed (on send)
57:37.750248990 [ WARN] [40] panicked because it's election signal channel has failed (on send)
57:37.905347443 [ INFO] [8] has timed out. starting new election...
57:37.905304204 [ WARN] [40] panicked because it's election signal channel has failed (on send)
57:37.908425257 [ INFO] [8] becomes leader with 33 votes
57:37.908642360 [ WARN] [40] panicked because it's election signal channel has failed (on send)
57:37.980212951 [ WARN] [40] panicked because it's election signal channel has failed (on send)
57:38.131312799 [ INFO] [3] has timed out. starting new election...
57:38.144777511 [ WARN] [40] panicked because it's election signal channel has failed (on send)
57:38.157260064 [ WARN] [40] panicked because it's election signal channel has failed (on send)
57:38.163963417 [ INFO] [3] becomes leader with 33 votes
57:38.163912145 [ WARN] [40] panicked because it's election signal channel has failed (on send)
57:38.324452420 [ INFO] [15] has timed out. starting new election...
57:38.324315619 [ WARN] [40] panicked because it's election signal channel has failed (on send)
57:38.327499907 [ INFO] [15] becomes leader with 33 votes
57:38.327548182 [ WARN] [40] panicked because it's election signal channel has failed (on send)
57:38.474379068 [ WARN] [40] panicked because it's election signal channel has failed (on send)
57:38.629231439 [ INFO] [58] has timed out. starting new election...
57:38.629636233 [ WARN] [40] panicked because it's election signal channel has failed (on send)
57:38.632374322 [ INFO] [58] becomes leader with 33 votes
57:38.633055184 [ WARN] [40] panicked because it's election signal channel has failed (on send)
57:38.808612111 [ INFO] [24] has timed out. starting new election...
57:38.808731688 [ WARN] [40] panicked because it's election signal channel has failed (on send)
57:38.849460680 [ INFO] [24] becomes leader with 57 votes
57:38.881477316 [ WARN] [40] panicked because it's election signal channel has failed (on send)
57:38.911124436 [ WARN] [40] panicked because it's election signal channel has failed (on send)
57:39.066257883 [ INFO] [8] has timed out. starting new election...
57:39.066235335 [ WARN] [40] panicked because it's election signal channel has failed (on send)
57:39.069440837 [ INFO] [8] becomes leader with 33 votes
57:39.069574680 [ WARN] [40] panicked because it's election signal channel has failed (on send)
57:39.174672424 [ WARN] [40] panicked because it's election signal channel has failed (on send)
57:39.325745666 [ INFO] [3] has timed out. starting new election...
57:39.325677482 [ WARN] [40] panicked because it's election signal channel has failed (on send)
57:39.342721574 [ WARN] [40] panicked because it's election signal channel has failed (on send)
57:39.357468291 [ INFO] [3] becomes leader with 33 votes
57:39.357518238 [ WARN] [40] panicked because it's election signal channel has failed (on send)
57:39.514805785 [ INFO] [15] has timed out. starting new election...
57:39.514719174 [ WARN] [40] panicked because it's election signal channel has failed (on send)
57:39.520728193 [ INFO] [15] becomes leader with 33 votes
57:39.520887444 [ WARN] [40] panicked because it's election signal channel has failed (on send)
57:39.635254077 [ WARN] [40] panicked because it's election signal channel has failed (on send)
57:39.790090351 [ INFO] [58] has timed out. starting new election...
57:39.790469250 [ WARN] [40] panicked because it's election signal channel has failed (on send)
57:39.793450128 [ INFO] [58] becomes leader with 33 votes
57:39.794160826 [ WARN] [40] panicked because it's election signal channel has failed (on send)
57:39.894742218 [ WARN] [40] panicked because it's election signal channel has failed (on send)
57:40.070692539 [ INFO] [24] has timed out. starting new election...
57:40.070789983 [ WARN] [40] panicked because it's election signal channel has failed (on send)
57:40.072729482 [ WARN] [40] panicked because it's election signal channel has failed (on send)
57:40.102775763 [ INFO] [24] becomes leader with 33 votes
57:40.103027889 [ WARN] [40] panicked because it's election signal channel has failed (on send)
57:40.259284864 [ INFO] [8] has timed out. starting new election...
57:40.259282968 [ WARN] [40] panicked because it's election signal channel has failed (on send)
57:40.262763270 [ INFO] [8] becomes leader with 33 votes
57:40.262942179 [ WARN] [40] panicked because it's election signal channel has failed (on send)
57:40.360091695 [ WARN] [40] panicked because it's election signal channel has failed (on send)
57:40.511141175 [ INFO] [3] has timed out. starting new election...
57:40.511028476 [ WARN] [40] panicked because it's election signal channel has failed (on send)
57:40.523364596 [ WARN] [40] panicked because it's election signal channel has failed (on send)
57:40.525699220 [ INFO] [3] becomes leader with 33 votes
57:40.526015912 [ WARN] [40] panicked because it's election signal channel has failed (on send)
57:40.685430717 [ INFO] [15] has timed out. starting new election...
57:40.685482603 [ WARN] [40] panicked because it's election signal channel has failed (on send)
57:40.688875065 [ INFO] [15] becomes leader with 33 votes
57:40.689035053 [ WARN] [40] panicked because it's election signal channel has failed (on send)
57:40.796594285 [ WARN] [40] panicked because it's election signal channel has failed (on send)
57:40.951124883 [ INFO] [58] has timed out. starting new election...
57:40.951507872 [ WARN] [40] panicked because it's election signal channel has failed (on send)
57:40.994831925 [ INFO] [58] becomes leader with 56 votes
57:40.995434938 [ WARN] [40] panicked because it's election signal channel has failed (on send)
57:41.105701078 [ WARN] [40] panicked because it's election signal channel has failed (on send)
57:41.265445259 [ WARN] [40] panicked because it's election signal channel has failed (on send)
57:41.420475094 [ INFO] [8] has timed out. starting new election...
57:41.443130230 [ INFO] [24] has timed out. starting new election...
57:41.449414058 [ WARN] [40] panicked because it's election signal channel has failed (on send)
57:41.489463631 [ INFO] [8] becomes leader with 56 votes
57:41.489499421 [ WARN] [40] panicked because it's election signal channel has failed (on send)
57:41.528440734 [ WARN] [40] panicked because it's election signal channel has failed (on send)
57:41.557439290 [ WARN] [40] panicked because it's election signal channel has failed (on send)
57:41.691196239 [ WARN] [40] panicked because it's election signal channel has failed (on send)
57:41.841469708 [ INFO] [3] has timed out. starting new election...
57:41.841323259 [ WARN] [40] panicked because it's election signal channel has failed (on send)
57:41.885460582 [ INFO] [3] becomes leader with 57 votes
57:41.901330297 [ WARN] [40] panicked because it's election signal channel has failed (on send)
57:41.997946325 [ WARN] [40] panicked because it's election signal channel has failed (on send)
57:42.152678062 [ INFO] [58] has timed out. starting new election...
57:42.153003831 [ WARN] [40] panicked because it's election signal channel has failed (on send)
57:42.155722704 [ INFO] [58] becomes leader with 33 votes
57:42.156255493 [ WARN] [40] panicked because it's election signal channel has failed (on send)
57:42.317637473 [ INFO] [15] has timed out. starting new election...
57:42.332643961 [ INFO] [24] has timed out. starting new election...
57:42.332703360 [ WARN] [40] panicked because it's election signal channel has failed (on send)
57:42.373461542 [ INFO] [24] becomes leader with 56 votes
57:42.373594523 [ WARN] [40] panicked because it's election signal channel has failed (on send)
57:42.373692828 [ WARN] [40] panicked because it's election signal channel has failed (on send)
57:42.492009260 [ WARN] [40] panicked because it's election signal channel has failed (on send)
57:42.647314049 [ INFO] [8] has timed out. starting new election...
57:42.677314073 [ WARN] [40] panicked because it's election signal channel has failed (on send)
57:42.681470189 [ INFO] [15] candidate has timed out. starting new election...
57:42.703070631 [ INFO] [8] becomes leader with 33 votes
57:42.703136925 [ WARN] [40] panicked because it's election signal channel has failed (on send)
57:42.890416067 [ INFO] [0] has timed out. starting new election...
57:42.890560667 [ WARN] [40] panicked because it's election signal channel has failed (on send)
57:42.903915350 [ WARN] [40] panicked because it's election signal channel has failed (on send)
57:42.921461372 [ INFO] [0] becomes leader with 56 votes
57:42.980802799 [ WARN] [40] panicked because it's election signal channel has failed (on send)
57:43.132226780 [ INFO] [3] has timed out. starting new election...
57:43.132225166 [ WARN] [40] panicked because it's election signal channel has failed (on send)
57:43.135144654 [ INFO] [3] becomes leader with 33 votes
57:43.135239414 [ WARN] [40] panicked because it's election signal channel has failed (on send)
57:43.158593065 [ WARN] [40] panicked because it's election signal channel has failed (on send)
57:43.313510493 [ INFO] [58] has timed out. starting new election...
57:43.313962393 [ WARN] [40] panicked because it's election signal channel has failed (on send)
57:43.346829899 [ INFO] [58] becomes leader with 56 votes
57:43.376148198 [ WARN] [40] panicked because it's election signal channel has failed (on send)
57:43.427044989 [ WARN] [40] panicked because it's election signal channel has failed (on send)
57:43.620546187 [ INFO] [24] has timed out. starting new election...
57:43.620578575 [ WARN] [40] panicked because it's election signal channel has failed (on send)
57:43.647039732 [ INFO] [24] becomes leader with 33 votes
57:43.647130346 [ WARN] [40] panicked because it's election signal channel has failed (on send)
57:43.705583639 [ WARN] [40] panicked because it's election signal channel has failed (on send)
57:43.860877330 [ INFO] [8] has timed out. starting new election...
57:43.860834945 [ WARN] [40] panicked because it's election signal channel has failed (on send)
57:43.866129715 [ INFO] [8] becomes leader with 33 votes
57:43.866273995 [ WARN] [40] panicked because it's election signal channel has failed (on send)
57:43.983651215 [ WARN] [40] panicked because it's election signal channel has failed (on send)
57:44.137691866 [ WARN] [40] panicked because it's election signal channel has failed (on send)
57:44.288808466 [ INFO] [3] has timed out. starting new election...
57:44.288981564 [ WARN] [40] panicked because it's election signal channel has failed (on send)
57:44.292090353 [ INFO] [3] becomes leader with 33 votes
57:44.292201963 [ WARN] [40] panicked because it's election signal channel has failed (on send)
57:44.433023237 [ WARN] [40] panicked because it's election signal channel has failed (on send)
57:44.587692306 [ INFO] [58] has timed out. starting new election...
57:44.607034192 [ WARN] [40] panicked because it's election signal channel has failed (on send)
57:44.610108853 [ INFO] [58] becomes leader with 39 votes
57:44.610626412 [ WARN] [40] panicked because it's election signal channel has failed (on send)
57:44.671653494 [ WARN] [40] panicked because it's election signal channel has failed (on send)
57:44.847857318 [ INFO] [24] has timed out. starting new election...
57:44.847882818 [ WARN] [40] panicked because it's election signal channel has failed (on send)
57:44.850990578 [ INFO] [24] becomes leader with 33 votes
57:44.851122982 [ WARN] [40] panicked because it's election signal channel has failed (on send)
57:44.868668246 [ WARN] [40] panicked because it's election signal channel has failed (on send)
57:45.023734737 [ INFO] [8] has timed out. starting new election...
57:45.023687281 [ WARN] [40] panicked because it's election signal channel has failed (on send)
57:45.027248040 [ INFO] [8] becomes leader with 33 votes
57:45.027320716 [ WARN] [40] panicked because it's election signal channel has failed (on send)
57:45.214578626 [ INFO] [0] has timed out. starting new election...
57:45.222096738 [ INFO] [32] has timed out. starting new election...
57:45.222569242 [ WARN] [40] panicked because it's election signal channel has failed (on send)
57:45.225180985 [ INFO] [32] becomes leader with 33 votes
57:45.225944300 [ WARN] [40] panicked because it's election signal channel has failed (on send)
57:45.294685325 [ WARN] [40] panicked because it's election signal channel has failed (on send)
57:45.305430574 [ WARN] [40] panicked because it's election signal channel has failed (on send)
57:45.456291344 [ INFO] [3] has timed out. starting new election...
57:45.456078379 [ WARN] [40] panicked because it's election signal channel has failed (on send)
57:45.474608604 [ INFO] [3] becomes leader with 33 votes
57:45.474833256 [ WARN] [40] panicked because it's election signal channel has failed (on send)
57:45.613045784 [ WARN] [40] panicked because it's election signal channel has failed (on send)
57:45.767915939 [ INFO] [58] has timed out. starting new election...
57:45.768248930 [ WARN] [40] panicked because it's election signal channel has failed (on send)
57:45.771028002 [ INFO] [58] becomes leader with 33 votes
57:45.771466859 [ WARN] [40] panicked because it's election signal channel has failed (on send)
57:45.853502054 [ WARN] [40] panicked because it's election signal channel has failed (on send)
57:46.029808055 [ WARN] [40] panicked because it's election signal channel has failed (on send)
57:46.184924111 [ INFO] [8] has timed out. starting new election...
57:46.184944017 [ WARN] [40] panicked because it's election signal channel has failed (on send)
57:46.190925073 [ INFO] [8] becomes leader with 33 votes
57:46.191106970 [ WARN] [40] panicked because it's election signal channel has failed (on send)
57:46.228357457 [ WARN] [40] panicked because it's election signal channel has failed (on send)
57:46.406257524 [ INFO] [24] has timed out. starting new election...
57:46.415040082 [ INFO] [0] has timed out. starting new election...
57:46.422275249 [ INFO] [32] has timed out. starting new election...
57:46.422714337 [ WARN] [40] panicked because it's election signal channel has failed (on send)
57:46.426701814 [ INFO] [32] becomes leader with 33 votes
57:46.427229568 [ WARN] [40] panicked because it's election signal channel has failed (on send)
57:46.449365942 [ WARN] [40] panicked because it's election signal channel has failed (on send)
57:46.453371113 [ WARN] [40] panicked because it's election signal channel has failed (on send)
57:46.477234008 [ WARN] [40] panicked because it's election signal channel has failed (on send)
57:46.628433962 [ INFO] [3] has timed out. starting new election...
57:46.628199612 [ WARN] [40] panicked because it's election signal channel has failed (on send)
57:46.632487567 [ INFO] [3] becomes leader with 33 votes
57:46.632576379 [ WARN] [40] panicked because it's election signal channel has failed (on send)
57:46.776386799 [ WARN] [40] panicked because it's election signal channel has failed (on send)
57:46.931331747 [ INFO] [58] has timed out. starting new election...
57:46.931758199 [ WARN] [40] panicked because it's election signal channel has failed (on send)
57:46.934480004 [ INFO] [58] becomes leader with 33 votes
57:46.935159023 [ WARN] [40] panicked because it's election signal channel has failed (on send)
57:47.113377185 [ INFO] [24] has timed out. starting new election...
57:47.123803367 [ INFO] [0] has timed out. starting new election...
57:47.131710775 [ INFO] [7] has timed out. starting new election...
57:47.131791687 [ WARN] [40] panicked because it's election signal channel has failed (on send)
57:47.131994594 [ WARN] [40] panicked because it's election signal channel has failed (on send)
57:47.161456620 [ INFO] [7] becomes leader with 53 votes
57:47.161552171 [ WARN] [40] panicked because it's election signal channel has failed (on send)
57:47.162894422 [ WARN] [40] panicked because it's election signal channel has failed (on send)
57:47.193425999 [ WARN] [40] panicked because it's election signal channel has failed (on send)
57:47.348802005 [ INFO] [8] has timed out. starting new election...
57:47.348592975 [ WARN] [40] panicked because it's election signal channel has failed (on send)
57:47.352040034 [ INFO] [8] becomes leader with 33 votes
57:47.352152379 [ WARN] [40] panicked because it's election signal channel has failed (on send)
57:47.429590652 [ WARN] [40] panicked because it's election signal channel has failed (on send)
57:47.607120766 [ INFO] [24] has timed out. starting new election...
57:47.607129367 [ WARN] [40] panicked because it's election signal channel has failed (on send)
57:47.610307786 [ INFO] [24] becomes leader with 33 votes
57:47.610415071 [ WARN] [40] panicked because it's election signal channel has failed (on send)
57:47.635121970 [ WARN] [40] panicked because it's election signal channel has failed (on send)
57:47.786168127 [ INFO] [3] has timed out. starting new election...
57:47.786145188 [ WARN] [40] panicked because it's election signal channel has failed (on send)
57:47.817458381 [ INFO] [3] becomes leader with 56 votes
57:47.817563902 [ WARN] [40] panicked because it's election signal channel has failed (on send)
57:47.948566841 [ WARN] [40] panicked because it's election signal channel has failed (on send)
57:48.103221062 [ INFO] [58] has timed out. starting new election...
57:48.103715097 [ WARN] [40] panicked because it's election signal channel has failed (on send)
57:48.106187411 [ INFO] [58] becomes leader with 33 votes
57:48.106502323 [ WARN] [40] panicked because it's election signal channel has failed (on send)
57:48.164132921 [ WARN] [40] panicked because it's election signal channel has failed (on send)
57:48.350545225 [ INFO] [0] has timed out. starting new election...
57:48.354608276 [ WARN] [40] panicked because it's election signal channel has failed (on send)
57:48.381463908 [ WARN] [40] panicked because it's election signal channel has failed (on send)
57:48.409460336 [ INFO] [0] becomes leader with 56 votes
57:48.473364405 [ WARN] [40] panicked because it's election signal channel has failed (on send)
57:48.612790835 [ WARN] [40] panicked because it's election signal channel has failed (on send)
57:48.766621109 [ INFO] [8] has timed out. starting new election...
57:48.766645505 [ WARN] [40] panicked because it's election signal channel has failed (on send)
57:48.769785318 [ INFO] [8] becomes leader with 33 votes
57:48.769871097 [ WARN] [40] panicked because it's election signal channel has failed (on send)
57:48.820037857 [ WARN] [40] panicked because it's election signal channel has failed (on send)
57:48.971105373 [ INFO] [3] has timed out. starting new election...
57:48.997363733 [ INFO] [24] has timed out. starting new election...
57:48.997360078 [ WARN] [40] panicked because it's election signal channel has failed (on send)
57:48.998009809 [ WARN] [40] panicked because it's election signal channel has failed (on send)
57:49.006165622 [ INFO] [24] becomes leader with 33 votes
57:49.006291745 [ WARN] [40] panicked because it's election signal channel has failed (on send)
57:49.109231226 [ WARN] [40] panicked because it's election signal channel has failed (on send)
57:49.263965248 [ INFO] [58] has timed out. starting new election...
57:49.264157504 [ WARN] [40] panicked because it's election signal channel has failed (on send)
57:49.268529973 [ INFO] [58] becomes leader with 33 votes
57:49.269091693 [ WARN] [40] panicked because it's election signal channel has failed (on send)
57:50.089781172 [ INFO] [33] has timed out. starting new election...
57:50.107384873 [ INFO] [34] has timed out. starting new election...
57:50.073971773 [ INFO] [37] has timed out. starting new election...
57:50.066244927 [ INFO] [42] has timed out. starting new election...
57:50.085174766 [ INFO] [43] has timed out. starting new election...
57:50.092056145 [ INFO] [44] has timed out. starting new election...
57:50.064686877 [ INFO] [51] has timed out. starting new election...
57:50.085039905 [ INFO] [52] has timed out. starting new election...
57:49.462461762 [ INFO] [32] has timed out. starting new election...
57:49.855893996 [ INFO] [32] has timed out. starting new election...
57:50.106603269 [ INFO] [55] has timed out. starting new election...
57:50.110852609 [ INFO] [56] has timed out. starting new election...
57:49.660485806 [ INFO] [54] has timed out. starting new election...
57:50.066332992 [ INFO] [54] has timed out. starting new election...
57:50.070164001 [ INFO] [60] has timed out. starting new election...
57:50.096372954 [ INFO] [62] has timed out. starting new election...
57:49.462798226 [ WARN] [40] panicked because it's election signal channel has failed (on send)
57:49.660893747 [ WARN] [40] panicked because it's election signal channel has failed (on send)
57:49.856214262 [ WARN] [40] panicked because it's election signal channel has failed (on send)
57:50.111011156 [ WARN] [40] panicked because it's election signal channel has failed (on send)
57:50.271580548 [ WARN] [40] panicked because it's election signal channel has failed (on send)
