[1579522794.316180] [dahu-24:14285:0]       ib_iface.c:696  UCX  ERROR ibv_create_cq(cqe=4096) failed: Function not implemented
[1579522794.328097] [dahu-24:14295:0]       ib_iface.c:696  UCX  ERROR ibv_create_cq(cqe=4096) failed: Function not implemented
[1579522794.330124] [dahu-24:14284:0]       ib_iface.c:696  UCX  ERROR ibv_create_cq(cqe=4096) failed: Function not implemented
[1579522794.330260] [dahu-24:14283:0]       ib_iface.c:696  UCX  ERROR ibv_create_cq(cqe=4096) failed: Function not implemented
[1579522794.332657] [dahu-24:14281:0]       ib_iface.c:696  UCX  ERROR ibv_create_cq(cqe=4096) failed: Function not implemented
[1579522794.332862] [dahu-24:14289:0]       ib_iface.c:696  UCX  ERROR ibv_create_cq(cqe=4096) failed: Function not implemented
[1579522794.333087] [dahu-24:14280:0]       ib_iface.c:696  UCX  ERROR ibv_create_cq(cqe=4096) failed: Function not implemented
[1579522794.333379] [dahu-24:14290:0]       ib_iface.c:696  UCX  ERROR ibv_create_cq(cqe=4096) failed: Function not implemented
[1579522794.333524] [dahu-24:14286:0]       ib_iface.c:696  UCX  ERROR ibv_create_cq(cqe=4096) failed: Function not implemented
[1579522794.333546] [dahu-24:14287:0]       ib_iface.c:696  UCX  ERROR ibv_create_cq(cqe=4096) failed: Function not implemented
[1579522794.333557] [dahu-24:14292:0]       ib_iface.c:696  UCX  ERROR ibv_create_cq(cqe=4096) failed: Function not implemented
[1579522794.334047] [dahu-24:14282:0]       ib_iface.c:696  UCX  ERROR ibv_create_cq(cqe=4096) failed: Function not implemented
[1579522794.334448] [dahu-24:14288:0]       ib_iface.c:696  UCX  ERROR ibv_create_cq(cqe=4096) failed: Function not implemented
[1579522794.337407] [dahu-24:14279:0]       ib_iface.c:696  UCX  ERROR ibv_create_cq(cqe=4096) failed: Function not implemented
[1579522794.339153] [dahu-24:14296:0]       ib_iface.c:696  UCX  ERROR ibv_create_cq(cqe=4096) failed: Function not implemented
[1579522794.341154] [dahu-24:14299:0]       ib_iface.c:696  UCX  ERROR ibv_create_cq(cqe=4096) failed: Function not implemented
[1579522794.341447] [dahu-24:14291:0]       ib_iface.c:696  UCX  ERROR ibv_create_cq(cqe=4096) failed: Function not implemented
[1579522794.343386] [dahu-24:14304:0]       ib_iface.c:696  UCX  ERROR ibv_create_cq(cqe=4096) failed: Function not implemented
[1579522794.344013] [dahu-24:14278:0]       ib_iface.c:696  UCX  ERROR ibv_create_cq(cqe=4096) failed: Function not implemented
[1579522794.344631] [dahu-24:14303:0]       ib_iface.c:696  UCX  ERROR ibv_create_cq(cqe=4096) failed: Function not implemented
[1579522794.345776] [dahu-24:14306:0]       ib_iface.c:696  UCX  ERROR ibv_create_cq(cqe=4096) failed: Function not implemented
[1579522794.345953] [dahu-23:13440:0]       ib_iface.c:696  UCX  ERROR ibv_create_cq(cqe=4096) failed: Function not implemented
[1579522794.345953] [dahu-23:13444:0]       ib_iface.c:696  UCX  ERROR ibv_create_cq(cqe=4096) failed: Function not implemented
[1579522794.346402] [dahu-24:14305:0]       ib_iface.c:696  UCX  ERROR ibv_create_cq(cqe=4096) failed: Function not implemented
[1579522794.346462] [dahu-24:14302:0]       ib_iface.c:696  UCX  ERROR ibv_create_cq(cqe=4096) failed: Function not implemented
[1579522794.346709] [dahu-24:14293:0]       ib_iface.c:696  UCX  ERROR ibv_create_cq(cqe=4096) failed: Function not implemented
[1579522794.346852] [dahu-24:14309:0]       ib_iface.c:696  UCX  ERROR ibv_create_cq(cqe=4096) failed: Function not implemented
[1579522794.347755] [dahu-24:14294:0]       ib_iface.c:696  UCX  ERROR ibv_create_cq(cqe=4096) failed: Function not implemented
[1579522794.348023] [dahu-24:14300:0]       ib_iface.c:696  UCX  ERROR ibv_create_cq(cqe=4096) failed: Function not implemented
[1579522794.348090] [dahu-24:14297:0]       ib_iface.c:696  UCX  ERROR ibv_create_cq(cqe=4096) failed: Function not implemented
[1579522794.348332] [dahu-23:13436:0]       ib_iface.c:696  UCX  ERROR ibv_create_cq(cqe=4096) failed: Function not implemented
[1579522794.348572] [dahu-24:14308:0]       ib_iface.c:696  UCX  ERROR ibv_create_cq(cqe=4096) failed: Function not implemented
[1579522794.349751] [dahu-24:14307:0]       ib_iface.c:696  UCX  ERROR ibv_create_cq(cqe=4096) failed: Function not implemented
[1579522794.351469] [dahu-24:14298:0]       ib_iface.c:696  UCX  ERROR ibv_create_cq(cqe=4096) failed: Function not implemented
[1579522794.351750] [dahu-24:14301:0]       ib_iface.c:696  UCX  ERROR ibv_create_cq(cqe=4096) failed: Function not implemented
[1579522794.353126] [dahu-23:13443:0]       ib_iface.c:696  UCX  ERROR ibv_create_cq(cqe=4096) failed: Function not implemented
[1579522794.354670] [dahu-23:13431:0]       ib_iface.c:696  UCX  ERROR ibv_create_cq(cqe=4096) failed: Function not implemented
[1579522794.354656] [dahu-23:13434:0]       ib_iface.c:696  UCX  ERROR ibv_create_cq(cqe=4096) failed: Function not implemented
[1579522794.355159] [dahu-23:13441:0]       ib_iface.c:696  UCX  ERROR ibv_create_cq(cqe=4096) failed: Function not implemented
[1579522794.359407] [dahu-23:13445:0]       ib_iface.c:696  UCX  ERROR ibv_create_cq(cqe=4096) failed: Function not implemented
[1579522794.360298] [dahu-23:13432:0]       ib_iface.c:696  UCX  ERROR ibv_create_cq(cqe=4096) failed: Function not implemented
[1579522794.362373] [dahu-23:13447:0]       ib_iface.c:696  UCX  ERROR ibv_create_cq(cqe=4096) failed: Function not implemented
[1579522794.362808] [dahu-23:13439:0]       ib_iface.c:696  UCX  ERROR ibv_create_cq(cqe=4096) failed: Function not implemented
[1579522794.362848] [dahu-23:13435:0]       ib_iface.c:696  UCX  ERROR ibv_create_cq(cqe=4096) failed: Function not implemented
[1579522794.364209] [dahu-23:13438:0]       ib_iface.c:696  UCX  ERROR ibv_create_cq(cqe=4096) failed: Function not implemented
[1579522794.367070] [dahu-23:13437:0]       ib_iface.c:696  UCX  ERROR ibv_create_cq(cqe=4096) failed: Function not implemented
[1579522794.367338] [dahu-23:13450:0]       ib_iface.c:696  UCX  ERROR ibv_create_cq(cqe=4096) failed: Function not implemented
[1579522794.368110] [dahu-23:13433:0]       ib_iface.c:696  UCX  ERROR ibv_create_cq(cqe=4096) failed: Function not implemented
[1579522794.369867] [dahu-23:13446:0]       ib_iface.c:696  UCX  ERROR ibv_create_cq(cqe=4096) failed: Function not implemented
[1579522794.370927] [dahu-23:13454:0]       ib_iface.c:696  UCX  ERROR ibv_create_cq(cqe=4096) failed: Function not implemented
[1579522794.371735] [dahu-23:13457:0]       ib_iface.c:696  UCX  ERROR ibv_create_cq(cqe=4096) failed: Function not implemented
[1579522794.372020] [dahu-23:13455:0]       ib_iface.c:696  UCX  ERROR ibv_create_cq(cqe=4096) failed: Function not implemented
[1579522794.372388] [dahu-23:13429:0]       ib_iface.c:696  UCX  ERROR ibv_create_cq(cqe=4096) failed: Function not implemented
[1579522794.372388] [dahu-23:13448:0]       ib_iface.c:696  UCX  ERROR ibv_create_cq(cqe=4096) failed: Function not implemented
[1579522794.372916] [dahu-23:13451:0]       ib_iface.c:696  UCX  ERROR ibv_create_cq(cqe=4096) failed: Function not implemented
[1579522794.373300] [dahu-23:13456:0]       ib_iface.c:696  UCX  ERROR ibv_create_cq(cqe=4096) failed: Function not implemented
[1579522794.374596] [dahu-23:13458:0]       ib_iface.c:696  UCX  ERROR ibv_create_cq(cqe=4096) failed: Function not implemented
[1579522794.374742] [dahu-23:13430:0]       ib_iface.c:696  UCX  ERROR ibv_create_cq(cqe=4096) failed: Function not implemented
[1579522794.375001] [dahu-23:13442:0]       ib_iface.c:696  UCX  ERROR ibv_create_cq(cqe=4096) failed: Function not implemented
[1579522794.375120] [dahu-23:13459:0]       ib_iface.c:696  UCX  ERROR ibv_create_cq(cqe=4096) failed: Function not implemented
[1579522794.376043] [dahu-23:13452:0]       ib_iface.c:696  UCX  ERROR ibv_create_cq(cqe=4096) failed: Function not implemented
[1579522794.376427] [dahu-23:13449:0]       ib_iface.c:696  UCX  ERROR ibv_create_cq(cqe=4096) failed: Function not implemented
[1579522794.379266] [dahu-23:13453:0]       ib_iface.c:696  UCX  ERROR ibv_create_cq(cqe=4096) failed: Function not implemented
[1579522794.379665] [dahu-23:13460:0]       ib_iface.c:696  UCX  ERROR ibv_create_cq(cqe=4096) failed: Function not implemented
19:54.539830324 [ INFO] [7] has timed out. starting new election...
19:54.545786399 [ INFO] [7] becomes leader with 33 votes
19:54.703243569 [ INFO] [8] has timed out. starting new election...
19:54.703927919 [ INFO] [44] has timed out. starting new election...
19:54.710055389 [ INFO] [8] becomes leader with 33 votes
19:54.871555422 [ INFO] [18] has timed out. starting new election...
19:54.871988497 [ INFO] [11] has timed out. starting new election...
19:54.877030801 [ INFO] [52] has timed out. starting new election...
19:54.879994556 [ INFO] [33] has timed out. starting new election...
19:54.882366160 [ INFO] [58] has timed out. starting new election...
19:54.883443857 [ INFO] [47] has timed out. starting new election...
19:55.060618816 [ INFO] [16] has timed out. starting new election...
19:55.061201755 [ INFO] [24] has timed out. starting new election...
19:55.061938638 [ INFO] [44] has timed out. starting new election...
19:55.103873609 [ INFO] [24] becomes leader with 33 votes
19:55.262263192 [ INFO] [11] has timed out. starting new election...
19:55.291872474 [ INFO] [11] becomes leader with 64 votes
19:55.509124846 [ INFO] [44] has timed out. starting new election...
19:55.512214539 [ INFO] [44] becomes leader with 33 votes
19:55.699885328 [ INFO] [7] has timed out. starting new election...
19:55.705959366 [ INFO] [18] has timed out. starting new election...
19:55.718985083 [ INFO] [7] becomes leader with 33 votes
19:55.886033882 [ INFO] [8] has timed out. starting new election...
19:55.897906086 [ INFO] [33] has timed out. starting new election...
19:55.950680339 [ INFO] [33] becomes leader with 63 votes
19:56.201849218 [ INFO] [8] candidate has timed out. starting new election...
19:56.264505861 [ INFO] [18] has timed out. starting new election...
19:56.273011354 [ INFO] [24] has timed out. starting new election...
19:56.308273198 [ INFO] [24] becomes leader with 33 votes
19:56.511318313 [ INFO] [11] has timed out. starting new election...
19:56.543875389 [ INFO] [11] becomes leader with 63 votes
19:56.702617024 [ INFO] [44] has timed out. starting new election...
19:56.705752908 [ INFO] [44] becomes leader with 33 votes
19:56.876155364 [ INFO] [7] has timed out. starting new election...
19:56.907874920 [ INFO] [7] becomes leader with 62 votes
19:57.111139085 [ INFO] [18] has timed out. starting new election...
19:57.119448778 [ INFO] [33] has timed out. starting new election...
19:57.122452188 [ INFO] [33] becomes leader with 33 votes
19:57.320273393 [ INFO] [16] has timed out. starting new election...
19:57.320287083 [ INFO] [52] has timed out. starting new election...
19:57.359401796 [ INFO] [52] becomes leader with 60 votes
19:57.635874907 [ INFO] [16] candidate has timed out. starting new election...
19:57.703398794 [ INFO] [11] has timed out. starting new election...
19:57.707223372 [ INFO] [11] becomes leader with 33 votes
19:57.864051604 [ INFO] [18] has timed out. starting new election...
19:57.893606907 [ INFO] [18] becomes leader with 33 votes
19:58.077551184 [ INFO] [7] has timed out. starting new election...
19:58.119874131 [ INFO] [7] becomes leader with 62 votes
19:58.310372118 [ INFO] [44] has timed out. starting new election...
19:58.318045622 [ INFO] [33] has timed out. starting new election...
19:58.350681558 [ INFO] [33] becomes leader with 61 votes
19:58.602342959 [ INFO] [24] has timed out. starting new election...
19:58.602250754 [ INFO] [52] has timed out. starting new election...
19:58.624089492 [ INFO] [52] becomes leader with 33 votes
19:58.871959141 [ INFO] [44] has timed out. starting new election...
19:58.898977564 [ INFO] [44] becomes leader with 62 votes
19:59.056924418 [ INFO] [11] has timed out. starting new election...
19:59.059369940 [ INFO] [18] has timed out. starting new election...
19:59.063365134 [ INFO] [18] becomes leader with 33 votes
19:59.312321436 [ INFO] [7] has timed out. starting new election...
19:59.315315415 [ INFO] [7] becomes leader with 33 votes
19:59.510198422 [ INFO] [11] has timed out. starting new election...
19:59.543875279 [ INFO] [11] becomes leader with 62 votes
19:59.792071174 [ INFO] [52] has timed out. starting new election...
19:59.795165305 [ INFO] [52] becomes leader with 33 votes
20:00.056683885 [ INFO] [44] has timed out. starting new election...
20:00.069736092 [ INFO] [44] becomes leader with 33 votes
20:00.236202075 [ INFO] [33] has timed out. starting new election...
20:00.236301149 [ INFO] [24] has timed out. starting new election...
20:00.238188114 [ INFO] [58] has timed out. starting new election...
20:00.242116800 [ INFO] [24] becomes leader with 33 votes
20:00.469083347 [ INFO] [7] has timed out. starting new election...
20:00.511873684 [ INFO] [7] becomes leader with 62 votes
20:00.742335138 [ INFO] [11] has timed out. starting new election...
20:00.779873201 [ INFO] [11] becomes leader with 62 votes
20:01.014310959 [ INFO] [18] has timed out. starting new election...
20:01.047872366 [ INFO] [18] becomes leader with 62 votes
20:01.230679009 [ INFO] [44] has timed out. starting new election...
20:01.233595218 [ INFO] [44] becomes leader with 33 votes
20:01.410695036 [ INFO] [33] has timed out. starting new election...
20:01.438888980 [ INFO] [33] becomes leader with 62 votes
20:01.697452017 [ INFO] [7] has timed out. starting new election...
20:01.739874287 [ INFO] [7] becomes leader with 62 votes
20:02.015965731 [ INFO] [11] has timed out. starting new election...
20:02.059876152 [ INFO] [11] becomes leader with 62 votes
20:02.231676126 [ INFO] [18] has timed out. starting new election...
20:02.241872007 [ INFO] [18] becomes leader with 33 votes
20:02.398892810 [ INFO] [44] has timed out. starting new election...
20:02.415931168 [ INFO] [44] becomes leader with 33 votes
20:02.607615264 [ INFO] [33] has timed out. starting new election...
20:02.611615102 [ INFO] [33] becomes leader with 33 votes
20:02.893505922 [ INFO] [7] has timed out. starting new election...
20:02.907698448 [ INFO] [52] has timed out. starting new election...
20:02.947158559 [ INFO] [52] becomes leader with 41 votes
20:03.207973091 [ INFO] [7] candidate has timed out. starting new election...
20:03.219690073 [ INFO] [11] has timed out. starting new election...
20:03.224298754 [ INFO] [11] becomes leader with 33 votes
20:03.401301135 [ INFO] [18] has timed out. starting new election...
20:03.404307817 [ INFO] [18] becomes leader with 33 votes
20:03.573972175 [ INFO] [44] has timed out. starting new election...
20:03.579640679 [ INFO] [44] becomes leader with 33 votes
20:03.780648729 [ INFO] [33] has timed out. starting new election...
20:03.784045342 [ INFO] [33] becomes leader with 33 votes
20:04.117123561 [ INFO] [52] has timed out. starting new election...
20:04.120064184 [ INFO] [52] becomes leader with 33 votes
20:04.384081636 [ INFO] [11] has timed out. starting new election...
20:04.423879442 [ INFO] [11] becomes leader with 61 votes
20:04.741549153 [ INFO] [18] has timed out. starting new election...
20:04.753312116 [ INFO] [18] becomes leader with 33 votes
20:04.942657400 [ INFO] [44] has timed out. starting new election...
20:04.951777150 [ INFO] [24] has timed out. starting new election...
20:04.952819674 [ INFO] [33] has timed out. starting new election...
20:04.957557767 [ INFO] [33] becomes leader with 33 votes
20:05.258006331 [ INFO] [44] candidate has timed out. starting new election...
20:05.287921743 [ INFO] [52] has timed out. starting new election...
20:05.292988303 [ INFO] [52] becomes leader with 33 votes
20:05.461516006 [ INFO] [58] has timed out. starting new election...
20:05.502682503 [ INFO] [58] becomes leader with 60 votes
20:05.693220963 [ INFO] [11] has timed out. starting new election...
20:05.696325722 [ INFO] [11] becomes leader with 33 votes
20:05.700846347 [ INFO] [24] has timed out. starting new election...
20:05.731876956 [ INFO] [24] becomes leader with 60 votes
20:05.917646096 [ INFO] [18] has timed out. starting new election...
20:05.933309850 [ INFO] [18] becomes leader with 33 votes
20:06.126432070 [ INFO] [33] has timed out. starting new election...
20:06.143756838 [ INFO] [33] becomes leader with 33 votes
20:06.460988589 [ INFO] [52] has timed out. starting new election...
20:06.463979005 [ INFO] [52] becomes leader with 33 votes
20:06.706290712 [ INFO] [58] has timed out. starting new election...
20:06.710611987 [ INFO] [47] has timed out. starting new election...
20:06.713452650 [ INFO] [58] becomes leader with 33 votes
20:06.929907768 [ INFO] [4] has timed out. starting new election...
20:06.929985368 [ INFO] [24] has timed out. starting new election...
20:07.097195304 [ INFO] [18] has timed out. starting new election...
20:07.127881001 [ INFO] [18] becomes leader with 59 votes
20:07.370820066 [ INFO] [33] has timed out. starting new election...
20:07.406683845 [ INFO] [33] becomes leader with 59 votes
20:07.631847533 [ INFO] [52] has timed out. starting new election...
20:07.635380409 [ INFO] [52] becomes leader with 33 votes
20:07.881421151 [ INFO] [24] has timed out. starting new election...
20:07.907875310 [ INFO] [24] becomes leader with 58 votes
20:08.077920823 [ INFO] [4] has timed out. starting new election...
20:08.077978600 [ INFO] [58] has timed out. starting new election...
20:08.102759837 [ INFO] [58] becomes leader with 33 votes
20:08.366509862 [ INFO] [18] has timed out. starting new election...
20:08.378204648 [ INFO] [4] candidate has timed out. starting new election...
20:08.378615203 [ INFO] [18] becomes leader with 33 votes
20:08.582177342 [ INFO] [33] has timed out. starting new election...
20:08.598055890 [ INFO] [33] becomes leader with 33 votes
20:08.803746853 [ INFO] [52] has timed out. starting new election...
20:08.838683664 [ INFO] [52] becomes leader with 58 votes
20:09.077040055 [ INFO] [24] has timed out. starting new election...
20:09.080178792 [ INFO] [24] becomes leader with 33 votes
20:09.274686784 [ INFO] [58] has timed out. starting new election...
20:09.277810542 [ INFO] [58] becomes leader with 33 votes
20:09.538281423 [ INFO] [18] has timed out. starting new election...
20:09.541280190 [ INFO] [18] becomes leader with 33 votes
20:09.766833711 [ INFO] [33] has timed out. starting new election...
20:09.772674810 [ INFO] [47] has timed out. starting new election...
20:09.803250658 [ INFO] [47] becomes leader with 33 votes
20:10.070489788 [ INFO] [52] has timed out. starting new election...
20:10.073759518 [ INFO] [52] becomes leader with 33 votes
20:10.248810622 [ INFO] [33] has timed out. starting new election...
20:10.275705506 [ INFO] [33] becomes leader with 33 votes
20:10.463026070 [ INFO] [24] has timed out. starting new election...
20:10.465232934 [ INFO] [58] has timed out. starting new election...
20:10.471039868 [ INFO] [58] becomes leader with 33 votes
20:10.714083578 [ INFO] [18] has timed out. starting new election...
20:10.751880336 [ INFO] [18] becomes leader with 58 votes
20:10.971458264 [ INFO] [24] has timed out. starting new election...
20:10.995882592 [ INFO] [24] becomes leader with 58 votes
20:11.241722266 [ INFO] [52] has timed out. starting new election...
20:11.250252946 [ INFO] [47] has timed out. starting new election...
20:11.268257442 [ INFO] [47] becomes leader with 33 votes
20:11.467818463 [ INFO] [33] has timed out. starting new election...
20:11.518680855 [ INFO] [33] becomes leader with 58 votes
20:11.685385364 [ INFO] [52] has timed out. starting new election...
20:11.714685266 [ INFO] [52] becomes leader with 58 votes
20:11.911614966 [ INFO] [18] has timed out. starting new election...
20:11.951878243 [ INFO] [18] becomes leader with 58 votes
20:12.164287450 [ INFO] [24] has timed out. starting new election...
20:12.167341316 [ INFO] [24] becomes leader with 33 votes
20:12.440494439 [ INFO] [58] has timed out. starting new election...
20:12.443745432 [ INFO] [47] has timed out. starting new election...
20:12.446845034 [ INFO] [47] becomes leader with 33 votes
20:12.687485470 [ INFO] [33] has timed out. starting new election...
20:12.690863693 [ INFO] [33] becomes leader with 33 votes
20:12.882576539 [ INFO] [52] has timed out. starting new election...
20:12.889060737 [ INFO] [58] has timed out. starting new election...
20:12.892410801 [ INFO] [58] becomes leader with 33 votes
20:13.123949702 [ INFO] [18] has timed out. starting new election...
20:13.148981932 [ INFO] [18] becomes leader with 33 votes
20:13.335683861 [ INFO] [24] has timed out. starting new election...
20:13.338867831 [ INFO] [24] becomes leader with 33 votes
20:13.616675901 [ INFO] [52] has timed out. starting new election...
20:13.622701852 [ INFO] [47] has timed out. starting new election...
20:13.630122652 [ INFO] [52] becomes leader with 33 votes
20:13.859516287 [ INFO] [33] has timed out. starting new election...
20:13.862651923 [ INFO] [33] becomes leader with 33 votes
20:14.064212242 [ INFO] [58] has timed out. starting new election...
20:14.106681479 [ INFO] [58] becomes leader with 58 votes
20:14.308850198 [ INFO] [18] has timed out. starting new election...
20:14.311922824 [ INFO] [18] becomes leader with 33 votes
20:14.507539235 [ INFO] [24] has timed out. starting new election...
20:14.539875890 [ INFO] [24] becomes leader with 58 votes
20:14.799108412 [ INFO] [52] has timed out. starting new election...
20:14.802210150 [ INFO] [52] becomes leader with 33 votes
20:15.031331659 [ INFO] [33] has timed out. starting new election...
20:15.034906258 [ INFO] [33] becomes leader with 33 votes
20:15.278471914 [ INFO] [58] has timed out. starting new election...
20:15.306683940 [ INFO] [58] becomes leader with 58 votes
20:15.478319219 [ INFO] [18] has timed out. starting new election...
20:15.511880959 [ INFO] [18] becomes leader with 58 votes
20:15.713492165 [ INFO] [24] has timed out. starting new election...
20:15.716384728 [ INFO] [47] has timed out. starting new election...
20:15.722782421 [ INFO] [40] has timed out. starting new election...
20:15.723636082 [ INFO] [61] has timed out. starting new election...
20:15.724990437 [ INFO] [63] has timed out. starting new election...
20:15.725597840 [ INFO] [30] has timed out. starting new election...
20:15.726658255 [ INFO] [50] has timed out. starting new election...
20:15.732839513 [ INFO] [25] has timed out. starting new election...
20:15.736791488 [ INFO] [54] has timed out. starting new election...
20:15.768581493 [ INFO] [25] becomes leader with 33 votes
20:15.969846526 [ INFO] [52] has timed out. starting new election...
20:15.973025380 [ INFO] [52] becomes leader with 33 votes
20:16.214316911 [ INFO] [33] has timed out. starting new election...
20:16.217280358 [ INFO] [33] becomes leader with 33 votes
20:16.476346219 [ INFO] [24] has timed out. starting new election...
20:16.478441240 [ INFO] [58] has timed out. starting new election...
20:16.511513841 [ INFO] [58] becomes leader with 57 votes
20:16.703472237 [ INFO] [18] has timed out. starting new election...
20:16.719754609 [ INFO] [47] has timed out. starting new election...
20:16.759214142 [ INFO] [47] becomes leader with 57 votes
20:16.959716841 [ INFO] [24] has timed out. starting new election...
20:16.977706916 [ INFO] [24] becomes leader with 57 votes
20:17.142488194 [ INFO] [18] has timed out. starting new election...
20:17.160920150 [ INFO] [18] becomes leader with 33 votes
20:17.386117714 [ INFO] [33] has timed out. starting new election...
20:17.404117985 [ INFO] [33] becomes leader with 33 votes
20:17.681736334 [ INFO] [52] has timed out. starting new election...
20:17.684907951 [ INFO] [52] becomes leader with 33 votes
20:17.961967922 [ INFO] [58] has timed out. starting new election...
20:17.965121066 [ INFO] [47] has timed out. starting new election...
20:17.970591149 [ INFO] [47] becomes leader with 33 votes
20:18.290861224 [ INFO] [58] candidate has timed out. starting new election...
20:18.320932836 [ INFO] [18] has timed out. starting new election...
20:18.324013896 [ INFO] [18] becomes leader with 33 votes
20:18.572894979 [ INFO] [33] has timed out. starting new election...
20:18.575925765 [ INFO] [33] becomes leader with 33 votes
20:18.852999025 [ INFO] [52] has timed out. starting new election...
20:18.854956956 [ INFO] [24] has timed out. starting new election...
20:18.887879693 [ INFO] [24] becomes leader with 55 votes
20:19.148063624 [ INFO] [47] has timed out. starting new election...
20:19.151440530 [ INFO] [47] becomes leader with 33 votes
20:19.319802081 [ INFO] [52] has timed out. starting new election...
20:19.322865933 [ INFO] [52] becomes leader with 33 votes
20:19.483639206 [ INFO] [18] has timed out. starting new election...
20:19.487965331 [ INFO] [18] becomes leader with 33 votes
20:19.744589206 [ INFO] [33] has timed out. starting new election...
20:19.774679816 [ INFO] [33] becomes leader with 57 votes
20:20.056335516 [ INFO] [24] has timed out. starting new election...
20:20.061530341 [ INFO] [24] becomes leader with 33 votes
20:20.326106684 [ INFO] [47] has timed out. starting new election...
20:20.374680911 [ INFO] [47] becomes leader with 57 votes
20:20.647670280 [ INFO] [18] has timed out. starting new election...
20:20.652891283 [ INFO] [18] becomes leader with 33 votes
20:20.949119370 [ INFO] [52] has timed out. starting new election...
20:20.955015684 [ INFO] [52] becomes leader with 33 votes
20:21.229938130 [ INFO] [24] has timed out. starting new election...
20:21.229849304 [ INFO] [33] has timed out. starting new election...
20:21.238758361 [ INFO] [24] becomes leader with 33 votes
20:21.239124777 [ INFO] [33] becomes leader with 33 votes
20:21.560980220 [ INFO] [47] has timed out. starting new election...
20:21.602680532 [ INFO] [47] becomes leader with 56 votes
20:21.812792032 [ INFO] [18] has timed out. starting new election...
20:21.816227295 [ INFO] [18] becomes leader with 33 votes
20:22.123114166 [ INFO] [52] has timed out. starting new election...
20:22.126336997 [ INFO] [52] becomes leader with 33 votes
20:22.407473130 [ INFO] [24] has timed out. starting new election...
20:22.407978724 [ WARN] [33] panicked because it's election signal channel has failed (on send)
20:22.411104926 [ INFO] [24] becomes leader with 33 votes
20:22.411619138 [ WARN] [33] panicked because it's election signal channel has failed (on send)
20:22.589701695 [ INFO] [40] has timed out. starting new election...
20:22.590078795 [ INFO] [63] has timed out. starting new election...
20:22.590456794 [ WARN] [33] panicked because it's election signal channel has failed (on send)
20:22.605247849 [ WARN] [33] panicked because it's election signal channel has failed (on send)
20:22.607165544 [ WARN] [33] panicked because it's election signal channel has failed (on send)
20:22.610942342 [ INFO] [63] becomes leader with 55 votes
20:22.611660454 [ WARN] [33] panicked because it's election signal channel has failed (on send)
20:22.793576522 [ INFO] [61] has timed out. starting new election...
20:22.793900963 [ WARN] [33] panicked because it's election signal channel has failed (on send)
20:22.819104584 [ WARN] [33] panicked because it's election signal channel has failed (on send)
20:22.838687009 [ INFO] [61] becomes leader with 56 votes
20:22.839359010 [ WARN] [33] panicked because it's election signal channel has failed (on send)
20:22.997097388 [ INFO] [18] has timed out. starting new election...
20:22.997512658 [ WARN] [33] panicked because it's election signal channel has failed (on send)
20:23.000099809 [ INFO] [18] becomes leader with 33 votes
20:23.000590398 [ WARN] [33] panicked because it's election signal channel has failed (on send)
20:23.129001484 [ WARN] [33] panicked because it's election signal channel has failed (on send)
20:23.294104119 [ INFO] [52] has timed out. starting new election...
20:23.294516635 [ WARN] [33] panicked because it's election signal channel has failed (on send)
20:23.297493473 [ INFO] [52] becomes leader with 33 votes
20:23.298137489 [ WARN] [33] panicked because it's election signal channel has failed (on send)
20:23.414008189 [ WARN] [33] panicked because it's election signal channel has failed (on send)
20:23.579942278 [ INFO] [24] has timed out. starting new election...
20:23.580476795 [ WARN] [33] panicked because it's election signal channel has failed (on send)
20:23.584442533 [ INFO] [24] becomes leader with 33 votes
20:23.584784817 [ WARN] [33] panicked because it's election signal channel has failed (on send)
20:23.613922735 [ WARN] [33] panicked because it's election signal channel has failed (on send)
20:23.787300730 [ INFO] [47] has timed out. starting new election...
20:23.787744130 [ WARN] [33] panicked because it's election signal channel has failed (on send)
20:23.818682559 [ INFO] [47] becomes leader with 56 votes
20:23.841681114 [ WARN] [33] panicked because it's election signal channel has failed (on send)
20:23.842287120 [ WARN] [33] panicked because it's election signal channel has failed (on send)
20:24.002966896 [ WARN] [33] panicked because it's election signal channel has failed (on send)
20:24.159886902 [ INFO] [18] has timed out. starting new election...
20:24.160281503 [ WARN] [33] panicked because it's election signal channel has failed (on send)
20:24.203876895 [ INFO] [18] becomes leader with 56 votes
20:24.236151275 [ WARN] [33] panicked because it's election signal channel has failed (on send)
20:24.300415107 [ WARN] [33] panicked because it's election signal channel has failed (on send)
20:24.465452154 [ INFO] [52] has timed out. starting new election...
20:24.479964343 [ INFO] [40] has timed out. starting new election...
20:24.480461974 [ WARN] [33] panicked because it's election signal channel has failed (on send)
20:24.494681974 [ INFO] [52] becomes leader with 53 votes
20:24.495143144 [ WARN] [33] panicked because it's election signal channel has failed (on send)
20:24.510953116 [ WARN] [33] panicked because it's election signal channel has failed (on send)
20:24.587105502 [ WARN] [33] panicked because it's election signal channel has failed (on send)
20:24.753151134 [ INFO] [24] has timed out. starting new election...
20:24.768490338 [ INFO] [61] has timed out. starting new election...
20:24.768700923 [ WARN] [33] panicked because it's election signal channel has failed (on send)
20:24.780291394 [ WARN] [33] panicked because it's election signal channel has failed (on send)
20:24.785629695 [ INFO] [61] becomes leader with 55 votes
20:24.786137643 [ WARN] [33] panicked because it's election signal channel has failed (on send)
20:24.846784363 [ WARN] [33] panicked because it's election signal channel has failed (on send)
20:25.019987399 [ INFO] [47] has timed out. starting new election...
20:25.020159513 [ WARN] [33] panicked because it's election signal channel has failed (on send)
20:25.054682324 [ INFO] [47] becomes leader with 56 votes
20:25.087110656 [ WARN] [33] panicked because it's election signal channel has failed (on send)
20:25.238689053 [ WARN] [33] panicked because it's election signal channel has failed (on send)
20:25.395476672 [ INFO] [18] has timed out. starting new election...
20:25.395876786 [ WARN] [33] panicked because it's election signal channel has failed (on send)
20:25.427875825 [ INFO] [18] becomes leader with 56 votes
20:25.428418172 [ WARN] [33] panicked because it's election signal channel has failed (on send)
20:25.497401903 [ WARN] [33] panicked because it's election signal channel has failed (on send)
20:25.662576781 [ INFO] [52] has timed out. starting new election...
20:25.664702619 [ INFO] [24] has timed out. starting new election...
20:25.666722353 [ WARN] [33] panicked because it's election signal channel has failed (on send)
20:25.666800031 [ WARN] [33] panicked because it's election signal channel has failed (on send)
20:25.698682319 [ INFO] [52] becomes leader with 55 votes
20:25.699403247 [ WARN] [33] panicked because it's election signal channel has failed (on send)
20:25.791215570 [ WARN] [33] panicked because it's election signal channel has failed (on send)
20:25.964915352 [ INFO] [24] candidate has timed out. starting new election...
20:25.966358330 [ INFO] [61] has timed out. starting new election...
20:25.966515233 [ INFO] [40] has timed out. starting new election...
20:25.966901358 [ WARN] [33] panicked because it's election signal channel has failed (on send)
20:25.967117523 [ WARN] [33] panicked because it's election signal channel has failed (on send)
20:25.992285902 [ INFO] [61] becomes leader with 33 votes
20:25.992723409 [ WARN] [33] panicked because it's election signal channel has failed (on send)
20:26.089015294 [ WARN] [33] panicked because it's election signal channel has failed (on send)
20:26.261140931 [ INFO] [47] has timed out. starting new election...
20:26.261451677 [ WARN] [33] panicked because it's election signal channel has failed (on send)
20:26.294680352 [ INFO] [47] becomes leader with 55 votes
20:26.295081996 [ WARN] [33] panicked because it's election signal channel has failed (on send)
20:26.430692526 [ WARN] [33] panicked because it's election signal channel has failed (on send)
20:26.587600583 [ INFO] [18] has timed out. starting new election...
20:26.592233630 [ WARN] [33] panicked because it's election signal channel has failed (on send)
20:26.594802043 [ INFO] [18] becomes leader with 33 votes
20:26.595429052 [ WARN] [33] panicked because it's election signal channel has failed (on send)
20:26.701538503 [ WARN] [33] panicked because it's election signal channel has failed (on send)
20:26.866535531 [ INFO] [52] has timed out. starting new election...
20:26.880670071 [ INFO] [40] has timed out. starting new election...
20:26.883201271 [ INFO] [63] has timed out. starting new election...
20:26.884601428 [ INFO] [50] has timed out. starting new election...
20:26.885099002 [ WARN] [33] panicked because it's election signal channel has failed (on send)
20:26.885940582 [ WARN] [33] panicked because it's election signal channel has failed (on send)
20:26.886354438 [ WARN] [33] panicked because it's election signal channel has failed (on send)
20:26.888519768 [ INFO] [50] becomes leader with 33 votes
20:26.889444182 [ WARN] [33] panicked because it's election signal channel has failed (on send)
20:26.946763604 [ WARN] [33] panicked because it's election signal channel has failed (on send)
20:26.995247575 [ WARN] [33] panicked because it's election signal channel has failed (on send)
20:27.173530489 [ INFO] [61] has timed out. starting new election...
20:27.173815256 [ WARN] [33] panicked because it's election signal channel has failed (on send)
20:27.192241079 [ INFO] [61] becomes leader with 33 votes
20:27.192792293 [ WARN] [33] panicked because it's election signal channel has failed (on send)
20:27.297186665 [ WARN] [33] panicked because it's election signal channel has failed (on send)
20:27.464278007 [ INFO] [52] has timed out. starting new election...
20:27.464640285 [ WARN] [33] panicked because it's election signal channel has failed (on send)
20:27.498682402 [ INFO] [52] becomes leader with 55 votes
20:27.499098286 [ WARN] [33] panicked because it's election signal channel has failed (on send)
20:27.597638323 [ WARN] [33] panicked because it's election signal channel has failed (on send)
20:27.770843960 [ INFO] [47] has timed out. starting new election...
20:27.775951 [ INFO] [18] has timed out. starting new election...
20:27.776415266 [ WARN] [33] panicked because it's election signal channel has failed (on send)
20:27.793465643 [ INFO] [18] becomes leader with 33 votes
20:27.794159130 [ WARN] [33] panicked because it's election signal channel has failed (on send)
20:27.802928058 [ WARN] [33] panicked because it's election signal channel has failed (on send)
20:27.892108214 [ WARN] [33] panicked because it's election signal channel has failed (on send)
20:28.071306473 [ INFO] [40] has timed out. starting new election...
20:28.071492638 [ WARN] [33] panicked because it's election signal channel has failed (on send)
20:28.092741185 [ INFO] [40] becomes leader with 55 votes
20:28.093393630 [ WARN] [33] panicked because it's election signal channel has failed (on send)
20:28.194859756 [ WARN] [33] panicked because it's election signal channel has failed (on send)
20:28.368166537 [ INFO] [47] has timed out. starting new election...
20:28.368488677 [ WARN] [33] panicked because it's election signal channel has failed (on send)
20:28.371355315 [ INFO] [47] becomes leader with 33 votes
20:28.372065210 [ WARN] [33] panicked because it's election signal channel has failed (on send)
20:28.501390718 [ WARN] [33] panicked because it's election signal channel has failed (on send)
20:28.666281309 [ INFO] [52] has timed out. starting new election...
20:28.666827932 [ WARN] [33] panicked because it's election signal channel has failed (on send)
20:28.669564288 [ INFO] [52] becomes leader with 33 votes
20:28.670035162 [ WARN] [33] panicked because it's election signal channel has failed (on send)
20:28.796451843 [ WARN] [33] panicked because it's election signal channel has failed (on send)
20:28.967948041 [ INFO] [18] has timed out. starting new election...
20:28.968409253 [ WARN] [33] panicked because it's election signal channel has failed (on send)
20:29.011876721 [ INFO] [18] becomes leader with 55 votes
20:29.084191655 [ WARN] [33] panicked because it's election signal channel has failed (on send)
20:29.104086998 [ WARN] [33] panicked because it's election signal channel has failed (on send)
20:29.283141921 [ INFO] [40] has timed out. starting new election...
20:29.283481459 [ WARN] [33] panicked because it's election signal channel has failed (on send)
20:29.286274129 [ INFO] [40] becomes leader with 33 votes
20:29.286786708 [ WARN] [33] panicked because it's election signal channel has failed (on send)
20:29.374234660 [ WARN] [33] panicked because it's election signal channel has failed (on send)
20:29.546363122 [ INFO] [47] has timed out. starting new election...
20:29.546653779 [ WARN] [33] panicked because it's election signal channel has failed (on send)
20:29.577881332 [ INFO] [47] becomes leader with 55 votes
20:29.578282248 [ WARN] [33] panicked because it's election signal channel has failed (on send)
20:29.672251139 [ WARN] [33] panicked because it's election signal channel has failed (on send)
20:29.837222050 [ INFO] [52] has timed out. starting new election...
20:29.852905422 [ INFO] [61] has timed out. starting new election...
20:29.854196501 [ INFO] [63] has timed out. starting new election...
20:29.855878966 [ INFO] [50] has timed out. starting new election...
20:29.856392850 [ INFO] [30] has timed out. starting new election...
20:29.859857972 [ INFO] [25] has timed out. starting new election...
20:29.860715150 [ WARN] [33] panicked because it's election signal channel has failed (on send)
20:29.861097683 [ WARN] [33] panicked because it's election signal channel has failed (on send)
20:29.863041051 [ WARN] [33] panicked because it's election signal channel has failed (on send)
20:29.863216002 [ WARN] [33] panicked because it's election signal channel has failed (on send)
20:29.865156639 [ INFO] [25] becomes leader with 33 votes
20:29.865569028 [ WARN] [33] panicked because it's election signal channel has failed (on send)
20:29.886755187 [ WARN] [33] panicked because it's election signal channel has failed (on send)
20:29.920429236 [ WARN] [33] panicked because it's election signal channel has failed (on send)
20:30.090469650 [ WARN] [33] panicked because it's election signal channel has failed (on send)
20:30.162975150 [ INFO] [63] candidate has timed out. starting new election...
20:30.163123204 [ INFO] [61] candidate has timed out. starting new election...
20:30.175735400 [ INFO] [52] candidate has timed out. starting new election...
20:30.194682673 [ INFO] [50] candidate has timed out. starting new election...
20:30.220100274 [ INFO] [30] candidate has timed out. starting new election...
20:30.243138399 [ INFO] [18] has timed out. starting new election...
20:30.243638712 [ WARN] [33] panicked because it's election signal channel has failed (on send)
20:30.275878150 [ INFO] [18] becomes leader with 50 votes
20:30.284194829 [ WARN] [33] panicked because it's election signal channel has failed (on send)
20:30.288982483 [ WARN] [33] panicked because it's election signal channel has failed (on send)
20:30.468153236 [ INFO] [40] has timed out. starting new election...
20:30.468404589 [ WARN] [33] panicked because it's election signal channel has failed (on send)
20:30.510685717 [ INFO] [40] becomes leader with 50 votes
20:30.511196073 [ WARN] [33] panicked because it's election signal channel has failed (on send)
20:30.580633883 [ WARN] [33] panicked because it's election signal channel has failed (on send)
20:30.752596325 [ INFO] [47] has timed out. starting new election...
20:30.753071714 [ WARN] [33] panicked because it's election signal channel has failed (on send)
20:30.772318306 [ INFO] [47] becomes leader with 33 votes
20:30.772904703 [ WARN] [33] panicked because it's election signal channel has failed (on send)
20:30.868212309 [ WARN] [33] panicked because it's election signal channel has failed (on send)
20:31.057092586 [ INFO] [25] has timed out. starting new election...
20:31.057658927 [ WARN] [33] panicked because it's election signal channel has failed (on send)
20:31.060978529 [ INFO] [25] becomes leader with 33 votes
20:31.061790944 [ WARN] [33] panicked because it's election signal channel has failed (on send)
20:31.254356271 [ INFO] [54] has timed out. starting new election...
20:31.254599211 [ WARN] [33] panicked because it's election signal channel has failed (on send)
20:31.286560496 [ WARN] [33] panicked because it's election signal channel has failed (on send)
20:31.286681379 [ INFO] [54] becomes leader with 50 votes
20:31.287787375 [ WARN] [33] panicked because it's election signal channel has failed (on send)
20:31.459937629 [ INFO] [18] has timed out. starting new election...
20:31.484199822 [ INFO] [31] has timed out. starting new election...
20:31.486185285 [ INFO] [23] has timed out. starting new election...
20:31.490831836 [ INFO] [21] has timed out. starting new election...
20:31.492763323 [ INFO] [62] has timed out. starting new election...
20:31.495418847 [ INFO] [13] has timed out. starting new election...
20:31.495447399 [ INFO] [6] has timed out. starting new election...
20:31.496272394 [ WARN] [33] panicked because it's election signal channel has failed (on send)
20:31.496787363 [ INFO] [46] has timed out. starting new election...
20:31.500258412 [ WARN] [33] panicked because it's election signal channel has failed (on send)
20:31.509028853 [ WARN] [33] panicked because it's election signal channel has failed (on send)
20:31.510870040 [ WARN] [33] panicked because it's election signal channel has failed (on send)
20:31.512087377 [ WARN] [33] panicked because it's election signal channel has failed (on send)
20:31.512878388 [ WARN] [33] panicked because it's election signal channel has failed (on send)
20:31.515582225 [ WARN] [33] panicked because it's election signal channel has failed (on send)
20:31.525957473 [ WARN] [33] panicked because it's election signal channel has failed (on send)
20:31.531636428 [ INFO] [6] becomes leader with 43 votes
20:31.533011460 [ WARN] [33] panicked because it's election signal channel has failed (on send)
20:31.556035984 [ WARN] [33] panicked because it's election signal channel has failed (on send)
20:31.735438514 [ INFO] [40] has timed out. starting new election...
20:31.735667869 [ WARN] [33] panicked because it's election signal channel has failed (on send)
20:31.738743672 [ INFO] [40] becomes leader with 33 votes
20:31.739185837 [ WARN] [33] panicked because it's election signal channel has failed (on send)
20:31.781518176 [ WARN] [33] panicked because it's election signal channel has failed (on send)
20:31.938663073 [ INFO] [18] has timed out. starting new election...
20:31.939228852 [ WARN] [33] panicked because it's election signal channel has failed (on send)
20:31.979878786 [ INFO] [18] becomes leader with 50 votes
20:31.980477862 [ WARN] [33] panicked because it's election signal channel has failed (on send)
20:32.063997942 [ WARN] [33] panicked because it's election signal channel has failed (on send)
20:32.237174057 [ INFO] [47] has timed out. starting new election...
20:32.252868698 [ INFO] [25] has timed out. starting new election...
20:32.253416702 [ WARN] [33] panicked because it's election signal channel has failed (on send)
20:32.253870952 [ WARN] [33] panicked because it's election signal channel has failed (on send)
20:32.263889585 [ INFO] [25] becomes leader with 47 votes
20:32.279130746 [ WARN] [33] panicked because it's election signal channel has failed (on send)
20:32.289701737 [ WARN] [33] panicked because it's election signal channel has failed (on send)
20:32.481820991 [ INFO] [54] has timed out. starting new election...
20:32.482089571 [ WARN] [33] panicked because it's election signal channel has failed (on send)
20:32.514683409 [ INFO] [54] becomes leader with 50 votes
20:32.553689771 [ WARN] [33] panicked because it's election signal channel has failed (on send)
20:32.586853041 [ WARN] [33] panicked because it's election signal channel has failed (on send)
20:32.741599323 [ WARN] [33] panicked because it's election signal channel has failed (on send)
20:32.914902344 [ INFO] [47] has timed out. starting new election...
20:32.915318517 [ WARN] [33] panicked because it's election signal channel has failed (on send)
20:32.938682699 [ INFO] [47] becomes leader with 50 votes
20:32.939131863 [ WARN] [33] panicked because it's election signal channel has failed (on send)
20:32.982845094 [ WARN] [33] panicked because it's election signal channel has failed (on send)
20:33.139324634 [ INFO] [18] has timed out. starting new election...
20:33.139829966 [ WARN] [33] panicked because it's election signal channel has failed (on send)
20:33.142163104 [ INFO] [18] becomes leader with 33 votes
20:33.142782718 [ WARN] [33] panicked because it's election signal channel has failed (on send)
20:33.281449687 [ WARN] [33] panicked because it's election signal channel has failed (on send)
20:33.461027263 [ INFO] [40] has timed out. starting new election...
20:33.461442036 [ WARN] [33] panicked because it's election signal channel has failed (on send)
20:33.502681284 [ INFO] [40] becomes leader with 50 votes
20:33.503224199 [ WARN] [33] panicked because it's election signal channel has failed (on send)
20:33.591212174 [ WARN] [33] panicked because it's election signal channel has failed (on send)
20:33.781572768 [ INFO] [25] has timed out. starting new election...
20:33.782800639 [ WARN] [33] panicked because it's election signal channel has failed (on send)
20:33.787890240 [ INFO] [25] becomes leader with 48 votes
20:33.788639863 [ WARN] [33] panicked because it's election signal channel has failed (on send)
20:33.941134502 [ WARN] [33] panicked because it's election signal channel has failed (on send)
20:34.125753196 [ INFO] [47] has timed out. starting new election...
20:34.126175979 [ WARN] [33] panicked because it's election signal channel has failed (on send)
20:34.145049591 [ WARN] [33] panicked because it's election signal channel has failed (on send)
20:34.154681276 [ INFO] [47] becomes leader with 50 votes
20:34.155193370 [ WARN] [33] panicked because it's election signal channel has failed (on send)
20:34.311555951 [ INFO] [18] has timed out. starting new election...
20:34.311870118 [ WARN] [33] panicked because it's election signal channel has failed (on send)
20:34.321216680 [ INFO] [18] becomes leader with 33 votes
20:34.321642556 [ WARN] [33] panicked because it's election signal channel has failed (on send)
20:34.505221710 [ WARN] [33] panicked because it's election signal channel has failed (on send)
20:34.684153042 [ INFO] [40] has timed out. starting new election...
20:34.684535953 [ WARN] [33] panicked because it's election signal channel has failed (on send)
20:34.687815723 [ INFO] [40] becomes leader with 33 votes
20:34.688339270 [ WARN] [33] panicked because it's election signal channel has failed (on send)
20:34.790957332 [ WARN] [33] panicked because it's election signal channel has failed (on send)
20:34.979874992 [ INFO] [25] has timed out. starting new election...
20:34.980695703 [ WARN] [33] panicked because it's election signal channel has failed (on send)
20:34.983188923 [ INFO] [25] becomes leader with 33 votes
20:34.984413739 [ WARN] [33] panicked because it's election signal channel has failed (on send)
20:35.172184694 [ WARN] [33] panicked because it's election signal channel has failed (on send)
20:35.324163901 [ WARN] [33] panicked because it's election signal channel has failed (on send)
20:35.480883677 [ INFO] [18] has timed out. starting new election...
20:35.492213201 [ WARN] [33] panicked because it's election signal channel has failed (on send)
20:35.503877436 [ INFO] [18] becomes leader with 49 votes
20:35.527069692 [ WARN] [33] panicked because it's election signal channel has failed (on send)
20:35.690627817 [ WARN] [33] panicked because it's election signal channel has failed (on send)
20:35.863990286 [ INFO] [47] has timed out. starting new election...
20:35.864420366 [ WARN] [33] panicked because it's election signal channel has failed (on send)
20:35.884376180 [ INFO] [47] becomes leader with 33 votes
20:35.884951713 [ WARN] [33] panicked because it's election signal channel has failed (on send)
20:35.986699448 [ WARN] [33] panicked because it's election signal channel has failed (on send)
20:36.166207938 [ INFO] [40] has timed out. starting new election...
20:36.175531371 [ INFO] [25] has timed out. starting new election...
20:36.176196629 [ WARN] [33] panicked because it's election signal channel has failed (on send)
20:36.179056425 [ WARN] [33] panicked because it's election signal channel has failed (on send)
20:36.181387348 [ INFO] [25] becomes leader with 33 votes
20:36.182104327 [ WARN] [33] panicked because it's election signal channel has failed (on send)
20:36.373858240 [ INFO] [54] has timed out. starting new election...
20:36.374715100 [ WARN] [33] panicked because it's election signal channel has failed (on send)
20:36.406684993 [ INFO] [54] becomes leader with 50 votes
20:36.407027586 [ WARN] [33] panicked because it's election signal channel has failed (on send)
20:36.529272098 [ WARN] [33] panicked because it's election signal channel has failed (on send)
20:36.686104186 [ INFO] [18] has timed out. starting new election...
20:36.686508571 [ WARN] [33] panicked because it's election signal channel has failed (on send)
20:36.690051474 [ INFO] [18] becomes leader with 33 votes
20:36.690758211 [ WARN] [33] panicked because it's election signal channel has failed (on send)
20:36.869364057 [ INFO] [40] has timed out. starting new election...
20:36.869684371 [ WARN] [33] panicked because it's election signal channel has failed (on send)
20:36.887325579 [ WARN] [33] panicked because it's election signal channel has failed (on send)
20:36.907230320 [ INFO] [40] becomes leader with 50 votes
20:36.907673195 [ WARN] [33] panicked because it's election signal channel has failed (on send)
20:37.080843855 [ INFO] [47] has timed out. starting new election...
20:37.105919638 [ INFO] [31] has timed out. starting new election...
20:37.108678248 [ INFO] [23] has timed out. starting new election...
20:37.110934342 [ WARN] [33] panicked because it's election signal channel has failed (on send)
20:37.114131981 [ INFO] [6] has timed out. starting new election...
20:37.128423579 [ WARN] [33] panicked because it's election signal channel has failed (on send)
20:37.128715076 [ WARN] [33] panicked because it's election signal channel has failed (on send)
20:37.129582493 [ WARN] [33] panicked because it's election signal channel has failed (on send)
20:37.138339035 [ INFO] [47] becomes leader with 47 votes
20:37.138640404 [ WARN] [33] panicked because it's election signal channel has failed (on send)
20:37.184196833 [ WARN] [33] panicked because it's election signal channel has failed (on send)
20:37.373151813 [ INFO] [25] has timed out. starting new election...
20:37.373457676 [ WARN] [33] panicked because it's election signal channel has failed (on send)
20:37.376287449 [ INFO] [25] becomes leader with 33 votes
20:37.376922410 [ WARN] [33] panicked because it's election signal channel has failed (on send)
20:37.409525070 [ WARN] [33] panicked because it's election signal channel has failed (on send)
20:37.601527243 [ INFO] [54] has timed out. starting new election...
20:37.601908174 [ WARN] [33] panicked because it's election signal channel has failed (on send)
20:37.642681950 [ INFO] [54] becomes leader with 50 votes
20:37.673124185 [ WARN] [33] panicked because it's election signal channel has failed (on send)
20:37.692995361 [ WARN] [33] panicked because it's election signal channel has failed (on send)
20:37.849651952 [ INFO] [18] has timed out. starting new election...
20:37.850144159 [ WARN] [33] panicked because it's election signal channel has failed (on send)
20:37.879876677 [ INFO] [18] becomes leader with 50 votes
20:37.904265143 [ WARN] [33] panicked because it's election signal channel has failed (on send)
20:37.909996264 [ WARN] [33] panicked because it's election signal channel has failed (on send)
20:38.089004741 [ INFO] [40] has timed out. starting new election...
20:38.089354226 [ WARN] [33] panicked because it's election signal channel has failed (on send)
20:38.112066716 [ INFO] [40] becomes leader with 33 votes
20:38.112634841 [ WARN] [33] panicked because it's election signal channel has failed (on send)
20:38.148173737 [ WARN] [33] panicked because it's election signal channel has failed (on send)
20:38.320105202 [ INFO] [47] has timed out. starting new election...
20:38.320341198 [ WARN] [33] panicked because it's election signal channel has failed (on send)
20:38.336136364 [ INFO] [47] becomes leader with 33 votes
20:38.336689056 [ WARN] [33] panicked because it's election signal channel has failed (on send)
20:38.378986220 [ WARN] [33] panicked because it's election signal channel has failed (on send)
20:38.567861669 [ INFO] [25] has timed out. starting new election...
20:38.568434995 [ WARN] [33] panicked because it's election signal channel has failed (on send)
20:38.571182657 [ INFO] [25] becomes leader with 33 votes
20:38.572015655 [ WARN] [33] panicked because it's election signal channel has failed (on send)
20:38.677882588 [ WARN] [33] panicked because it's election signal channel has failed (on send)
20:38.867176172 [ INFO] [54] has timed out. starting new election...
20:38.867339531 [ WARN] [33] panicked because it's election signal channel has failed (on send)
20:38.906506589 [ WARN] [33] panicked because it's election signal channel has failed (on send)
20:38.922681117 [ INFO] [54] becomes leader with 50 votes
20:38.923076816 [ WARN] [33] panicked because it's election signal channel has failed (on send)
20:39.078903009 [ INFO] [18] has timed out. starting new election...
20:39.079397509 [ WARN] [33] panicked because it's election signal channel has failed (on send)
20:39.107872400 [ INFO] [18] becomes leader with 50 votes
20:39.114752034 [ WARN] [33] panicked because it's election signal channel has failed (on send)
20:39.115240674 [ WARN] [33] panicked because it's election signal channel has failed (on send)
20:39.312753940 [ INFO] [40] has timed out. starting new election...
20:39.313067083 [ WARN] [33] panicked because it's election signal channel has failed (on send)
20:39.339114447 [ WARN] [33] panicked because it's election signal channel has failed (on send)
20:39.339296178 [ INFO] [40] becomes leader with 50 votes
20:39.339888116 [ WARN] [33] panicked because it's election signal channel has failed (on send)
20:39.515296533 [ INFO] [47] has timed out. starting new election...
20:39.515716658 [ WARN] [33] panicked because it's election signal channel has failed (on send)
20:39.546680891 [ INFO] [47] becomes leader with 50 votes
20:39.547192616 [ WARN] [33] panicked because it's election signal channel has failed (on send)
20:39.581539767 [ WARN] [33] panicked because it's election signal channel has failed (on send)
20:39.770520681 [ INFO] [25] has timed out. starting new election...
20:39.771166188 [ WARN] [33] panicked because it's election signal channel has failed (on send)
20:39.773741720 [ INFO] [25] becomes leader with 33 votes
20:39.774721904 [ WARN] [33] panicked because it's election signal channel has failed (on send)
20:39.925298445 [ WARN] [33] panicked because it's election signal channel has failed (on send)
20:40.116914769 [ WARN] [33] panicked because it's election signal channel has failed (on send)
20:40.287949260 [ INFO] [18] has timed out. starting new election...
20:40.288253561 [ WARN] [33] panicked because it's election signal channel has failed (on send)
20:40.319874620 [ INFO] [18] becomes leader with 50 votes
20:40.320530550 [ WARN] [33] panicked because it's election signal channel has failed (on send)
20:40.342185209 [ WARN] [33] panicked because it's election signal channel has failed (on send)
20:40.521164704 [ INFO] [40] has timed out. starting new election...
20:40.521534451 [ WARN] [33] panicked because it's election signal channel has failed (on send)
20:40.524315865 [ INFO] [40] becomes leader with 33 votes
20:40.524826981 [ WARN] [33] panicked because it's election signal channel has failed (on send)
20:40.549414671 [ WARN] [33] panicked because it's election signal channel has failed (on send)
20:40.721387106 [ INFO] [47] has timed out. starting new election...
20:40.721733418 [ WARN] [33] panicked because it's election signal channel has failed (on send)
20:40.724373937 [ INFO] [47] becomes leader with 33 votes
20:40.725023341 [ WARN] [33] panicked because it's election signal channel has failed (on send)
20:40.777398425 [ WARN] [33] panicked because it's election signal channel has failed (on send)
20:40.966128090 [ INFO] [25] has timed out. starting new election...
20:40.966843342 [ WARN] [33] panicked because it's election signal channel has failed (on send)
20:40.970019185 [ INFO] [25] becomes leader with 33 votes
20:40.970826785 [ WARN] [33] panicked because it's election signal channel has failed (on send)
20:41.164889971 [ INFO] [54] has timed out. starting new election...
20:41.165312460 [ WARN] [33] panicked because it's election signal channel has failed (on send)
20:41.198683287 [ INFO] [54] becomes leader with 50 votes
20:41.294951337 [ WARN] [33] panicked because it's election signal channel has failed (on send)
20:41.322618590 [ WARN] [33] panicked because it's election signal channel has failed (on send)
20:41.479497741 [ INFO] [18] has timed out. starting new election...
20:41.479919596 [ WARN] [33] panicked because it's election signal channel has failed (on send)
20:41.497328402 [ INFO] [18] becomes leader with 33 votes
20:41.498046754 [ WARN] [33] panicked because it's election signal channel has failed (on send)
20:41.527122757 [ WARN] [33] panicked because it's election signal channel has failed (on send)
20:41.706117514 [ INFO] [40] has timed out. starting new election...
20:41.706530817 [ WARN] [33] panicked because it's election signal channel has failed (on send)
20:41.709314347 [ INFO] [40] becomes leader with 33 votes
20:41.709707440 [ WARN] [33] panicked because it's election signal channel has failed (on send)
20:41.727763258 [ WARN] [33] panicked because it's election signal channel has failed (on send)
20:41.899687649 [ INFO] [47] has timed out. starting new election...
20:41.900210326 [ WARN] [33] panicked because it's election signal channel has failed (on send)
20:41.934682948 [ INFO] [47] becomes leader with 50 votes
20:41.935252375 [ WARN] [33] panicked because it's election signal channel has failed (on send)
20:41.973242202 [ WARN] [33] panicked because it's election signal channel has failed (on send)
20:42.161850971 [ INFO] [25] has timed out. starting new election...
20:42.162308822 [ WARN] [33] panicked because it's election signal channel has failed (on send)
20:42.167891555 [ INFO] [25] becomes leader with 47 votes
20:42.168539918 [ WARN] [33] panicked because it's election signal channel has failed (on send)
20:42.297260003 [ WARN] [33] panicked because it's election signal channel has failed (on send)
20:42.489199992 [ INFO] [54] has timed out. starting new election...
20:42.494286526 [ INFO] [31] has timed out. starting new election...
20:42.494832905 [ WARN] [33] panicked because it's election signal channel has failed (on send)
20:42.497170169 [ WARN] [33] panicked because it's election signal channel has failed (on send)
20:42.500591732 [ WARN] [33] panicked because it's election signal channel has failed (on send)
20:42.517831919 [ INFO] [31] becomes leader with 33 votes
20:42.518518443 [ WARN] [33] panicked because it's election signal channel has failed (on send)
20:42.674429323 [ INFO] [18] has timed out. starting new election...
20:42.715889430 [ WARN] [33] panicked because it's election signal channel has failed (on send)
20:42.780297628 [ WARN] [33] panicked because it's election signal channel has failed (on send)
20:42.811874607 [ INFO] [18] becomes leader with 50 votes
20:42.840272846 [ WARN] [33] panicked because it's election signal channel has failed (on send)
20:42.937463663 [ WARN] [33] panicked because it's election signal channel has failed (on send)
20:43.109391856 [ INFO] [47] has timed out. starting new election...
20:43.109740164 [ WARN] [33] panicked because it's election signal channel has failed (on send)
20:43.124379783 [ INFO] [47] becomes leader with 33 votes
20:43.124803933 [ WARN] [33] panicked because it's election signal channel has failed (on send)
20:43.171105608 [ WARN] [33] panicked because it's election signal channel has failed (on send)
20:43.350549967 [ INFO] [40] has timed out. starting new election...
20:43.360071800 [ INFO] [25] has timed out. starting new election...
20:43.360662584 [ WARN] [33] panicked because it's election signal channel has failed (on send)
20:43.361078983 [ WARN] [33] panicked because it's election signal channel has failed (on send)
20:43.370590695 [ INFO] [25] becomes leader with 33 votes
20:43.371346943 [ WARN] [33] panicked because it's election signal channel has failed (on send)
20:43.520998026 [ WARN] [33] panicked because it's election signal channel has failed (on send)
20:43.661191849 [ INFO] [40] candidate has timed out. starting new election...
20:43.714831860 [ INFO] [54] has timed out. starting new election...
20:43.715117491 [ WARN] [33] panicked because it's election signal channel has failed (on send)
20:43.731732682 [ INFO] [54] becomes leader with 33 votes
20:43.732324995 [ WARN] [33] panicked because it's election signal channel has failed (on send)
20:43.842414669 [ WARN] [33] panicked because it's election signal channel has failed (on send)
20:43.999273336 [ INFO] [18] has timed out. starting new election...
20:43.999672797 [ WARN] [33] panicked because it's election signal channel has failed (on send)
20:44.002180269 [ INFO] [18] becomes leader with 33 votes
20:44.002807180 [ WARN] [33] panicked because it's election signal channel has failed (on send)
20:44.126887260 [ WARN] [33] panicked because it's election signal channel has failed (on send)
20:44.298988132 [ INFO] [47] has timed out. starting new election...
20:44.299269296 [ WARN] [33] panicked because it's election signal channel has failed (on send)
20:44.342683376 [ INFO] [47] becomes leader with 49 votes
20:44.343079672 [ WARN] [33] panicked because it's election signal channel has failed (on send)
20:44.373538048 [ WARN] [33] panicked because it's election signal channel has failed (on send)
20:44.562382699 [ INFO] [25] has timed out. starting new election...
20:44.562942311 [ WARN] [33] panicked because it's election signal channel has failed (on send)
20:44.568340598 [ INFO] [25] becomes leader with 33 votes
20:44.569043217 [ WARN] [33] panicked because it's election signal channel has failed (on send)
20:44.734792099 [ WARN] [33] panicked because it's election signal channel has failed (on send)
20:44.926656312 [ INFO] [54] has timed out. starting new election...
20:44.927031381 [ WARN] [33] panicked because it's election signal channel has failed (on send)
20:44.929785210 [ INFO] [54] becomes leader with 33 votes
20:44.930272752 [ WARN] [33] panicked because it's election signal channel has failed (on send)
20:45.004931796 [ WARN] [33] panicked because it's election signal channel has failed (on send)
20:45.167947189 [ INFO] [18] has timed out. starting new election...
20:45.170035920 [ WARN] [33] panicked because it's election signal channel has failed (on send)
20:45.171228333 [ INFO] [18] becomes leader with 33 votes
20:45.171744563 [ WARN] [33] panicked because it's election signal channel has failed (on send)
20:45.345236116 [ WARN] [33] panicked because it's election signal channel has failed (on send)
20:45.517321456 [ INFO] [47] has timed out. starting new election...
20:45.517629326 [ WARN] [33] panicked because it's election signal channel has failed (on send)
20:45.521220060 [ INFO] [47] becomes leader with 33 votes
20:45.521861154 [ WARN] [33] panicked because it's election signal channel has failed (on send)
20:45.571309728 [ WARN] [33] panicked because it's election signal channel has failed (on send)
20:45.760088104 [ INFO] [25] has timed out. starting new election...
20:45.760694953 [ WARN] [33] panicked because it's election signal channel has failed (on send)
20:45.776759789 [ INFO] [25] becomes leader with 33 votes
20:45.777346605 [ WARN] [33] panicked because it's election signal channel has failed (on send)
20:45.932809794 [ WARN] [33] panicked because it's election signal channel has failed (on send)
20:46.124729169 [ INFO] [54] has timed out. starting new election...
20:46.125212971 [ WARN] [33] panicked because it's election signal channel has failed (on send)
20:46.129982610 [ INFO] [54] becomes leader with 33 votes
20:46.130575174 [ WARN] [33] panicked because it's election signal channel has failed (on send)
20:46.173989378 [ WARN] [33] panicked because it's election signal channel has failed (on send)
20:46.330703788 [ INFO] [18] has timed out. starting new election...
20:46.331139494 [ WARN] [33] panicked because it's election signal channel has failed (on send)
20:46.371875773 [ INFO] [18] becomes leader with 49 votes
20:46.404211970 [ WARN] [33] panicked because it's election signal channel has failed (on send)
20:46.524022226 [ WARN] [33] panicked because it's election signal channel has failed (on send)
20:46.696006827 [ INFO] [47] has timed out. starting new election...
20:46.696288432 [ WARN] [33] panicked because it's election signal channel has failed (on send)
20:46.699026920 [ INFO] [47] becomes leader with 33 votes
20:46.699492642 [ WARN] [33] panicked because it's election signal channel has failed (on send)
20:46.779720793 [ WARN] [33] panicked because it's election signal channel has failed (on send)
20:46.968482621 [ INFO] [25] has timed out. starting new election...
20:46.969225375 [ WARN] [33] panicked because it's election signal channel has failed (on send)
20:46.971680163 [ INFO] [25] becomes leader with 33 votes
20:46.972560329 [ WARN] [33] panicked because it's election signal channel has failed (on send)
20:47.132728710 [ WARN] [33] panicked because it's election signal channel has failed (on send)
20:47.324893547 [ INFO] [54] has timed out. starting new election...
20:47.330347590 [ INFO] [31] has timed out. starting new election...
20:47.332634975 [ INFO] [23] has timed out. starting new election...
20:47.337444983 [ INFO] [21] has timed out. starting new election...
20:47.338135221 [ WARN] [33] panicked because it's election signal channel has failed (on send)
20:47.378886716 [ WARN] [33] panicked because it's election signal channel has failed (on send)
20:47.380088309 [ INFO] [21] becomes leader with 46 votes
20:47.380935251 [ WARN] [33] panicked because it's election signal channel has failed (on send)
20:47.381156439 [ WARN] [33] panicked because it's election signal channel has failed (on send)
20:47.384334100 [ WARN] [33] panicked because it's election signal channel has failed (on send)
20:47.406357099 [ WARN] [33] panicked because it's election signal channel has failed (on send)
20:47.563310416 [ INFO] [18] has timed out. starting new election...
20:47.563647002 [ WARN] [33] panicked because it's election signal channel has failed (on send)
20:47.595876525 [ INFO] [18] becomes leader with 49 votes
20:47.596460133 [ WARN] [33] panicked because it's election signal channel has failed (on send)
20:47.701650137 [ WARN] [33] panicked because it's election signal channel has failed (on send)
20:47.873646763 [ INFO] [47] has timed out. starting new election...
20:47.874044214 [ WARN] [33] panicked because it's election signal channel has failed (on send)
20:47.877568807 [ INFO] [47] becomes leader with 33 votes
20:47.878342522 [ WARN] [33] panicked because it's election signal channel has failed (on send)
20:47.974611432 [ WARN] [33] panicked because it's election signal channel has failed (on send)
20:48.163389185 [ INFO] [25] has timed out. starting new election...
20:48.163961045 [ WARN] [33] panicked because it's election signal channel has failed (on send)
20:48.195874329 [ INFO] [25] becomes leader with 49 votes
20:48.212310899 [ WARN] [33] panicked because it's election signal channel has failed (on send)
20:48.383391445 [ WARN] [33] panicked because it's election signal channel has failed (on send)
20:48.576971430 [ INFO] [54] has timed out. starting new election...
20:48.577282033 [ WARN] [33] panicked because it's election signal channel has failed (on send)
20:48.580184004 [ INFO] [54] becomes leader with 33 votes
20:48.580861532 [ WARN] [33] panicked because it's election signal channel has failed (on send)
20:48.598796929 [ WARN] [33] panicked because it's election signal channel has failed (on send)
20:48.755543781 [ INFO] [18] has timed out. starting new election...
20:48.756039058 [ WARN] [33] panicked because it's election signal channel has failed (on send)
20:48.760173187 [ INFO] [18] becomes leader with 33 votes
20:48.760964748 [ WARN] [33] panicked because it's election signal channel has failed (on send)
20:48.880705853 [ WARN] [33] panicked because it's election signal channel has failed (on send)
20:49.052588673 [ INFO] [47] has timed out. starting new election...
20:49.052910317 [ WARN] [33] panicked because it's election signal channel has failed (on send)
20:49.056998538 [ INFO] [47] becomes leader with 33 votes
20:49.057511245 [ WARN] [33] panicked because it's election signal channel has failed (on send)
20:49.214647313 [ WARN] [33] panicked because it's election signal channel has failed (on send)
20:49.403276504 [ INFO] [25] has timed out. starting new election...
20:49.403882732 [ WARN] [33] panicked because it's election signal channel has failed (on send)
20:49.407889846 [ INFO] [25] becomes leader with 46 votes
20:49.408746823 [ WARN] [33] panicked because it's election signal channel has failed (on send)
20:49.583195865 [ WARN] [33] panicked because it's election signal channel has failed (on send)
20:49.763158109 [ WARN] [33] panicked because it's election signal channel has failed (on send)
20:49.919851343 [ INFO] [18] has timed out. starting new election...
20:49.920509446 [ WARN] [33] panicked because it's election signal channel has failed (on send)
20:49.922960388 [ INFO] [18] becomes leader with 33 votes
20:49.923585926 [ WARN] [33] panicked because it's election signal channel has failed (on send)
20:50.059688468 [ WARN] [33] panicked because it's election signal channel has failed (on send)
20:50.231904769 [ INFO] [47] has timed out. starting new election...
20:50.232279899 [ WARN] [33] panicked because it's election signal channel has failed (on send)
20:50.266680707 [ INFO] [47] becomes leader with 49 votes
20:50.298974478 [ WARN] [33] panicked because it's election signal channel has failed (on send)
20:50.411019057 [ WARN] [33] panicked because it's election signal channel has failed (on send)
20:50.599756907 [ INFO] [25] has timed out. starting new election...
20:50.600372841 [ WARN] [33] panicked because it's election signal channel has failed (on send)
20:50.603900364 [ INFO] [25] becomes leader with 46 votes
20:50.604648755 [ WARN] [33] panicked because it's election signal channel has failed (on send)
20:50.798002810 [ INFO] [54] has timed out. starting new election...
20:50.798289950 [ WARN] [33] panicked because it's election signal channel has failed (on send)
20:50.826682209 [ INFO] [54] becomes leader with 49 votes
20:50.858947339 [ WARN] [33] panicked because it's election signal channel has failed (on send)
20:50.925753695 [ WARN] [33] panicked because it's election signal channel has failed (on send)
20:51.082492805 [ INFO] [18] has timed out. starting new election...
20:51.083007716 [ WARN] [33] panicked because it's election signal channel has failed (on send)
20:51.123877559 [ INFO] [18] becomes leader with 49 votes
20:51.124530675 [ WARN] [33] panicked because it's election signal channel has failed (on send)
20:51.312169053 [ WARN] [33] panicked because it's election signal channel has failed (on send)
20:51.484066978 [ INFO] [47] has timed out. starting new election...
20:51.509630925 [ INFO] [31] has timed out. starting new election...
20:51.510226898 [ WARN] [33] panicked because it's election signal channel has failed (on send)
20:51.510424357 [ WARN] [33] panicked because it's election signal channel has failed (on send)
20:51.533881451 [ INFO] [31] becomes leader with 33 votes
20:51.534632737 [ WARN] [33] panicked because it's election signal channel has failed (on send)
20:51.613469887 [ WARN] [33] panicked because it's election signal channel has failed (on send)
20:51.802191353 [ INFO] [25] has timed out. starting new election...
20:51.802534542 [ WARN] [33] panicked because it's election signal channel has failed (on send)
20:51.805081282 [ INFO] [25] becomes leader with 33 votes
20:51.805719530 [ WARN] [33] panicked because it's election signal channel has failed (on send)
20:51.861215398 [ WARN] [33] panicked because it's election signal channel has failed (on send)
20:52.034438016 [ INFO] [47] has timed out. starting new election...
20:52.034771937 [ WARN] [33] panicked because it's election signal channel has failed (on send)
20:52.037406285 [ INFO] [47] becomes leader with 33 votes
20:52.037874921 [ WARN] [33] panicked because it's election signal channel has failed (on send)
20:52.126774422 [ WARN] [33] panicked because it's election signal channel has failed (on send)
20:52.765007691 [ INFO] [35] has timed out. starting new election...
20:52.980684536 [ INFO] [38] has timed out. starting new election...
20:52.988664614 [ INFO] [45] has timed out. starting new election...
20:52.984139114 [ INFO] [48] has timed out. starting new election...
20:52.332769103 [ INFO] [62] has timed out. starting new election...
20:52.972578191 [ INFO] [62] has timed out. starting new election...
20:52.320221060 [ INFO] [54] has timed out. starting new election...
20:52.766277737 [ INFO] [54] has timed out. starting new election...
20:52.552645659 [ INFO] [46] has timed out. starting new election...
20:52.994754234 [ INFO] [46] has timed out. starting new election...
20:52.333084317 [ WARN] [33] panicked because it's election signal channel has failed (on send)
20:52.342301684 [ WARN] [33] panicked because it's election signal channel has failed (on send)
20:52.553022398 [ WARN] [33] panicked because it's election signal channel has failed (on send)
20:52.766556343 [ WARN] [33] panicked because it's election signal channel has failed (on send)
20:52.995176933 [ WARN] [33] panicked because it's election signal channel has failed (on send)
20:52.995369632 [ WARN] [33] panicked because it's election signal channel has failed (on send)
20:53.040084777 [ WARN] [33] panicked because it's election signal channel has failed (on send)
