[1579511815.503102] [dahu-29:13739:0]       ib_iface.c:696  UCX  ERROR ibv_create_cq(cqe=4096) failed: Function not implemented
[1579511815.509720] [dahu-29:13742:0]       ib_iface.c:696  UCX  ERROR ibv_create_cq(cqe=4096) failed: Function not implemented
[1579511815.511493] [dahu-29:13737:0]       ib_iface.c:696  UCX  ERROR ibv_create_cq(cqe=4096) failed: Function not implemented
[1579511815.513307] [dahu-29:13756:0]       ib_iface.c:696  UCX  ERROR ibv_create_cq(cqe=4096) failed: Function not implemented
[1579511815.514580] [dahu-29:13750:0]       ib_iface.c:696  UCX  ERROR ibv_create_cq(cqe=4096) failed: Function not implemented
[1579511815.515117] [dahu-29:13743:0]       ib_iface.c:696  UCX  ERROR ibv_create_cq(cqe=4096) failed: Function not implemented
[1579511815.516371] [dahu-29:13753:0]       ib_iface.c:696  UCX  ERROR ibv_create_cq(cqe=4096) failed: Function not implemented
[1579511815.517244] [dahu-29:13755:0]       ib_iface.c:696  UCX  ERROR ibv_create_cq(cqe=4096) failed: Function not implemented
[1579511815.518337] [dahu-29:13746:0]       ib_iface.c:696  UCX  ERROR ibv_create_cq(cqe=4096) failed: Function not implemented
[1579511815.519307] [dahu-29:13741:0]       ib_iface.c:696  UCX  ERROR ibv_create_cq(cqe=4096) failed: Function not implemented
[1579511815.519596] [dahu-29:13754:0]       ib_iface.c:696  UCX  ERROR ibv_create_cq(cqe=4096) failed: Function not implemented
[1579511815.520276] [dahu-29:13736:0]       ib_iface.c:696  UCX  ERROR ibv_create_cq(cqe=4096) failed: Function not implemented
[1579511815.520323] [dahu-29:13740:0]       ib_iface.c:696  UCX  ERROR ibv_create_cq(cqe=4096) failed: Function not implemented
[1579511815.520651] [dahu-29:13757:0]       ib_iface.c:696  UCX  ERROR ibv_create_cq(cqe=4096) failed: Function not implemented
[1579511815.520728] [dahu-29:13752:0]       ib_iface.c:696  UCX  ERROR ibv_create_cq(cqe=4096) failed: Function not implemented
[1579511815.521562] [dahu-29:13735:0]       ib_iface.c:696  UCX  ERROR ibv_create_cq(cqe=4096) failed: Function not implemented
[1579511815.523152] [dahu-29:13762:0]       ib_iface.c:696  UCX  ERROR ibv_create_cq(cqe=4096) failed: Function not implemented
[1579511815.524600] [dahu-29:13760:0]       ib_iface.c:696  UCX  ERROR ibv_create_cq(cqe=4096) failed: Function not implemented
[1579511815.525083] [dahu-29:13761:0]       ib_iface.c:696  UCX  ERROR ibv_create_cq(cqe=4096) failed: Function not implemented
[1579511815.525449] [dahu-29:13738:0]       ib_iface.c:696  UCX  ERROR ibv_create_cq(cqe=4096) failed: Function not implemented
[1579511815.526174] [dahu-29:13765:0]       ib_iface.c:696  UCX  ERROR ibv_create_cq(cqe=4096) failed: Function not implemented
[1579511815.527878] [dahu-29:13751:0]       ib_iface.c:696  UCX  ERROR ibv_create_cq(cqe=4096) failed: Function not implemented
[1579511815.529317] [dahu-29:13758:0]       ib_iface.c:696  UCX  ERROR ibv_create_cq(cqe=4096) failed: Function not implemented
[1579511815.529771] [dahu-29:13744:0]       ib_iface.c:696  UCX  ERROR ibv_create_cq(cqe=4096) failed: Function not implemented
[1579511815.531793] [dahu-29:13749:0]       ib_iface.c:696  UCX  ERROR ibv_create_cq(cqe=4096) failed: Function not implemented
[1579511815.532229] [dahu-29:13747:0]       ib_iface.c:696  UCX  ERROR ibv_create_cq(cqe=4096) failed: Function not implemented
[1579511815.532186] [dahu-29:13764:0]       ib_iface.c:696  UCX  ERROR ibv_create_cq(cqe=4096) failed: Function not implemented
[1579511815.532455] [dahu-29:13763:0]       ib_iface.c:696  UCX  ERROR ibv_create_cq(cqe=4096) failed: Function not implemented
[1579511815.532534] [dahu-29:13759:0]       ib_iface.c:696  UCX  ERROR ibv_create_cq(cqe=4096) failed: Function not implemented
[1579511815.533004] [dahu-29:13748:0]       ib_iface.c:696  UCX  ERROR ibv_create_cq(cqe=4096) failed: Function not implemented
[1579511815.533812] [dahu-29:13766:0]       ib_iface.c:696  UCX  ERROR ibv_create_cq(cqe=4096) failed: Function not implemented
[1579511815.534258] [dahu-29:13745:0]       ib_iface.c:696  UCX  ERROR ibv_create_cq(cqe=4096) failed: Function not implemented
[1579511815.988063] [dahu-3:9806 :0]       ib_iface.c:696  UCX  ERROR ibv_create_cq(cqe=4096) failed: Function not implemented
[1579511815.988517] [dahu-3:9795 :0]       ib_iface.c:696  UCX  ERROR ibv_create_cq(cqe=4096) failed: Function not implemented
[1579511815.988512] [dahu-3:9802 :0]       ib_iface.c:696  UCX  ERROR ibv_create_cq(cqe=4096) failed: Function not implemented
[1579511815.989637] [dahu-3:9800 :0]       ib_iface.c:696  UCX  ERROR ibv_create_cq(cqe=4096) failed: Function not implemented
[1579511815.993828] [dahu-3:9801 :0]       ib_iface.c:696  UCX  ERROR ibv_create_cq(cqe=4096) failed: Function not implemented
[1579511815.993937] [dahu-3:9807 :0]       ib_iface.c:696  UCX  ERROR ibv_create_cq(cqe=4096) failed: Function not implemented
[1579511815.994039] [dahu-3:9799 :0]       ib_iface.c:696  UCX  ERROR ibv_create_cq(cqe=4096) failed: Function not implemented
[1579511815.994222] [dahu-3:9797 :0]       ib_iface.c:696  UCX  ERROR ibv_create_cq(cqe=4096) failed: Function not implemented
[1579511815.994180] [dahu-3:9811 :0]       ib_iface.c:696  UCX  ERROR ibv_create_cq(cqe=4096) failed: Function not implemented
[1579511815.994803] [dahu-3:9805 :0]       ib_iface.c:696  UCX  ERROR ibv_create_cq(cqe=4096) failed: Function not implemented
[1579511815.999902] [dahu-3:9803 :0]       ib_iface.c:696  UCX  ERROR ibv_create_cq(cqe=4096) failed: Function not implemented
[1579511815.999902] [dahu-3:9809 :0]       ib_iface.c:696  UCX  ERROR ibv_create_cq(cqe=4096) failed: Function not implemented
[1579511816.001370] [dahu-3:9804 :0]       ib_iface.c:696  UCX  ERROR ibv_create_cq(cqe=4096) failed: Function not implemented
[1579511816.001514] [dahu-3:9808 :0]       ib_iface.c:696  UCX  ERROR ibv_create_cq(cqe=4096) failed: Function not implemented
[1579511816.001514] [dahu-3:9810 :0]       ib_iface.c:696  UCX  ERROR ibv_create_cq(cqe=4096) failed: Function not implemented
[1579511816.002007] [dahu-3:9798 :0]       ib_iface.c:696  UCX  ERROR ibv_create_cq(cqe=4096) failed: Function not implemented
16:56.163750379 [ INFO] [13] has timed out. starting new election...
16:56.167576084 [ INFO] [13] becomes leader with 25 votes
16:56.327650053 [ INFO] [41] has timed out. starting new election...
16:56.508928388 [ INFO] [43] has timed out. starting new election...
16:56.513880662 [ INFO] [34] has timed out. starting new election...
16:56.515923767 [ INFO] [42] has timed out. starting new election...
16:56.517889034 [ INFO] [35] has timed out. starting new election...
16:56.532896167 [ INFO] [37] has timed out. starting new election...
16:56.533957039 [ INFO] [47] has timed out. starting new election...
16:56.538917492 [ INFO] [40] has timed out. starting new election...
16:56.539871919 [ INFO] [32] has timed out. starting new election...
16:56.544909135 [ INFO] [39] has timed out. starting new election...
16:56.544947789 [ INFO] [45] has timed out. starting new election...
16:56.554876878 [ INFO] [33] has timed out. starting new election...
16:56.569911251 [ INFO] [38] has timed out. starting new election...
16:56.589952952 [ INFO] [46] has timed out. starting new election...
16:56.593941847 [ INFO] [44] has timed out. starting new election...
16:56.628835540 [ INFO] [41] candidate has timed out. starting new election...
16:57.036361001 [ INFO] [15] has timed out. starting new election...
16:57.038439587 [ INFO] [21] has timed out. starting new election...
16:57.073298143 [ INFO] [21] becomes leader with 25 votes
16:57.327443919 [ INFO] [13] has timed out. starting new election...
16:57.329816068 [ INFO] [13] becomes leader with 25 votes
16:57.492043317 [ INFO] [17] has timed out. starting new election...
16:57.496743405 [ INFO] [1] has timed out. starting new election...
16:57.498569218 [ INFO] [9] has timed out. starting new election...
16:57.510650125 [ INFO] [17] becomes leader with 43 votes
16:57.689262287 [ INFO] [15] has timed out. starting new election...
16:57.730651827 [ INFO] [15] becomes leader with 47 votes
16:57.895179365 [ INFO] [1] has timed out. starting new election...
16:57.900655912 [ INFO] [9] has timed out. starting new election...
16:57.903167676 [ INFO] [3] has timed out. starting new election...
16:57.932286685 [ INFO] [3] becomes leader with 25 votes
16:58.206815221 [ INFO] [9] candidate has timed out. starting new election...
16:58.208797037 [ INFO] [1] candidate has timed out. starting new election...
16:58.230514418 [ INFO] [21] has timed out. starting new election...
16:58.274654128 [ INFO] [21] becomes leader with 45 votes
16:58.487881620 [ INFO] [13] has timed out. starting new election...
16:58.490126252 [ INFO] [13] becomes leader with 25 votes
16:58.673900503 [ INFO] [17] has timed out. starting new election...
16:58.714653038 [ INFO] [17] becomes leader with 45 votes
16:58.902731817 [ INFO] [15] has timed out. starting new election...
16:58.909074699 [ INFO] [15] becomes leader with 25 votes
16:59.111464336 [ INFO] [3] has timed out. starting new election...
16:59.146653458 [ INFO] [3] becomes leader with 45 votes
16:59.442452663 [ INFO] [21] has timed out. starting new election...
16:59.474651344 [ INFO] [21] becomes leader with 45 votes
16:59.648352467 [ INFO] [13] has timed out. starting new election...
16:59.662723462 [ INFO] [13] becomes leader with 25 votes
16:59.877748505 [ INFO] [17] has timed out. starting new election...
16:59.926678860 [ INFO] [17] becomes leader with 45 votes
17:00.099333571 [ INFO] [15] has timed out. starting new election...
17:00.109497527 [ INFO] [43] has timed out. starting new election...
17:00.112089282 [ INFO] [43] becomes leader with 25 votes
17:00.321045096 [ INFO] [3] has timed out. starting new election...
17:00.326006889 [ INFO] [3] becomes leader with 25 votes
17:00.641626482 [ INFO] [15] has timed out. starting new election...
17:00.686672196 [ INFO] [15] becomes leader with 45 votes
17:00.843715321 [ INFO] [21] has timed out. starting new election...
17:00.874650117 [ INFO] [21] becomes leader with 45 votes
17:01.100273227 [ INFO] [13] has timed out. starting new election...
17:01.106764537 [ INFO] [17] has timed out. starting new election...
17:01.142654493 [ INFO] [17] becomes leader with 44 votes
17:01.410992541 [ INFO] [13] candidate has timed out. starting new election...
17:01.500205691 [ INFO] [3] has timed out. starting new election...
17:01.510566806 [ INFO] [43] has timed out. starting new election...
17:01.513085302 [ INFO] [43] becomes leader with 25 votes
17:01.826734230 [ INFO] [3] candidate has timed out. starting new election...
17:01.845892485 [ INFO] [15] has timed out. starting new election...
17:01.869165337 [ INFO] [15] becomes leader with 25 votes
17:02.103144108 [ INFO] [21] has timed out. starting new election...
17:02.146651478 [ INFO] [21] becomes leader with 43 votes
17:02.329597083 [ INFO] [17] has timed out. starting new election...
17:02.362654320 [ INFO] [17] becomes leader with 43 votes
17:02.695511927 [ INFO] [43] has timed out. starting new election...
17:02.697697227 [ INFO] [43] becomes leader with 25 votes
17:03.028150290 [ INFO] [15] has timed out. starting new election...
17:03.058952967 [ INFO] [34] has timed out. starting new election...
17:03.061401909 [ INFO] [34] becomes leader with 25 votes
17:03.303798166 [ INFO] [21] has timed out. starting new election...
17:03.370653197 [ INFO] [21] becomes leader with 43 votes
17:03.557058321 [ INFO] [15] has timed out. starting new election...
17:03.559647609 [ INFO] [15] becomes leader with 25 votes
17:03.860348869 [ INFO] [17] has timed out. starting new election...
17:03.880096251 [ INFO] [43] has timed out. starting new election...
17:03.882399810 [ INFO] [43] becomes leader with 25 votes
17:04.190752247 [ INFO] [17] candidate has timed out. starting new election...
17:04.249513257 [ INFO] [34] has timed out. starting new election...
17:04.252031825 [ INFO] [34] becomes leader with 25 votes
17:04.527673274 [ INFO] [21] has timed out. starting new election...
17:04.532866654 [ INFO] [21] becomes leader with 25 votes
17:04.718737704 [ INFO] [15] has timed out. starting new election...
17:04.721215682 [ INFO] [15] becomes leader with 25 votes
17:05.064824406 [ INFO] [43] has timed out. starting new election...
17:05.067143267 [ INFO] [43] becomes leader with 25 votes
17:05.440065349 [ INFO] [34] has timed out. starting new election...
17:05.442441592 [ INFO] [34] becomes leader with 25 votes
17:05.690384066 [ INFO] [21] has timed out. starting new election...
17:05.712074560 [ INFO] [21] becomes leader with 42 votes
17:05.888738817 [ INFO] [15] has timed out. starting new election...
17:05.891064072 [ INFO] [15] becomes leader with 25 votes
17:06.249586160 [ INFO] [43] has timed out. starting new election...
17:06.251972130 [ INFO] [43] becomes leader with 25 votes
17:06.439245953 [ INFO] [42] has timed out. starting new election...
17:06.441670807 [ INFO] [42] becomes leader with 25 votes
17:06.630457066 [ INFO] [34] has timed out. starting new election...
17:06.632821386 [ INFO] [34] becomes leader with 25 votes
17:06.875527639 [ INFO] [21] has timed out. starting new election...
17:06.891524612 [ INFO] [21] becomes leader with 25 votes
17:07.051555181 [ INFO] [15] has timed out. starting new election...
17:07.083269019 [ INFO] [15] becomes leader with 25 votes
17:07.434434154 [ INFO] [43] has timed out. starting new election...
17:07.436659077 [ INFO] [43] becomes leader with 25 votes
17:07.631745090 [ INFO] [42] has timed out. starting new election...
17:07.634006954 [ INFO] [42] becomes leader with 25 votes
17:07.823778726 [ INFO] [34] has timed out. starting new election...
17:07.825956112 [ INFO] [34] becomes leader with 25 votes
17:08.048764054 [ INFO] [21] has timed out. starting new election...
17:08.051054311 [ INFO] [21] becomes leader with 25 votes
17:08.242425243 [ INFO] [15] has timed out. starting new election...
17:08.270651836 [ INFO] [15] becomes leader with 42 votes
17:08.619118620 [ INFO] [43] has timed out. starting new election...
17:08.621527505 [ INFO] [43] becomes leader with 25 votes
17:08.823976592 [ INFO] [42] has timed out. starting new election...
17:08.826336322 [ INFO] [42] becomes leader with 25 votes
17:09.014380447 [ INFO] [34] has timed out. starting new election...
17:09.016702034 [ INFO] [34] becomes leader with 25 votes
17:09.208085335 [ INFO] [21] has timed out. starting new election...
17:09.210556734 [ INFO] [21] becomes leader with 25 votes
17:09.429707820 [ INFO] [15] has timed out. starting new election...
17:09.458651700 [ INFO] [15] becomes leader with 42 votes
17:09.803952919 [ INFO] [43] has timed out. starting new election...
17:09.806198844 [ INFO] [43] becomes leader with 25 votes
17:10.016319804 [ INFO] [42] has timed out. starting new election...
17:10.018705974 [ INFO] [42] becomes leader with 25 votes
17:10.204729768 [ INFO] [34] has timed out. starting new election...
17:10.207145730 [ INFO] [34] becomes leader with 25 votes
17:10.367627161 [ INFO] [21] has timed out. starting new election...
17:10.370163850 [ INFO] [21] becomes leader with 25 votes
17:10.624381140 [ INFO] [15] has timed out. starting new election...
17:10.643783035 [ INFO] [15] becomes leader with 25 votes
17:10.988653326 [ INFO] [43] has timed out. starting new election...
17:10.990899056 [ INFO] [43] becomes leader with 25 votes
17:11.208655595 [ INFO] [42] has timed out. starting new election...
17:11.212362196 [ INFO] [42] becomes leader with 25 votes
17:11.527179080 [ INFO] [21] has timed out. starting new election...
17:11.571868949 [ INFO] [21] becomes leader with 25 votes
17:11.803015302 [ INFO] [15] has timed out. starting new election...
17:11.846651162 [ INFO] [15] becomes leader with 42 votes
17:12.173345229 [ INFO] [43] has timed out. starting new election...
17:12.175648824 [ INFO] [43] becomes leader with 25 votes
17:12.399914557 [ INFO] [34] has timed out. starting new election...
17:12.402340312 [ INFO] [34] becomes leader with 25 votes
17:12.729211901 [ INFO] [21] has timed out. starting new election...
17:12.731772710 [ INFO] [21] becomes leader with 25 votes
17:12.922102015 [ INFO] [42] has timed out. starting new election...
17:12.924548437 [ INFO] [42] becomes leader with 25 votes
17:13.084419984 [ INFO] [15] has timed out. starting new election...
17:13.086807590 [ INFO] [15] becomes leader with 25 votes
17:13.358069051 [ INFO] [43] has timed out. starting new election...
17:13.363140202 [ INFO] [43] becomes leader with 25 votes
17:13.590372794 [ INFO] [34] has timed out. starting new election...
17:13.592658132 [ INFO] [34] becomes leader with 25 votes
17:13.888959639 [ INFO] [21] has timed out. starting new election...
17:13.891607601 [ INFO] [21] becomes leader with 25 votes
17:14.245902980 [ INFO] [15] has timed out. starting new election...
17:14.278655302 [ INFO] [15] becomes leader with 42 votes
17:14.545597467 [ INFO] [43] has timed out. starting new election...
17:14.547867939 [ INFO] [43] becomes leader with 25 votes
17:14.780647010 [ INFO] [34] has timed out. starting new election...
17:14.783025317 [ INFO] [34] becomes leader with 25 votes
17:15.048697807 [ INFO] [21] has timed out. starting new election...
17:15.051152234 [ INFO] [21] becomes leader with 25 votes
17:15.239962950 [ INFO] [42] has timed out. starting new election...
17:15.242541597 [ INFO] [42] becomes leader with 25 votes
17:15.437530153 [ INFO] [15] has timed out. starting new election...
17:15.440110799 [ INFO] [15] becomes leader with 25 votes
17:15.730333892 [ INFO] [43] has timed out. starting new election...
17:15.732703142 [ INFO] [43] becomes leader with 25 votes
17:15.970975695 [ INFO] [34] has timed out. starting new election...
17:15.975255028 [ INFO] [34] becomes leader with 25 votes
17:16.208542588 [ INFO] [21] has timed out. starting new election...
17:16.246663434 [ INFO] [21] becomes leader with 42 votes
17:16.600731860 [ INFO] [15] has timed out. starting new election...
17:16.603300868 [ INFO] [15] becomes leader with 25 votes
17:16.915146062 [ INFO] [43] has timed out. starting new election...
17:16.917635224 [ INFO] [43] becomes leader with 25 votes
17:17.163219759 [ INFO] [34] has timed out. starting new election...
17:17.165898061 [ INFO] [34] becomes leader with 25 votes
17:17.431241381 [ INFO] [21] has timed out. starting new election...
17:17.470653333 [ INFO] [21] becomes leader with 42 votes
17:17.763584178 [ INFO] [15] has timed out. starting new election...
17:17.768659792 [ INFO] [15] becomes leader with 25 votes
17:18.100056641 [ INFO] [43] has timed out. starting new election...
17:18.103030387 [ INFO] [43] becomes leader with 25 votes
17:18.353904540 [ INFO] [34] has timed out. starting new election...
17:18.356371031 [ INFO] [34] becomes leader with 25 votes
17:18.627768026 [ INFO] [21] has timed out. starting new election...
17:18.678653310 [ INFO] [21] becomes leader with 41 votes
17:18.927743503 [ INFO] [15] has timed out. starting new election...
17:18.930047391 [ INFO] [15] becomes leader with 25 votes
17:19.285499348 [ INFO] [43] has timed out. starting new election...
17:19.287991446 [ INFO] [43] becomes leader with 25 votes
17:19.544367404 [ INFO] [34] has timed out. starting new election...
17:19.546738161 [ INFO] [34] becomes leader with 25 votes
17:19.852716847 [ INFO] [21] has timed out. starting new election...
17:19.886654734 [ INFO] [21] becomes leader with 42 votes
17:20.092949408 [ INFO] [15] has timed out. starting new election...
17:20.095346856 [ INFO] [15] becomes leader with 25 votes
17:20.286308721 [ INFO] [42] has timed out. starting new election...
17:20.288902410 [ INFO] [42] becomes leader with 25 votes
17:20.472643919 [ INFO] [43] has timed out. starting new election...
17:20.475087881 [ INFO] [43] becomes leader with 25 votes
17:20.734727631 [ INFO] [34] has timed out. starting new election...
17:20.737174496 [ INFO] [34] becomes leader with 25 votes
17:20.926469890 [ INFO] [35] has timed out. starting new election...
17:20.928794117 [ INFO] [35] becomes leader with 25 votes
17:21.088982598 [ INFO] [21] has timed out. starting new election...
17:21.091618381 [ INFO] [21] becomes leader with 25 votes
17:21.254611220 [ INFO] [15] has timed out. starting new election...
17:21.322654049 [ INFO] [15] becomes leader with 41 votes
17:21.657489275 [ INFO] [43] has timed out. starting new election...
17:21.659775604 [ INFO] [43] becomes leader with 25 votes
17:21.925121057 [ INFO] [34] has timed out. starting new election...
17:21.927563248 [ INFO] [34] becomes leader with 25 votes
17:22.250439581 [ INFO] [21] has timed out. starting new election...
17:22.254551788 [ INFO] [21] becomes leader with 25 votes
17:22.483545875 [ INFO] [15] has timed out. starting new election...
17:22.514653224 [ INFO] [15] becomes leader with 42 votes
17:22.842240775 [ INFO] [43] has timed out. starting new election...
17:22.844571432 [ INFO] [43] becomes leader with 25 votes
17:23.115515296 [ INFO] [34] has timed out. starting new election...
17:23.117747075 [ INFO] [34] becomes leader with 25 votes
17:23.411567878 [ INFO] [21] has timed out. starting new election...
17:23.466658492 [ INFO] [21] becomes leader with 42 votes
17:23.673829723 [ INFO] [15] has timed out. starting new election...
17:23.706652249 [ INFO] [15] becomes leader with 42 votes
17:24.027033813 [ INFO] [43] has timed out. starting new election...
17:24.029343 [ INFO] [43] becomes leader with 25 votes
17:24.305720516 [ INFO] [34] has timed out. starting new election...
17:24.307923963 [ INFO] [34] becomes leader with 25 votes
17:24.496494220 [ INFO] [42] has timed out. starting new election...
17:24.498756957 [ INFO] [42] becomes leader with 25 votes
17:24.666453060 [ INFO] [21] has timed out. starting new election...
17:24.668821849 [ INFO] [21] becomes leader with 25 votes
17:24.877605027 [ INFO] [15] has timed out. starting new election...
17:24.882175647 [ INFO] [15] becomes leader with 25 votes
17:25.211740896 [ INFO] [43] has timed out. starting new election...
17:25.214101098 [ INFO] [43] becomes leader with 25 votes
17:25.495919584 [ INFO] [34] has timed out. starting new election...
17:25.498158652 [ INFO] [34] becomes leader with 25 votes
17:25.825859940 [ INFO] [21] has timed out. starting new election...
17:25.848792212 [ INFO] [21] becomes leader with 25 votes
17:26.041418398 [ INFO] [15] has timed out. starting new election...
17:26.043888682 [ INFO] [15] becomes leader with 25 votes
17:26.396535854 [ INFO] [43] has timed out. starting new election...
17:26.398885964 [ INFO] [43] becomes leader with 25 votes
17:26.686124961 [ INFO] [34] has timed out. starting new election...
17:26.688523907 [ INFO] [34] becomes leader with 25 votes
17:27.005808946 [ INFO] [21] has timed out. starting new election...
17:27.019844546 [ INFO] [21] becomes leader with 25 votes
17:27.203026788 [ INFO] [15] has timed out. starting new election...
17:27.226654273 [ INFO] [15] becomes leader with 42 votes
17:27.581316482 [ INFO] [43] has timed out. starting new election...
17:27.583620633 [ INFO] [43] becomes leader with 25 votes
17:27.876471709 [ INFO] [34] has timed out. starting new election...
17:27.878897660 [ INFO] [34] becomes leader with 25 votes
17:28.176937353 [ INFO] [21] has timed out. starting new election...
17:28.182427590 [ INFO] [21] becomes leader with 25 votes
17:28.385711151 [ INFO] [15] has timed out. starting new election...
17:28.458651384 [ INFO] [15] becomes leader with 42 votes
17:28.766033969 [ INFO] [43] has timed out. starting new election...
17:28.768285642 [ INFO] [43] becomes leader with 25 votes
17:29.066842906 [ INFO] [34] has timed out. starting new election...
17:29.069307156 [ INFO] [34] becomes leader with 25 votes
17:29.339658476 [ INFO] [21] has timed out. starting new election...
17:29.342091790 [ INFO] [21] becomes leader with 25 votes
17:29.617579166 [ INFO] [15] has timed out. starting new election...
17:29.620093653 [ INFO] [15] becomes leader with 25 votes
17:29.950714375 [ INFO] [43] has timed out. starting new election...
17:29.952998345 [ INFO] [43] becomes leader with 25 votes
17:30.257270419 [ INFO] [34] has timed out. starting new election...
17:30.259659494 [ INFO] [34] becomes leader with 25 votes
17:30.499137494 [ INFO] [21] has timed out. starting new election...
17:30.501551450 [ INFO] [21] becomes leader with 25 votes
17:30.788772927 [ INFO] [15] has timed out. starting new election...
17:30.791132084 [ INFO] [15] becomes leader with 25 votes
17:31.135411922 [ INFO] [43] has timed out. starting new election...
17:31.137804824 [ INFO] [43] becomes leader with 25 votes
17:31.447629451 [ INFO] [34] has timed out. starting new election...
17:31.450207540 [ INFO] [34] becomes leader with 25 votes
17:31.658618124 [ INFO] [21] has timed out. starting new election...
17:31.690651138 [ INFO] [21] becomes leader with 42 votes
17:31.950293150 [ INFO] [15] has timed out. starting new election...
17:31.952810865 [ INFO] [15] becomes leader with 25 votes
17:32.320224720 [ INFO] [43] has timed out. starting new election...
17:32.322538752 [ INFO] [43] becomes leader with 25 votes
17:32.638125480 [ INFO] [34] has timed out. starting new election...
17:32.640379714 [ INFO] [34] becomes leader with 25 votes
17:32.896727238 [ INFO] [21] has timed out. starting new election...
17:32.919339379 [ INFO] [42] has timed out. starting new election...
17:32.921750638 [ INFO] [42] becomes leader with 25 votes
17:33.111806554 [ INFO] [15] has timed out. starting new election...
17:33.134651390 [ INFO] [15] becomes leader with 42 votes
17:33.291360299 [ INFO] [21] has timed out. starting new election...
17:33.293952001 [ INFO] [21] becomes leader with 25 votes
17:33.504977062 [ INFO] [43] has timed out. starting new election...
17:33.507364046 [ INFO] [43] becomes leader with 25 votes
17:33.828351718 [ INFO] [34] has timed out. starting new election...
17:33.830627188 [ INFO] [34] becomes leader with 25 votes
17:34.111732226 [ INFO] [42] has timed out. starting new election...
17:34.114184586 [ INFO] [42] becomes leader with 25 votes
17:34.293680990 [ INFO] [15] has timed out. starting new election...
17:34.315594492 [ INFO] [15] becomes leader with 25 votes
17:34.470028350 [ INFO] [21] has timed out. starting new election...
17:34.476997565 [ INFO] [21] becomes leader with 25 votes
17:34.689820133 [ INFO] [43] has timed out. starting new election...
17:34.692089208 [ INFO] [43] becomes leader with 25 votes
17:35.018579196 [ INFO] [34] has timed out. starting new election...
17:35.020915955 [ INFO] [34] becomes leader with 25 votes
17:35.304160139 [ INFO] [42] has timed out. starting new election...
17:35.306584307 [ INFO] [42] becomes leader with 25 votes
17:35.476412490 [ INFO] [15] has timed out. starting new election...
17:35.478770153 [ INFO] [15] becomes leader with 25 votes
17:35.640592356 [ INFO] [21] has timed out. starting new election...
17:35.670651027 [ INFO] [21] becomes leader with 42 votes
17:35.874530733 [ INFO] [43] has timed out. starting new election...
17:35.876795395 [ INFO] [43] becomes leader with 25 votes
17:36.208966188 [ INFO] [34] has timed out. starting new election...
17:36.211226323 [ INFO] [34] becomes leader with 25 votes
17:36.637811093 [ INFO] [15] has timed out. starting new election...
17:36.675174635 [ INFO] [15] becomes leader with 42 votes
17:36.840719247 [ INFO] [21] has timed out. starting new election...
17:36.843860944 [ INFO] [21] becomes leader with 25 votes
17:37.059194981 [ INFO] [43] has timed out. starting new election...
17:37.061602756 [ INFO] [43] becomes leader with 25 votes
17:37.399210740 [ INFO] [34] has timed out. starting new election...
17:37.401615153 [ INFO] [34] becomes leader with 25 votes
17:37.588903194 [ INFO] [42] has timed out. starting new election...
17:37.591366077 [ INFO] [42] becomes leader with 25 votes
17:37.834234698 [ INFO] [15] has timed out. starting new election...
17:37.836701269 [ INFO] [15] becomes leader with 25 votes
17:38.018398093 [ INFO] [21] has timed out. starting new election...
17:38.050651140 [ INFO] [21] becomes leader with 41 votes
17:38.248370001 [ INFO] [43] has timed out. starting new election...
17:38.250690360 [ INFO] [43] becomes leader with 25 votes
17:38.589519993 [ INFO] [34] has timed out. starting new election...
17:38.591716789 [ INFO] [34] becomes leader with 25 votes
17:38.782206489 [ INFO] [42] has timed out. starting new election...
17:38.784470228 [ INFO] [42] becomes leader with 25 votes
17:38.995731186 [ INFO] [15] has timed out. starting new election...
17:38.998016203 [ INFO] [15] becomes leader with 25 votes
17:39.245525561 [ INFO] [21] has timed out. starting new election...
17:39.282142486 [ INFO] [21] becomes leader with 42 votes
17:39.466313890 [ INFO] [43] has timed out. starting new election...
17:39.468726298 [ INFO] [43] becomes leader with 25 votes
17:39.779703861 [ INFO] [34] has timed out. starting new election...
17:39.782084126 [ INFO] [34] becomes leader with 25 votes
17:39.974368937 [ INFO] [42] has timed out. starting new election...
17:39.976653706 [ INFO] [42] becomes leader with 25 votes
17:40.156979529 [ INFO] [15] has timed out. starting new election...
17:40.191093521 [ INFO] [35] has timed out. starting new election...
17:40.193350917 [ INFO] [35] becomes leader with 25 votes
17:40.452734418 [ INFO] [21] has timed out. starting new election...
17:40.463750801 [ INFO] [21] becomes leader with 25 votes
17:40.627052803 [ INFO] [15] has timed out. starting new election...
17:40.658657277 [ INFO] [15] becomes leader with 42 votes
17:40.964875121 [ INFO] [43] has timed out. starting new election...
17:40.967333704 [ INFO] [43] becomes leader with 25 votes
17:41.164877893 [ INFO] [34] has timed out. starting new election...
17:41.167392163 [ INFO] [34] becomes leader with 25 votes
17:41.382677303 [ INFO] [42] has timed out. starting new election...
17:41.385074426 [ INFO] [42] becomes leader with 25 votes
17:41.620952914 [ INFO] [21] has timed out. starting new election...
17:41.648876780 [ INFO] [21] becomes leader with 25 votes
17:41.851057246 [ INFO] [15] has timed out. starting new election...
17:41.853352186 [ INFO] [15] becomes leader with 25 votes
17:42.149762963 [ INFO] [43] has timed out. starting new election...
17:42.152089649 [ INFO] [43] becomes leader with 25 votes
17:42.355386126 [ INFO] [34] has timed out. starting new election...
17:42.357797070 [ INFO] [34] becomes leader with 25 votes
17:42.575019473 [ INFO] [42] has timed out. starting new election...
17:42.577357933 [ INFO] [42] becomes leader with 25 votes
17:42.805835751 [ INFO] [21] has timed out. starting new election...
17:42.808128338 [ INFO] [21] becomes leader with 25 votes
17:43.012397632 [ INFO] [15] has timed out. starting new election...
17:43.017135086 [ INFO] [15] becomes leader with 25 votes
17:43.334459990 [ INFO] [43] has timed out. starting new election...
17:43.336757791 [ INFO] [43] becomes leader with 25 votes
17:43.545770938 [ INFO] [34] has timed out. starting new election...
17:43.548195360 [ INFO] [34] becomes leader with 25 votes
17:43.767292462 [ INFO] [42] has timed out. starting new election...
17:43.769574146 [ INFO] [42] becomes leader with 25 votes
17:43.965118617 [ INFO] [21] has timed out. starting new election...
17:43.969122254 [ INFO] [21] becomes leader with 25 votes
17:44.176115408 [ INFO] [15] has timed out. starting new election...
17:44.206653405 [ INFO] [15] becomes leader with 42 votes
17:44.519170229 [ INFO] [43] has timed out. starting new election...
17:44.521652319 [ INFO] [43] becomes leader with 25 votes
17:44.736205616 [ INFO] [34] has timed out. starting new election...
17:44.738535762 [ INFO] [34] becomes leader with 25 votes
17:44.958988432 [ INFO] [42] has timed out. starting new election...
17:44.961450508 [ INFO] [42] becomes leader with 25 votes
17:45.126276042 [ INFO] [21] has timed out. starting new election...
17:45.128752770 [ INFO] [21] becomes leader with 25 votes
17:45.381523872 [ INFO] [15] has timed out. starting new election...
17:45.386013889 [ INFO] [15] becomes leader with 25 votes
17:45.704036455 [ INFO] [43] has timed out. starting new election...
17:45.706312149 [ INFO] [43] becomes leader with 25 votes
17:45.926495841 [ INFO] [34] has timed out. starting new election...
17:45.928784070 [ INFO] [34] becomes leader with 25 votes
17:46.286159846 [ INFO] [21] has timed out. starting new election...
17:46.288457345 [ INFO] [21] becomes leader with 25 votes
17:46.546049051 [ INFO] [15] has timed out. starting new election...
17:46.548970929 [ INFO] [15] becomes leader with 25 votes
17:46.888707454 [ INFO] [43] has timed out. starting new election...
17:46.890855998 [ INFO] [43] becomes leader with 25 votes
17:47.116689237 [ INFO] [34] has timed out. starting new election...
17:47.119155503 [ INFO] [34] becomes leader with 25 votes
17:47.445868432 [ INFO] [21] has timed out. starting new election...
17:47.448242511 [ INFO] [21] becomes leader with 25 votes
17:47.707989017 [ INFO] [15] has timed out. starting new election...
17:47.710393428 [ INFO] [15] becomes leader with 25 votes
17:48.073241403 [ INFO] [43] has timed out. starting new election...
17:48.075455936 [ INFO] [43] becomes leader with 25 votes
17:48.307037616 [ INFO] [34] has timed out. starting new election...
17:48.309427544 [ INFO] [34] becomes leader with 25 votes
17:48.605556991 [ INFO] [21] has timed out. starting new election...
17:48.608035108 [ INFO] [21] becomes leader with 25 votes
17:48.869594626 [ INFO] [15] has timed out. starting new election...
17:48.902654102 [ INFO] [15] becomes leader with 42 votes
17:49.257832104 [ INFO] [43] has timed out. starting new election...
17:49.280650050 [ INFO] [43] becomes leader with 25 votes
17:49.497369671 [ INFO] [34] has timed out. starting new election...
17:49.520714919 [ INFO] [34] becomes leader with 25 votes
17:49.765155355 [ INFO] [21] has timed out. starting new election...
17:49.821665397 [ INFO] [21] becomes leader with 25 votes
17:50.069092401 [ INFO] [15] has timed out. starting new election...
17:50.075186108 [ INFO] [15] becomes leader with 25 votes
17:50.266053553 [ INFO] [35] has timed out. starting new election...
17:50.297936389 [ INFO] [35] becomes leader with 25 votes
17:50.478302352 [ INFO] [43] has timed out. starting new election...
17:50.482900728 [ INFO] [43] becomes leader with 25 votes
17:50.724940224 [ INFO] [34] has timed out. starting new election...
17:50.727242781 [ INFO] [34] becomes leader with 25 votes
17:50.978765122 [ INFO] [21] has timed out. starting new election...
17:50.981315641 [ INFO] [21] becomes leader with 25 votes
17:51.234286157 [ INFO] [15] has timed out. starting new election...
17:51.236873260 [ INFO] [15] becomes leader with 25 votes
17:51.665368003 [ INFO] [43] has timed out. starting new election...
17:51.667715471 [ INFO] [43] becomes leader with 25 votes
17:51.915162527 [ INFO] [34] has timed out. starting new election...
17:51.917351465 [ INFO] [34] becomes leader with 25 votes
17:52.138374890 [ INFO] [21] has timed out. starting new election...
17:52.140731594 [ INFO] [21] becomes leader with 25 votes
17:52.395958058 [ INFO] [15] has timed out. starting new election...
17:52.400101228 [ INFO] [15] becomes leader with 25 votes
17:52.589928144 [ INFO] [42] has timed out. starting new election...
17:52.592160546 [ INFO] [42] becomes leader with 25 votes
17:52.850088662 [ INFO] [43] has timed out. starting new election...
17:52.852422046 [ INFO] [43] becomes leader with 25 votes
17:53.105271291 [ INFO] [34] has timed out. starting new election...
17:53.107675303 [ INFO] [34] becomes leader with 25 votes
17:53.297704423 [ INFO] [21] has timed out. starting new election...
17:53.338649903 [ INFO] [21] becomes leader with 42 votes
17:53.784123056 [ INFO] [42] has timed out. starting new election...
17:53.594351660 [ INFO] [35] has timed out. starting new election...
17:54.034874079 [ INFO] [43] has timed out. starting new election...
17:54.295676848 [ INFO] [34] has timed out. starting new election...
