[1579511876.620445] [dahu-3:10049:0]       ib_iface.c:696  UCX  ERROR ibv_create_cq(cqe=4096) failed: Function not implemented
[1579511876.620514] [dahu-3:10053:0]       ib_iface.c:696  UCX  ERROR ibv_create_cq(cqe=4096) failed: Function not implemented
[1579511876.627136] [dahu-3:10048:0]       ib_iface.c:696  UCX  ERROR ibv_create_cq(cqe=4096) failed: Function not implemented
[1579511876.628672] [dahu-3:10044:0]       ib_iface.c:696  UCX  ERROR ibv_create_cq(cqe=4096) failed: Function not implemented
[1579511876.629918] [dahu-3:10050:0]       ib_iface.c:696  UCX  ERROR ibv_create_cq(cqe=4096) failed: Function not implemented
[1579511876.631808] [dahu-3:10051:0]       ib_iface.c:696  UCX  ERROR ibv_create_cq(cqe=4096) failed: Function not implemented
[1579511876.632578] [dahu-3:10045:0]       ib_iface.c:696  UCX  ERROR ibv_create_cq(cqe=4096) failed: Function not implemented
[1579511876.632954] [dahu-3:10052:0]       ib_iface.c:696  UCX  ERROR ibv_create_cq(cqe=4096) failed: Function not implemented
[1579511876.633547] [dahu-3:10054:0]       ib_iface.c:696  UCX  ERROR ibv_create_cq(cqe=4096) failed: Function not implemented
[1579511876.635614] [dahu-3:10058:0]       ib_iface.c:696  UCX  ERROR ibv_create_cq(cqe=4096) failed: Function not implemented
[1579511876.636549] [dahu-3:10055:0]       ib_iface.c:696  UCX  ERROR ibv_create_cq(cqe=4096) failed: Function not implemented
[1579511876.640344] [dahu-3:10056:0]       ib_iface.c:696  UCX  ERROR ibv_create_cq(cqe=4096) failed: Function not implemented
[1579511876.641478] [dahu-3:10057:0]       ib_iface.c:696  UCX  ERROR ibv_create_cq(cqe=4096) failed: Function not implemented
[1579511876.642217] [dahu-3:10046:0]       ib_iface.c:696  UCX  ERROR ibv_create_cq(cqe=4096) failed: Function not implemented
[1579511876.642634] [dahu-3:10060:0]       ib_iface.c:696  UCX  ERROR ibv_create_cq(cqe=4096) failed: Function not implemented
[1579511876.642742] [dahu-3:10047:0]       ib_iface.c:696  UCX  ERROR ibv_create_cq(cqe=4096) failed: Function not implemented
[1579511876.643235] [dahu-3:10059:0]       ib_iface.c:696  UCX  ERROR ibv_create_cq(cqe=4096) failed: Function not implemented
[1579511876.643611] [dahu-3:10061:0]       ib_iface.c:696  UCX  ERROR ibv_create_cq(cqe=4096) failed: Function not implemented
[1579511876.643103] [dahu-29:14177:0]       ib_iface.c:696  UCX  ERROR ibv_create_cq(cqe=4096) failed: Function not implemented
[1579511876.643240] [dahu-29:14180:0]       ib_iface.c:696  UCX  ERROR ibv_create_cq(cqe=4096) failed: Function not implemented
[1579511876.646814] [dahu-3:10062:0]       ib_iface.c:696  UCX  ERROR ibv_create_cq(cqe=4096) failed: Function not implemented
[1579511876.649690] [dahu-3:10065:0]       ib_iface.c:696  UCX  ERROR ibv_create_cq(cqe=4096) failed: Function not implemented
[1579511876.648939] [dahu-29:14185:0]       ib_iface.c:696  UCX  ERROR ibv_create_cq(cqe=4096) failed: Function not implemented
[1579511876.650405] [dahu-3:10067:0]       ib_iface.c:696  UCX  ERROR ibv_create_cq(cqe=4096) failed: Function not implemented
[1579511876.651186] [dahu-3:10063:0]       ib_iface.c:696  UCX  ERROR ibv_create_cq(cqe=4096) failed: Function not implemented
[1579511876.651290] [dahu-3:10069:0]       ib_iface.c:696  UCX  ERROR ibv_create_cq(cqe=4096) failed: Function not implemented
[1579511876.652971] [dahu-3:10070:0]       ib_iface.c:696  UCX  ERROR ibv_create_cq(cqe=4096) failed: Function not implemented
[1579511876.652829] [dahu-29:14186:0]       ib_iface.c:696  UCX  ERROR ibv_create_cq(cqe=4096) failed: Function not implemented
[1579511876.654995] [dahu-3:10066:0]       ib_iface.c:696  UCX  ERROR ibv_create_cq(cqe=4096) failed: Function not implemented
[1579511876.655644] [dahu-3:10072:0]       ib_iface.c:696  UCX  ERROR ibv_create_cq(cqe=4096) failed: Function not implemented
[1579511876.655967] [dahu-3:10073:0]       ib_iface.c:696  UCX  ERROR ibv_create_cq(cqe=4096) failed: Function not implemented
[1579511876.655143] [dahu-29:14187:0]       ib_iface.c:696  UCX  ERROR ibv_create_cq(cqe=4096) failed: Function not implemented
[1579511876.656863] [dahu-3:10064:0]       ib_iface.c:696  UCX  ERROR ibv_create_cq(cqe=4096) failed: Function not implemented
[1579511876.657705] [dahu-3:10068:0]       ib_iface.c:696  UCX  ERROR ibv_create_cq(cqe=4096) failed: Function not implemented
[1579511876.656505] [dahu-29:14178:0]       ib_iface.c:696  UCX  ERROR ibv_create_cq(cqe=4096) failed: Function not implemented
[1579511876.658570] [dahu-3:10071:0]       ib_iface.c:696  UCX  ERROR ibv_create_cq(cqe=4096) failed: Function not implemented
[1579511876.657955] [dahu-29:14179:0]       ib_iface.c:696  UCX  ERROR ibv_create_cq(cqe=4096) failed: Function not implemented
[1579511876.658076] [dahu-29:14182:0]       ib_iface.c:696  UCX  ERROR ibv_create_cq(cqe=4096) failed: Function not implemented
[1579511876.658222] [dahu-29:14188:0]       ib_iface.c:696  UCX  ERROR ibv_create_cq(cqe=4096) failed: Function not implemented
[1579511876.659637] [dahu-3:10074:0]       ib_iface.c:696  UCX  ERROR ibv_create_cq(cqe=4096) failed: Function not implemented
[1579511876.660537] [dahu-29:14190:0]       ib_iface.c:696  UCX  ERROR ibv_create_cq(cqe=4096) failed: Function not implemented
[1579511876.660651] [dahu-29:14181:0]       ib_iface.c:696  UCX  ERROR ibv_create_cq(cqe=4096) failed: Function not implemented
[1579511876.661190] [dahu-29:14189:0]       ib_iface.c:696  UCX  ERROR ibv_create_cq(cqe=4096) failed: Function not implemented
[1579511876.662674] [dahu-3:10075:0]       ib_iface.c:696  UCX  ERROR ibv_create_cq(cqe=4096) failed: Function not implemented
[1579511876.661589] [dahu-29:14175:0]       ib_iface.c:696  UCX  ERROR ibv_create_cq(cqe=4096) failed: Function not implemented
[1579511876.662881] [dahu-29:14184:0]       ib_iface.c:696  UCX  ERROR ibv_create_cq(cqe=4096) failed: Function not implemented
[1579511876.664588] [dahu-29:14191:0]       ib_iface.c:696  UCX  ERROR ibv_create_cq(cqe=4096) failed: Function not implemented
[1579511876.668644] [dahu-29:14193:0]       ib_iface.c:696  UCX  ERROR ibv_create_cq(cqe=4096) failed: Function not implemented
[1579511876.668740] [dahu-29:14176:0]       ib_iface.c:696  UCX  ERROR ibv_create_cq(cqe=4096) failed: Function not implemented
[1579511876.669624] [dahu-29:14198:0]       ib_iface.c:696  UCX  ERROR ibv_create_cq(cqe=4096) failed: Function not implemented
[1579511876.669882] [dahu-29:14183:0]       ib_iface.c:696  UCX  ERROR ibv_create_cq(cqe=4096) failed: Function not implemented
[1579511876.671874] [dahu-29:14197:0]       ib_iface.c:696  UCX  ERROR ibv_create_cq(cqe=4096) failed: Function not implemented
[1579511876.675241] [dahu-29:14194:0]       ib_iface.c:696  UCX  ERROR ibv_create_cq(cqe=4096) failed: Function not implemented
[1579511876.675195] [dahu-29:14192:0]       ib_iface.c:696  UCX  ERROR ibv_create_cq(cqe=4096) failed: Function not implemented
[1579511876.675184] [dahu-29:14200:0]       ib_iface.c:696  UCX  ERROR ibv_create_cq(cqe=4096) failed: Function not implemented
[1579511876.675328] [dahu-29:14199:0]       ib_iface.c:696  UCX  ERROR ibv_create_cq(cqe=4096) failed: Function not implemented
[1579511876.675633] [dahu-29:14196:0]       ib_iface.c:696  UCX  ERROR ibv_create_cq(cqe=4096) failed: Function not implemented
[1579511876.677393] [dahu-29:14202:0]       ib_iface.c:696  UCX  ERROR ibv_create_cq(cqe=4096) failed: Function not implemented
[1579511876.677888] [dahu-29:14195:0]       ib_iface.c:696  UCX  ERROR ibv_create_cq(cqe=4096) failed: Function not implemented
[1579511876.677966] [dahu-29:14205:0]       ib_iface.c:696  UCX  ERROR ibv_create_cq(cqe=4096) failed: Function not implemented
[1579511876.678205] [dahu-29:14201:0]       ib_iface.c:696  UCX  ERROR ibv_create_cq(cqe=4096) failed: Function not implemented
[1579511876.678754] [dahu-29:14204:0]       ib_iface.c:696  UCX  ERROR ibv_create_cq(cqe=4096) failed: Function not implemented
[1579511876.679152] [dahu-29:14206:0]       ib_iface.c:696  UCX  ERROR ibv_create_cq(cqe=4096) failed: Function not implemented
[1579511876.679784] [dahu-29:14203:0]       ib_iface.c:696  UCX  ERROR ibv_create_cq(cqe=4096) failed: Function not implemented
17:56.839958661 [ INFO] [55] has timed out. starting new election...
17:56.841439384 [ INFO] [44] has timed out. starting new election...
17:56.852316449 [ INFO] [55] becomes leader with 33 votes
17:57.005885797 [ INFO] [59] has timed out. starting new election...
17:57.009928551 [ INFO] [59] becomes leader with 33 votes
17:57.166528986 [ INFO] [42] has timed out. starting new election...
17:57.166101498 [ INFO] [20] has timed out. starting new election...
17:57.168204024 [ INFO] [2] has timed out. starting new election...
17:57.171031020 [ INFO] [60] has timed out. starting new election...
17:57.198651556 [ INFO] [2] becomes leader with 61 votes
17:57.353984709 [ INFO] [44] has timed out. starting new election...
17:57.390353890 [ INFO] [44] becomes leader with 63 votes
17:57.560677637 [ INFO] [42] has timed out. starting new election...
17:57.562915651 [ INFO] [20] has timed out. starting new election...
17:57.590354504 [ INFO] [42] becomes leader with 63 votes
17:57.749843063 [ INFO] [60] has timed out. starting new election...
17:57.767872811 [ INFO] [60] becomes leader with 33 votes
17:58.007027100 [ INFO] [55] has timed out. starting new election...
17:58.010582668 [ INFO] [20] has timed out. starting new election...
17:58.046652483 [ INFO] [20] becomes leader with 58 votes
17:58.312412818 [ INFO] [55] candidate has timed out. starting new election...
17:58.359233977 [ INFO] [59] has timed out. starting new election...
17:58.363276866 [ INFO] [59] becomes leader with 33 votes
17:58.576871218 [ INFO] [44] has timed out. starting new election...
17:58.580207364 [ INFO] [44] becomes leader with 33 votes
17:58.749847679 [ INFO] [42] has timed out. starting new election...
17:58.751832762 [ INFO] [2] has timed out. starting new election...
17:58.778402835 [ INFO] [2] becomes leader with 61 votes
17:58.938479026 [ INFO] [10] has timed out. starting new election...
17:58.941411999 [ INFO] [58] has timed out. starting new election...
17:58.943134993 [ INFO] [60] has timed out. starting new election...
17:58.994356704 [ INFO] [60] becomes leader with 51 votes
17:59.204751486 [ INFO] [20] has timed out. starting new election...
17:59.206359966 [ INFO] [42] has timed out. starting new election...
17:59.211940648 [ INFO] [20] becomes leader with 33 votes
17:59.518358714 [ INFO] [42] candidate has timed out. starting new election...
17:59.519172492 [ INFO] [59] has timed out. starting new election...
17:59.554354819 [ INFO] [59] becomes leader with 62 votes
17:59.735114053 [ INFO] [44] has timed out. starting new election...
17:59.738076459 [ INFO] [44] becomes leader with 33 votes
17:59.974870228 [ INFO] [10] has timed out. starting new election...
17:59.974933229 [ INFO] [2] has timed out. starting new election...
17:59.980676937 [ INFO] [58] has timed out. starting new election...
17:59.983279314 [ INFO] [40] has timed out. starting new election...
17:59.999347080 [ INFO] [10] becomes leader with 58 votes
18:00.174223444 [ INFO] [31] has timed out. starting new election...
18:00.210652744 [ INFO] [31] becomes leader with 61 votes
18:00.388529817 [ INFO] [20] has timed out. starting new election...
18:00.422654279 [ INFO] [20] becomes leader with 62 votes
18:00.721347486 [ INFO] [59] has timed out. starting new election...
18:00.754359703 [ INFO] [59] becomes leader with 62 votes
18:00.907744643 [ INFO] [44] has timed out. starting new election...
18:00.942356302 [ INFO] [44] becomes leader with 62 votes
18:01.160134653 [ INFO] [2] has timed out. starting new election...
18:01.176323882 [ INFO] [2] becomes leader with 33 votes
18:01.392137607 [ INFO] [10] has timed out. starting new election...
18:01.393840383 [ INFO] [60] has timed out. starting new election...
18:01.408957080 [ INFO] [10] becomes leader with 33 votes
18:01.586473761 [ INFO] [20] has timed out. starting new election...
18:01.618651530 [ INFO] [20] becomes leader with 62 votes
18:01.910208897 [ INFO] [59] has timed out. starting new election...
18:01.913096962 [ INFO] [60] has timed out. starting new election...
18:01.914397420 [ INFO] [59] becomes leader with 33 votes
18:02.097106963 [ INFO] [44] has timed out. starting new election...
18:02.130354960 [ INFO] [44] becomes leader with 62 votes
18:02.343038272 [ INFO] [2] has timed out. starting new election...
18:02.345995100 [ INFO] [2] becomes leader with 33 votes
18:02.571660699 [ INFO] [60] has timed out. starting new election...
18:02.591074987 [ INFO] [60] becomes leader with 62 votes
18:02.852362550 [ INFO] [20] has timed out. starting new election...
18:02.898659574 [ INFO] [20] becomes leader with 62 votes
18:03.070672116 [ INFO] [59] has timed out. starting new election...
18:03.074079656 [ INFO] [59] becomes leader with 33 votes
18:03.285629528 [ INFO] [44] has timed out. starting new election...
18:03.302897740 [ INFO] [44] becomes leader with 33 votes
18:03.507277531 [ INFO] [10] has timed out. starting new election...
18:03.507687954 [ INFO] [2] has timed out. starting new election...
18:03.511889944 [ INFO] [2] becomes leader with 33 votes
18:03.780603199 [ INFO] [60] has timed out. starting new election...
18:03.814362351 [ INFO] [60] becomes leader with 61 votes
18:04.056168539 [ INFO] [20] has timed out. starting new election...
18:04.059361204 [ INFO] [20] becomes leader with 33 votes
18:04.229849559 [ INFO] [59] has timed out. starting new election...
18:04.233028155 [ INFO] [59] becomes leader with 33 votes
18:04.458232518 [ INFO] [44] has timed out. starting new election...
18:04.494357687 [ INFO] [44] becomes leader with 62 votes
18:04.672799860 [ INFO] [10] has timed out. starting new election...
18:04.675936284 [ INFO] [10] becomes leader with 33 votes
18:04.973271939 [ INFO] [60] has timed out. starting new election...
18:04.976487263 [ INFO] [60] becomes leader with 33 votes
18:05.217641082 [ INFO] [20] has timed out. starting new election...
18:05.232145568 [ INFO] [20] becomes leader with 33 votes
18:05.392139500 [ INFO] [59] has timed out. starting new election...
18:05.411334981 [ INFO] [59] becomes leader with 33 votes
18:05.648847917 [ INFO] [44] has timed out. starting new election...
18:05.680197638 [ INFO] [44] becomes leader with 62 votes
18:05.841127380 [ INFO] [2] has timed out. starting new election...
18:05.855317620 [ INFO] [2] becomes leader with 33 votes
18:06.135249579 [ INFO] [60] has timed out. starting new election...
18:06.138273962 [ INFO] [60] becomes leader with 33 votes
18:06.389968717 [ INFO] [20] has timed out. starting new election...
18:06.427103948 [ INFO] [20] becomes leader with 62 votes
18:06.584181007 [ INFO] [59] has timed out. starting new election...
18:06.589049897 [ INFO] [59] becomes leader with 33 votes
18:06.834905945 [ INFO] [44] has timed out. starting new election...
18:06.837874278 [ INFO] [44] becomes leader with 33 votes
18:07.016792399 [ INFO] [10] has timed out. starting new election...
18:07.022374542 [ INFO] [58] has timed out. starting new election...
18:07.054654882 [ INFO] [10] becomes leader with 60 votes
18:07.297499630 [ INFO] [60] has timed out. starting new election...
18:07.330355459 [ INFO] [60] becomes leader with 62 votes
18:07.584785535 [ INFO] [20] has timed out. starting new election...
18:07.599365312 [ INFO] [20] becomes leader with 33 votes
18:07.753406071 [ INFO] [59] has timed out. starting new election...
18:07.757786486 [ INFO] [2] has timed out. starting new election...
18:07.778512539 [ INFO] [2] becomes leader with 61 votes
18:07.992620147 [ INFO] [44] has timed out. starting new election...
18:08.003900795 [ INFO] [44] becomes leader with 33 votes
18:08.212288763 [ INFO] [59] has timed out. starting new election...
18:08.246353640 [ INFO] [59] becomes leader with 62 votes
18:08.488955211 [ INFO] [60] has timed out. starting new election...
18:08.491832629 [ INFO] [60] becomes leader with 33 votes
18:08.757282128 [ INFO] [20] has timed out. starting new election...
18:08.762437976 [ INFO] [20] becomes leader with 33 votes
18:08.939987589 [ INFO] [10] has timed out. starting new election...
18:08.940319474 [ INFO] [2] has timed out. starting new election...
18:08.964187387 [ INFO] [10] becomes leader with 33 votes
18:09.169098831 [ INFO] [44] has timed out. starting new election...
18:09.172043441 [ INFO] [44] becomes leader with 33 votes
18:09.402126619 [ INFO] [59] has timed out. starting new election...
18:09.419033072 [ INFO] [59] becomes leader with 33 votes
18:09.650588945 [ INFO] [60] has timed out. starting new election...
18:09.653856287 [ INFO] [60] becomes leader with 33 votes
18:09.920143185 [ INFO] [20] has timed out. starting new election...
18:09.921983580 [ INFO] [2] has timed out. starting new election...
18:09.954653738 [ INFO] [2] becomes leader with 61 votes
18:10.126241 [ INFO] [10] has timed out. starting new election...
18:10.134966136 [ INFO] [10] becomes leader with 33 votes
18:10.326821024 [ INFO] [44] has timed out. starting new election...
18:10.378354003 [ INFO] [44] becomes leader with 62 votes
18:10.575011508 [ INFO] [59] has timed out. starting new election...
18:10.577020367 [ INFO] [20] has timed out. starting new election...
18:10.584786184 [ INFO] [58] has timed out. starting new election...
18:10.585296232 [ INFO] [31] has timed out. starting new election...
18:10.587536524 [ INFO] [40] has timed out. starting new election...
18:10.587807867 [ INFO] [50] has timed out. starting new election...
18:10.642364260 [ INFO] [40] becomes leader with 57 votes
18:10.812180882 [ INFO] [60] has timed out. starting new election...
18:10.815383763 [ INFO] [60] becomes leader with 33 votes
18:11.114720901 [ INFO] [59] has timed out. starting new election...
18:11.117706074 [ INFO] [59] becomes leader with 33 votes
18:11.291927502 [ INFO] [20] has timed out. starting new election...
18:11.295662556 [ INFO] [2] has timed out. starting new election...
18:11.296734293 [ INFO] [10] has timed out. starting new election...
18:11.331421335 [ INFO] [10] becomes leader with 60 votes
18:11.539940790 [ INFO] [44] has timed out. starting new election...
18:11.574355996 [ INFO] [44] becomes leader with 62 votes
18:11.800282876 [ INFO] [20] has timed out. starting new election...
18:11.842651101 [ INFO] [20] becomes leader with 62 votes
18:12.005312935 [ INFO] [60] has timed out. starting new election...
18:12.038354354 [ INFO] [60] becomes leader with 62 votes
18:12.273527534 [ INFO] [59] has timed out. starting new election...
18:12.306355890 [ INFO] [59] becomes leader with 62 votes
18:12.492001636 [ INFO] [2] has timed out. starting new election...
18:12.493213679 [ INFO] [10] has timed out. starting new election...
18:12.495053589 [ INFO] [2] becomes leader with 33 votes
18:12.800677483 [ INFO] [44] has timed out. starting new election...
18:12.842355753 [ INFO] [44] becomes leader with 62 votes
18:13.001832919 [ INFO] [20] has timed out. starting new election...
18:13.004813842 [ INFO] [20] becomes leader with 33 votes
18:13.224552344 [ INFO] [60] has timed out. starting new election...
18:13.226120396 [ INFO] [10] has timed out. starting new election...
18:13.229315461 [ INFO] [10] becomes leader with 33 votes
18:13.462083613 [ INFO] [59] has timed out. starting new election...
18:13.471600086 [ INFO] [58] has timed out. starting new election...
18:13.494078879 [ INFO] [58] becomes leader with 59 votes
18:13.656782264 [ INFO] [2] has timed out. starting new election...
18:13.658628422 [ INFO] [60] has timed out. starting new election...
18:13.690357606 [ INFO] [60] becomes leader with 60 votes
18:13.958356777 [ INFO] [2] candidate has timed out. starting new election...
18:14.003738126 [ INFO] [44] has timed out. starting new election...
18:14.007010316 [ INFO] [44] becomes leader with 33 votes
18:14.170083893 [ INFO] [59] has timed out. starting new election...
18:14.168767891 [ INFO] [20] has timed out. starting new election...
18:14.206653077 [ INFO] [20] becomes leader with 61 votes
18:14.389793415 [ INFO] [59] has timed out. starting new election...
18:14.391419587 [ INFO] [10] has timed out. starting new election...
18:14.394471665 [ INFO] [10] becomes leader with 33 votes
18:14.657473093 [ INFO] [58] has timed out. starting new election...
18:14.675241983 [ INFO] [58] becomes leader with 33 votes
18:14.912711446 [ INFO] [59] has timed out. starting new election...
18:14.912952162 [ INFO] [60] has timed out. starting new election...
18:14.950367945 [ INFO] [60] becomes leader with 60 votes
18:15.161774279 [ INFO] [44] has timed out. starting new election...
18:15.194354168 [ INFO] [44] becomes leader with 61 votes
18:15.370819219 [ INFO] [59] has timed out. starting new election...
18:15.373744197 [ INFO] [59] becomes leader with 33 votes
18:15.552925898 [ INFO] [20] has timed out. starting new election...
18:15.555882914 [ INFO] [20] becomes leader with 33 votes
18:15.835424955 [ INFO] [10] has timed out. starting new election...
18:15.838282220 [ INFO] [58] has timed out. starting new election...
18:15.882357322 [ INFO] [58] becomes leader with 60 votes
18:16.119770446 [ INFO] [60] has timed out. starting new election...
18:16.122924740 [ INFO] [60] becomes leader with 33 votes
18:16.368345348 [ INFO] [44] has timed out. starting new election...
18:16.371458332 [ INFO] [44] becomes leader with 33 votes
18:16.531635712 [ INFO] [59] has timed out. starting new election...
18:16.534473438 [ INFO] [59] becomes leader with 33 votes
18:16.713879882 [ INFO] [20] has timed out. starting new election...
18:16.716540205 [ INFO] [10] has timed out. starting new election...
18:16.728265745 [ INFO] [10] becomes leader with 33 votes
18:17.017770898 [ INFO] [20] candidate has timed out. starting new election...
18:17.045275775 [ INFO] [58] has timed out. starting new election...
18:17.048498331 [ INFO] [58] becomes leader with 33 votes
18:17.281701734 [ INFO] [60] has timed out. starting new election...
18:17.314364020 [ INFO] [60] becomes leader with 60 votes
18:17.526241118 [ INFO] [44] has timed out. starting new election...
18:17.529253810 [ INFO] [44] becomes leader with 33 votes
18:17.690488969 [ INFO] [59] has timed out. starting new election...
18:17.693557764 [ INFO] [59] becomes leader with 33 votes
18:17.890006598 [ INFO] [10] has timed out. starting new election...
18:17.922655771 [ INFO] [10] becomes leader with 60 votes
18:18.211432838 [ INFO] [58] has timed out. starting new election...
18:18.214659869 [ INFO] [58] becomes leader with 33 votes
18:18.514718429 [ INFO] [40] has timed out. starting new election...
18:18.514884901 [ INFO] [50] has timed out. starting new election...
18:18.546358308 [ INFO] [50] becomes leader with 59 votes
18:18.849934772 [ INFO] [44] has timed out. starting new election...
18:18.851473344 [ INFO] [40] candidate has timed out. starting new election...
18:18.852960553 [ INFO] [44] becomes leader with 33 votes
18:19.082119644 [ INFO] [59] has timed out. starting new election...
18:19.085218964 [ INFO] [60] has timed out. starting new election...
18:19.134358256 [ INFO] [60] becomes leader with 58 votes
18:19.374458575 [ INFO] [10] has timed out. starting new election...
18:19.410652600 [ INFO] [10] becomes leader with 59 votes
18:19.704936679 [ INFO] [59] has timed out. starting new election...
18:19.746357952 [ INFO] [59] becomes leader with 59 votes
18:20.007405919 [ INFO] [44] has timed out. starting new election...
18:20.023939849 [ INFO] [44] becomes leader with 33 votes
18:20.187097756 [ INFO] [58] has timed out. starting new election...
18:20.190213889 [ INFO] [58] becomes leader with 33 votes
18:20.360981484 [ INFO] [60] has timed out. starting new election...
18:20.364000137 [ INFO] [60] becomes leader with 33 votes
18:20.572383674 [ INFO] [10] has timed out. starting new election...
18:20.576165062 [ INFO] [10] becomes leader with 33 votes
18:20.741775798 [ INFO] [50] has timed out. starting new election...
18:20.766596157 [ INFO] [50] becomes leader with 33 votes
18:20.919173519 [ INFO] [59] has timed out. starting new election...
18:20.924244424 [ INFO] [59] becomes leader with 33 votes
18:21.178881428 [ INFO] [44] has timed out. starting new election...
18:21.242280615 [ INFO] [44] becomes leader with 58 votes
18:21.522977418 [ INFO] [60] has timed out. starting new election...
18:21.566354834 [ INFO] [60] becomes leader with 59 votes
18:21.737905998 [ INFO] [10] has timed out. starting new election...
18:21.742995175 [ INFO] [58] has timed out. starting new election...
18:21.748882133 [ INFO] [58] becomes leader with 33 votes
18:22.079911538 [ INFO] [59] has timed out. starting new election...
18:22.083070435 [ INFO] [59] becomes leader with 33 votes
18:22.242174560 [ INFO] [10] has timed out. starting new election...
18:22.247943191 [ INFO] [10] becomes leader with 33 votes
18:22.427522906 [ INFO] [44] has timed out. starting new election...
18:22.458355934 [ INFO] [44] becomes leader with 59 votes
18:22.739814372 [ INFO] [60] has timed out. starting new election...
18:22.770354116 [ INFO] [60] becomes leader with 59 votes
18:23.029544695 [ INFO] [58] has timed out. starting new election...
18:23.036773486 [ INFO] [50] has timed out. starting new election...
18:23.041280420 [ INFO] [58] becomes leader with 33 votes
18:23.238491948 [ INFO] [59] has timed out. starting new election...
18:23.270359670 [ INFO] [59] becomes leader with 59 votes
18:23.427169276 [ INFO] [10] has timed out. starting new election...
18:23.432855284 [ INFO] [10] becomes leader with 33 votes
18:23.613179216 [ INFO] [44] has timed out. starting new election...
18:23.616661624 [ INFO] [44] becomes leader with 33 votes
18:23.782729414 [ INFO] [50] has timed out. starting new election...
18:23.781321211 [ INFO] [31] has timed out. starting new election...
18:23.790335572 [ INFO] [57] has timed out. starting new election...
18:23.792203930 [ INFO] [23] has timed out. starting new election...
18:23.842365457 [ INFO] [57] becomes leader with 34 votes
18:24.028893789 [ INFO] [60] has timed out. starting new election...
18:24.082354309 [ INFO] [60] becomes leader with 59 votes
18:24.268532486 [ INFO] [58] has timed out. starting new election...
18:24.271773660 [ INFO] [58] becomes leader with 33 votes
18:24.430290972 [ INFO] [59] has timed out. starting new election...
18:24.435614722 [ INFO] [59] becomes leader with 33 votes
18:24.598787389 [ INFO] [10] has timed out. starting new election...
18:24.601828199 [ INFO] [50] has timed out. starting new election...
18:24.604141249 [ INFO] [31] has timed out. starting new election...
18:24.613890359 [ INFO] [23] has timed out. starting new election...
18:24.625678723 [ INFO] [23] becomes leader with 33 votes
18:24.788310592 [ INFO] [44] has timed out. starting new election...
18:24.822356822 [ INFO] [44] becomes leader with 59 votes
18:25.024477438 [ INFO] [10] has timed out. starting new election...
18:25.066654790 [ INFO] [10] becomes leader with 59 votes
18:25.264774642 [ INFO] [60] has timed out. starting new election...
18:25.302359538 [ INFO] [60] becomes leader with 59 votes
18:25.591585633 [ INFO] [59] has timed out. starting new election...
18:25.601370052 [ INFO] [58] has timed out. starting new election...
18:25.605545626 [ INFO] [58] becomes leader with 33 votes
18:25.795613016 [ INFO] [50] has timed out. starting new election...
18:25.827398520 [ INFO] [50] becomes leader with 59 votes
18:25.985354230 [ INFO] [44] has timed out. starting new election...
18:26.018361026 [ INFO] [44] becomes leader with 59 votes
18:26.226211996 [ INFO] [59] has timed out. starting new election...
18:26.254355373 [ INFO] [59] becomes leader with 58 votes
18:26.460997597 [ INFO] [60] has timed out. starting new election...
18:26.464239327 [ INFO] [60] becomes leader with 33 votes
18:26.765582988 [ INFO] [10] has timed out. starting new election...
18:26.806659006 [ INFO] [10] becomes leader with 59 votes
18:26.992768914 [ INFO] [58] has timed out. starting new election...
18:27.023453549 [ INFO] [58] becomes leader with 59 votes
18:27.179606268 [ INFO] [44] has timed out. starting new election...
18:27.190489152 [ INFO] [50] has timed out. starting new election...
18:27.202689258 [ INFO] [44] becomes leader with 33 votes
18:27.409965753 [ INFO] [59] has timed out. starting new election...
18:27.442357844 [ INFO] [59] becomes leader with 59 votes
18:27.641689066 [ INFO] [60] has timed out. starting new election...
18:27.648884293 [ INFO] [50] has timed out. starting new election...
18:27.653925601 [ INFO] [50] becomes leader with 33 votes
18:27.968366875 [ INFO] [10] has timed out. starting new election...
18:27.969823478 [ INFO] [60] has timed out. starting new election...
18:28.010351466 [ INFO] [60] becomes leader with 57 votes
18:28.186324332 [ INFO] [58] has timed out. starting new election...
18:28.192634757 [ INFO] [31] has timed out. starting new election...
18:28.202359898 [ INFO] [57] has timed out. starting new election...
18:28.228449721 [ INFO] [57] becomes leader with 56 votes
18:28.401904761 [ INFO] [44] has timed out. starting new election...
18:28.418364612 [ INFO] [44] becomes leader with 57 votes
18:28.637500153 [ INFO] [59] has timed out. starting new election...
18:28.666843976 [ INFO] [59] becomes leader with 59 votes
18:28.825441332 [ INFO] [10] has timed out. starting new election...
18:28.828513956 [ INFO] [10] becomes leader with 33 votes
18:28.993224666 [ INFO] [58] has timed out. starting new election...
18:29.026359863 [ INFO] [58] becomes leader with 59 votes
18:29.200775520 [ INFO] [60] has timed out. starting new election...
18:29.234846090 [ INFO] [60] becomes leader with 59 votes
18:29.573310539 [ INFO] [44] has timed out. starting new election...
18:29.606355835 [ INFO] [44] becomes leader with 59 votes
18:29.822530254 [ INFO] [59] has timed out. starting new election...
18:29.854355134 [ INFO] [59] becomes leader with 59 votes
18:30.013941959 [ INFO] [10] has timed out. starting new election...
18:30.032263558 [ INFO] [10] becomes leader with 33 votes
18:30.205003606 [ INFO] [58] has timed out. starting new election...
18:30.238366554 [ INFO] [58] becomes leader with 59 votes
18:30.428806778 [ INFO] [60] has timed out. starting new election...
18:30.431688154 [ INFO] [60] becomes leader with 33 votes
18:30.598445933 [ INFO] [50] has timed out. starting new election...
18:30.597262011 [ INFO] [31] has timed out. starting new election...
18:30.613717788 [ INFO] [31] becomes leader with 55 votes
18:30.827110097 [ INFO] [44] has timed out. starting new election...
18:30.830215345 [ INFO] [44] becomes leader with 33 votes
18:31.010224260 [ INFO] [59] has timed out. starting new election...
18:31.013284296 [ INFO] [59] becomes leader with 33 votes
18:31.194146757 [ INFO] [10] has timed out. starting new election...
18:31.226652828 [ INFO] [10] becomes leader with 59 votes
18:31.400737829 [ INFO] [58] has timed out. starting new election...
18:31.434354178 [ INFO] [58] becomes leader with 59 votes
18:31.594697339 [ INFO] [60] has timed out. starting new election...
18:31.626358214 [ INFO] [60] becomes leader with 59 votes
18:31.843160808 [ INFO] [31] has timed out. starting new election...
18:31.847442060 [ INFO] [31] becomes leader with 33 votes
18:32.006783145 [ INFO] [44] has timed out. starting new election...
18:32.010166232 [ INFO] [44] becomes leader with 33 votes
18:32.169089885 [ INFO] [59] has timed out. starting new election...
18:32.172274400 [ INFO] [59] becomes leader with 33 votes
18:32.388421786 [ INFO] [10] has timed out. starting new election...
18:32.404275875 [ INFO] [10] becomes leader with 33 votes
18:32.597046620 [ INFO] [58] has timed out. starting new election...
18:32.634355999 [ INFO] [58] becomes leader with 59 votes
18:32.836764909 [ INFO] [60] has timed out. starting new election...
18:32.840119276 [ INFO] [60] becomes leader with 33 votes
18:33.164851852 [ INFO] [44] has timed out. starting new election...
18:33.190634625 [ INFO] [44] becomes leader with 33 votes
18:33.346160377 [ INFO] [59] has timed out. starting new election...
18:33.367586412 [ INFO] [59] becomes leader with 33 votes
18:33.566752091 [ INFO] [10] has timed out. starting new election...
18:33.569981944 [ INFO] [10] becomes leader with 33 votes
18:33.797198084 [ INFO] [58] has timed out. starting new election...
18:33.815703391 [ INFO] [58] becomes leader with 33 votes
18:34.007717054 [ INFO] [60] has timed out. starting new election...
18:34.046361530 [ INFO] [60] becomes leader with 59 votes
18:34.345262574 [ INFO] [44] has timed out. starting new election...
18:34.372226099 [ INFO] [44] becomes leader with 59 votes
18:34.529245698 [ INFO] [59] has timed out. starting new election...
18:34.536487882 [ INFO] [50] has timed out. starting new election...
18:34.578673291 [ INFO] [50] becomes leader with 58 votes
18:34.789092181 [ INFO] [10] has timed out. starting new election...
18:34.792148928 [ INFO] [10] becomes leader with 33 votes
18:34.974248824 [ INFO] [59] has timed out. starting new election...
18:34.977385591 [ INFO] [59] becomes leader with 33 votes
18:35.240789526 [ INFO] [60] has timed out. starting new election...
18:35.274355509 [ INFO] [60] becomes leader with 59 votes
18:35.535754807 [ INFO] [44] has timed out. starting new election...
18:35.538805644 [ INFO] [44] becomes leader with 33 votes
18:35.795499895 [ INFO] [58] has timed out. starting new election...
18:35.796982435 [ INFO] [50] has timed out. starting new election...
18:35.816472813 [ INFO] [58] becomes leader with 33 votes
18:35.977539505 [ INFO] [10] has timed out. starting new election...
18:36.010656768 [ INFO] [10] becomes leader with 59 votes
18:36.183943844 [ INFO] [59] has timed out. starting new election...
18:36.218355101 [ INFO] [59] becomes leader with 59 votes
18:36.448851800 [ INFO] [60] has timed out. starting new election...
18:36.463967711 [ INFO] [60] becomes leader with 33 votes
18:36.693440686 [ INFO] [44] has timed out. starting new election...
18:36.699153664 [ INFO] [44] becomes leader with 33 votes
18:36.979269552 [ INFO] [58] has timed out. starting new election...
18:37.022355958 [ INFO] [58] becomes leader with 59 votes
18:37.195149133 [ INFO] [10] has timed out. starting new election...
18:37.198257723 [ INFO] [10] becomes leader with 33 votes
18:37.373966213 [ INFO] [59] has timed out. starting new election...
18:37.406354492 [ INFO] [59] becomes leader with 59 votes
18:37.622754121 [ INFO] [60] has timed out. starting new election...
18:37.625808359 [ INFO] [60] becomes leader with 33 votes
18:37.853844680 [ INFO] [44] has timed out. starting new election...
18:37.857106707 [ INFO] [44] becomes leader with 33 votes
18:38.021244629 [ INFO] [31] has timed out. starting new election...
18:38.023151277 [ INFO] [50] has timed out. starting new election...
18:38.078356869 [ INFO] [50] becomes leader with 58 votes
18:38.350857813 [ INFO] [31] candidate has timed out. starting new election...
18:38.359867471 [ INFO] [10] has timed out. starting new election...
18:38.362955943 [ INFO] [10] becomes leader with 33 votes
18:38.562016124 [ INFO] [59] has timed out. starting new election...
18:38.565061540 [ INFO] [59] becomes leader with 33 votes
18:38.787697092 [ INFO] [60] has timed out. starting new election...
18:38.790871564 [ INFO] [60] becomes leader with 33 votes
18:39.011903706 [ INFO] [44] has timed out. starting new election...
18:39.046358105 [ INFO] [44] becomes leader with 58 votes
18:39.241024026 [ INFO] [58] has timed out. starting new election...
18:39.266357135 [ INFO] [58] becomes leader with 57 votes
18:39.524581325 [ INFO] [10] has timed out. starting new election...
18:39.558652095 [ INFO] [10] becomes leader with 58 votes
18:39.722915828 [ INFO] [59] has timed out. starting new election...
18:39.725896667 [ INFO] [59] becomes leader with 33 votes
18:39.949521220 [ INFO] [60] has timed out. starting new election...
18:39.982357983 [ INFO] [60] becomes leader with 58 votes
18:40.201069813 [ INFO] [44] has timed out. starting new election...
18:40.204280534 [ INFO] [44] becomes leader with 33 votes
18:40.434611817 [ INFO] [50] has timed out. starting new election...
18:40.482357728 [ INFO] [50] becomes leader with 57 votes
18:40.720394186 [ INFO] [10] has timed out. starting new election...
18:40.722810104 [ INFO] [58] has timed out. starting new election...
18:40.725806562 [ INFO] [58] becomes leader with 33 votes
18:40.926363681 [ INFO] [59] has timed out. starting new election...
18:40.929490071 [ INFO] [59] becomes leader with 33 votes
18:41.141038244 [ INFO] [60] has timed out. starting new election...
18:41.166355060 [ INFO] [60] becomes leader with 58 votes
18:41.358943323 [ INFO] [44] has timed out. starting new election...
18:41.390356035 [ INFO] [44] becomes leader with 58 votes
18:41.641998688 [ INFO] [10] has timed out. starting new election...
18:41.670649899 [ INFO] [10] becomes leader with 58 votes
18:41.888514540 [ INFO] [58] has timed out. starting new election...
18:41.891855712 [ INFO] [58] becomes leader with 33 votes
18:42.085111569 [ INFO] [59] has timed out. starting new election...
18:42.118354759 [ INFO] [59] becomes leader with 58 votes
18:42.324660791 [ INFO] [60] has timed out. starting new election...
18:42.327868418 [ INFO] [60] becomes leader with 33 votes
18:42.576746478 [ INFO] [44] has timed out. starting new election...
18:42.610355370 [ INFO] [44] becomes leader with 58 votes
18:42.832439839 [ INFO] [10] has timed out. starting new election...
18:42.835764950 [ INFO] [10] becomes leader with 33 votes
18:43.059689752 [ INFO] [58] has timed out. starting new election...
18:43.068011789 [ INFO] [58] becomes leader with 33 votes
18:43.273983953 [ INFO] [59] has timed out. starting new election...
18:43.291628080 [ INFO] [59] becomes leader with 33 votes
18:43.486547344 [ INFO] [60] has timed out. starting new election...
18:43.506465092 [ INFO] [60] becomes leader with 56 votes
18:43.765024350 [ INFO] [44] has timed out. starting new election...
18:43.776358699 [ INFO] [44] becomes leader with 33 votes
18:44.005829227 [ INFO] [50] has timed out. starting new election...
18:44.046353472 [ INFO] [50] becomes leader with 58 votes
18:44.227893552 [ INFO] [10] has timed out. starting new election...
18:44.260277284 [ INFO] [10] becomes leader with 33 votes
18:44.447339512 [ INFO] [59] has timed out. starting new election...
18:44.451834880 [ INFO] [59] becomes leader with 33 votes
18:44.696751978 [ INFO] [60] has timed out. starting new election...
18:44.720466393 [ INFO] [60] becomes leader with 57 votes
18:44.931267726 [ INFO] [44] has timed out. starting new election...
18:44.950355564 [ INFO] [44] becomes leader with 58 votes
18:45.223798256 [ INFO] [58] has timed out. starting new election...
18:45.229105631 [ INFO] [58] becomes leader with 33 votes
18:45.422321748 [ INFO] [10] has timed out. starting new election...
18:45.429045423 [ INFO] [50] has timed out. starting new election...
18:45.441125155 [ INFO] [57] has timed out. starting new election...
18:45.490359008 [ INFO] [57] becomes leader with 56 votes
18:45.646306588 [ INFO] [59] has timed out. starting new election...
18:45.663560607 [ INFO] [59] becomes leader with 33 votes
18:45.914435543 [ INFO] [60] has timed out. starting new election...
18:45.915842437 [ INFO] [10] has timed out. starting new election...
18:45.919082617 [ INFO] [10] becomes leader with 33 votes
18:46.107419574 [ INFO] [44] has timed out. starting new election...
18:46.138354420 [ INFO] [44] becomes leader with 58 votes
18:46.390506718 [ INFO] [60] has timed out. starting new election...
18:46.391945708 [ INFO] [58] has timed out. starting new election...
18:46.434355329 [ INFO] [58] becomes leader with 57 votes
18:46.659101997 [ INFO] [50] has timed out. starting new election...
18:46.667163199 [ INFO] [57] has timed out. starting new election...
18:46.714359118 [ INFO] [57] becomes leader with 57 votes
18:46.866798926 [ INFO] [59] has timed out. starting new election...
18:46.906354694 [ INFO] [59] becomes leader with 58 votes
18:47.121927280 [ INFO] [60] has timed out. starting new election...
18:47.128098863 [ INFO] [60] becomes leader with 33 votes
18:47.352894053 [ INFO] [44] has timed out. starting new election...
18:47.358007367 [ INFO] [10] has timed out. starting new election...
18:47.365779779 [ INFO] [44] becomes leader with 33 votes
18:47.611648562 [ INFO] [58] has timed out. starting new election...
18:47.654354656 [ INFO] [58] becomes leader with 58 votes
18:47.877475854 [ INFO] [10] has timed out. starting new election...
18:47.883407611 [ INFO] [10] becomes leader with 33 votes
18:48.117757196 [ INFO] [59] has timed out. starting new election...
18:48.132990929 [ INFO] [59] becomes leader with 33 votes
18:48.293219957 [ INFO] [60] has timed out. starting new election...
18:48.296273713 [ INFO] [60] becomes leader with 33 votes
18:48.520455867 [ INFO] [44] has timed out. starting new election...
18:48.534364938 [ INFO] [50] has timed out. starting new election...
18:48.545020084 [ INFO] [57] has timed out. starting new election...
18:48.545582036 [ INFO] [16] has timed out. starting new election...
18:48.545599162 [ INFO] [23] has timed out. starting new election...
18:48.545917052 [ INFO] [4] has timed out. starting new election...
18:48.585231260 [ INFO] [4] becomes leader with 53 votes
18:48.866526013 [ INFO] [57] candidate has timed out. starting new election...
18:48.866562818 [ INFO] [50] candidate has timed out. starting new election...
18:48.870151943 [ INFO] [23] candidate has timed out. starting new election...
18:48.880962153 [ INFO] [58] has timed out. starting new election...
18:48.884260903 [ INFO] [58] becomes leader with 33 votes
18:49.043129284 [ INFO] [44] has timed out. starting new election...
18:49.046120499 [ INFO] [44] becomes leader with 33 votes
18:49.288639343 [ INFO] [59] has timed out. starting new election...
18:49.318912819 [ INFO] [59] becomes leader with 55 votes
18:49.476972710 [ INFO] [60] has timed out. starting new election...
18:49.495977732 [ INFO] [60] becomes leader with 33 votes
18:49.767524995 [ INFO] [10] has timed out. starting new election...
18:49.787487954 [ INFO] [16] has timed out. starting new election...
18:49.834652909 [ INFO] [16] becomes leader with 54 votes
18:50.047154374 [ INFO] [58] has timed out. starting new election...
18:50.067005402 [ INFO] [58] becomes leader with 33 votes
18:50.219470825 [ INFO] [44] has timed out. starting new election...
18:50.250357363 [ INFO] [44] becomes leader with 55 votes
18:50.474537499 [ INFO] [59] has timed out. starting new election...
18:50.477879231 [ INFO] [59] becomes leader with 33 votes
18:50.654628605 [ INFO] [60] has timed out. starting new election...
18:50.690353984 [ INFO] [60] becomes leader with 54 votes
18:50.996954945 [ INFO] [10] has timed out. starting new election...
18:51.000049733 [ INFO] [10] becomes leader with 33 votes
18:51.241433280 [ INFO] [58] has timed out. starting new election...
18:51.274356399 [ INFO] [58] becomes leader with 55 votes
18:51.428798620 [ INFO] [44] has timed out. starting new election...
18:51.442954544 [ INFO] [44] becomes leader with 33 votes
18:51.633456036 [ INFO] [59] has timed out. starting new election...
18:51.661377646 [ INFO] [59] becomes leader with 33 votes
18:51.848980297 [ INFO] [60] has timed out. starting new election...
18:51.870070346 [ INFO] [16] has timed out. starting new election...
18:51.898659335 [ INFO] [16] becomes leader with 35 votes
18:52.162154423 [ INFO] [10] has timed out. starting new election...
18:52.180335945 [ INFO] [10] becomes leader with 33 votes
18:52.432999026 [ INFO] [60] has timed out. starting new election...
18:52.462358483 [ INFO] [60] becomes leader with 55 votes
18:52.615352842 [ INFO] [44] has timed out. starting new election...
18:52.634357620 [ INFO] [44] becomes leader with 52 votes
18:52.816970486 [ INFO] [59] has timed out. starting new election...
18:52.850354876 [ INFO] [59] becomes leader with 55 votes
18:53.065097053 [ INFO] [58] has timed out. starting new election...
18:53.106356312 [ INFO] [58] becomes leader with 55 votes
18:53.343407247 [ INFO] [10] has timed out. starting new election...
18:53.346554927 [ INFO] [10] becomes leader with 33 votes
18:53.627638268 [ INFO] [60] has timed out. starting new election...
18:53.630640103 [ INFO] [60] becomes leader with 33 votes
18:53.789036234 [ INFO] [44] has timed out. starting new election...
18:53.812379911 [ INFO] [16] has timed out. starting new election...
18:53.816506227 [ INFO] [16] becomes leader with 33 votes
18:54.039527047 [ INFO] [59] has timed out. starting new election...
18:54.042685928 [ INFO] [59] becomes leader with 33 votes
18:54.261953708 [ INFO] [44] has timed out. starting new election...
18:54.294357180 [ INFO] [44] becomes leader with 55 votes
18:54.508382003 [ INFO] [10] has timed out. starting new election...
18:54.511373781 [ INFO] [10] becomes leader with 33 votes
18:54.791732254 [ INFO] [60] has timed out. starting new election...
18:55.198291828 [ INFO] [59] has timed out. starting new election...
18:55.605456779 [ INFO] [59] has timed out. starting new election...
18:54.953809922 [ INFO] [58] has timed out. starting new election...
18:55.448973416 [ INFO] [44] has timed out. starting new election...
