[1579511938.799131] [dahu-29:14617:0]       ib_iface.c:696  UCX  ERROR ibv_create_cq(cqe=4096) failed: Function not implemented
[1579511938.802001] [dahu-29:14622:0]       ib_iface.c:696  UCX  ERROR ibv_create_cq(cqe=4096) failed: Function not implemented
[1579511938.803782] [dahu-3:10484:0]       ib_iface.c:696  UCX  ERROR ibv_create_cq(cqe=4096) failed: Function not implemented
[1579511938.806838] [dahu-3:10490:0]       ib_iface.c:696  UCX  ERROR ibv_create_cq(cqe=4096) failed: Function not implemented
[1579511938.807414] [dahu-3:10485:0]       ib_iface.c:696  UCX  ERROR ibv_create_cq(cqe=4096) failed: Function not implemented
[1579511938.807653] [dahu-3:10495:0]       ib_iface.c:696  UCX  ERROR ibv_create_cq(cqe=4096) failed: Function not implemented
[1579511938.807854] [dahu-3:10479:0]       ib_iface.c:696  UCX  ERROR ibv_create_cq(cqe=4096) failed: Function not implemented
[1579511938.807906] [dahu-3:10481:0]       ib_iface.c:696  UCX  ERROR ibv_create_cq(cqe=4096) failed: Function not implemented
[1579511938.809480] [dahu-3:10477:0]       ib_iface.c:696  UCX  ERROR ibv_create_cq(cqe=4096) failed: Function not implemented
[1579511938.809632] [dahu-3:10487:0]       ib_iface.c:696  UCX  ERROR ibv_create_cq(cqe=4096) failed: Function not implemented
[1579511938.810084] [dahu-3:10486:0]       ib_iface.c:696  UCX  ERROR ibv_create_cq(cqe=4096) failed: Function not implemented
[1579511938.810920] [dahu-3:10497:0]       ib_iface.c:696  UCX  ERROR ibv_create_cq(cqe=4096) failed: Function not implemented
[1579511938.811303] [dahu-3:10494:0]       ib_iface.c:696  UCX  ERROR ibv_create_cq(cqe=4096) failed: Function not implemented
[1579511938.811778] [dahu-3:10492:0]       ib_iface.c:696  UCX  ERROR ibv_create_cq(cqe=4096) failed: Function not implemented
[1579511938.812696] [dahu-3:10480:0]       ib_iface.c:696  UCX  ERROR ibv_create_cq(cqe=4096) failed: Function not implemented
[1579511938.811990] [dahu-29:14612:0]       ib_iface.c:696  UCX  ERROR ibv_create_cq(cqe=4096) failed: Function not implemented
[1579511938.812625] [dahu-29:14613:0]       ib_iface.c:696  UCX  ERROR ibv_create_cq(cqe=4096) failed: Function not implemented
[1579511938.816312] [dahu-29:14619:0]       ib_iface.c:696  UCX  ERROR ibv_create_cq(cqe=4096) failed: Function not implemented
[1579511938.816842] [dahu-29:14625:0]       ib_iface.c:696  UCX  ERROR ibv_create_cq(cqe=4096) failed: Function not implemented
[1579511938.817043] [dahu-29:14620:0]       ib_iface.c:696  UCX  ERROR ibv_create_cq(cqe=4096) failed: Function not implemented
[1579511938.818409] [dahu-3:10498:0]       ib_iface.c:696  UCX  ERROR ibv_create_cq(cqe=4096) failed: Function not implemented
[1579511938.817171] [dahu-29:14629:0]       ib_iface.c:696  UCX  ERROR ibv_create_cq(cqe=4096) failed: Function not implemented
[1579511938.818667] [dahu-3:10499:0]       ib_iface.c:696  UCX  ERROR ibv_create_cq(cqe=4096) failed: Function not implemented
[1579511938.818728] [dahu-3:10503:0]       ib_iface.c:696  UCX  ERROR ibv_create_cq(cqe=4096) failed: Function not implemented
[1579511938.817381] [dahu-29:14621:0]       ib_iface.c:696  UCX  ERROR ibv_create_cq(cqe=4096) failed: Function not implemented
[1579511938.818853] [dahu-3:10483:0]       ib_iface.c:696  UCX  ERROR ibv_create_cq(cqe=4096) failed: Function not implemented
[1579511938.819129] [dahu-3:10502:0]       ib_iface.c:696  UCX  ERROR ibv_create_cq(cqe=4096) failed: Function not implemented
[1579511938.819309] [dahu-3:10508:0]       ib_iface.c:696  UCX  ERROR ibv_create_cq(cqe=4096) failed: Function not implemented
[1579511938.817952] [dahu-29:14614:0]       ib_iface.c:696  UCX  ERROR ibv_create_cq(cqe=4096) failed: Function not implemented
[1579511938.820047] [dahu-3:10506:0]       ib_iface.c:696  UCX  ERROR ibv_create_cq(cqe=4096) failed: Function not implemented
[1579511938.820451] [dahu-3:10505:0]       ib_iface.c:696  UCX  ERROR ibv_create_cq(cqe=4096) failed: Function not implemented
[1579511938.820523] [dahu-3:10501:0]       ib_iface.c:696  UCX  ERROR ibv_create_cq(cqe=4096) failed: Function not implemented
[1579511938.819264] [dahu-29:14623:0]       ib_iface.c:696  UCX  ERROR ibv_create_cq(cqe=4096) failed: Function not implemented
[1579511938.821132] [dahu-3:10507:0]       ib_iface.c:696  UCX  ERROR ibv_create_cq(cqe=4096) failed: Function not implemented
[1579511938.823050] [dahu-3:10493:0]       ib_iface.c:696  UCX  ERROR ibv_create_cq(cqe=4096) failed: Function not implemented
[1579511938.824232] [dahu-3:10496:0]       ib_iface.c:696  UCX  ERROR ibv_create_cq(cqe=4096) failed: Function not implemented
[1579511938.824342] [dahu-3:10482:0]       ib_iface.c:696  UCX  ERROR ibv_create_cq(cqe=4096) failed: Function not implemented
[1579511938.824482] [dahu-3:10488:0]       ib_iface.c:696  UCX  ERROR ibv_create_cq(cqe=4096) failed: Function not implemented
[1579511938.824989] [dahu-3:10489:0]       ib_iface.c:696  UCX  ERROR ibv_create_cq(cqe=4096) failed: Function not implemented
[1579511938.825149] [dahu-3:10478:0]       ib_iface.c:696  UCX  ERROR ibv_create_cq(cqe=4096) failed: Function not implemented
[1579511938.825259] [dahu-3:10491:0]       ib_iface.c:696  UCX  ERROR ibv_create_cq(cqe=4096) failed: Function not implemented
[1579511938.824308] [dahu-29:14624:0]       ib_iface.c:696  UCX  ERROR ibv_create_cq(cqe=4096) failed: Function not implemented
[1579511938.824312] [dahu-29:14632:0]       ib_iface.c:696  UCX  ERROR ibv_create_cq(cqe=4096) failed: Function not implemented
[1579511938.824718] [dahu-29:14628:0]       ib_iface.c:696  UCX  ERROR ibv_create_cq(cqe=4096) failed: Function not implemented
[1579511938.827383] [dahu-3:10504:0]       ib_iface.c:696  UCX  ERROR ibv_create_cq(cqe=4096) failed: Function not implemented
[1579511938.827748] [dahu-3:10500:0]       ib_iface.c:696  UCX  ERROR ibv_create_cq(cqe=4096) failed: Function not implemented
[1579511938.826338] [dahu-29:14631:0]       ib_iface.c:696  UCX  ERROR ibv_create_cq(cqe=4096) failed: Function not implemented
[1579511938.826408] [dahu-29:14618:0]       ib_iface.c:696  UCX  ERROR ibv_create_cq(cqe=4096) failed: Function not implemented
[1579511938.826883] [dahu-29:14626:0]       ib_iface.c:696  UCX  ERROR ibv_create_cq(cqe=4096) failed: Function not implemented
[1579511938.827363] [dahu-29:14630:0]       ib_iface.c:696  UCX  ERROR ibv_create_cq(cqe=4096) failed: Function not implemented
[1579511938.827910] [dahu-29:14633:0]       ib_iface.c:696  UCX  ERROR ibv_create_cq(cqe=4096) failed: Function not implemented
[1579511938.828683] [dahu-29:14637:0]       ib_iface.c:696  UCX  ERROR ibv_create_cq(cqe=4096) failed: Function not implemented
[1579511938.829131] [dahu-29:14616:0]       ib_iface.c:696  UCX  ERROR ibv_create_cq(cqe=4096) failed: Function not implemented
[1579511938.829131] [dahu-29:14615:0]       ib_iface.c:696  UCX  ERROR ibv_create_cq(cqe=4096) failed: Function not implemented
[1579511938.830727] [dahu-29:14636:0]       ib_iface.c:696  UCX  ERROR ibv_create_cq(cqe=4096) failed: Function not implemented
[1579511938.831044] [dahu-29:14627:0]       ib_iface.c:696  UCX  ERROR ibv_create_cq(cqe=4096) failed: Function not implemented
[1579511938.831345] [dahu-29:14634:0]       ib_iface.c:696  UCX  ERROR ibv_create_cq(cqe=4096) failed: Function not implemented
[1579511938.832230] [dahu-29:14638:0]       ib_iface.c:696  UCX  ERROR ibv_create_cq(cqe=4096) failed: Function not implemented
[1579511938.834036] [dahu-29:14641:0]       ib_iface.c:696  UCX  ERROR ibv_create_cq(cqe=4096) failed: Function not implemented
[1579511938.834444] [dahu-29:14643:0]       ib_iface.c:696  UCX  ERROR ibv_create_cq(cqe=4096) failed: Function not implemented
[1579511938.834511] [dahu-29:14640:0]       ib_iface.c:696  UCX  ERROR ibv_create_cq(cqe=4096) failed: Function not implemented
[1579511938.834605] [dahu-29:14642:0]       ib_iface.c:696  UCX  ERROR ibv_create_cq(cqe=4096) failed: Function not implemented
[1579511938.840022] [dahu-29:14635:0]       ib_iface.c:696  UCX  ERROR ibv_create_cq(cqe=4096) failed: Function not implemented
[1579511938.840062] [dahu-29:14639:0]       ib_iface.c:696  UCX  ERROR ibv_create_cq(cqe=4096) failed: Function not implemented
[1579511939.322653] [dahu-30:8662 :0]       ib_iface.c:696  UCX  ERROR ibv_create_cq(cqe=4096) failed: Function not implemented
[1579511939.322789] [dahu-30:8665 :0]       ib_iface.c:696  UCX  ERROR ibv_create_cq(cqe=4096) failed: Function not implemented
[1579511939.323018] [dahu-30:8660 :0]       ib_iface.c:696  UCX  ERROR ibv_create_cq(cqe=4096) failed: Function not implemented
[1579511939.323270] [dahu-30:8663 :0]       ib_iface.c:696  UCX  ERROR ibv_create_cq(cqe=4096) failed: Function not implemented
[1579511939.323494] [dahu-30:8655 :0]       ib_iface.c:696  UCX  ERROR ibv_create_cq(cqe=4096) failed: Function not implemented
[1579511939.324382] [dahu-30:8671 :0]       ib_iface.c:696  UCX  ERROR ibv_create_cq(cqe=4096) failed: Function not implemented
[1579511939.325188] [dahu-30:8654 :0]       ib_iface.c:696  UCX  ERROR ibv_create_cq(cqe=4096) failed: Function not implemented
[1579511939.326570] [dahu-30:8646 :0]       ib_iface.c:696  UCX  ERROR ibv_create_cq(cqe=4096) failed: Function not implemented
[1579511939.328302] [dahu-30:8658 :0]       ib_iface.c:696  UCX  ERROR ibv_create_cq(cqe=4096) failed: Function not implemented
[1579511939.331976] [dahu-31:10001:0]       ib_iface.c:696  UCX  ERROR ibv_create_cq(cqe=4096) failed: Function not implemented
[1579511939.331532] [dahu-30:8666 :0]       ib_iface.c:696  UCX  ERROR ibv_create_cq(cqe=4096) failed: Function not implemented
[1579511939.333696] [dahu-31:10002:0]       ib_iface.c:696  UCX  ERROR ibv_create_cq(cqe=4096) failed: Function not implemented
[1579511939.333827] [dahu-31:10015:0]       ib_iface.c:696  UCX  ERROR ibv_create_cq(cqe=4096) failed: Function not implemented
[1579511939.334368] [dahu-31:10018:0]       ib_iface.c:696  UCX  ERROR ibv_create_cq(cqe=4096) failed: Function not implemented
[1579511939.334752] [dahu-31:10019:0]       ib_iface.c:696  UCX  ERROR ibv_create_cq(cqe=4096) failed: Function not implemented
[1579511939.334913] [dahu-31:10008:0]       ib_iface.c:696  UCX  ERROR ibv_create_cq(cqe=4096) failed: Function not implemented
[1579511939.335252] [dahu-31:9990 :0]       ib_iface.c:696  UCX  ERROR ibv_create_cq(cqe=4096) failed: Function not implemented
[1579511939.335359] [dahu-31:10021:0]       ib_iface.c:696  UCX  ERROR ibv_create_cq(cqe=4096) failed: Function not implemented
[1579511939.335916] [dahu-31:9991 :0]       ib_iface.c:696  UCX  ERROR ibv_create_cq(cqe=4096) failed: Function not implemented
[1579511939.338391] [dahu-31:10010:0]       ib_iface.c:696  UCX  ERROR ibv_create_cq(cqe=4096) failed: Function not implemented
[1579511939.339327] [dahu-31:9983 :0]       ib_iface.c:696  UCX  ERROR ibv_create_cq(cqe=4096) failed: Function not implemented
[1579511939.340561] [dahu-30:8675 :0]       ib_iface.c:696  UCX  ERROR ibv_create_cq(cqe=4096) failed: Function not implemented
[1579511939.340575] [dahu-30:8680 :0]       ib_iface.c:696  UCX  ERROR ibv_create_cq(cqe=4096) failed: Function not implemented
[1579511939.342071] [dahu-31:9992 :0]       ib_iface.c:696  UCX  ERROR ibv_create_cq(cqe=4096) failed: Function not implemented
[1579511939.341753] [dahu-30:8672 :0]       ib_iface.c:696  UCX  ERROR ibv_create_cq(cqe=4096) failed: Function not implemented
[1579511939.341804] [dahu-30:8653 :0]       ib_iface.c:696  UCX  ERROR ibv_create_cq(cqe=4096) failed: Function not implemented
[1579511939.341830] [dahu-30:8656 :0]       ib_iface.c:696  UCX  ERROR ibv_create_cq(cqe=4096) failed: Function not implemented
[1579511939.341815] [dahu-30:8668 :0]       ib_iface.c:696  UCX  ERROR ibv_create_cq(cqe=4096) failed: Function not implemented
[1579511939.341875] [dahu-30:8657 :0]       ib_iface.c:696  UCX  ERROR ibv_create_cq(cqe=4096) failed: Function not implemented
[1579511939.341865] [dahu-30:8674 :0]       ib_iface.c:696  UCX  ERROR ibv_create_cq(cqe=4096) failed: Function not implemented
[1579511939.342677] [dahu-31:10003:0]       ib_iface.c:696  UCX  ERROR ibv_create_cq(cqe=4096) failed: Function not implemented
[1579511939.342727] [dahu-31:10007:0]       ib_iface.c:696  UCX  ERROR ibv_create_cq(cqe=4096) failed: Function not implemented
[1579511939.342011] [dahu-30:8669 :0]       ib_iface.c:696  UCX  ERROR ibv_create_cq(cqe=4096) failed: Function not implemented
[1579511939.342173] [dahu-30:8676 :0]       ib_iface.c:696  UCX  ERROR ibv_create_cq(cqe=4096) failed: Function not implemented
[1579511939.342369] [dahu-30:8682 :0]       ib_iface.c:696  UCX  ERROR ibv_create_cq(cqe=4096) failed: Function not implemented
[1579511939.342547] [dahu-30:8677 :0]       ib_iface.c:696  UCX  ERROR ibv_create_cq(cqe=4096) failed: Function not implemented
[1579511939.342573] [dahu-30:8673 :0]       ib_iface.c:696  UCX  ERROR ibv_create_cq(cqe=4096) failed: Function not implemented
[1579511939.342601] [dahu-30:8661 :0]       ib_iface.c:696  UCX  ERROR ibv_create_cq(cqe=4096) failed: Function not implemented
[1579511939.342683] [dahu-30:8681 :0]       ib_iface.c:696  UCX  ERROR ibv_create_cq(cqe=4096) failed: Function not implemented
[1579511939.346441] [dahu-30:8644 :0]       ib_iface.c:696  UCX  ERROR ibv_create_cq(cqe=4096) failed: Function not implemented
[1579511939.347199] [dahu-30:8664 :0]       ib_iface.c:696  UCX  ERROR ibv_create_cq(cqe=4096) failed: Function not implemented
[1579511939.348108] [dahu-31:10013:0]       ib_iface.c:696  UCX  ERROR ibv_create_cq(cqe=4096) failed: Function not implemented
[1579511939.348366] [dahu-30:8645 :0]       ib_iface.c:696  UCX  ERROR ibv_create_cq(cqe=4096) failed: Function not implemented
[1579511939.349103] [dahu-30:8667 :0]       ib_iface.c:696  UCX  ERROR ibv_create_cq(cqe=4096) failed: Function not implemented
[1579511939.349118] [dahu-30:8659 :0]       ib_iface.c:696  UCX  ERROR ibv_create_cq(cqe=4096) failed: Function not implemented
[1579511939.349378] [dahu-30:8670 :0]       ib_iface.c:696  UCX  ERROR ibv_create_cq(cqe=4096) failed: Function not implemented
[1579511939.349369] [dahu-30:8679 :0]       ib_iface.c:696  UCX  ERROR ibv_create_cq(cqe=4096) failed: Function not implemented
[1579511939.349996] [dahu-31:10016:0]       ib_iface.c:696  UCX  ERROR ibv_create_cq(cqe=4096) failed: Function not implemented
[1579511939.350121] [dahu-31:9985 :0]       ib_iface.c:696  UCX  ERROR ibv_create_cq(cqe=4096) failed: Function not implemented
[1579511939.351450] [dahu-31:9982 :0]       ib_iface.c:696  UCX  ERROR ibv_create_cq(cqe=4096) failed: Function not implemented
[1579511939.351547] [dahu-31:10005:0]       ib_iface.c:696  UCX  ERROR ibv_create_cq(cqe=4096) failed: Function not implemented
[1579511939.351777] [dahu-31:9984 :0]       ib_iface.c:696  UCX  ERROR ibv_create_cq(cqe=4096) failed: Function not implemented
[1579511939.351901] [dahu-31:10012:0]       ib_iface.c:696  UCX  ERROR ibv_create_cq(cqe=4096) failed: Function not implemented
[1579511939.353101] [dahu-31:10009:0]       ib_iface.c:696  UCX  ERROR ibv_create_cq(cqe=4096) failed: Function not implemented
[1579511939.353179] [dahu-31:10017:0]       ib_iface.c:696  UCX  ERROR ibv_create_cq(cqe=4096) failed: Function not implemented
[1579511939.353218] [dahu-31:10014:0]       ib_iface.c:696  UCX  ERROR ibv_create_cq(cqe=4096) failed: Function not implemented
[1579511939.353223] [dahu-31:10004:0]       ib_iface.c:696  UCX  ERROR ibv_create_cq(cqe=4096) failed: Function not implemented
[1579511939.353752] [dahu-31:10020:0]       ib_iface.c:696  UCX  ERROR ibv_create_cq(cqe=4096) failed: Function not implemented
[1579511939.353880] [dahu-31:9997 :0]       ib_iface.c:696  UCX  ERROR ibv_create_cq(cqe=4096) failed: Function not implemented
[1579511939.354101] [dahu-31:9998 :0]       ib_iface.c:696  UCX  ERROR ibv_create_cq(cqe=4096) failed: Function not implemented
[1579511939.354101] [dahu-31:9999 :0]       ib_iface.c:696  UCX  ERROR ibv_create_cq(cqe=4096) failed: Function not implemented
[1579511939.354565] [dahu-31:9993 :0]       ib_iface.c:696  UCX  ERROR ibv_create_cq(cqe=4096) failed: Function not implemented
[1579511939.354580] [dahu-31:10011:0]       ib_iface.c:696  UCX  ERROR ibv_create_cq(cqe=4096) failed: Function not implemented
[1579511939.354746] [dahu-31:10000:0]       ib_iface.c:696  UCX  ERROR ibv_create_cq(cqe=4096) failed: Function not implemented
18:59.514560805 [ INFO] [6] has timed out. starting new election...
18:59.516895220 [ INFO] [40] has timed out. starting new election...
18:59.528319030 [ INFO] [6] becomes leader with 65 votes
18:59.694943674 [ INFO] [66] has timed out. starting new election...
18:59.696449441 [ INFO] [74] has timed out. starting new election...
18:59.693580465 [ INFO] [30] has timed out. starting new election...
18:59.698186146 [ INFO] [76] has timed out. starting new election...
18:59.698642992 [ INFO] [127] has timed out. starting new election...
18:59.699121625 [ INFO] [112] has timed out. starting new election...
18:59.699310079 [ INFO] [116] has timed out. starting new election...
18:59.701890240 [ INFO] [77] has timed out. starting new election...
18:59.702724330 [ INFO] [105] has timed out. starting new election...
18:59.702814778 [ INFO] [78] has timed out. starting new election...
18:59.703708221 [ INFO] [104] has timed out. starting new election...
18:59.706329884 [ INFO] [94] has timed out. starting new election...
18:59.710416315 [ INFO] [123] has timed out. starting new election...
18:59.714714226 [ INFO] [113] has timed out. starting new election...
18:59.723648323 [ INFO] [124] has timed out. starting new election...
18:59.798055160 [ INFO] [30] becomes leader with 65 votes
18:59.952927851 [ INFO] [40] has timed out. starting new election...
18:59.956707424 [ INFO] [40] becomes leader with 65 votes
19:00.121619073 [ INFO] [66] has timed out. starting new election...
19:00.125435699 [ INFO] [66] becomes leader with 65 votes
19:00.288360321 [ INFO] [76] has timed out. starting new election...
19:00.289104798 [ INFO] [116] has timed out. starting new election...
19:00.328864254 [ INFO] [76] becomes leader with 127 votes
19:00.507097111 [ INFO] [21] has timed out. starting new election...
19:00.511431111 [ INFO] [74] has timed out. starting new election...
19:00.516031615 [ INFO] [74] becomes leader with 65 votes
19:00.685838635 [ INFO] [6] has timed out. starting new election...
19:00.689652635 [ INFO] [6] becomes leader with 65 votes
19:01.114150126 [ INFO] [40] has timed out. starting new election...
19:01.166355212 [ INFO] [40] becomes leader with 128 votes
19:01.329208029 [ INFO] [66] has timed out. starting new election...
19:01.346576119 [ INFO] [66] becomes leader with 65 votes
19:01.678137029 [ INFO] [5] has timed out. starting new election...
19:01.678324528 [ INFO] [30] has timed out. starting new election...
19:01.726653809 [ INFO] [30] becomes leader with 97 votes
19:01.878103215 [ INFO] [6] has timed out. starting new election...
19:01.902654291 [ INFO] [6] becomes leader with 126 votes
19:02.068538141 [ INFO] [74] has timed out. starting new election...
19:02.070398762 [ INFO] [76] has timed out. starting new election...
19:02.092870518 [ INFO] [76] becomes leader with 127 votes
19:02.323570808 [ INFO] [40] has timed out. starting new election...
19:02.329223669 [ INFO] [40] becomes leader with 65 votes
19:02.508157225 [ INFO] [5] has timed out. starting new election...
19:02.533777862 [ INFO] [5] becomes leader with 65 votes
19:02.700265364 [ INFO] [74] has timed out. starting new election...
19:02.704161689 [ INFO] [74] becomes leader with 65 votes
19:02.895227978 [ INFO] [66] has timed out. starting new election...
19:02.892639475 [ INFO] [21] has timed out. starting new election...
19:02.899349304 [ INFO] [116] has timed out. starting new election...
19:02.902121907 [ INFO] [112] has timed out. starting new election...
19:02.902067144 [ INFO] [77] has timed out. starting new election...
19:02.942136969 [ INFO] [77] becomes leader with 127 votes
19:03.243315777 [ INFO] [6] has timed out. starting new election...
19:03.286652360 [ INFO] [6] becomes leader with 127 votes
19:03.487083671 [ INFO] [40] has timed out. starting new election...
19:03.496506790 [ INFO] [66] has timed out. starting new election...
19:03.493555596 [ INFO] [30] has timed out. starting new election...
19:03.540549715 [ INFO] [30] becomes leader with 126 votes
19:03.708750428 [ INFO] [116] has timed out. starting new election...
19:03.709049229 [ INFO] [112] has timed out. starting new election...
19:03.737431022 [ INFO] [116] becomes leader with 65 votes
19:03.890943162 [ INFO] [40] has timed out. starting new election...
19:03.894976545 [ INFO] [40] becomes leader with 65 votes
19:04.106392465 [ INFO] [66] has timed out. starting new election...
19:04.103418606 [ INFO] [5] has timed out. starting new election...
19:04.107593431 [ INFO] [76] has timed out. starting new election...
19:04.150651824 [ INFO] [5] becomes leader with 125 votes
19:04.423596748 [ INFO] [66] candidate has timed out. starting new election...
19:04.424867685 [ INFO] [76] candidate has timed out. starting new election...
19:04.443851295 [ INFO] [6] has timed out. starting new election...
19:04.447832529 [ INFO] [6] becomes leader with 65 votes
19:04.705932614 [ INFO] [30] has timed out. starting new election...
19:04.710018805 [ INFO] [30] becomes leader with 65 votes
19:05.052292548 [ INFO] [40] has timed out. starting new election...
19:05.056356574 [ INFO] [40] becomes leader with 65 votes
19:05.320875478 [ INFO] [74] has timed out. starting new election...
19:05.317239055 [ INFO] [21] has timed out. starting new election...
19:05.318987556 [ INFO] [5] has timed out. starting new election...
19:05.348856450 [ INFO] [21] becomes leader with 65 votes
19:05.605153877 [ INFO] [6] has timed out. starting new election...
19:05.622315044 [ INFO] [116] has timed out. starting new election...
19:05.656528960 [ INFO] [116] becomes leader with 65 votes
19:05.874866555 [ INFO] [5] has timed out. starting new election...
19:05.878948029 [ INFO] [5] becomes leader with 65 votes
19:06.032259184 [ INFO] [6] has timed out. starting new election...
19:06.038696487 [ INFO] [6] becomes leader with 65 votes
19:06.213941849 [ INFO] [40] has timed out. starting new election...
19:06.217937448 [ INFO] [40] becomes leader with 65 votes
19:06.515093779 [ INFO] [30] has timed out. starting new election...
19:06.519993989 [ INFO] [74] has timed out. starting new election...
19:06.517475166 [ INFO] [21] has timed out. starting new election...
19:06.521424929 [ INFO] [21] becomes leader with 65 votes
19:06.831348818 [ INFO] [116] has timed out. starting new election...
19:06.870776840 [ INFO] [116] becomes leader with 126 votes
19:07.040765090 [ INFO] [30] has timed out. starting new election...
19:07.061924765 [ INFO] [30] becomes leader with 65 votes
19:07.216994808 [ INFO] [6] has timed out. starting new election...
19:07.250666 [ INFO] [6] becomes leader with 125 votes
19:07.405274768 [ INFO] [40] has timed out. starting new election...
19:07.430357278 [ INFO] [40] becomes leader with 126 votes
19:07.687051932 [ INFO] [5] has timed out. starting new election...
19:07.691809959 [ INFO] [74] has timed out. starting new election...
19:07.736866839 [ INFO] [74] becomes leader with 124 votes
19:07.990063097 [ INFO] [5] candidate has timed out. starting new election...
19:08.032251438 [ INFO] [21] has timed out. starting new election...
19:08.037690577 [ INFO] [116] has timed out. starting new election...
19:08.041562503 [ INFO] [116] becomes leader with 65 votes
19:08.227201382 [ INFO] [30] has timed out. starting new election...
19:08.232427545 [ INFO] [30] becomes leader with 65 votes
19:08.407308298 [ INFO] [6] has timed out. starting new election...
19:08.454652917 [ INFO] [6] becomes leader with 125 votes
19:08.628626718 [ INFO] [40] has timed out. starting new election...
19:08.638746374 [ INFO] [21] has timed out. starting new election...
19:08.644583736 [ INFO] [77] has timed out. starting new election...
19:08.645347889 [ INFO] [127] has timed out. starting new election...
19:08.676870522 [ INFO] [77] becomes leader with 121 votes
19:08.945915492 [ INFO] [127] candidate has timed out. starting new election...
19:08.974586982 [ INFO] [40] candidate has timed out. starting new election...
19:08.982687292 [ INFO] [74] has timed out. starting new election...
19:09.015206680 [ INFO] [74] becomes leader with 123 votes
19:09.202814586 [ INFO] [21] has timed out. starting new election...
19:09.209864195 [ INFO] [78] has timed out. starting new election...
19:09.211356601 [ INFO] [112] has timed out. starting new election...
19:09.232930410 [ INFO] [112] becomes leader with 65 votes
19:09.423933568 [ INFO] [116] has timed out. starting new election...
19:09.420281280 [ INFO] [30] has timed out. starting new election...
19:09.449621994 [ INFO] [30] becomes leader with 65 votes
19:09.631455055 [ INFO] [6] has timed out. starting new election...
19:09.635452249 [ INFO] [6] becomes leader with 65 votes
19:09.868843326 [ INFO] [21] has timed out. starting new election...
19:09.910652302 [ INFO] [21] becomes leader with 123 votes
19:10.181226844 [ INFO] [74] has timed out. starting new election...
19:10.185478697 [ INFO] [74] becomes leader with 65 votes
19:10.407111417 [ INFO] [116] has timed out. starting new election...
19:10.449901206 [ INFO] [116] becomes leader with 123 votes
19:10.626563761 [ INFO] [30] has timed out. starting new election...
19:10.632328859 [ INFO] [30] becomes leader with 65 votes
19:10.792734704 [ INFO] [6] has timed out. starting new election...
19:10.796776559 [ INFO] [6] becomes leader with 65 votes
19:11.077782225 [ INFO] [21] has timed out. starting new election...
19:11.085019978 [ INFO] [112] has timed out. starting new election...
19:11.085095331 [ INFO] [77] has timed out. starting new election...
19:11.085292945 [ INFO] [78] has timed out. starting new election...
19:11.115160113 [ INFO] [77] becomes leader with 120 votes
19:11.351557340 [ INFO] [74] has timed out. starting new election...
19:11.352791020 [ INFO] [26] has timed out. starting new election...
19:11.358056223 [ INFO] [65] has timed out. starting new election...
19:11.354678317 [ INFO] [17] has timed out. starting new election...
19:11.359887722 [ INFO] [105] has timed out. starting new election...
19:11.360875996 [ INFO] [104] has timed out. starting new election...
19:11.360404107 [ INFO] [94] has timed out. starting new election...
19:11.417899678 [ INFO] [104] becomes leader with 67 votes
19:11.608579581 [ INFO] [21] has timed out. starting new election...
19:11.621892727 [ INFO] [21] becomes leader with 65 votes
19:11.801504831 [ INFO] [74] has timed out. starting new election...
19:11.848867683 [ INFO] [74] becomes leader with 123 votes
19:11.996080094 [ INFO] [6] has timed out. starting new election...
19:12.001562045 [ INFO] [6] becomes leader with 65 votes
19:12.309516436 [ INFO] [30] has timed out. starting new election...
19:12.316914261 [ INFO] [112] has timed out. starting new election...
19:12.318071865 [ INFO] [116] has timed out. starting new election...
19:12.318220917 [ INFO] [78] has timed out. starting new election...
19:12.318393528 [ INFO] [77] has timed out. starting new election...
19:12.352745331 [ INFO] [77] becomes leader with 120 votes
19:12.578965137 [ INFO] [30] has timed out. starting new election...
19:12.618655475 [ INFO] [30] becomes leader with 123 votes
19:12.836098237 [ INFO] [21] has timed out. starting new election...
19:12.841140251 [ INFO] [116] has timed out. starting new election...
19:12.881900077 [ INFO] [116] becomes leader with 123 votes
19:13.171763483 [ INFO] [74] has timed out. starting new election...
19:13.176372385 [ INFO] [74] becomes leader with 65 votes
19:13.327131398 [ INFO] [6] has timed out. starting new election...
19:13.335799112 [ INFO] [21] has timed out. starting new election...
19:13.342715477 [ INFO] [78] has timed out. starting new election...
19:13.345135840 [ INFO] [105] has timed out. starting new election...
19:13.345291791 [ INFO] [65] has timed out. starting new election...
19:13.346652618 [ INFO] [112] has timed out. starting new election...
19:13.376616798 [ INFO] [112] becomes leader with 114 votes
19:13.548123654 [ INFO] [94] has timed out. starting new election...
19:13.552263247 [ INFO] [94] becomes leader with 65 votes
19:13.829248545 [ INFO] [6] has timed out. starting new election...
19:13.846905069 [ INFO] [6] becomes leader with 65 votes
19:14.041075150 [ INFO] [21] has timed out. starting new election...
19:14.045206318 [ INFO] [21] becomes leader with 65 votes
19:14.342749932 [ INFO] [30] has timed out. starting new election...
19:14.386676497 [ INFO] [30] becomes leader with 123 votes
19:14.553537514 [ INFO] [74] has timed out. starting new election...
19:14.577230760 [ INFO] [74] becomes leader with 123 votes
19:14.808922609 [ INFO] [116] has timed out. starting new election...
19:14.849899680 [ INFO] [116] becomes leader with 123 votes
19:15.021797839 [ INFO] [6] has timed out. starting new election...
19:15.054135893 [ INFO] [6] becomes leader with 65 votes
19:15.223963321 [ INFO] [112] has timed out. starting new election...
19:15.265898073 [ INFO] [112] becomes leader with 123 votes
19:15.551565519 [ INFO] [30] has timed out. starting new election...
19:15.556361289 [ INFO] [30] becomes leader with 65 votes
19:15.806372398 [ INFO] [21] has timed out. starting new election...
19:15.810523609 [ INFO] [74] has timed out. starting new election...
19:15.856867868 [ INFO] [74] becomes leader with 121 votes
19:16.036434378 [ INFO] [116] has timed out. starting new election...
19:16.081900194 [ INFO] [116] becomes leader with 123 votes
19:16.242247149 [ INFO] [6] has timed out. starting new election...
19:16.242253931 [ INFO] [21] has timed out. starting new election...
19:16.261893726 [ INFO] [21] becomes leader with 65 votes
19:16.465465322 [ INFO] [112] has timed out. starting new election...
19:16.483900682 [ INFO] [112] becomes leader with 65 votes
19:16.710549215 [ INFO] [6] has timed out. starting new election...
19:16.714549442 [ INFO] [6] becomes leader with 65 votes
19:17.014872542 [ INFO] [30] has timed out. starting new election...
19:17.022742313 [ INFO] [74] has timed out. starting new election...
19:17.026634302 [ INFO] [74] becomes leader with 65 votes
19:17.248895072 [ INFO] [116] has timed out. starting new election...
19:17.252926968 [ INFO] [116] becomes leader with 65 votes
19:17.423684742 [ INFO] [30] has timed out. starting new election...
19:17.429214752 [ INFO] [21] has timed out. starting new election...
19:17.433215561 [ INFO] [21] becomes leader with 65 votes
19:17.651926414 [ INFO] [112] has timed out. starting new election...
19:17.693897713 [ INFO] [112] becomes leader with 123 votes
19:17.908294385 [ INFO] [6] has timed out. starting new election...
19:17.950656451 [ INFO] [6] becomes leader with 123 votes
19:18.191707742 [ INFO] [74] has timed out. starting new election...
19:18.196456349 [ INFO] [74] becomes leader with 65 votes
19:18.413533005 [ INFO] [30] has timed out. starting new election...
19:18.419834747 [ INFO] [116] has timed out. starting new election...
19:18.425297098 [ INFO] [116] becomes leader with 65 votes
19:18.600224401 [ INFO] [21] has timed out. starting new election...
19:18.605698493 [ INFO] [21] becomes leader with 65 votes
19:18.929033518 [ INFO] [30] has timed out. starting new election...
19:18.949842128 [ INFO] [30] becomes leader with 65 votes
19:19.108288134 [ INFO] [6] has timed out. starting new election...
19:19.125085561 [ INFO] [77] has timed out. starting new election...
19:19.125847528 [ INFO] [112] has timed out. starting new election...
19:19.126715356 [ INFO] [78] has timed out. starting new election...
19:19.156882719 [ INFO] [78] becomes leader with 77 votes
19:19.362252525 [ INFO] [74] has timed out. starting new election...
19:19.368692392 [ INFO] [65] has timed out. starting new election...
19:19.412869712 [ INFO] [65] becomes leader with 122 votes
19:19.608411587 [ INFO] [6] has timed out. starting new election...
19:19.642653527 [ INFO] [6] becomes leader with 123 votes
19:19.809595523 [ INFO] [74] has timed out. starting new election...
19:19.813480917 [ INFO] [74] becomes leader with 65 votes
19:20.115170265 [ INFO] [30] has timed out. starting new election...
19:20.119426583 [ INFO] [30] becomes leader with 65 votes
19:20.319397194 [ INFO] [21] has timed out. starting new election...
19:20.327104972 [ INFO] [77] has timed out. starting new election...
19:20.327749036 [ INFO] [116] has timed out. starting new election...
19:20.353899801 [ INFO] [116] becomes leader with 121 votes
19:20.583291986 [ INFO] [78] has timed out. starting new election...
19:20.583985597 [ INFO] [112] has timed out. starting new election...
19:20.580613859 [ INFO] [26] has timed out. starting new election...
19:20.624867440 [ INFO] [78] becomes leader with 120 votes
19:20.881183573 [ INFO] [26] candidate has timed out. starting new election...
19:20.897897422 [ INFO] [112] candidate has timed out. starting new election...
19:20.964210330 [ INFO] [6] has timed out. starting new election...
19:20.972565910 [ INFO] [21] has timed out. starting new election...
19:21.010655007 [ INFO] [21] becomes leader with 120 votes
19:21.273821282 [ INFO] [6] candidate has timed out. starting new election...
19:21.284617979 [ INFO] [30] has timed out. starting new election...
19:21.288851007 [ INFO] [30] becomes leader with 65 votes
19:21.519149765 [ INFO] [74] has timed out. starting new election...
19:21.520876808 [ INFO] [116] has timed out. starting new election...
19:21.524961721 [ INFO] [116] becomes leader with 65 votes
19:21.845002592 [ INFO] [74] candidate has timed out. starting new election...
19:21.850425909 [ INFO] [78] has timed out. starting new election...
19:21.857195907 [ INFO] [78] becomes leader with 65 votes
19:22.179742885 [ INFO] [21] has timed out. starting new election...
19:22.186861167 [ INFO] [21] becomes leader with 65 votes
19:22.454004933 [ INFO] [30] has timed out. starting new election...
19:22.494654507 [ INFO] [30] becomes leader with 118 votes
19:22.691898680 [ INFO] [116] has timed out. starting new election...
19:22.725901378 [ INFO] [116] becomes leader with 119 votes
19:23.027323394 [ INFO] [77] has timed out. starting new election...
19:23.027324706 [ INFO] [78] has timed out. starting new election...
19:23.072868913 [ INFO] [78] becomes leader with 118 votes
19:23.327904159 [ INFO] [77] candidate has timed out. starting new election...
19:23.354538832 [ INFO] [21] has timed out. starting new election...
19:23.358502141 [ INFO] [21] becomes leader with 65 votes
19:23.659742536 [ INFO] [30] has timed out. starting new election...
19:23.671609349 [ INFO] [65] has timed out. starting new election...
19:23.679216669 [ INFO] [65] becomes leader with 65 votes
19:23.916707220 [ INFO] [116] has timed out. starting new election...
19:23.937042467 [ INFO] [116] becomes leader with 65 votes
19:24.244201780 [ INFO] [30] has timed out. starting new election...
19:24.274655395 [ INFO] [30] becomes leader with 118 votes
19:24.525587535 [ INFO] [21] has timed out. starting new election...
19:24.529800322 [ INFO] [21] becomes leader with 65 votes
19:24.849016629 [ INFO] [78] has timed out. starting new election...
19:24.880865258 [ INFO] [78] becomes leader with 118 votes
19:25.109046506 [ INFO] [65] has timed out. starting new election...
19:25.148868174 [ INFO] [65] becomes leader with 118 votes
19:25.446043533 [ INFO] [30] has timed out. starting new election...
19:25.478656475 [ INFO] [30] becomes leader with 118 votes
19:25.703971694 [ INFO] [116] has timed out. starting new election...
19:25.703404256 [ INFO] [17] has timed out. starting new election...
19:25.708659170 [ INFO] [105] has timed out. starting new election...
19:25.737900830 [ INFO] [105] becomes leader with 115 votes
19:25.913813107 [ INFO] [0] has timed out. starting new election...
19:25.922805644 [ INFO] [0] becomes leader with 65 votes
19:26.088243309 [ INFO] [21] has timed out. starting new election...
19:26.094280837 [ INFO] [21] becomes leader with 65 votes
19:26.382328133 [ INFO] [116] has timed out. starting new election...
19:26.386995406 [ INFO] [116] becomes leader with 65 votes
19:26.682365997 [ INFO] [30] has timed out. starting new election...
19:26.714650925 [ INFO] [30] becomes leader with 117 votes
19:26.925262019 [ INFO] [78] has timed out. starting new election...
19:26.928873648 [ INFO] [65] has timed out. starting new election...
19:26.956868511 [ INFO] [65] becomes leader with 117 votes
19:27.257225440 [ INFO] [78] candidate has timed out. starting new election...
19:27.261628496 [ INFO] [21] has timed out. starting new election...
19:27.290651006 [ INFO] [21] becomes leader with 117 votes
19:27.553909768 [ INFO] [116] has timed out. starting new election...
19:27.589898905 [ INFO] [116] becomes leader with 117 votes
19:27.892054689 [ INFO] [30] has timed out. starting new election...
19:27.896086102 [ INFO] [30] becomes leader with 65 votes
19:28.126310483 [ INFO] [17] has timed out. starting new election...
19:28.131220150 [ INFO] [105] has timed out. starting new election...
19:28.130402371 [ INFO] [17] becomes leader with 65 votes
19:28.460251859 [ INFO] [21] has timed out. starting new election...
19:28.470064561 [ INFO] [65] has timed out. starting new election...
19:28.472492934 [ INFO] [94] has timed out. starting new election...
19:28.472980232 [ INFO] [104] has timed out. starting new election...
19:28.486649981 [ INFO] [21] becomes leader with 112 votes
19:28.784470251 [ INFO] [116] has timed out. starting new election...
19:28.791275471 [ INFO] [105] has timed out. starting new election...
19:28.795208951 [ INFO] [105] becomes leader with 65 votes
19:29.061297647 [ INFO] [30] has timed out. starting new election...
19:29.073069418 [ INFO] [65] has timed out. starting new election...
19:29.077137528 [ INFO] [65] becomes leader with 65 votes
19:29.305461507 [ INFO] [116] has timed out. starting new election...
19:29.309718634 [ INFO] [116] becomes leader with 65 votes
19:29.468838485 [ INFO] [30] has timed out. starting new election...
19:29.476038638 [ INFO] [30] becomes leader with 65 votes
19:29.669353796 [ INFO] [21] has timed out. starting new election...
19:29.674935251 [ INFO] [21] becomes leader with 65 votes
19:29.968123972 [ INFO] [105] has timed out. starting new election...
19:29.963989879 [ INFO] [17] has timed out. starting new election...
19:29.994661502 [ INFO] [17] becomes leader with 116 votes
19:30.261293135 [ INFO] [65] has timed out. starting new election...
19:30.265202745 [ INFO] [65] becomes leader with 65 votes
19:30.476710432 [ INFO] [116] has timed out. starting new election...
19:30.483394850 [ INFO] [105] has timed out. starting new election...
19:30.529906895 [ INFO] [105] becomes leader with 116 votes
19:30.787108092 [ INFO] [116] candidate has timed out. starting new election...
19:30.845916563 [ INFO] [30] has timed out. starting new election...
19:30.878652621 [ INFO] [30] becomes leader with 116 votes
19:31.158065401 [ INFO] [21] has timed out. starting new election...
19:31.169766841 [ INFO] [17] has timed out. starting new election...
19:31.174575810 [ INFO] [104] has timed out. starting new election...
19:31.174139750 [ INFO] [94] has timed out. starting new election...
19:31.222654178 [ INFO] [17] becomes leader with 113 votes
19:31.439118395 [ INFO] [65] has timed out. starting new election...
19:31.466105467 [ INFO] [65] becomes leader with 65 votes
19:31.691108104 [ INFO] [21] has timed out. starting new election...
19:31.718653902 [ INFO] [21] becomes leader with 116 votes
19:31.893393794 [ INFO] [104] has timed out. starting new election...
19:31.894124813 [ INFO] [105] has timed out. starting new election...
19:31.941903115 [ INFO] [105] becomes leader with 115 votes
19:32.101074379 [ INFO] [30] has timed out. starting new election...
19:32.121639102 [ INFO] [30] becomes leader with 65 votes
19:32.405457620 [ INFO] [17] has timed out. starting new election...
19:32.410071529 [ INFO] [104] has timed out. starting new election...
19:32.409865732 [ INFO] [94] has timed out. starting new election...
19:32.432095045 [ INFO] [104] becomes leader with 70 votes
19:32.446653557 [ INFO] [17] becomes leader with 116 votes
19:32.640996243 [ INFO] [94] has timed out. starting new election...
19:32.641515592 [ INFO] [0] has timed out. starting new election...
19:32.645804441 [ INFO] [65] has timed out. starting new election...
19:32.679458295 [ INFO] [0] becomes leader with 114 votes
19:32.885804920 [ INFO] [21] has timed out. starting new election...
19:32.914652478 [ INFO] [21] becomes leader with 116 votes
19:33.113943949 [ INFO] [65] has timed out. starting new election...
19:33.117919292 [ INFO] [65] becomes leader with 65 votes
19:33.287240598 [ INFO] [30] has timed out. starting new election...
19:33.291234724 [ INFO] [30] becomes leader with 65 votes
19:33.645022422 [ INFO] [105] has timed out. starting new election...
19:33.673913491 [ INFO] [105] becomes leader with 116 votes
19:33.852831687 [ INFO] [17] has timed out. starting new election...
19:33.883606691 [ INFO] [17] becomes leader with 116 votes
19:34.100281536 [ INFO] [21] has timed out. starting new election...
19:34.105304001 [ INFO] [21] becomes leader with 65 votes
19:34.292010689 [ INFO] [65] has timed out. starting new election...
19:34.297386866 [ INFO] [65] becomes leader with 65 votes
19:34.468872911 [ INFO] [94] has timed out. starting new election...
19:34.469775718 [ INFO] [104] has timed out. starting new election...
19:34.468612002 [ INFO] [9] has timed out. starting new election...
19:34.475377842 [ INFO] [88] has timed out. starting new election...
19:34.472334494 [ INFO] [23] has timed out. starting new election...
19:34.473696610 [ INFO] [42] has timed out. starting new election...
19:34.478545123 [ INFO] [123] has timed out. starting new election...
19:34.502156066 [ INFO] [123] becomes leader with 65 votes
19:34.793422866 [ INFO] [42] candidate has timed out. starting new election...
19:34.797230751 [ INFO] [9] candidate has timed out. starting new election...
19:34.808866718 [ INFO] [94] candidate has timed out. starting new election...
19:34.809899721 [ INFO] [104] candidate has timed out. starting new election...
19:34.826480832 [ INFO] [88] candidate has timed out. starting new election...
19:34.834576187 [ INFO] [30] has timed out. starting new election...
19:34.840514975 [ INFO] [30] becomes leader with 65 votes
19:35.062123636 [ INFO] [105] has timed out. starting new election...
19:35.093899207 [ INFO] [105] becomes leader with 111 votes
19:35.458812010 [ INFO] [21] has timed out. starting new election...
19:35.488544170 [ INFO] [21] becomes leader with 65 votes
19:35.680419040 [ INFO] [65] has timed out. starting new election...
19:35.676798358 [ INFO] [17] has timed out. starting new election...
19:35.706900290 [ INFO] [17] becomes leader with 110 votes
19:36.009005050 [ INFO] [65] candidate has timed out. starting new election...
19:36.005775098 [ INFO] [30] has timed out. starting new election...
19:36.018729823 [ INFO] [0] has timed out. starting new election...
19:36.066653026 [ INFO] [0] becomes leader with 109 votes
19:36.334797556 [ INFO] [30] candidate has timed out. starting new election...
19:36.378388003 [ INFO] [105] has timed out. starting new election...
19:36.382922213 [ INFO] [28] has timed out. starting new election...
19:36.388357917 [ INFO] [123] has timed out. starting new election...
19:36.383866106 [ INFO] [23] has timed out. starting new election...
19:36.388217584 [ INFO] [90] has timed out. starting new election...
19:36.388328956 [ INFO] [93] has timed out. starting new election...
19:36.439134972 [ INFO] [23] becomes leader with 104 votes
19:36.656221924 [ INFO] [21] has timed out. starting new election...
19:36.677160617 [ INFO] [21] becomes leader with 65 votes
19:36.885555062 [ INFO] [105] has timed out. starting new election...
19:36.890061949 [ INFO] [105] becomes leader with 65 votes
19:37.055272527 [ INFO] [17] has timed out. starting new election...
19:37.083586910 [ INFO] [17] becomes leader with 109 votes
19:37.264247971 [ INFO] [123] has timed out. starting new election...
19:37.268198623 [ INFO] [123] becomes leader with 65 votes
19:37.440957832 [ INFO] [0] has timed out. starting new election...
19:37.446728903 [ INFO] [113] has timed out. starting new election...
19:37.447175661 [ INFO] [90] has timed out. starting new election...
19:37.447292789 [ INFO] [93] has timed out. starting new election...
19:37.460489415 [ INFO] [90] becomes leader with 65 votes
19:37.747602767 [ INFO] [93] candidate has timed out. starting new election...
19:37.778349221 [ INFO] [113] candidate has timed out. starting new election...
19:37.802976977 [ INFO] [0] candidate has timed out. starting new election...
19:37.844283274 [ INFO] [21] has timed out. starting new election...
19:37.874652945 [ INFO] [21] becomes leader with 106 votes
19:38.262128331 [ INFO] [105] has timed out. starting new election...
19:38.258660432 [ INFO] [17] has timed out. starting new election...
19:38.264712970 [ INFO] [17] becomes leader with 65 votes
19:38.446656124 [ INFO] [23] has timed out. starting new election...
19:38.546655501 [ INFO] [23] becomes leader with 106 votes
19:38.785604294 [ INFO] [105] has timed out. starting new election...
19:38.789512771 [ INFO] [105] becomes leader with 65 votes
19:38.963576244 [ INFO] [123] has timed out. starting new election...
19:39.005901873 [ INFO] [123] becomes leader with 106 votes
19:39.163849184 [ INFO] [21] has timed out. starting new election...
19:39.167859714 [ INFO] [21] becomes leader with 65 votes
19:39.439786997 [ INFO] [17] has timed out. starting new election...
19:39.482652728 [ INFO] [17] becomes leader with 106 votes
19:39.962900533 [ INFO] [105] has timed out. starting new election...
19:40.005902269 [ INFO] [105] becomes leader with 106 votes
19:40.334758546 [ INFO] [21] has timed out. starting new election...
19:40.360726815 [ INFO] [21] becomes leader with 65 votes
19:40.657646562 [ INFO] [17] has timed out. starting new election...
19:40.686653642 [ INFO] [17] becomes leader with 105 votes
19:40.884375496 [ INFO] [123] has timed out. starting new election...
19:40.905105019 [ INFO] [123] becomes leader with 65 votes
19:41.179042006 [ INFO] [105] has timed out. starting new election...
19:41.184362402 [ INFO] [23] has timed out. starting new election...
19:41.200227376 [ INFO] [105] becomes leader with 65 votes
19:41.490982868 [ INFO] [23] candidate has timed out. starting new election...
19:41.527717260 [ INFO] [21] has timed out. starting new election...
19:41.570654290 [ INFO] [21] becomes leader with 105 votes
19:41.877418476 [ INFO] [17] has timed out. starting new election...
19:41.886662410 [ INFO] [17] becomes leader with 65 votes
19:42.091384657 [ INFO] [123] has timed out. starting new election...
19:42.125898012 [ INFO] [123] becomes leader with 105 votes
19:42.373295886 [ INFO] [105] has timed out. starting new election...
19:42.378544778 [ INFO] [105] becomes leader with 65 votes
19:42.554403007 [ INFO] [28] has timed out. starting new election...
19:42.575830868 [ INFO] [28] becomes leader with 105 votes
19:42.770186123 [ INFO] [21] has timed out. starting new election...
19:42.814653117 [ INFO] [21] becomes leader with 105 votes
19:43.062614755 [ INFO] [17] has timed out. starting new election...
19:43.085132212 [ INFO] [17] becomes leader with 65 votes
19:43.336501190 [ INFO] [123] has timed out. starting new election...
19:43.369899684 [ INFO] [123] becomes leader with 105 votes
19:43.565583411 [ INFO] [90] has timed out. starting new election...
19:43.561578724 [ INFO] [29] has timed out. starting new election...
19:43.612867606 [ INFO] [90] becomes leader with 103 votes
19:43.812578199 [ INFO] [105] has timed out. starting new election...
19:43.823424399 [ INFO] [35] has timed out. starting new election...
19:43.827034978 [ INFO] [89] has timed out. starting new election...
19:43.823447272 [ INFO] [28] has timed out. starting new election...
19:43.872931361 [ INFO] [28] becomes leader with 102 votes
19:44.048119816 [ INFO] [21] has timed out. starting new election...
19:44.052541561 [ INFO] [21] becomes leader with 65 votes
19:44.263183329 [ INFO] [105] has timed out. starting new election...
19:44.293903598 [ INFO] [105] becomes leader with 105 votes
19:44.561142611 [ INFO] [17] has timed out. starting new election...
19:44.572817192 [ INFO] [123] has timed out. starting new election...
19:44.589617827 [ INFO] [123] becomes leader with 65 votes
19:44.825426709 [ INFO] [29] has timed out. starting new election...
19:44.829673135 [ INFO] [29] becomes leader with 65 votes
19:45.046503443 [ INFO] [17] has timed out. starting new election...
19:45.050610201 [ INFO] [17] becomes leader with 65 votes
19:45.236024969 [ INFO] [21] has timed out. starting new election...
19:45.258598988 [ INFO] [21] becomes leader with 65 votes
19:45.566702311 [ INFO] [105] has timed out. starting new election...
19:45.597278221 [ INFO] [105] becomes leader with 105 votes
19:45.775249702 [ INFO] [123] has timed out. starting new election...
19:45.796365812 [ INFO] [123] becomes leader with 65 votes
19:46.016206482 [ INFO] [35] has timed out. starting new election...
19:46.050352849 [ INFO] [35] becomes leader with 105 votes
19:46.232675656 [ INFO] [28] has timed out. starting new election...
19:46.233078730 [ INFO] [29] has timed out. starting new election...
19:46.264284256 [ INFO] [29] becomes leader with 104 votes
19:46.439946526 [ INFO] [17] has timed out. starting new election...
19:46.474651678 [ INFO] [17] becomes leader with 105 votes
19:46.758653181 [ INFO] [21] has timed out. starting new election...
19:46.770761136 [ INFO] [105] has timed out. starting new election...
19:46.809092507 [ INFO] [105] becomes leader with 104 votes
19:46.986881507 [ INFO] [123] has timed out. starting new election...
19:46.983886667 [ INFO] [28] has timed out. starting new election...
19:47.018653394 [ INFO] [28] becomes leader with 104 votes
19:47.214724001 [ INFO] [21] has timed out. starting new election...
19:47.242654807 [ INFO] [21] becomes leader with 105 votes
19:47.449908984 [ INFO] [123] has timed out. starting new election...
19:47.453899996 [ INFO] [123] becomes leader with 65 votes
19:47.649540421 [ INFO] [17] has timed out. starting new election...
19:47.674663169 [ INFO] [17] becomes leader with 105 votes
19:47.982912561 [ INFO] [105] has timed out. starting new election...
19:47.986967699 [ INFO] [105] becomes leader with 65 votes
19:48.204091752 [ INFO] [35] has timed out. starting new election...
19:48.238354857 [ INFO] [35] becomes leader with 105 votes
19:48.410445784 [ INFO] [21] has timed out. starting new election...
19:48.438657250 [ INFO] [21] becomes leader with 71 votes
19:48.633252267 [ INFO] [123] has timed out. starting new election...
19:48.637301302 [ INFO] [123] becomes leader with 65 votes
19:48.850515325 [ INFO] [17] has timed out. starting new election...
19:48.882651422 [ INFO] [17] becomes leader with 105 votes
19:49.161016531 [ INFO] [105] has timed out. starting new election...
19:49.165158598 [ INFO] [105] becomes leader with 65 votes
19:49.431712234 [ INFO] [28] has timed out. starting new election...
19:49.431915122 [ INFO] [29] has timed out. starting new election...
19:49.436327182 [ INFO] [90] has timed out. starting new election...
19:49.444947717 [ INFO] [28] becomes leader with 65 votes
19:49.630603971 [ INFO] [21] has timed out. starting new election...
19:49.667127485 [ INFO] [21] becomes leader with 105 votes
19:50.056985162 [ INFO] [17] has timed out. starting new election...
19:50.098656071 [ INFO] [17] becomes leader with 105 votes
19:50.338309129 [ INFO] [105] has timed out. starting new election...
19:50.342372831 [ INFO] [105] becomes leader with 65 votes
19:50.633585748 [ INFO] [123] has timed out. starting new election...
19:50.637604097 [ INFO] [123] becomes leader with 65 votes
19:50.898146922 [ INFO] [21] has timed out. starting new election...
19:50.912105392 [ INFO] [28] has timed out. starting new election...
19:50.912149500 [ INFO] [29] has timed out. starting new election...
19:50.915939803 [ INFO] [35] has timed out. starting new election...
19:50.970354469 [ INFO] [35] becomes leader with 102 votes
19:51.214798292 [ INFO] [21] candidate has timed out. starting new election...
19:51.242834507 [ INFO] [28] candidate has timed out. starting new election...
19:51.273771221 [ INFO] [17] has timed out. starting new election...
19:51.275418133 [ INFO] [29] candidate has timed out. starting new election...
19:51.288099428 [ INFO] [90] has timed out. starting new election...
19:51.320866709 [ INFO] [90] becomes leader with 101 votes
19:51.516018613 [ INFO] [105] has timed out. starting new election...
19:51.526376028 [ INFO] [89] has timed out. starting new election...
19:51.526592695 [ INFO] [48] has timed out. starting new election...
19:51.530103983 [ INFO] [11] has timed out. starting new election...
19:51.530677066 [ INFO] [16] has timed out. starting new election...
19:51.535559954 [ INFO] [124] has timed out. starting new election...
19:51.563613325 [ INFO] [124] becomes leader with 93 votes
19:51.806071730 [ INFO] [17] has timed out. starting new election...
19:51.838653653 [ INFO] [17] becomes leader with 102 votes
19:52.147136444 [ INFO] [105] has timed out. starting new election...
19:52.189898945 [ INFO] [105] becomes leader with 102 votes
19:52.527935167 [ INFO] [123] has timed out. starting new election...
19:52.526637707 [ INFO] [35] has timed out. starting new election...
19:52.529844751 [ INFO] [90] has timed out. starting new election...
19:52.531675204 [ INFO] [89] has timed out. starting new election...
19:52.530517304 [ INFO] [48] has timed out. starting new election...
19:52.534096199 [ INFO] [11] has timed out. starting new election...
19:52.555619304 [ INFO] [11] becomes leader with 92 votes
19:52.794006580 [ INFO] [124] has timed out. starting new election...
19:52.798114674 [ INFO] [124] becomes leader with 65 votes
19:53.013922129 [ INFO] [17] has timed out. starting new election...
19:53.042650089 [ INFO] [17] becomes leader with 102 votes
19:53.363072747 [ INFO] [105] has timed out. starting new election...
19:53.371672569 [ INFO] [123] has timed out. starting new election...
19:53.370477961 [ INFO] [35] has timed out. starting new election...
19:53.377417393 [ INFO] [35] becomes leader with 65 votes
19:53.694322631 [ INFO] [123] candidate has timed out. starting new election...
19:53.695345297 [ INFO] [105] candidate has timed out. starting new election...
19:53.744779561 [ INFO] [89] has timed out. starting new election...
19:53.776865913 [ INFO] [89] becomes leader with 100 votes
19:53.982164975 [ INFO] [90] has timed out. starting new election...
19:53.982364516 [ INFO] [48] has timed out. starting new election...
19:53.992172683 [ INFO] [114] has timed out. starting new election...
19:53.988512124 [ INFO] [11] has timed out. starting new election...
19:53.993362081 [ INFO] [124] has timed out. starting new election...
19:53.988655183 [ INFO] [27] has timed out. starting new election...
19:54.017812046 [ INFO] [11] becomes leader with 65 votes
19:54.253263085 [ INFO] [17] has timed out. starting new election...
19:54.262503545 [ INFO] [17] becomes leader with 65 votes
19:54.565278077 [ INFO] [90] has timed out. starting new election...
19:54.569285374 [ INFO] [90] becomes leader with 65 votes
19:54.748384191 [ INFO] [35] has timed out. starting new election...
19:54.749925409 [ INFO] [48] has timed out. starting new election...
19:54.757989120 [ INFO] [124] has timed out. starting new election...
19:54.777908882 [ INFO] [124] becomes leader with 98 votes
19:54.986863677 [ INFO] [89] has timed out. starting new election...
19:55.032876463 [ INFO] [89] becomes leader with 100 votes
19:55.212616825 [ INFO] [35] has timed out. starting new election...
19:55.218176898 [ INFO] [35] becomes leader with 65 votes
19:55.449385441 [ INFO] [48] has timed out. starting new election...
19:55.463778120 [ INFO] [48] becomes leader with 65 votes
19:55.738266446 [ INFO] [17] has timed out. starting new election...
19:55.753173187 [ INFO] [90] has timed out. starting new election...
19:55.757307316 [ INFO] [11] has timed out. starting new election...
19:55.779730894 [ INFO] [11] becomes leader with 65 votes
19:56.014310013 [ INFO] [124] has timed out. starting new election...
19:56.018073529 [ INFO] [124] becomes leader with 65 votes
19:56.201435029 [ INFO] [17] has timed out. starting new election...
19:56.219479355 [ INFO] [17] becomes leader with 65 votes
19:56.405669944 [ INFO] [90] has timed out. starting new election...
19:56.440869215 [ INFO] [90] becomes leader with 100 votes
19:56.648107981 [ INFO] [35] has timed out. starting new election...
19:56.653164940 [ INFO] [89] has timed out. starting new election...
19:56.659107795 [ INFO] [89] becomes leader with 65 votes
19:56.859589652 [ INFO] [48] has timed out. starting new election...
19:56.865170758 [ INFO] [48] becomes leader with 65 votes
19:57.198523860 [ INFO] [35] has timed out. starting new election...
19:57.558586600 [ INFO] [35] candidate has timed out. starting new election...
19:56.867822991 [ INFO] [114] has timed out. starting new election...
19:57.624807818 [ INFO] [90] has timed out. starting new election...
19:57.628812669 [ INFO] [90] becomes leader with 65 votes
19:57.207962940 [ INFO] [124] has timed out. starting new election...
19:57.241904749 [ INFO] [124] becomes leader with 77 votes
