[1579509852.745504] [dahu-29:11231:0]       ib_iface.c:696  UCX  ERROR ibv_create_cq(cqe=4096) failed: Function not implemented
[1579509852.745784] [dahu-29:11229:0]       ib_iface.c:696  UCX  ERROR ibv_create_cq(cqe=4096) failed: Function not implemented
[1579509852.752624] [dahu-29:11220:0]       ib_iface.c:696  UCX  ERROR ibv_create_cq(cqe=4096) failed: Function not implemented
[1579509852.752972] [dahu-29:11224:0]       ib_iface.c:696  UCX  ERROR ibv_create_cq(cqe=4096) failed: Function not implemented
[1579509852.753311] [dahu-29:11230:0]       ib_iface.c:696  UCX  ERROR ibv_create_cq(cqe=4096) failed: Function not implemented
[1579509852.753512] [dahu-29:11227:0]       ib_iface.c:696  UCX  ERROR ibv_create_cq(cqe=4096) failed: Function not implemented
[1579509852.753948] [dahu-29:11233:0]       ib_iface.c:696  UCX  ERROR ibv_create_cq(cqe=4096) failed: Function not implemented
[1579509852.754467] [dahu-29:11228:0]       ib_iface.c:696  UCX  ERROR ibv_create_cq(cqe=4096) failed: Function not implemented
[1579509852.762584] [dahu-29:11217:0]       ib_iface.c:696  UCX  ERROR ibv_create_cq(cqe=4096) failed: Function not implemented
[1579509852.763095] [dahu-29:11239:0]       ib_iface.c:696  UCX  ERROR ibv_create_cq(cqe=4096) failed: Function not implemented
[1579509852.764012] [dahu-29:11240:0]       ib_iface.c:696  UCX  ERROR ibv_create_cq(cqe=4096) failed: Function not implemented
[1579509852.764128] [dahu-29:11226:0]       ib_iface.c:696  UCX  ERROR ibv_create_cq(cqe=4096) failed: Function not implemented
[1579509852.764281] [dahu-29:11237:0]       ib_iface.c:696  UCX  ERROR ibv_create_cq(cqe=4096) failed: Function not implemented
[1579509852.764946] [dahu-29:11223:0]       ib_iface.c:696  UCX  ERROR ibv_create_cq(cqe=4096) failed: Function not implemented
[1579509852.765094] [dahu-29:11236:0]       ib_iface.c:696  UCX  ERROR ibv_create_cq(cqe=4096) failed: Function not implemented
[1579509852.765135] [dahu-29:11221:0]       ib_iface.c:696  UCX  ERROR ibv_create_cq(cqe=4096) failed: Function not implemented
[1579509852.765851] [dahu-29:11242:0]       ib_iface.c:696  UCX  ERROR ibv_create_cq(cqe=4096) failed: Function not implemented
[1579509852.767176] [dahu-29:11246:0]       ib_iface.c:696  UCX  ERROR ibv_create_cq(cqe=4096) failed: Function not implemented
[1579509852.767428] [dahu-29:11243:0]       ib_iface.c:696  UCX  ERROR ibv_create_cq(cqe=4096) failed: Function not implemented
[1579509852.767419] [dahu-29:11244:0]       ib_iface.c:696  UCX  ERROR ibv_create_cq(cqe=4096) failed: Function not implemented
[1579509852.767689] [dahu-29:11234:0]       ib_iface.c:696  UCX  ERROR ibv_create_cq(cqe=4096) failed: Function not implemented
[1579509852.767929] [dahu-29:11235:0]       ib_iface.c:696  UCX  ERROR ibv_create_cq(cqe=4096) failed: Function not implemented
[1579509852.768079] [dahu-29:11232:0]       ib_iface.c:696  UCX  ERROR ibv_create_cq(cqe=4096) failed: Function not implemented
[1579509852.768894] [dahu-29:11218:0]       ib_iface.c:696  UCX  ERROR ibv_create_cq(cqe=4096) failed: Function not implemented
[1579509852.768898] [dahu-29:11247:0]       ib_iface.c:696  UCX  ERROR ibv_create_cq(cqe=4096) failed: Function not implemented
[1579509852.768945] [dahu-29:11225:0]       ib_iface.c:696  UCX  ERROR ibv_create_cq(cqe=4096) failed: Function not implemented
[1579509852.769106] [dahu-29:11222:0]       ib_iface.c:696  UCX  ERROR ibv_create_cq(cqe=4096) failed: Function not implemented
[1579509852.769209] [dahu-29:11216:0]       ib_iface.c:696  UCX  ERROR ibv_create_cq(cqe=4096) failed: Function not implemented
[1579509852.769290] [dahu-29:11241:0]       ib_iface.c:696  UCX  ERROR ibv_create_cq(cqe=4096) failed: Function not implemented
[1579509852.769301] [dahu-29:11219:0]       ib_iface.c:696  UCX  ERROR ibv_create_cq(cqe=4096) failed: Function not implemented
[1579509852.771387] [dahu-29:11238:0]       ib_iface.c:696  UCX  ERROR ibv_create_cq(cqe=4096) failed: Function not implemented
[1579509852.771553] [dahu-29:11245:0]       ib_iface.c:696  UCX  ERROR ibv_create_cq(cqe=4096) failed: Function not implemented
[1579509853.233751] [dahu-3:7548 :0]       ib_iface.c:696  UCX  ERROR ibv_create_cq(cqe=4096) failed: Function not implemented
[1579509853.235431] [dahu-3:7558 :0]       ib_iface.c:696  UCX  ERROR ibv_create_cq(cqe=4096) failed: Function not implemented
[1579509853.237502] [dahu-3:7550 :0]       ib_iface.c:696  UCX  ERROR ibv_create_cq(cqe=4096) failed: Function not implemented
[1579509853.239193] [dahu-3:7554 :0]       ib_iface.c:696  UCX  ERROR ibv_create_cq(cqe=4096) failed: Function not implemented
[1579509853.239822] [dahu-3:7556 :0]       ib_iface.c:696  UCX  ERROR ibv_create_cq(cqe=4096) failed: Function not implemented
[1579509853.240685] [dahu-3:7552 :0]       ib_iface.c:696  UCX  ERROR ibv_create_cq(cqe=4096) failed: Function not implemented
[1579509853.240879] [dahu-3:7560 :0]       ib_iface.c:696  UCX  ERROR ibv_create_cq(cqe=4096) failed: Function not implemented
[1579509853.242572] [dahu-3:7553 :0]       ib_iface.c:696  UCX  ERROR ibv_create_cq(cqe=4096) failed: Function not implemented
[1579509853.242800] [dahu-3:7549 :0]       ib_iface.c:696  UCX  ERROR ibv_create_cq(cqe=4096) failed: Function not implemented
[1579509853.242826] [dahu-3:7555 :0]       ib_iface.c:696  UCX  ERROR ibv_create_cq(cqe=4096) failed: Function not implemented
[1579509853.243401] [dahu-3:7551 :0]       ib_iface.c:696  UCX  ERROR ibv_create_cq(cqe=4096) failed: Function not implemented
[1579509853.243566] [dahu-3:7561 :0]       ib_iface.c:696  UCX  ERROR ibv_create_cq(cqe=4096) failed: Function not implemented
[1579509853.243626] [dahu-3:7557 :0]       ib_iface.c:696  UCX  ERROR ibv_create_cq(cqe=4096) failed: Function not implemented
[1579509853.245086] [dahu-3:7545 :0]       ib_iface.c:696  UCX  ERROR ibv_create_cq(cqe=4096) failed: Function not implemented
[1579509853.250276] [dahu-3:7546 :0]       ib_iface.c:696  UCX  ERROR ibv_create_cq(cqe=4096) failed: Function not implemented
[1579509853.250362] [dahu-3:7559 :0]       ib_iface.c:696  UCX  ERROR ibv_create_cq(cqe=4096) failed: Function not implemented
44:13.413076644 [ INFO] [42] has timed out. starting new election...
44:13.416249646 [ INFO] [42] becomes leader with 25 votes
44:13.584732739 [ INFO] [37] has timed out. starting new election...
44:13.587343698 [ INFO] [37] becomes leader with 25 votes
44:13.757762735 [ INFO] [15] has timed out. starting new election...
44:13.758995423 [ INFO] [9] has timed out. starting new election...
44:13.764474762 [ INFO] [8] has timed out. starting new election...
44:13.777866101 [ INFO] [8] becomes leader with 25 votes
44:13.962859018 [ INFO] [31] has timed out. starting new election...
44:13.965442387 [ INFO] [31] becomes leader with 25 votes
44:14.141083927 [ INFO] [15] has timed out. starting new election...
44:14.141308067 [ INFO] [9] has timed out. starting new election...
44:14.170650818 [ INFO] [9] becomes leader with 47 votes
44:14.408750808 [ INFO] [10] has timed out. starting new election...
44:14.420006846 [ INFO] [10] becomes leader with 25 votes
44:14.575216019 [ INFO] [42] has timed out. starting new election...
44:14.578235658 [ INFO] [42] becomes leader with 25 votes
44:14.755222073 [ INFO] [15] has timed out. starting new election...
44:14.758497897 [ INFO] [37] has timed out. starting new election...
44:14.760791631 [ INFO] [37] becomes leader with 25 votes
44:14.963805788 [ INFO] [8] has timed out. starting new election...
44:15.074665835 [ INFO] [8] becomes leader with 48 votes
44:15.388661316 [ INFO] [15] has timed out. starting new election...
44:15.390861922 [ INFO] [9] has timed out. starting new election...
44:15.393551069 [ INFO] [15] becomes leader with 25 votes
44:15.722102996 [ INFO] [9] candidate has timed out. starting new election...
44:15.735174 [ INFO] [42] has timed out. starting new election...
44:15.737497887 [ INFO] [42] becomes leader with 25 votes
44:15.931777617 [ INFO] [37] has timed out. starting new election...
44:15.934240844 [ INFO] [37] becomes leader with 25 votes
44:16.115945256 [ INFO] [31] has timed out. starting new election...
44:16.170652787 [ INFO] [31] becomes leader with 47 votes
44:16.345782320 [ INFO] [8] has timed out. starting new election...
44:16.363668240 [ INFO] [10] has timed out. starting new election...
44:16.387440257 [ INFO] [10] becomes leader with 25 votes
44:16.562985203 [ INFO] [15] has timed out. starting new election...
44:16.591750302 [ INFO] [15] becomes leader with 25 votes
44:16.894458727 [ INFO] [42] has timed out. starting new election...
44:16.896768717 [ INFO] [42] becomes leader with 25 votes
44:17.105257723 [ INFO] [37] has timed out. starting new election...
44:17.107579357 [ INFO] [37] becomes leader with 25 votes
44:17.110080764 [ INFO] [8] has timed out. starting new election...
44:17.135408923 [ INFO] [8] becomes leader with 25 votes
44:17.354844683 [ INFO] [31] has timed out. starting new election...
44:17.357278010 [ INFO] [31] becomes leader with 25 votes
44:17.584874053 [ INFO] [10] has timed out. starting new election...
44:17.590221143 [ INFO] [39] has timed out. starting new election...
44:17.591257555 [ INFO] [40] has timed out. starting new election...
44:17.593107985 [ INFO] [39] becomes leader with 25 votes
44:17.598027363 [ INFO] [40] becomes leader with 25 votes
44:17.782934522 [ INFO] [15] has timed out. starting new election...
44:17.818653176 [ INFO] [15] becomes leader with 47 votes
44:18.053749918 [ INFO] [42] has timed out. starting new election...
44:18.056094936 [ INFO] [42] becomes leader with 25 votes
44:18.337598286 [ INFO] [8] has timed out. starting new election...
44:18.355698458 [ INFO] [8] becomes leader with 25 votes
44:18.564731331 [ INFO] [10] has timed out. starting new election...
44:18.600848765 [ WARN] [39] panicked because it's election signal channel has failed (on send)
44:18.614654917 [ INFO] [10] becomes leader with 46 votes
44:18.615652123 [ WARN] [39] panicked because it's election signal channel has failed (on send)
44:18.800362716 [ INFO] [31] has timed out. starting new election...
44:18.801268440 [ WARN] [39] panicked because it's election signal channel has failed (on send)
44:18.834653189 [ INFO] [31] becomes leader with 45 votes
44:18.835581610 [ WARN] [39] panicked because it's election signal channel has failed (on send)
44:18.845955179 [ WARN] [39] panicked because it's election signal channel has failed (on send)
44:19.011661710 [ INFO] [15] has timed out. starting new election...
44:19.012505729 [ WARN] [39] panicked because it's election signal channel has failed (on send)
44:19.014025008 [ INFO] [15] becomes leader with 25 votes
44:19.014989002 [ WARN] [39] panicked because it's election signal channel has failed (on send)
44:19.058731005 [ WARN] [39] panicked because it's election signal channel has failed (on send)
44:19.213055824 [ INFO] [42] has timed out. starting new election...
44:19.213217159 [ WARN] [39] panicked because it's election signal channel has failed (on send)
44:19.215366136 [ INFO] [42] becomes leader with 25 votes
44:19.215579088 [ WARN] [39] panicked because it's election signal channel has failed (on send)
44:19.359445749 [ WARN] [39] panicked because it's election signal channel has failed (on send)
44:19.532154139 [ INFO] [8] has timed out. starting new election...
44:19.533001205 [ WARN] [39] panicked because it's election signal channel has failed (on send)
44:19.534625065 [ INFO] [8] becomes leader with 25 votes
44:19.535549844 [ WARN] [39] panicked because it's election signal channel has failed (on send)
44:19.618214705 [ WARN] [39] panicked because it's election signal channel has failed (on send)
44:19.805915675 [ INFO] [10] has timed out. starting new election...
44:19.806744462 [ WARN] [39] panicked because it's election signal channel has failed (on send)
44:19.838147989 [ WARN] [39] panicked because it's election signal channel has failed (on send)
44:19.846654727 [ INFO] [10] becomes leader with 45 votes
44:19.915438095 [ WARN] [39] panicked because it's election signal channel has failed (on send)
44:20.017512588 [ WARN] [39] panicked because it's election signal channel has failed (on send)
44:20.183207633 [ INFO] [15] has timed out. starting new election...
44:20.184058425 [ WARN] [39] panicked because it's election signal channel has failed (on send)
44:20.185603185 [ INFO] [15] becomes leader with 25 votes
44:20.186515465 [ WARN] [39] panicked because it's election signal channel has failed (on send)
44:20.217972908 [ WARN] [39] panicked because it's election signal channel has failed (on send)
44:20.372261029 [ INFO] [42] has timed out. starting new election...
44:20.372424801 [ WARN] [39] panicked because it's election signal channel has failed (on send)
44:20.374596380 [ INFO] [42] becomes leader with 25 votes
44:20.374810373 [ WARN] [39] panicked because it's election signal channel has failed (on send)
44:20.548875397 [ WARN] [39] panicked because it's election signal channel has failed (on send)
44:20.721567070 [ INFO] [8] has timed out. starting new election...
44:20.732732152 [ INFO] [31] has timed out. starting new election...
44:20.733757816 [ WARN] [39] panicked because it's election signal channel has failed (on send)
44:20.737187252 [ WARN] [39] panicked because it's election signal channel has failed (on send)
44:20.764322162 [ INFO] [31] becomes leader with 25 votes
44:20.765361159 [ WARN] [39] panicked because it's election signal channel has failed (on send)
44:20.918064966 [ WARN] [39] panicked because it's election signal channel has failed (on send)
44:21.036535206 [ INFO] [8] candidate has timed out. starting new election...
44:21.105760641 [ INFO] [10] has timed out. starting new election...
44:21.106648169 [ WARN] [39] panicked because it's election signal channel has failed (on send)
44:21.110433623 [ INFO] [10] becomes leader with 25 votes
44:21.111462830 [ WARN] [39] panicked because it's election signal channel has failed (on send)
44:21.189133811 [ WARN] [39] panicked because it's election signal channel has failed (on send)
44:21.354854547 [ INFO] [15] has timed out. starting new election...
44:21.377216489 [ WARN] [39] panicked because it's election signal channel has failed (on send)
44:21.387392264 [ WARN] [39] panicked because it's election signal channel has failed (on send)
44:21.422650953 [ INFO] [15] becomes leader with 44 votes
44:21.459396133 [ WARN] [39] panicked because it's election signal channel has failed (on send)
44:21.614792764 [ INFO] [42] has timed out. starting new election...
44:21.614968345 [ WARN] [39] panicked because it's election signal channel has failed (on send)
44:21.617079442 [ INFO] [42] becomes leader with 25 votes
44:21.617304849 [ WARN] [39] panicked because it's election signal channel has failed (on send)
44:21.767841653 [ WARN] [39] panicked because it's election signal channel has failed (on send)
44:21.948503231 [ INFO] [31] has timed out. starting new election...
44:21.949402485 [ WARN] [39] panicked because it's election signal channel has failed (on send)
44:21.951657610 [ INFO] [31] becomes leader with 25 votes
44:21.952694544 [ WARN] [39] panicked because it's election signal channel has failed (on send)
44:22.114436825 [ WARN] [39] panicked because it's election signal channel has failed (on send)
44:22.302125172 [ INFO] [10] has timed out. starting new election...
44:22.302992173 [ WARN] [39] panicked because it's election signal channel has failed (on send)
44:22.319502617 [ INFO] [10] becomes leader with 25 votes
44:22.320572779 [ WARN] [39] panicked because it's election signal channel has failed (on send)
44:22.461859028 [ WARN] [39] panicked because it's election signal channel has failed (on send)
44:22.619678663 [ WARN] [39] panicked because it's election signal channel has failed (on send)
44:22.773986008 [ INFO] [42] has timed out. starting new election...
44:22.774147594 [ WARN] [39] panicked because it's election signal channel has failed (on send)
44:22.776281680 [ INFO] [42] becomes leader with 25 votes
44:22.776499422 [ WARN] [39] panicked because it's election signal channel has failed (on send)
44:22.943309403 [ INFO] [15] has timed out. starting new election...
44:22.944147770 [ WARN] [39] panicked because it's election signal channel has failed (on send)
44:22.955198079 [ WARN] [39] panicked because it's election signal channel has failed (on send)
44:22.955163146 [ INFO] [15] becomes leader with 25 votes
44:22.956107181 [ WARN] [39] panicked because it's election signal channel has failed (on send)
44:23.137559666 [ INFO] [31] has timed out. starting new election...
44:23.138480678 [ WARN] [39] panicked because it's election signal channel has failed (on send)
44:23.178654925 [ INFO] [31] becomes leader with 44 votes
44:23.179598412 [ WARN] [39] panicked because it's election signal channel has failed (on send)
44:23.324935428 [ WARN] [39] panicked because it's election signal channel has failed (on send)
44:23.512606642 [ INFO] [10] has timed out. starting new election...
44:23.513448412 [ WARN] [39] panicked because it's election signal channel has failed (on send)
44:23.546652145 [ INFO] [10] becomes leader with 44 votes
44:23.547627572 [ WARN] [39] panicked because it's election signal channel has failed (on send)
44:23.743655919 [ INFO] [40] has timed out. starting new election...
44:23.743908285 [ WARN] [39] panicked because it's election signal channel has failed (on send)
44:23.746195265 [ INFO] [40] becomes leader with 25 votes
44:23.746447367 [ WARN] [39] panicked because it's election signal channel has failed (on send)
44:23.778919257 [ WARN] [39] panicked because it's election signal channel has failed (on send)
44:23.933254178 [ INFO] [42] has timed out. starting new election...
44:23.933428325 [ WARN] [39] panicked because it's election signal channel has failed (on send)
44:23.935569984 [ INFO] [42] becomes leader with 25 votes
44:23.935789268 [ WARN] [39] panicked because it's election signal channel has failed (on send)
44:23.958614572 [ WARN] [39] panicked because it's election signal channel has failed (on send)
44:24.136753645 [ INFO] [15] has timed out. starting new election...
44:24.137674277 [ WARN] [39] panicked because it's election signal channel has failed (on send)
44:24.151941150 [ INFO] [15] becomes leader with 25 votes
44:24.152977383 [ WARN] [39] panicked because it's election signal channel has failed (on send)
44:24.182019327 [ WARN] [39] panicked because it's election signal channel has failed (on send)
44:24.362645407 [ INFO] [31] has timed out. starting new election...
44:24.375562736 [ INFO] [21] has timed out. starting new election...
44:24.376774686 [ WARN] [39] panicked because it's election signal channel has failed (on send)
44:24.377108716 [ WARN] [39] panicked because it's election signal channel has failed (on send)
44:24.418654752 [ INFO] [21] becomes leader with 29 votes
44:24.419732323 [ WARN] [39] panicked because it's election signal channel has failed (on send)
44:24.550217384 [ WARN] [39] panicked because it's election signal channel has failed (on send)
44:24.676115554 [ INFO] [31] candidate has timed out. starting new election...
44:24.737932002 [ INFO] [10] has timed out. starting new election...
44:24.738788591 [ WARN] [39] panicked because it's election signal channel has failed (on send)
44:24.740439197 [ INFO] [10] becomes leader with 25 votes
44:24.741372721 [ WARN] [39] panicked because it's election signal channel has failed (on send)
44:24.748834038 [ WARN] [39] panicked because it's election signal channel has failed (on send)
44:24.938201507 [ WARN] [39] panicked because it's election signal channel has failed (on send)
44:25.092519268 [ INFO] [42] has timed out. starting new election...
44:25.092676127 [ WARN] [39] panicked because it's election signal channel has failed (on send)
44:25.094948366 [ INFO] [42] becomes leader with 25 votes
44:25.095171656 [ WARN] [39] panicked because it's election signal channel has failed (on send)
44:25.155476835 [ WARN] [39] panicked because it's election signal channel has failed (on send)
44:25.321166352 [ INFO] [15] has timed out. starting new election...
44:25.322037287 [ WARN] [39] panicked because it's election signal channel has failed (on send)
44:25.362650290 [ INFO] [15] becomes leader with 42 votes
44:25.411460807 [ WARN] [39] panicked because it's election signal channel has failed (on send)
44:25.422247389 [ WARN] [39] panicked because it's election signal channel has failed (on send)
44:25.614309886 [ INFO] [28] has timed out. starting new election...
44:25.617641985 [ INFO] [40] has timed out. starting new election...
44:25.617829318 [ WARN] [39] panicked because it's election signal channel has failed (on send)
44:25.631665047 [ WARN] [39] panicked because it's election signal channel has failed (on send)
44:25.646652471 [ INFO] [28] becomes leader with 31 votes
44:25.663415367 [ WARN] [39] panicked because it's election signal channel has failed (on send)
44:25.743917425 [ WARN] [39] panicked because it's election signal channel has failed (on send)
44:25.917827665 [ INFO] [40] candidate has timed out. starting new election...
44:25.931588501 [ INFO] [10] has timed out. starting new election...
44:25.932452741 [ WARN] [39] panicked because it's election signal channel has failed (on send)
44:25.951849077 [ INFO] [10] becomes leader with 25 votes
44:25.952894916 [ WARN] [39] panicked because it's election signal channel has failed (on send)
44:26.097545118 [ WARN] [39] panicked because it's election signal channel has failed (on send)
44:26.251855443 [ INFO] [42] has timed out. starting new election...
44:26.252021574 [ WARN] [39] panicked because it's election signal channel has failed (on send)
44:26.254122564 [ INFO] [42] becomes leader with 25 votes
44:26.254357525 [ WARN] [39] panicked because it's election signal channel has failed (on send)
44:26.425910858 [ WARN] [39] panicked because it's election signal channel has failed (on send)
44:26.591569506 [ INFO] [15] has timed out. starting new election...
44:26.592432657 [ WARN] [39] panicked because it's election signal channel has failed (on send)
44:26.594041571 [ INFO] [15] becomes leader with 25 votes
44:26.594972886 [ WARN] [39] panicked because it's election signal channel has failed (on send)
44:26.672848208 [ WARN] [39] panicked because it's election signal channel has failed (on send)
44:26.865577637 [ INFO] [28] has timed out. starting new election...
44:26.866488052 [ WARN] [39] panicked because it's election signal channel has failed (on send)
44:26.883157626 [ INFO] [28] becomes leader with 25 votes
44:26.884247998 [ WARN] [39] panicked because it's election signal channel has failed (on send)
44:26.955427402 [ WARN] [39] panicked because it's election signal channel has failed (on send)
44:27.143105791 [ INFO] [10] has timed out. starting new election...
44:27.144005496 [ WARN] [39] panicked because it's election signal channel has failed (on send)
44:27.145946403 [ INFO] [10] becomes leader with 25 votes
44:27.146881152 [ WARN] [39] panicked because it's election signal channel has failed (on send)
44:27.256754194 [ WARN] [39] panicked because it's election signal channel has failed (on send)
44:27.411063854 [ INFO] [42] has timed out. starting new election...
44:27.411217027 [ WARN] [39] panicked because it's election signal channel has failed (on send)
44:27.413531127 [ INFO] [42] becomes leader with 25 votes
44:27.413750322 [ WARN] [39] panicked because it's election signal channel has failed (on send)
44:27.597400278 [ WARN] [39] panicked because it's election signal channel has failed (on send)
44:27.763070421 [ INFO] [15] has timed out. starting new election...
44:27.790275949 [ INFO] [21] has timed out. starting new election...
44:27.791228809 [ WARN] [39] panicked because it's election signal channel has failed (on send)
44:27.792059602 [ WARN] [39] panicked because it's election signal channel has failed (on send)
44:27.826650593 [ INFO] [21] becomes leader with 41 votes
44:27.859419269 [ WARN] [39] panicked because it's election signal channel has failed (on send)
44:27.886826884 [ WARN] [39] panicked because it's election signal channel has failed (on send)
44:28.079517474 [ INFO] [28] has timed out. starting new election...
44:28.080387789 [ WARN] [39] panicked because it's election signal channel has failed (on send)
44:28.082054514 [ INFO] [28] becomes leader with 25 votes
44:28.082970693 [ WARN] [39] panicked because it's election signal channel has failed (on send)
44:28.149471539 [ WARN] [39] panicked because it's election signal channel has failed (on send)
44:28.315524033 [ INFO] [15] has timed out. starting new election...
44:28.316456799 [ WARN] [39] panicked because it's election signal channel has failed (on send)
44:28.342881781 [ INFO] [15] becomes leader with 25 votes
44:28.343807047 [ WARN] [39] panicked because it's election signal channel has failed (on send)
44:28.416118423 [ WARN] [39] panicked because it's election signal channel has failed (on send)
44:28.570419755 [ INFO] [42] has timed out. starting new election...
44:28.570577724 [ WARN] [39] panicked because it's election signal channel has failed (on send)
44:28.572853370 [ INFO] [42] becomes leader with 25 votes
44:28.573077204 [ WARN] [39] panicked because it's election signal channel has failed (on send)
44:28.762756014 [ INFO] [10] has timed out. starting new election...
44:28.763641480 [ WARN] [39] panicked because it's election signal channel has failed (on send)
44:28.794653302 [ INFO] [10] becomes leader with 42 votes
44:28.795589379 [ WARN] [39] panicked because it's election signal channel has failed (on send)
44:28.861976405 [ WARN] [39] panicked because it's election signal channel has failed (on send)
44:29.055655002 [ INFO] [21] has timed out. starting new election...
44:29.056507421 [ WARN] [39] panicked because it's election signal channel has failed (on send)
44:29.210482709 [ WARN] [39] panicked because it's election signal channel has failed (on send)
44:29.234651722 [ INFO] [21] becomes leader with 42 votes
44:29.235641651 [ WARN] [39] panicked because it's election signal channel has failed (on send)
44:29.346334571 [ WARN] [39] panicked because it's election signal channel has failed (on send)
44:29.512001026 [ INFO] [15] has timed out. starting new election...
44:29.538890405 [ INFO] [28] has timed out. starting new election...
44:29.539844445 [ WARN] [39] panicked because it's election signal channel has failed (on send)
44:29.541780288 [ WARN] [39] panicked because it's election signal channel has failed (on send)
44:29.545919801 [ INFO] [28] becomes leader with 25 votes
44:29.546882330 [ WARN] [39] panicked because it's election signal channel has failed (on send)
44:29.575457169 [ WARN] [39] panicked because it's election signal channel has failed (on send)
44:29.729763051 [ INFO] [42] has timed out. starting new election...
44:29.729915698 [ WARN] [39] panicked because it's election signal channel has failed (on send)
44:29.732209472 [ INFO] [42] becomes leader with 25 votes
44:29.732440177 [ WARN] [39] panicked because it's election signal channel has failed (on send)
44:29.798110532 [ WARN] [39] panicked because it's election signal channel has failed (on send)
44:29.964893848 [ INFO] [15] has timed out. starting new election...
44:29.965787720 [ WARN] [39] panicked because it's election signal channel has failed (on send)
44:29.967440309 [ INFO] [15] becomes leader with 25 votes
44:29.968401774 [ WARN] [39] panicked because it's election signal channel has failed (on send)
44:30.158380361 [ INFO] [10] has timed out. starting new election...
44:30.169071657 [ INFO] [41] has timed out. starting new election...
44:30.174955899 [ INFO] [17] has timed out. starting new election...
44:30.177504270 [ INFO] [47] has timed out. starting new election...
44:30.178147992 [ INFO] [26] has timed out. starting new election...
44:30.181032082 [ WARN] [39] panicked because it's election signal channel has failed (on send)
44:30.195840640 [ WARN] [39] panicked because it's election signal channel has failed (on send)
44:30.199731251 [ WARN] [39] panicked because it's election signal channel has failed (on send)
44:30.199777594 [ WARN] [39] panicked because it's election signal channel has failed (on send)
44:30.215983800 [ WARN] [39] panicked because it's election signal channel has failed (on send)
44:30.238140285 [ WARN] [39] panicked because it's election signal channel has failed (on send)
44:30.431832441 [ INFO] [21] has timed out. starting new election...
44:30.432712024 [ WARN] [39] panicked because it's election signal channel has failed (on send)
44:30.434687418 [ INFO] [21] becomes leader with 25 votes
44:30.435612353 [ WARN] [39] panicked because it's election signal channel has failed (on send)
44:30.549461125 [ WARN] [39] panicked because it's election signal channel has failed (on send)
44:30.734830268 [ WARN] [39] panicked because it's election signal channel has failed (on send)
44:30.889175782 [ INFO] [42] has timed out. starting new election...
44:30.889377607 [ WARN] [39] panicked because it's election signal channel has failed (on send)
44:30.893994988 [ INFO] [42] becomes leader with 25 votes
44:30.894237849 [ WARN] [39] panicked because it's election signal channel has failed (on send)
44:30.970927769 [ WARN] [39] panicked because it's election signal channel has failed (on send)
44:31.136617901 [ INFO] [15] has timed out. starting new election...
44:31.137510224 [ WARN] [39] panicked because it's election signal channel has failed (on send)
44:31.151718211 [ INFO] [15] becomes leader with 25 votes
44:31.152843078 [ WARN] [39] panicked because it's election signal channel has failed (on send)
44:31.343108795 [ INFO] [10] has timed out. starting new election...
44:31.344071404 [ WARN] [39] panicked because it's election signal channel has failed (on send)
44:31.358584407 [ INFO] [17] has timed out. starting new election...
44:31.363569837 [ WARN] [39] panicked because it's election signal channel has failed (on send)
44:31.386657253 [ INFO] [10] becomes leader with 41 votes
44:31.387644622 [ WARN] [39] panicked because it's election signal channel has failed (on send)
44:31.438124756 [ WARN] [39] panicked because it's election signal channel has failed (on send)
44:31.631790539 [ INFO] [21] has timed out. starting new election...
44:31.632664323 [ WARN] [39] panicked because it's election signal channel has failed (on send)
44:31.634241087 [ INFO] [21] becomes leader with 25 votes
44:31.635177437 [ WARN] [39] panicked because it's election signal channel has failed (on send)
44:31.828776277 [ INFO] [28] has timed out. starting new election...
44:31.835244834 [ INFO] [41] has timed out. starting new election...
44:31.835457009 [ WARN] [39] panicked because it's election signal channel has failed (on send)
44:31.837675526 [ INFO] [41] becomes leader with 25 votes
44:31.838036528 [ WARN] [39] panicked because it's election signal channel has failed (on send)
44:31.896618492 [ WARN] [39] panicked because it's election signal channel has failed (on send)
44:31.911522316 [ WARN] [39] panicked because it's election signal channel has failed (on send)
44:32.067237639 [ INFO] [42] has timed out. starting new election...
44:32.067395333 [ WARN] [39] panicked because it's election signal channel has failed (on send)
44:32.069723609 [ INFO] [42] becomes leader with 25 votes
44:32.069944132 [ WARN] [39] panicked because it's election signal channel has failed (on send)
44:32.155388756 [ WARN] [39] panicked because it's election signal channel has failed (on send)
44:32.321084750 [ INFO] [15] has timed out. starting new election...
44:32.331429375 [ WARN] [39] panicked because it's election signal channel has failed (on send)
44:32.333537532 [ INFO] [15] becomes leader with 30 votes
44:32.334426865 [ WARN] [39] panicked because it's election signal channel has failed (on send)
44:32.390192921 [ WARN] [39] panicked because it's election signal channel has failed (on send)
44:32.578043498 [ INFO] [10] has timed out. starting new election...
44:32.578897931 [ WARN] [39] panicked because it's election signal channel has failed (on send)
44:32.610651708 [ INFO] [10] becomes leader with 42 votes
44:32.611596358 [ WARN] [39] panicked because it's election signal channel has failed (on send)
44:32.637732816 [ WARN] [39] panicked because it's election signal channel has failed (on send)
44:32.831408851 [ INFO] [21] has timed out. starting new election...
44:32.832290396 [ WARN] [39] panicked because it's election signal channel has failed (on send)
44:32.833984195 [ INFO] [21] becomes leader with 25 votes
44:32.834913906 [ WARN] [39] panicked because it's election signal channel has failed (on send)
44:32.839987164 [ WARN] [39] panicked because it's election signal channel has failed (on send)
44:33.032640660 [ INFO] [28] has timed out. starting new election...
44:33.033617118 [ WARN] [39] panicked because it's election signal channel has failed (on send)
44:33.072320266 [ WARN] [39] panicked because it's election signal channel has failed (on send)
44:33.079575438 [ INFO] [28] becomes leader with 42 votes
44:33.080521102 [ WARN] [39] panicked because it's election signal channel has failed (on send)
44:33.234586351 [ INFO] [42] has timed out. starting new election...
44:33.234750369 [ WARN] [39] panicked because it's election signal channel has failed (on send)
44:33.237021900 [ INFO] [42] becomes leader with 25 votes
44:33.237253020 [ WARN] [39] panicked because it's election signal channel has failed (on send)
44:33.336795035 [ WARN] [39] panicked because it's election signal channel has failed (on send)
44:33.502387313 [ INFO] [15] has timed out. starting new election...
44:33.503276807 [ WARN] [39] panicked because it's election signal channel has failed (on send)
44:33.504833146 [ INFO] [15] becomes leader with 25 votes
44:33.505926745 [ WARN] [39] panicked because it's election signal channel has failed (on send)
44:33.614215580 [ WARN] [39] panicked because it's election signal channel has failed (on send)
44:33.801872846 [ INFO] [10] has timed out. starting new election...
44:33.815709013 [ INFO] [41] has timed out. starting new election...
44:33.815914504 [ WARN] [39] panicked because it's election signal channel has failed (on send)
44:33.818156041 [ INFO] [41] becomes leader with 25 votes
44:33.818394932 [ WARN] [39] panicked because it's election signal channel has failed (on send)
44:33.837422741 [ WARN] [39] panicked because it's election signal channel has failed (on send)
44:33.851172585 [ WARN] [39] panicked because it's election signal channel has failed (on send)
44:34.056644495 [ INFO] [17] has timed out. starting new election...
44:34.056718505 [ INFO] [21] has timed out. starting new election...
44:34.057649522 [ WARN] [39] panicked because it's election signal channel has failed (on send)
44:34.059555865 [ INFO] [21] becomes leader with 25 votes
44:34.060560937 [ WARN] [39] panicked because it's election signal channel has failed (on send)
44:34.062144738 [ WARN] [39] panicked because it's election signal channel has failed (on send)
44:34.083048711 [ WARN] [39] panicked because it's election signal channel has failed (on send)
44:34.239636875 [ WARN] [39] panicked because it's election signal channel has failed (on send)
44:34.361458185 [ INFO] [17] candidate has timed out. starting new election...
44:34.393946597 [ INFO] [42] has timed out. starting new election...
44:34.394107666 [ WARN] [39] panicked because it's election signal channel has failed (on send)
44:34.396555967 [ INFO] [42] becomes leader with 25 votes
44:34.396777757 [ WARN] [39] panicked because it's election signal channel has failed (on send)
44:34.508457867 [ WARN] [39] panicked because it's election signal channel has failed (on send)
44:34.674160013 [ INFO] [15] has timed out. starting new election...
44:34.679414882 [ WARN] [39] panicked because it's election signal channel has failed (on send)
44:34.683434957 [ INFO] [15] becomes leader with 25 votes
44:34.684368862 [ WARN] [39] panicked because it's election signal channel has failed (on send)
44:34.820368689 [ WARN] [39] panicked because it's election signal channel has failed (on send)
44:35.008574498 [ INFO] [10] has timed out. starting new election...
44:35.015838978 [ INFO] [28] has timed out. starting new election...
44:35.016779845 [ WARN] [39] panicked because it's election signal channel has failed (on send)
44:35.039491860 [ WARN] [39] panicked because it's election signal channel has failed (on send)
44:35.063069764 [ WARN] [39] panicked because it's election signal channel has failed (on send)
44:35.064790566 [ INFO] [28] becomes leader with 40 votes
44:35.065790030 [ WARN] [39] panicked because it's election signal channel has failed (on send)
44:35.265869231 [ INFO] [41] has timed out. starting new election...
44:35.266054907 [ WARN] [39] panicked because it's election signal channel has failed (on send)
44:35.268260195 [ INFO] [41] becomes leader with 25 votes
44:35.268485942 [ WARN] [39] panicked because it's election signal channel has failed (on send)
44:35.399195386 [ WARN] [39] panicked because it's election signal channel has failed (on send)
44:35.553525347 [ INFO] [42] has timed out. starting new election...
44:35.553701684 [ WARN] [39] panicked because it's election signal channel has failed (on send)
44:35.555956907 [ INFO] [42] becomes leader with 25 votes
44:35.556179582 [ WARN] [39] panicked because it's election signal channel has failed (on send)
44:35.686856930 [ WARN] [39] panicked because it's election signal channel has failed (on send)
44:35.852537881 [ INFO] [15] has timed out. starting new election...
44:35.853390783 [ WARN] [39] panicked because it's election signal channel has failed (on send)
44:35.882652741 [ INFO] [15] becomes leader with 41 votes
44:35.947427587 [ WARN] [39] panicked because it's election signal channel has failed (on send)
44:36.068274933 [ WARN] [39] panicked because it's election signal channel has failed (on send)
44:36.256564286 [ INFO] [10] has timed out. starting new election...
44:36.257527861 [ WARN] [39] panicked because it's election signal channel has failed (on send)
44:36.270435334 [ WARN] [39] panicked because it's election signal channel has failed (on send)
44:36.286653790 [ INFO] [10] becomes leader with 41 votes
44:36.303435111 [ WARN] [39] panicked because it's election signal channel has failed (on send)
44:36.498834375 [ INFO] [21] has timed out. starting new election...
44:36.499461689 [ INFO] [28] has timed out. starting new election...
44:36.500396392 [ WARN] [39] panicked because it's election signal channel has failed (on send)
44:36.501919424 [ INFO] [28] becomes leader with 25 votes
44:36.502879140 [ WARN] [39] panicked because it's election signal channel has failed (on send)
44:36.543527268 [ WARN] [39] panicked because it's election signal channel has failed (on send)
44:36.558558127 [ WARN] [39] panicked because it's election signal channel has failed (on send)
44:36.712872010 [ INFO] [42] has timed out. starting new election...
44:36.713026452 [ WARN] [39] panicked because it's election signal channel has failed (on send)
44:36.715483474 [ INFO] [42] becomes leader with 25 votes
44:36.715705295 [ WARN] [39] panicked because it's election signal channel has failed (on send)
44:36.914437939 [ INFO] [21] has timed out. starting new election...
44:36.915350487 [ WARN] [39] panicked because it's election signal channel has failed (on send)
44:36.949946036 [ WARN] [39] panicked because it's election signal channel has failed (on send)
44:36.962656946 [ INFO] [21] becomes leader with 41 votes
44:36.963690468 [ WARN] [39] panicked because it's election signal channel has failed (on send)
44:37.128998552 [ INFO] [15] has timed out. starting new election...
44:37.129875965 [ WARN] [39] panicked because it's election signal channel has failed (on send)
44:37.170652010 [ INFO] [15] becomes leader with 41 votes
44:37.191442660 [ WARN] [39] panicked because it's election signal channel has failed (on send)
44:37.305857616 [ WARN] [39] panicked because it's election signal channel has failed (on send)
44:37.493490867 [ INFO] [10] has timed out. starting new election...
44:37.494373991 [ WARN] [39] panicked because it's election signal channel has failed (on send)
44:37.497498311 [ INFO] [10] becomes leader with 25 votes
44:37.498518650 [ WARN] [39] panicked because it's election signal channel has failed (on send)
44:37.505389511 [ WARN] [39] panicked because it's election signal channel has failed (on send)
44:37.698051522 [ INFO] [28] has timed out. starting new election...
44:37.698913854 [ WARN] [39] panicked because it's election signal channel has failed (on send)
44:37.700516873 [ INFO] [28] becomes leader with 25 votes
44:37.701455564 [ WARN] [39] panicked because it's election signal channel has failed (on send)
44:37.718108226 [ WARN] [39] panicked because it's election signal channel has failed (on send)
44:37.872431778 [ INFO] [42] has timed out. starting new election...
44:37.872586978 [ WARN] [39] panicked because it's election signal channel has failed (on send)
44:37.875013977 [ INFO] [42] becomes leader with 25 votes
44:37.875241046 [ WARN] [39] panicked because it's election signal channel has failed (on send)
44:37.996711987 [ WARN] [39] panicked because it's election signal channel has failed (on send)
44:38.190313508 [ INFO] [21] has timed out. starting new election...
44:38.191251642 [ WARN] [39] panicked because it's election signal channel has failed (on send)
44:38.195655927 [ INFO] [21] becomes leader with 25 votes
44:38.196734170 [ WARN] [39] panicked because it's election signal channel has failed (on send)
44:38.196794967 [ WARN] [39] panicked because it's election signal channel has failed (on send)
44:38.367831861 [ INFO] [15] has timed out. starting new election...
44:38.375446532 [ WARN] [39] panicked because it's election signal channel has failed (on send)
44:38.378500504 [ INFO] [15] becomes leader with 25 votes
44:38.379479627 [ WARN] [39] panicked because it's election signal channel has failed (on send)
44:38.504925451 [ WARN] [39] panicked because it's election signal channel has failed (on send)
44:38.692696518 [ INFO] [10] has timed out. starting new election...
44:38.693568821 [ WARN] [39] panicked because it's election signal channel has failed (on send)
44:38.704044822 [ WARN] [39] panicked because it's election signal channel has failed (on send)
44:38.703938356 [ INFO] [10] becomes leader with 25 votes
44:38.704900416 [ WARN] [39] panicked because it's election signal channel has failed (on send)
44:38.877607135 [ WARN] [39] panicked because it's election signal channel has failed (on send)
44:39.031920816 [ INFO] [42] has timed out. starting new election...
44:39.032080138 [ WARN] [39] panicked because it's election signal channel has failed (on send)
44:39.034440760 [ INFO] [42] becomes leader with 25 votes
44:39.034657755 [ WARN] [39] panicked because it's election signal channel has failed (on send)
44:39.199280091 [ WARN] [39] panicked because it's election signal channel has failed (on send)
44:39.382781697 [ WARN] [39] panicked because it's election signal channel has failed (on send)
44:39.548463621 [ INFO] [15] has timed out. starting new election...
44:39.549353255 [ WARN] [39] panicked because it's election signal channel has failed (on send)
44:39.553210569 [ INFO] [15] becomes leader with 25 votes
44:39.554292071 [ WARN] [39] panicked because it's election signal channel has failed (on send)
44:39.707487974 [ WARN] [39] panicked because it's election signal channel has failed (on send)
44:39.895167047 [ INFO] [10] has timed out. starting new election...
44:39.896111868 [ WARN] [39] panicked because it's election signal channel has failed (on send)
44:39.899498236 [ INFO] [10] becomes leader with 25 votes
44:39.900603536 [ WARN] [39] panicked because it's election signal channel has failed (on send)
44:40.037027277 [ WARN] [39] panicked because it's election signal channel has failed (on send)
44:40.191341052 [ INFO] [42] has timed out. starting new election...
44:40.191504460 [ WARN] [39] panicked because it's election signal channel has failed (on send)
44:40.193991578 [ INFO] [42] becomes leader with 25 votes
44:40.194224741 [ WARN] [39] panicked because it's election signal channel has failed (on send)
44:40.387645929 [ INFO] [28] has timed out. starting new election...
44:40.387898868 [ INFO] [21] has timed out. starting new election...
44:40.388701951 [ WARN] [39] panicked because it's election signal channel has failed (on send)
44:40.418657617 [ INFO] [28] becomes leader with 40 votes
44:40.419638889 [ WARN] [39] panicked because it's election signal channel has failed (on send)
44:40.419848805 [ WARN] [39] panicked because it's election signal channel has failed (on send)
44:40.556847429 [ WARN] [39] panicked because it's election signal channel has failed (on send)
44:40.719165813 [ INFO] [21] candidate has timed out. starting new election...
44:40.722602964 [ INFO] [15] has timed out. starting new election...
44:40.723482485 [ WARN] [39] panicked because it's election signal channel has failed (on send)
44:40.724972864 [ INFO] [15] becomes leader with 25 votes
44:40.726008490 [ WARN] [39] panicked because it's election signal channel has failed (on send)
44:40.903122120 [ WARN] [39] panicked because it's election signal channel has failed (on send)
44:41.090805562 [ INFO] [10] has timed out. starting new election...
44:41.091698704 [ WARN] [39] panicked because it's election signal channel has failed (on send)
44:41.093113823 [ INFO] [10] becomes leader with 25 votes
44:41.094038574 [ WARN] [39] panicked because it's election signal channel has failed (on send)
44:41.196652753 [ WARN] [39] panicked because it's election signal channel has failed (on send)
44:41.350974780 [ INFO] [42] has timed out. starting new election...
44:41.351130469 [ WARN] [39] panicked because it's election signal channel has failed (on send)
44:41.353258759 [ INFO] [42] becomes leader with 25 votes
44:41.353486280 [ WARN] [39] panicked because it's election signal channel has failed (on send)
44:41.422145105 [ WARN] [39] panicked because it's election signal channel has failed (on send)
44:41.614798816 [ INFO] [28] has timed out. starting new election...
44:41.615660339 [ WARN] [39] panicked because it's election signal channel has failed (on send)
44:41.642652613 [ INFO] [28] becomes leader with 40 votes
44:41.643708585 [ WARN] [39] panicked because it's election signal channel has failed (on send)
44:41.728573497 [ WARN] [39] panicked because it's election signal channel has failed (on send)
44:41.894287072 [ INFO] [15] has timed out. starting new election...
44:41.895152780 [ WARN] [39] panicked because it's election signal channel has failed (on send)
44:41.911444267 [ INFO] [15] becomes leader with 25 votes
44:41.912513570 [ WARN] [39] panicked because it's election signal channel has failed (on send)
44:42.096630315 [ WARN] [39] panicked because it's election signal channel has failed (on send)
44:42.284301843 [ INFO] [10] has timed out. starting new election...
44:42.285157200 [ WARN] [39] panicked because it's election signal channel has failed (on send)
44:42.314654412 [ INFO] [10] becomes leader with 40 votes
44:42.343425967 [ WARN] [39] panicked because it's election signal channel has failed (on send)
44:42.355892754 [ WARN] [39] panicked because it's election signal channel has failed (on send)
44:42.510210284 [ INFO] [42] has timed out. starting new election...
44:42.510385147 [ WARN] [39] panicked because it's election signal channel has failed (on send)
44:42.512700800 [ INFO] [42] becomes leader with 25 votes
44:42.512912241 [ WARN] [39] panicked because it's election signal channel has failed (on send)
44:42.646182297 [ WARN] [39] panicked because it's election signal channel has failed (on send)
44:42.838882813 [ INFO] [28] has timed out. starting new election...
44:42.839769993 [ WARN] [39] panicked because it's election signal channel has failed (on send)
44:42.841163614 [ INFO] [28] becomes leader with 25 votes
44:42.842110422 [ WARN] [39] panicked because it's election signal channel has failed (on send)
44:42.915051150 [ WARN] [39] panicked because it's election signal channel has failed (on send)
44:43.080739797 [ INFO] [15] has timed out. starting new election...
44:43.081687709 [ WARN] [39] panicked because it's election signal channel has failed (on send)
44:43.114650181 [ INFO] [15] becomes leader with 39 votes
44:43.131516820 [ WARN] [39] panicked because it's election signal channel has failed (on send)
44:43.331594854 [ INFO] [41] has timed out. starting new election...
44:43.331820505 [ WARN] [39] panicked because it's election signal channel has failed (on send)
44:43.333964426 [ INFO] [41] becomes leader with 25 votes
44:43.334185523 [ WARN] [39] panicked because it's election signal channel has failed (on send)
44:43.346012492 [ WARN] [39] panicked because it's election signal channel has failed (on send)
44:43.515319299 [ WARN] [39] panicked because it's election signal channel has failed (on send)
44:43.669633649 [ INFO] [42] has timed out. starting new election...
44:43.669794682 [ WARN] [39] panicked because it's election signal channel has failed (on send)
44:43.672100077 [ INFO] [42] becomes leader with 25 votes
44:43.672332825 [ WARN] [39] panicked because it's election signal channel has failed (on send)
44:43.844592275 [ WARN] [39] panicked because it's election signal channel has failed (on send)
44:44.032554319 [ INFO] [10] has timed out. starting new election...
44:44.033448801 [ WARN] [39] panicked because it's election signal channel has failed (on send)
44:44.035612933 [ INFO] [10] becomes leader with 25 votes
44:44.036790671 [ WARN] [39] panicked because it's election signal channel has failed (on send)
44:44.149815430 [ WARN] [39] panicked because it's election signal channel has failed (on send)
44:44.315472013 [ INFO] [15] has timed out. starting new election...
44:44.316421504 [ WARN] [39] panicked because it's election signal channel has failed (on send)
44:44.319959659 [ INFO] [15] becomes leader with 25 votes
44:44.320988648 [ WARN] [39] panicked because it's election signal channel has failed (on send)
44:44.336125387 [ WARN] [39] panicked because it's election signal channel has failed (on send)
44:44.531285673 [ INFO] [28] has timed out. starting new election...
44:44.532210074 [ WARN] [39] panicked because it's election signal channel has failed (on send)
44:44.562652202 [ INFO] [28] becomes leader with 40 votes
44:44.674701961 [ WARN] [39] panicked because it's election signal channel has failed (on send)
44:44.691421915 [ WARN] [39] panicked because it's election signal channel has failed (on send)
44:44.846412734 [ INFO] [42] has timed out. starting new election...
44:44.846564048 [ WARN] [39] panicked because it's election signal channel has failed (on send)
44:44.848700428 [ INFO] [42] becomes leader with 25 votes
44:44.848928856 [ WARN] [39] panicked because it's election signal channel has failed (on send)
44:45.039310741 [ WARN] [39] panicked because it's election signal channel has failed (on send)
44:45.226999957 [ INFO] [10] has timed out. starting new election...
44:45.239465688 [ INFO] [41] has timed out. starting new election...
44:45.239664617 [ WARN] [39] panicked because it's election signal channel has failed (on send)
44:45.241825621 [ INFO] [41] becomes leader with 25 votes
44:45.241908813 [ WARN] [39] panicked because it's election signal channel has failed (on send)
44:45.242061119 [ WARN] [39] panicked because it's election signal channel has failed (on send)
44:45.323392914 [ WARN] [39] panicked because it's election signal channel has failed (on send)
44:45.489090657 [ INFO] [15] has timed out. starting new election...
44:45.489971457 [ WARN] [39] panicked because it's election signal channel has failed (on send)
44:45.491696987 [ INFO] [15] becomes leader with 25 votes
44:45.492859773 [ WARN] [39] panicked because it's election signal channel has failed (on send)
44:45.683078912 [ INFO] [10] has timed out. starting new election...
44:45.684074372 [ WARN] [39] panicked because it's election signal channel has failed (on send)
44:45.685536821 [ INFO] [10] becomes leader with 25 votes
44:45.686468133 [ WARN] [39] panicked because it's election signal channel has failed (on send)
44:45.696545976 [ WARN] [39] panicked because it's election signal channel has failed (on send)
44:45.851309306 [ WARN] [39] panicked because it's election signal channel has failed (on send)
44:46.005623809 [ INFO] [42] has timed out. starting new election...
44:46.005781798 [ WARN] [39] panicked because it's election signal channel has failed (on send)
44:46.008234152 [ INFO] [42] becomes leader with 25 votes
44:46.008462566 [ WARN] [39] panicked because it's election signal channel has failed (on send)
44:46.202215184 [ INFO] [28] has timed out. starting new election...
44:46.203090523 [ WARN] [39] panicked because it's election signal channel has failed (on send)
44:46.242652617 [ INFO] [28] becomes leader with 40 votes
44:46.243608656 [ WARN] [39] panicked because it's election signal channel has failed (on send)
44:46.244037492 [ WARN] [39] panicked because it's election signal channel has failed (on send)
44:46.446128808 [ INFO] [41] has timed out. starting new election...
44:46.446282092 [ WARN] [39] panicked because it's election signal channel has failed (on send)
44:46.448646718 [ INFO] [41] becomes leader with 25 votes
44:46.448840449 [ WARN] [39] panicked because it's election signal channel has failed (on send)
44:46.495262256 [ WARN] [39] panicked because it's election signal channel has failed (on send)
44:46.660955911 [ INFO] [15] has timed out. starting new election...
44:46.661802920 [ WARN] [39] panicked because it's election signal channel has failed (on send)
44:46.663452241 [ INFO] [15] becomes leader with 25 votes
44:46.664477618 [ WARN] [39] panicked because it's election signal channel has failed (on send)
44:46.688901863 [ WARN] [39] panicked because it's election signal channel has failed (on send)
44:46.876691205 [ INFO] [10] has timed out. starting new election...
44:46.877544934 [ WARN] [39] panicked because it's election signal channel has failed (on send)
44:46.910654979 [ INFO] [10] becomes leader with 40 votes
44:46.911608780 [ WARN] [39] panicked because it's election signal channel has failed (on send)
44:47.010879406 [ WARN] [39] panicked because it's election signal channel has failed (on send)
44:47.165235099 [ INFO] [42] has timed out. starting new election...
44:47.165458928 [ WARN] [39] panicked because it's election signal channel has failed (on send)
44:47.167799525 [ INFO] [42] becomes leader with 25 votes
44:47.168035065 [ WARN] [39] panicked because it's election signal channel has failed (on send)
44:47.246134499 [ WARN] [39] panicked because it's election signal channel has failed (on send)
44:47.438975059 [ INFO] [28] has timed out. starting new election...
44:47.439827944 [ WARN] [39] panicked because it's election signal channel has failed (on send)
44:47.450801588 [ WARN] [39] panicked because it's election signal channel has failed (on send)
44:47.478652502 [ INFO] [28] becomes leader with 40 votes
44:47.511436267 [ WARN] [39] panicked because it's election signal channel has failed (on send)
44:47.666906810 [ WARN] [39] panicked because it's election signal channel has failed (on send)
44:47.832575139 [ INFO] [15] has timed out. starting new election...
44:47.833450019 [ WARN] [39] panicked because it's election signal channel has failed (on send)
44:47.834890260 [ INFO] [15] becomes leader with 25 votes
44:47.835863480 [ WARN] [39] panicked because it's election signal channel has failed (on send)
44:47.914049449 [ WARN] [39] panicked because it's election signal channel has failed (on send)
44:48.101721277 [ INFO] [10] has timed out. starting new election...
44:48.102593228 [ WARN] [39] panicked because it's election signal channel has failed (on send)
44:48.119649961 [ INFO] [10] becomes leader with 25 votes
44:48.120617901 [ WARN] [39] panicked because it's election signal channel has failed (on send)
44:48.170448887 [ WARN] [39] panicked because it's election signal channel has failed (on send)
44:48.324729512 [ INFO] [42] has timed out. starting new election...
44:48.324900381 [ WARN] [39] panicked because it's election signal channel has failed (on send)
44:48.326977051 [ INFO] [42] becomes leader with 25 votes
44:48.327192987 [ WARN] [39] panicked because it's election signal channel has failed (on send)
44:48.513894659 [ WARN] [39] panicked because it's election signal channel has failed (on send)
44:48.706571818 [ INFO] [28] has timed out. starting new election...
44:48.707467939 [ WARN] [39] panicked because it's election signal channel has failed (on send)
44:48.750653261 [ INFO] [28] becomes leader with 40 votes
44:48.838356731 [ WARN] [39] panicked because it's election signal channel has failed (on send)
44:48.883445468 [ WARN] [39] panicked because it's election signal channel has failed (on send)
44:49.050685793 [ INFO] [15] has timed out. starting new election...
44:49.051594832 [ WARN] [39] panicked because it's election signal channel has failed (on send)
44:49.053058361 [ INFO] [15] becomes leader with 25 votes
44:49.053985571 [ WARN] [39] panicked because it's election signal channel has failed (on send)
44:49.123029524 [ WARN] [39] panicked because it's election signal channel has failed (on send)
44:49.310657532 [ INFO] [10] has timed out. starting new election...
44:49.311505789 [ WARN] [39] panicked because it's election signal channel has failed (on send)
44:49.329625478 [ WARN] [39] panicked because it's election signal channel has failed (on send)
44:49.342650396 [ INFO] [10] becomes leader with 40 votes
44:49.343603896 [ WARN] [39] panicked because it's election signal channel has failed (on send)
44:49.498620956 [ INFO] [42] has timed out. starting new election...
44:49.498778047 [ WARN] [39] panicked because it's election signal channel has failed (on send)
44:49.502672289 [ INFO] [42] becomes leader with 25 votes
44:49.502914959 [ WARN] [39] panicked because it's election signal channel has failed (on send)
44:49.714669342 [ INFO] [26] has timed out. starting new election...
44:49.716019306 [ INFO] [6] has timed out. starting new election...
44:49.735672494 [ WARN] [39] panicked because it's election signal channel has failed (on send)
44:49.736377500 [ INFO] [6] becomes leader with 25 votes
44:49.737555994 [ WARN] [39] panicked because it's election signal channel has failed (on send)
44:49.737803416 [ WARN] [39] panicked because it's election signal channel has failed (on send)
44:49.888542432 [ WARN] [39] panicked because it's election signal channel has failed (on send)
44:50.044440758 [ INFO] [26] candidate has timed out. starting new election...
44:50.056408749 [ WARN] [39] panicked because it's election signal channel has failed (on send)
44:50.222082446 [ INFO] [15] has timed out. starting new election...
44:50.222934403 [ WARN] [39] panicked because it's election signal channel has failed (on send)
44:50.224602135 [ INFO] [15] becomes leader with 25 votes
44:50.225628632 [ WARN] [39] panicked because it's election signal channel has failed (on send)
44:50.345939472 [ WARN] [39] panicked because it's election signal channel has failed (on send)
44:50.505323973 [ WARN] [39] panicked because it's election signal channel has failed (on send)
44:50.659643039 [ INFO] [42] has timed out. starting new election...
44:50.659815105 [ WARN] [39] panicked because it's election signal channel has failed (on send)
44:50.662085154 [ INFO] [42] becomes leader with 25 votes
44:50.662317149 [ WARN] [39] panicked because it's election signal channel has failed (on send)
44:50.740145335 [ WARN] [39] panicked because it's election signal channel has failed (on send)
44:50.927616095 [ INFO] [10] has timed out. starting new election...
44:50.928482202 [ WARN] [39] panicked because it's election signal channel has failed (on send)
44:50.930152747 [ INFO] [10] becomes leader with 25 votes
44:50.931279039 [ WARN] [39] panicked because it's election signal channel has failed (on send)
44:51.126837256 [ INFO] [28] has timed out. starting new election...
44:51.127824777 [ WARN] [39] panicked because it's election signal channel has failed (on send)
44:51.174653502 [ INFO] [28] becomes leader with 39 votes
44:51.175621371 [ WARN] [39] panicked because it's election signal channel has failed (on send)
44:51.228043154 [ WARN] [39] panicked because it's election signal channel has failed (on send)
44:51.393684211 [ INFO] [15] has timed out. starting new election...
44:51.394632139 [ WARN] [39] panicked because it's election signal channel has failed (on send)
44:51.430651401 [ INFO] [15] becomes leader with 39 votes
44:51.431611629 [ WARN] [39] panicked because it's election signal channel has failed (on send)
44:51.631690037 [ INFO] [41] has timed out. starting new election...
44:51.631905905 [ WARN] [39] panicked because it's election signal channel has failed (on send)
44:51.634183504 [ INFO] [41] becomes leader with 25 votes
44:51.634431382 [ WARN] [39] panicked because it's election signal channel has failed (on send)
44:51.664743670 [ WARN] [39] panicked because it's election signal channel has failed (on send)
44:51.819025373 [ INFO] [42] has timed out. starting new election...
44:51.819189379 [ WARN] [39] panicked because it's election signal channel has failed (on send)
44:51.821715141 [ INFO] [42] becomes leader with 25 votes
44:51.821940595 [ WARN] [39] panicked because it's election signal channel has failed (on send)
44:51.933809510 [ WARN] [39] panicked because it's election signal channel has failed (on send)
44:52.121465499 [ INFO] [10] has timed out. starting new election...
44:52.122327124 [ WARN] [39] panicked because it's election signal channel has failed (on send)
44:52.134996819 [ INFO] [10] becomes leader with 25 votes
44:52.136044253 [ WARN] [39] panicked because it's election signal channel has failed (on send)
44:52.178104065 [ WARN] [39] panicked because it's election signal channel has failed (on send)
44:52.370760261 [ INFO] [28] has timed out. starting new election...
44:52.371624307 [ WARN] [39] panicked because it's election signal channel has failed (on send)
44:52.414651603 [ INFO] [28] becomes leader with 39 votes
44:52.434013462 [ WARN] [39] panicked because it's election signal channel has failed (on send)
44:52.447440987 [ WARN] [39] panicked because it's election signal channel has failed (on send)
44:52.614511867 [ INFO] [15] has timed out. starting new election...
44:52.615393043 [ WARN] [39] panicked because it's election signal channel has failed (on send)
44:52.631778462 [ INFO] [15] becomes leader with 25 votes
44:52.632820060 [ WARN] [39] panicked because it's election signal channel has failed (on send)
44:52.636373828 [ WARN] [39] panicked because it's election signal channel has failed (on send)
44:52.824345968 [ WARN] [39] panicked because it's election signal channel has failed (on send)
44:52.978667883 [ INFO] [42] has timed out. starting new election...
44:52.978824377 [ WARN] [39] panicked because it's election signal channel has failed (on send)
44:52.981394979 [ INFO] [42] becomes leader with 25 votes
44:52.981617700 [ WARN] [39] panicked because it's election signal channel has failed (on send)
44:53.138512296 [ WARN] [39] panicked because it's election signal channel has failed (on send)
44:53.326161473 [ INFO] [10] has timed out. starting new election...
44:53.327021729 [ WARN] [39] panicked because it's election signal channel has failed (on send)
44:53.329237656 [ INFO] [10] becomes leader with 25 votes
44:53.330164021 [ WARN] [39] panicked because it's election signal channel has failed (on send)
44:53.464760743 [ WARN] [39] panicked because it's election signal channel has failed (on send)
44:53.635259464 [ WARN] [39] panicked because it's election signal channel has failed (on send)
44:53.800935149 [ INFO] [15] has timed out. starting new election...
44:53.801790930 [ WARN] [39] panicked because it's election signal channel has failed (on send)
44:53.803401004 [ INFO] [15] becomes leader with 25 votes
44:53.804500889 [ WARN] [39] panicked because it's election signal channel has failed (on send)
44:53.984038454 [ WARN] [39] panicked because it's election signal channel has failed (on send)
44:54.138352839 [ INFO] [42] has timed out. starting new election...
44:54.138522266 [ WARN] [39] panicked because it's election signal channel has failed (on send)
44:54.150935713 [ INFO] [42] becomes leader with 25 votes
44:54.151175518 [ WARN] [39] panicked because it's election signal channel has failed (on send)
44:54.340772349 [ WARN] [39] panicked because it's election signal channel has failed (on send)
44:54.528411022 [ INFO] [10] has timed out. starting new election...
44:54.529278742 [ WARN] [39] panicked because it's election signal channel has failed (on send)
44:54.530822714 [ INFO] [10] becomes leader with 25 votes
44:54.531763236 [ WARN] [39] panicked because it's election signal channel has failed (on send)
44:54.725421959 [ INFO] [28] has timed out. starting new election...
44:54.733286873 [ INFO] [41] has timed out. starting new election...
44:54.733516085 [ WARN] [39] panicked because it's election signal channel has failed (on send)
44:54.735896157 [ INFO] [41] becomes leader with 25 votes
44:54.736137586 [ WARN] [39] panicked because it's election signal channel has failed (on send)
44:54.806863043 [ WARN] [39] panicked because it's election signal channel has failed (on send)
44:54.806928765 [ WARN] [39] panicked because it's election signal channel has failed (on send)
44:54.977712166 [ INFO] [15] has timed out. starting new election...
44:54.978694534 [ WARN] [39] panicked because it's election signal channel has failed (on send)
44:55.007006331 [ INFO] [15] becomes leader with 38 votes
44:55.007972245 [ WARN] [39] panicked because it's election signal channel has failed (on send)
44:55.153550536 [ WARN] [39] panicked because it's election signal channel has failed (on send)
44:55.307859249 [ INFO] [42] has timed out. starting new election...
44:55.308029486 [ WARN] [39] panicked because it's election signal channel has failed (on send)
44:55.310194200 [ INFO] [42] becomes leader with 25 votes
44:55.310428903 [ WARN] [39] panicked because it's election signal channel has failed (on send)
44:55.504148763 [ INFO] [28] has timed out. starting new election...
44:55.519518867 [ INFO] [47] has timed out. starting new election...
44:55.519763073 [ WARN] [39] panicked because it's election signal channel has failed (on send)
44:55.522145929 [ INFO] [47] becomes leader with 25 votes
44:55.522568230 [ WARN] [39] panicked because it's election signal channel has failed (on send)
44:55.522750140 [ WARN] [39] panicked because it's election signal channel has failed (on send)
44:55.540802650 [ WARN] [39] panicked because it's election signal channel has failed (on send)
44:55.728451778 [ INFO] [10] has timed out. starting new election...
44:55.729321992 [ WARN] [39] panicked because it's election signal channel has failed (on send)
44:55.738088355 [ WARN] [39] panicked because it's election signal channel has failed (on send)
44:55.755617035 [ INFO] [10] becomes leader with 25 votes
44:55.756583088 [ WARN] [39] panicked because it's election signal channel has failed (on send)
44:55.951284245 [ INFO] [28] has timed out. starting new election...
44:55.956800626 [ INFO] [41] has timed out. starting new election...
44:55.956965719 [ WARN] [39] panicked because it's election signal channel has failed (on send)
44:55.959610249 [ INFO] [41] becomes leader with 25 votes
44:55.959857185 [ WARN] [39] panicked because it's election signal channel has failed (on send)
44:56.010318247 [ WARN] [39] panicked because it's election signal channel has failed (on send)
44:56.027509233 [ WARN] [39] panicked because it's election signal channel has failed (on send)
44:56.196577182 [ INFO] [15] has timed out. starting new election...
44:56.197449911 [ WARN] [39] panicked because it's election signal channel has failed (on send)
44:56.198975578 [ INFO] [15] becomes leader with 25 votes
44:56.199905525 [ WARN] [39] panicked because it's election signal channel has failed (on send)
44:56.312872900 [ WARN] [39] panicked because it's election signal channel has failed (on send)
44:56.467204698 [ INFO] [42] has timed out. starting new election...
44:56.467381453 [ WARN] [39] panicked because it's election signal channel has failed (on send)
44:56.469364919 [ INFO] [42] becomes leader with 25 votes
44:56.469595400 [ WARN] [39] panicked because it's election signal channel has failed (on send)
44:56.524530039 [ WARN] [39] panicked because it's election signal channel has failed (on send)
44:56.733757435 [ INFO] [47] has timed out. starting new election...
44:56.733945982 [ WARN] [39] panicked because it's election signal channel has failed (on send)
44:56.736253330 [ INFO] [47] becomes leader with 25 votes
44:56.736492923 [ WARN] [39] panicked because it's election signal channel has failed (on send)
44:56.759059758 [ WARN] [39] panicked because it's election signal channel has failed (on send)
44:56.946661075 [ INFO] [10] has timed out. starting new election...
44:56.947541564 [ WARN] [39] panicked because it's election signal channel has failed (on send)
44:56.949032187 [ INFO] [10] becomes leader with 25 votes
44:56.949981728 [ WARN] [39] panicked because it's election signal channel has failed (on send)
44:56.961792957 [ WARN] [39] panicked because it's election signal channel has failed (on send)
44:57.156895698 [ INFO] [28] has timed out. starting new election...
44:57.162056858 [ INFO] [41] has timed out. starting new election...
44:57.162239210 [ WARN] [39] panicked because it's election signal channel has failed (on send)
44:57.164695124 [ INFO] [41] becomes leader with 25 votes
44:57.164927560 [ WARN] [39] panicked because it's election signal channel has failed (on send)
44:57.183538324 [ WARN] [39] panicked because it's election signal channel has failed (on send)
44:57.202308341 [ WARN] [39] panicked because it's election signal channel has failed (on send)
44:57.367971992 [ INFO] [15] has timed out. starting new election...
44:57.368865108 [ WARN] [39] panicked because it's election signal channel has failed (on send)
44:57.375206015 [ INFO] [15] becomes leader with 25 votes
44:57.376173690 [ WARN] [39] panicked because it's election signal channel has failed (on send)
44:57.471991034 [ WARN] [39] panicked because it's election signal channel has failed (on send)
44:57.626313812 [ INFO] [42] has timed out. starting new election...
44:57.626482969 [ WARN] [39] panicked because it's election signal channel has failed (on send)
44:57.628774586 [ INFO] [42] becomes leader with 25 votes
44:57.628997382 [ WARN] [39] panicked because it's election signal channel has failed (on send)
44:57.738530048 [ WARN] [39] panicked because it's election signal channel has failed (on send)
44:57.933941102 [ INFO] [28] has timed out. starting new election...
44:57.934849141 [ WARN] [39] panicked because it's election signal channel has failed (on send)
44:57.952403555 [ WARN] [39] panicked because it's election signal channel has failed (on send)
44:57.986652412 [ INFO] [28] becomes leader with 39 votes
44:58.035456358 [ WARN] [39] panicked because it's election signal channel has failed (on send)
44:58.166945032 [ WARN] [39] panicked because it's election signal channel has failed (on send)
44:58.355131819 [ INFO] [10] has timed out. starting new election...
44:58.355999885 [ WARN] [39] panicked because it's election signal channel has failed (on send)
44:58.378562 [ WARN] [39] panicked because it's election signal channel has failed (on send)
44:58.386650794 [ INFO] [10] becomes leader with 39 votes
44:58.387612332 [ WARN] [39] panicked because it's election signal channel has failed (on send)
44:58.555536178 [ INFO] [15] has timed out. starting new election...
44:58.556429872 [ WARN] [39] panicked because it's election signal channel has failed (on send)
44:58.557765862 [ INFO] [15] becomes leader with 25 votes
44:58.558707599 [ WARN] [39] panicked because it's election signal channel has failed (on send)
44:58.631385074 [ WARN] [39] panicked because it's election signal channel has failed (on send)
44:58.785710951 [ INFO] [42] has timed out. starting new election...
44:58.785874372 [ WARN] [39] panicked because it's election signal channel has failed (on send)
44:58.787988907 [ INFO] [42] becomes leader with 25 votes
44:58.788212361 [ WARN] [39] panicked because it's election signal channel has failed (on send)
44:58.989619214 [ INFO] [41] has timed out. starting new election...
44:58.989779310 [ WARN] [39] panicked because it's election signal channel has failed (on send)
44:58.991986771 [ INFO] [41] becomes leader with 25 votes
44:58.992176799 [ WARN] [39] panicked because it's election signal channel has failed (on send)
44:59.038381442 [ WARN] [39] panicked because it's election signal channel has failed (on send)
44:59.231114746 [ INFO] [28] has timed out. starting new election...
44:59.247828994 [ INFO] [47] has timed out. starting new election...
44:59.248041751 [ WARN] [39] panicked because it's election signal channel has failed (on send)
44:59.250289583 [ INFO] [47] becomes leader with 25 votes
44:59.250555411 [ WARN] [39] panicked because it's election signal channel has failed (on send)
44:59.263424459 [ WARN] [39] panicked because it's election signal channel has failed (on send)
44:59.390038176 [ WARN] [39] panicked because it's election signal channel has failed (on send)
44:59.561112129 [ WARN] [39] panicked because it's election signal channel has failed (on send)
44:59.562799054 [ INFO] [28] candidate has timed out. starting new election...
44:59.726749624 [ INFO] [15] has timed out. starting new election...
44:59.727634379 [ WARN] [39] panicked because it's election signal channel has failed (on send)
44:59.729058513 [ INFO] [15] becomes leader with 25 votes
44:59.730004333 [ WARN] [39] panicked because it's election signal channel has failed (on send)
44:59.790603909 [ WARN] [39] panicked because it's election signal channel has failed (on send)
44:59.944921834 [ INFO] [42] has timed out. starting new election...
44:59.945080174 [ WARN] [39] panicked because it's election signal channel has failed (on send)
44:59.947309949 [ INFO] [42] becomes leader with 25 votes
44:59.947536624 [ WARN] [39] panicked because it's election signal channel has failed (on send)
44:59.994137648 [ WARN] [39] panicked because it's election signal channel has failed (on send)
45:00.182416425 [ INFO] [10] has timed out. starting new election...
45:00.183319684 [ WARN] [39] panicked because it's election signal channel has failed (on send)
45:00.199917541 [ INFO] [10] becomes leader with 25 votes
45:00.200965844 [ WARN] [39] panicked because it's election signal channel has failed (on send)
45:00.252498061 [ WARN] [39] panicked because it's election signal channel has failed (on send)
45:00.452635722 [ INFO] [41] has timed out. starting new election...
45:00.452811277 [ WARN] [39] panicked because it's election signal channel has failed (on send)
45:00.454948140 [ INFO] [41] becomes leader with 25 votes
45:00.455178997 [ WARN] [39] panicked because it's election signal channel has failed (on send)
45:00.666020246 [ INFO] [47] has timed out. starting new election...
45:00.666214046 [ WARN] [39] panicked because it's election signal channel has failed (on send)
45:00.668433153 [ INFO] [47] becomes leader with 25 votes
45:00.668669428 [ WARN] [39] panicked because it's election signal channel has failed (on send)
45:00.732484557 [ WARN] [39] panicked because it's election signal channel has failed (on send)
45:00.898222477 [ INFO] [15] has timed out. starting new election...
45:00.899120493 [ WARN] [39] panicked because it's election signal channel has failed (on send)
45:00.900578937 [ INFO] [15] becomes leader with 25 votes
45:00.901512705 [ WARN] [39] panicked because it's election signal channel has failed (on send)
45:00.949925872 [ WARN] [39] panicked because it's election signal channel has failed (on send)
45:01.104252683 [ INFO] [42] has timed out. starting new election...
45:01.104423736 [ WARN] [39] panicked because it's election signal channel has failed (on send)
45:01.106598137 [ INFO] [42] becomes leader with 25 votes
45:01.106825287 [ WARN] [39] panicked because it's election signal channel has failed (on send)
45:01.203278804 [ WARN] [39] panicked because it's election signal channel has failed (on send)
45:01.390884015 [ INFO] [10] has timed out. starting new election...
45:01.391767481 [ WARN] [39] panicked because it's election signal channel has failed (on send)
45:01.394472474 [ INFO] [10] becomes leader with 25 votes
45:01.395418751 [ WARN] [39] panicked because it's election signal channel has failed (on send)
45:01.457158338 [ WARN] [39] panicked because it's election signal channel has failed (on send)
45:01.657429883 [ INFO] [41] has timed out. starting new election...
45:01.657612427 [ WARN] [39] panicked because it's election signal channel has failed (on send)
45:01.660228218 [ INFO] [41] becomes leader with 25 votes
45:01.660464406 [ WARN] [39] panicked because it's election signal channel has failed (on send)
45:01.670645218 [ WARN] [39] panicked because it's election signal channel has failed (on send)
45:01.879877420 [ INFO] [47] has timed out. starting new election...
45:01.880052557 [ WARN] [39] panicked because it's election signal channel has failed (on send)
45:01.882227707 [ INFO] [47] becomes leader with 25 votes
45:01.882460228 [ WARN] [39] panicked because it's election signal channel has failed (on send)
45:01.903880518 [ WARN] [39] panicked because it's election signal channel has failed (on send)
45:02.069544652 [ INFO] [15] has timed out. starting new election...
45:02.070541141 [ WARN] [39] panicked because it's election signal channel has failed (on send)
45:02.072023867 [ INFO] [15] becomes leader with 25 votes
45:02.072983728 [ WARN] [39] panicked because it's election signal channel has failed (on send)
45:02.109253049 [ WARN] [39] panicked because it's election signal channel has failed (on send)
45:02.263572063 [ INFO] [42] has timed out. starting new election...
45:02.263731486 [ WARN] [39] panicked because it's election signal channel has failed (on send)
45:02.266886437 [ INFO] [42] becomes leader with 25 votes
45:02.267127196 [ WARN] [39] panicked because it's election signal channel has failed (on send)
45:02.397822636 [ WARN] [39] panicked because it's election signal channel has failed (on send)
45:02.585460782 [ INFO] [10] has timed out. starting new election...
45:02.586406680 [ WARN] [39] panicked because it's election signal channel has failed (on send)
45:02.610654990 [ INFO] [10] becomes leader with 37 votes
45:02.611633035 [ WARN] [39] panicked because it's election signal channel has failed (on send)
45:02.662436731 [ WARN] [39] panicked because it's election signal channel has failed (on send)
45:02.862685017 [ INFO] [41] has timed out. starting new election...
45:02.862849281 [ WARN] [39] panicked because it's election signal channel has failed (on send)
45:02.867608693 [ INFO] [41] becomes leader with 25 votes
45:02.867863968 [ WARN] [39] panicked because it's election signal channel has failed (on send)
45:02.884403193 [ WARN] [39] panicked because it's election signal channel has failed (on send)
45:03.075400908 [ WARN] [39] panicked because it's election signal channel has failed (on send)
45:03.241047465 [ INFO] [15] has timed out. starting new election...
45:03.241935426 [ WARN] [39] panicked because it's election signal channel has failed (on send)
45:03.243484794 [ INFO] [15] becomes leader with 25 votes
45:03.244666913 [ WARN] [39] panicked because it's election signal channel has failed (on send)
45:03.269502748 [ WARN] [39] panicked because it's election signal channel has failed (on send)
45:03.423823922 [ INFO] [42] has timed out. starting new election...
45:03.423992917 [ WARN] [39] panicked because it's election signal channel has failed (on send)
45:03.426135884 [ INFO] [42] becomes leader with 25 votes
45:03.426367113 [ WARN] [39] panicked because it's election signal channel has failed (on send)
45:03.614097405 [ WARN] [39] panicked because it's election signal channel has failed (on send)
45:03.801795252 [ INFO] [10] has timed out. starting new election...
45:03.802675284 [ WARN] [39] panicked because it's election signal channel has failed (on send)
45:03.834651413 [ INFO] [10] becomes leader with 38 votes
45:03.867422835 [ WARN] [39] panicked because it's election signal channel has failed (on send)
45:03.869839445 [ WARN] [39] panicked because it's election signal channel has failed (on send)
45:04.070136082 [ INFO] [41] has timed out. starting new election...
45:04.070301138 [ WARN] [39] panicked because it's election signal channel has failed (on send)
45:04.072386931 [ INFO] [41] becomes leader with 25 votes
45:04.072579123 [ WARN] [39] panicked because it's election signal channel has failed (on send)
45:04.247489300 [ WARN] [39] panicked because it's election signal channel has failed (on send)
45:04.413123900 [ INFO] [15] has timed out. starting new election...
45:04.419534752 [ WARN] [39] panicked because it's election signal channel has failed (on send)
45:04.428829623 [ WARN] [39] panicked because it's election signal channel has failed (on send)
45:04.435783538 [ INFO] [15] becomes leader with 25 votes
45:04.436874842 [ WARN] [39] panicked because it's election signal channel has failed (on send)
45:04.606107451 [ INFO] [42] has timed out. starting new election...
45:04.606294213 [ WARN] [39] panicked because it's election signal channel has failed (on send)
45:04.608497722 [ INFO] [42] becomes leader with 25 votes
45:04.608749184 [ WARN] [39] panicked because it's election signal channel has failed (on send)
45:04.818592311 [ INFO] [47] has timed out. starting new election...
45:04.818806888 [ WARN] [39] panicked because it's election signal channel has failed (on send)
45:04.820943518 [ INFO] [47] becomes leader with 25 votes
45:04.821179344 [ WARN] [39] panicked because it's election signal channel has failed (on send)
45:04.869871923 [ WARN] [39] panicked because it's election signal channel has failed (on send)
45:05.057703412 [ INFO] [10] has timed out. starting new election...
45:05.058585042 [ WARN] [39] panicked because it's election signal channel has failed (on send)
45:05.060194739 [ INFO] [10] becomes leader with 25 votes
45:05.061414650 [ WARN] [39] panicked because it's election signal channel has failed (on send)
45:05.074529806 [ WARN] [39] panicked because it's election signal channel has failed (on send)
45:05.274797851 [ INFO] [41] has timed out. starting new election...
45:05.274989257 [ WARN] [39] panicked because it's election signal channel has failed (on send)
45:05.277346582 [ INFO] [41] becomes leader with 25 votes
45:05.277572164 [ WARN] [39] panicked because it's election signal channel has failed (on send)
45:05.439267260 [ WARN] [39] panicked because it's election signal channel has failed (on send)
45:05.611166194 [ WARN] [39] panicked because it's election signal channel has failed (on send)
45:05.765479616 [ INFO] [42] has timed out. starting new election...
45:05.765641658 [ WARN] [39] panicked because it's election signal channel has failed (on send)
45:05.767820597 [ INFO] [42] becomes leader with 25 votes
45:05.768049575 [ WARN] [39] panicked because it's election signal channel has failed (on send)
45:05.823136366 [ WARN] [39] panicked because it's election signal channel has failed (on send)
45:05.990413479 [ INFO] [15] has timed out. starting new election...
45:06.011441511 [ WARN] [39] panicked because it's election signal channel has failed (on send)
45:06.013037525 [ INFO] [15] becomes leader with 25 votes
45:06.013982019 [ WARN] [39] panicked because it's election signal channel has failed (on send)
45:06.063837676 [ WARN] [39] panicked because it's election signal channel has failed (on send)
45:06.251563634 [ INFO] [10] has timed out. starting new election...
45:06.252462035 [ WARN] [39] panicked because it's election signal channel has failed (on send)
45:06.254620102 [ INFO] [10] becomes leader with 25 votes
45:06.255601119 [ WARN] [39] panicked because it's election signal channel has failed (on send)
45:06.279515174 [ WARN] [39] panicked because it's election signal channel has failed (on send)
45:06.479809430 [ INFO] [41] has timed out. starting new election...
45:06.479969207 [ WARN] [39] panicked because it's election signal channel has failed (on send)
45:06.482192469 [ INFO] [41] becomes leader with 25 votes
45:06.482424273 [ WARN] [39] panicked because it's election signal channel has failed (on send)
45:06.693206260 [ INFO] [47] has timed out. starting new election...
45:06.693406028 [ WARN] [39] panicked because it's election signal channel has failed (on send)
45:06.695827874 [ INFO] [47] becomes leader with 25 votes
45:06.696065866 [ WARN] [39] panicked because it's election signal channel has failed (on send)
45:06.770501230 [ WARN] [39] panicked because it's election signal channel has failed (on send)
45:06.924823437 [ INFO] [42] has timed out. starting new election...
45:06.924990258 [ WARN] [39] panicked because it's election signal channel has failed (on send)
45:06.927232918 [ INFO] [42] becomes leader with 25 votes
45:06.927477218 [ WARN] [39] panicked because it's election signal channel has failed (on send)
45:07.016553419 [ WARN] [39] panicked because it's election signal channel has failed (on send)
45:07.182194555 [ INFO] [15] has timed out. starting new election...
45:07.183065395 [ WARN] [39] panicked because it's election signal channel has failed (on send)
45:07.184549671 [ INFO] [15] becomes leader with 25 votes
45:07.186100304 [ WARN] [39] panicked because it's election signal channel has failed (on send)
45:07.258051796 [ WARN] [39] panicked because it's election signal channel has failed (on send)
45:07.445746256 [ INFO] [10] has timed out. starting new election...
45:07.446608925 [ WARN] [39] panicked because it's election signal channel has failed (on send)
45:07.448249662 [ INFO] [10] becomes leader with 25 votes
45:07.449190934 [ WARN] [39] panicked because it's election signal channel has failed (on send)
45:07.484374910 [ WARN] [39] panicked because it's election signal channel has failed (on send)
45:07.684621007 [ INFO] [41] has timed out. starting new election...
45:07.684784124 [ WARN] [39] panicked because it's election signal channel has failed (on send)
45:07.687250362 [ INFO] [41] becomes leader with 25 votes
45:07.687465761 [ WARN] [39] panicked because it's election signal channel has failed (on send)
45:07.698082637 [ WARN] [39] panicked because it's election signal channel has failed (on send)
45:07.907370609 [ INFO] [47] has timed out. starting new election...
45:07.907543609 [ WARN] [39] panicked because it's election signal channel has failed (on send)
45:07.910000454 [ INFO] [47] becomes leader with 25 votes
45:07.910264331 [ WARN] [39] panicked because it's election signal channel has failed (on send)
45:07.929858292 [ WARN] [39] panicked because it's election signal channel has failed (on send)
45:08.084179883 [ INFO] [42] has timed out. starting new election...
45:08.084337858 [ WARN] [39] panicked because it's election signal channel has failed (on send)
45:08.086403342 [ INFO] [42] becomes leader with 25 votes
45:08.086624146 [ WARN] [39] panicked because it's election signal channel has failed (on send)
45:08.188511355 [ WARN] [39] panicked because it's election signal channel has failed (on send)
45:08.354138962 [ INFO] [15] has timed out. starting new election...
45:08.355026828 [ WARN] [39] panicked because it's election signal channel has failed (on send)
45:08.356661997 [ INFO] [15] becomes leader with 25 votes
45:08.357616426 [ WARN] [39] panicked because it's election signal channel has failed (on send)
45:08.451676154 [ WARN] [39] panicked because it's election signal channel has failed (on send)
45:08.639308254 [ INFO] [10] has timed out. starting new election...
45:08.662558382 [ INFO] [6] has timed out. starting new election...
45:08.663638865 [ WARN] [39] panicked because it's election signal channel has failed (on send)
45:08.689460993 [ WARN] [39] panicked because it's election signal channel has failed (on send)
45:08.689734953 [ WARN] [39] panicked because it's election signal channel has failed (on send)
45:08.690225075 [ INFO] [6] becomes leader with 25 votes
45:08.691244940 [ WARN] [39] panicked because it's election signal channel has failed (on send)
45:08.895133992 [ INFO] [41] has timed out. starting new election...
45:08.895333729 [ WARN] [39] panicked because it's election signal channel has failed (on send)
45:08.897824997 [ INFO] [41] becomes leader with 25 votes
45:08.898086938 [ WARN] [39] panicked because it's election signal channel has failed (on send)
45:08.912241086 [ WARN] [39] panicked because it's election signal channel has failed (on send)
45:09.089054682 [ WARN] [39] panicked because it's election signal channel has failed (on send)
45:09.243380458 [ INFO] [42] has timed out. starting new election...
45:09.243535053 [ WARN] [39] panicked because it's election signal channel has failed (on send)
45:09.246057406 [ INFO] [42] becomes leader with 25 votes
45:09.246290716 [ WARN] [39] panicked because it's election signal channel has failed (on send)
45:09.359866369 [ WARN] [39] panicked because it's election signal channel has failed (on send)
45:09.525516189 [ INFO] [15] has timed out. starting new election...
45:09.526387477 [ WARN] [39] panicked because it's election signal channel has failed (on send)
45:09.527912616 [ INFO] [15] becomes leader with 25 votes
45:09.528968520 [ WARN] [39] panicked because it's election signal channel has failed (on send)
45:09.693684616 [ WARN] [39] panicked because it's election signal channel has failed (on send)
45:09.880027141 [ INFO] [10] has timed out. starting new election...
45:09.880913781 [ WARN] [39] panicked because it's election signal channel has failed (on send)
45:09.900030475 [ WARN] [39] panicked because it's election signal channel has failed (on send)
45:09.923084546 [ INFO] [10] becomes leader with 38 votes
45:09.924046989 [ WARN] [39] panicked because it's election signal channel has failed (on send)
45:10.126042478 [ INFO] [41] has timed out. starting new election...
45:10.126203826 [ WARN] [39] panicked because it's election signal channel has failed (on send)
45:10.128232564 [ INFO] [41] becomes leader with 25 votes
45:10.128414593 [ WARN] [39] panicked because it's election signal channel has failed (on send)
45:10.248686754 [ WARN] [39] panicked because it's election signal channel has failed (on send)
45:10.402997375 [ INFO] [42] has timed out. starting new election...
45:10.403141177 [ WARN] [39] panicked because it's election signal channel has failed (on send)
45:10.405519208 [ INFO] [42] becomes leader with 25 votes
45:10.405744971 [ WARN] [39] panicked because it's election signal channel has failed (on send)
45:10.531348087 [ WARN] [39] panicked because it's election signal channel has failed (on send)
45:10.696972195 [ INFO] [15] has timed out. starting new election...
45:11.038450915 [ INFO] [32] has timed out. starting new election...
45:10.993155745 [ INFO] [33] has timed out. starting new election...
45:11.041489900 [ INFO] [43] has timed out. starting new election...
45:10.989494691 [ INFO] [34] has timed out. starting new election...
45:10.742209953 [ INFO] [47] has timed out. starting new election...
45:11.042369271 [ INFO] [47] candidate has timed out. starting new election...
45:11.004723956 [ INFO] [36] has timed out. starting new election...
45:11.562375442 [ INFO] [42] has timed out. starting new election...
45:10.997607005 [ INFO] [38] has timed out. starting new election...
45:11.330566602 [ INFO] [41] has timed out. starting new election...
45:10.993452009 [ INFO] [35] has timed out. starting new election...
45:10.996482490 [ INFO] [44] has timed out. starting new election...
45:10.960490805 [ INFO] [45] has timed out. starting new election...
45:10.981421459 [ INFO] [46] has timed out. starting new election...
45:10.742376082 [ WARN] [39] panicked because it's election signal channel has failed (on send)
45:11.130354855 [ WARN] [39] panicked because it's election signal channel has failed (on send)
45:11.330745801 [ WARN] [39] panicked because it's election signal channel has failed (on send)
45:11.408097996 [ WARN] [39] panicked because it's election signal channel has failed (on send)
45:11.562514110 [ WARN] [39] panicked because it's election signal channel has failed (on send)
