[1579509913.856729] [dahu-3:8387 :0]       ib_iface.c:696  UCX  ERROR ibv_create_cq(cqe=4096) failed: Function not implemented
[1579509913.859025] [dahu-3:8392 :0]       ib_iface.c:696  UCX  ERROR ibv_create_cq(cqe=4096) failed: Function not implemented
[1579509913.859355] [dahu-3:8394 :0]       ib_iface.c:696  UCX  ERROR ibv_create_cq(cqe=4096) failed: Function not implemented
[1579509913.864769] [dahu-3:8391 :0]       ib_iface.c:696  UCX  ERROR ibv_create_cq(cqe=4096) failed: Function not implemented
[1579509913.867175] [dahu-3:8396 :0]       ib_iface.c:696  UCX  ERROR ibv_create_cq(cqe=4096) failed: Function not implemented
[1579509913.867197] [dahu-3:8399 :0]       ib_iface.c:696  UCX  ERROR ibv_create_cq(cqe=4096) failed: Function not implemented
[1579509913.867319] [dahu-3:8397 :0]       ib_iface.c:696  UCX  ERROR ibv_create_cq(cqe=4096) failed: Function not implemented
[1579509913.867512] [dahu-3:8395 :0]       ib_iface.c:696  UCX  ERROR ibv_create_cq(cqe=4096) failed: Function not implemented
[1579509913.867747] [dahu-3:8389 :0]       ib_iface.c:696  UCX  ERROR ibv_create_cq(cqe=4096) failed: Function not implemented
[1579509913.867835] [dahu-3:8390 :0]       ib_iface.c:696  UCX  ERROR ibv_create_cq(cqe=4096) failed: Function not implemented
[1579509913.867876] [dahu-3:8388 :0]       ib_iface.c:696  UCX  ERROR ibv_create_cq(cqe=4096) failed: Function not implemented
[1579509913.867930] [dahu-3:8400 :0]       ib_iface.c:696  UCX  ERROR ibv_create_cq(cqe=4096) failed: Function not implemented
[1579509913.868358] [dahu-3:8401 :0]       ib_iface.c:696  UCX  ERROR ibv_create_cq(cqe=4096) failed: Function not implemented
[1579509913.869792] [dahu-3:8393 :0]       ib_iface.c:696  UCX  ERROR ibv_create_cq(cqe=4096) failed: Function not implemented
[1579509913.872944] [dahu-3:8403 :0]       ib_iface.c:696  UCX  ERROR ibv_create_cq(cqe=4096) failed: Function not implemented
[1579509913.873801] [dahu-3:8398 :0]       ib_iface.c:696  UCX  ERROR ibv_create_cq(cqe=4096) failed: Function not implemented
[1579509913.874323] [dahu-3:8402 :0]       ib_iface.c:696  UCX  ERROR ibv_create_cq(cqe=4096) failed: Function not implemented
[1579509913.874529] [dahu-3:8404 :0]       ib_iface.c:696  UCX  ERROR ibv_create_cq(cqe=4096) failed: Function not implemented
[1579509913.876699] [dahu-3:8408 :0]       ib_iface.c:696  UCX  ERROR ibv_create_cq(cqe=4096) failed: Function not implemented
[1579509913.878139] [dahu-3:8407 :0]       ib_iface.c:696  UCX  ERROR ibv_create_cq(cqe=4096) failed: Function not implemented
[1579509913.881060] [dahu-3:8406 :0]       ib_iface.c:696  UCX  ERROR ibv_create_cq(cqe=4096) failed: Function not implemented
[1579509913.882471] [dahu-3:8405 :0]       ib_iface.c:696  UCX  ERROR ibv_create_cq(cqe=4096) failed: Function not implemented
[1579509913.887030] [dahu-3:8411 :0]       ib_iface.c:696  UCX  ERROR ibv_create_cq(cqe=4096) failed: Function not implemented
[1579509913.887412] [dahu-3:8409 :0]       ib_iface.c:696  UCX  ERROR ibv_create_cq(cqe=4096) failed: Function not implemented
[1579509913.888383] [dahu-3:8413 :0]       ib_iface.c:696  UCX  ERROR ibv_create_cq(cqe=4096) failed: Function not implemented
[1579509913.889572] [dahu-3:8414 :0]       ib_iface.c:696  UCX  ERROR ibv_create_cq(cqe=4096) failed: Function not implemented
[1579509913.891839] [dahu-3:8415 :0]       ib_iface.c:696  UCX  ERROR ibv_create_cq(cqe=4096) failed: Function not implemented
[1579509913.892775] [dahu-3:8410 :0]       ib_iface.c:696  UCX  ERROR ibv_create_cq(cqe=4096) failed: Function not implemented
[1579509913.892691] [dahu-29:11662:0]       ib_iface.c:696  UCX  ERROR ibv_create_cq(cqe=4096) failed: Function not implemented
[1579509913.894138] [dahu-3:8412 :0]       ib_iface.c:696  UCX  ERROR ibv_create_cq(cqe=4096) failed: Function not implemented
[1579509913.893817] [dahu-29:11659:0]       ib_iface.c:696  UCX  ERROR ibv_create_cq(cqe=4096) failed: Function not implemented
[1579509913.894694] [dahu-3:8416 :0]       ib_iface.c:696  UCX  ERROR ibv_create_cq(cqe=4096) failed: Function not implemented
[1579509913.894312] [dahu-29:11661:0]       ib_iface.c:696  UCX  ERROR ibv_create_cq(cqe=4096) failed: Function not implemented
[1579509913.895580] [dahu-29:11673:0]       ib_iface.c:696  UCX  ERROR ibv_create_cq(cqe=4096) failed: Function not implemented
[1579509913.897469] [dahu-3:8418 :0]       ib_iface.c:696  UCX  ERROR ibv_create_cq(cqe=4096) failed: Function not implemented
[1579509913.898015] [dahu-3:8417 :0]       ib_iface.c:696  UCX  ERROR ibv_create_cq(cqe=4096) failed: Function not implemented
[1579509913.897564] [dahu-29:11668:0]       ib_iface.c:696  UCX  ERROR ibv_create_cq(cqe=4096) failed: Function not implemented
[1579509913.899259] [dahu-29:11666:0]       ib_iface.c:696  UCX  ERROR ibv_create_cq(cqe=4096) failed: Function not implemented
[1579509913.899250] [dahu-29:11667:0]       ib_iface.c:696  UCX  ERROR ibv_create_cq(cqe=4096) failed: Function not implemented
[1579509913.899580] [dahu-29:11669:0]       ib_iface.c:696  UCX  ERROR ibv_create_cq(cqe=4096) failed: Function not implemented
[1579509913.899675] [dahu-29:11660:0]       ib_iface.c:696  UCX  ERROR ibv_create_cq(cqe=4096) failed: Function not implemented
[1579509913.899799] [dahu-29:11665:0]       ib_iface.c:696  UCX  ERROR ibv_create_cq(cqe=4096) failed: Function not implemented
[1579509913.901255] [dahu-29:11671:0]       ib_iface.c:696  UCX  ERROR ibv_create_cq(cqe=4096) failed: Function not implemented
[1579509913.904260] [dahu-29:11664:0]       ib_iface.c:696  UCX  ERROR ibv_create_cq(cqe=4096) failed: Function not implemented
[1579509913.904457] [dahu-29:11670:0]       ib_iface.c:696  UCX  ERROR ibv_create_cq(cqe=4096) failed: Function not implemented
[1579509913.905745] [dahu-29:11676:0]       ib_iface.c:696  UCX  ERROR ibv_create_cq(cqe=4096) failed: Function not implemented
[1579509913.906534] [dahu-29:11677:0]       ib_iface.c:696  UCX  ERROR ibv_create_cq(cqe=4096) failed: Function not implemented
[1579509913.906821] [dahu-29:11663:0]       ib_iface.c:696  UCX  ERROR ibv_create_cq(cqe=4096) failed: Function not implemented
[1579509913.907964] [dahu-29:11680:0]       ib_iface.c:696  UCX  ERROR ibv_create_cq(cqe=4096) failed: Function not implemented
[1579509913.908396] [dahu-29:11674:0]       ib_iface.c:696  UCX  ERROR ibv_create_cq(cqe=4096) failed: Function not implemented
[1579509913.908487] [dahu-29:11672:0]       ib_iface.c:696  UCX  ERROR ibv_create_cq(cqe=4096) failed: Function not implemented
[1579509913.912810] [dahu-29:11681:0]       ib_iface.c:696  UCX  ERROR ibv_create_cq(cqe=4096) failed: Function not implemented
[1579509913.915263] [dahu-29:11685:0]       ib_iface.c:696  UCX  ERROR ibv_create_cq(cqe=4096) failed: Function not implemented
[1579509913.916025] [dahu-29:11684:0]       ib_iface.c:696  UCX  ERROR ibv_create_cq(cqe=4096) failed: Function not implemented
[1579509913.916272] [dahu-29:11682:0]       ib_iface.c:696  UCX  ERROR ibv_create_cq(cqe=4096) failed: Function not implemented
[1579509913.916767] [dahu-29:11683:0]       ib_iface.c:696  UCX  ERROR ibv_create_cq(cqe=4096) failed: Function not implemented
[1579509913.917006] [dahu-29:11675:0]       ib_iface.c:696  UCX  ERROR ibv_create_cq(cqe=4096) failed: Function not implemented
[1579509913.917527] [dahu-29:11679:0]       ib_iface.c:696  UCX  ERROR ibv_create_cq(cqe=4096) failed: Function not implemented
[1579509913.917940] [dahu-29:11686:0]       ib_iface.c:696  UCX  ERROR ibv_create_cq(cqe=4096) failed: Function not implemented
[1579509913.918075] [dahu-29:11678:0]       ib_iface.c:696  UCX  ERROR ibv_create_cq(cqe=4096) failed: Function not implemented
[1579509913.918674] [dahu-29:11688:0]       ib_iface.c:696  UCX  ERROR ibv_create_cq(cqe=4096) failed: Function not implemented
[1579509913.918763] [dahu-29:11689:0]       ib_iface.c:696  UCX  ERROR ibv_create_cq(cqe=4096) failed: Function not implemented
[1579509913.919248] [dahu-29:11690:0]       ib_iface.c:696  UCX  ERROR ibv_create_cq(cqe=4096) failed: Function not implemented
[1579509913.922132] [dahu-29:11687:0]       ib_iface.c:696  UCX  ERROR ibv_create_cq(cqe=4096) failed: Function not implemented
45:14.080842592 [ INFO] [4] has timed out. starting new election...
45:14.085042118 [ INFO] [4] becomes leader with 33 votes
45:14.239567468 [ INFO] [43] has timed out. starting new election...
45:14.239183612 [ INFO] [6] has timed out. starting new election...
45:14.278650158 [ INFO] [6] becomes leader with 63 votes
45:14.468326767 [ INFO] [0] has timed out. starting new election...
45:14.474640717 [ INFO] [42] has timed out. starting new election...
45:14.479740376 [ INFO] [32] has timed out. starting new election...
45:14.497788919 [ INFO] [0] becomes leader with 62 votes
45:14.656081993 [ INFO] [2] has timed out. starting new election...
45:14.661935261 [ INFO] [43] has timed out. starting new election...
45:14.694650061 [ INFO] [2] becomes leader with 35 votes
45:14.853930098 [ INFO] [30] has timed out. starting new election...
45:14.855995189 [ INFO] [42] has timed out. starting new election...
45:14.859027363 [ INFO] [42] becomes leader with 33 votes
45:15.069003791 [ INFO] [43] has timed out. starting new election...
45:15.097378097 [ INFO] [43] becomes leader with 64 votes
45:15.252807489 [ INFO] [4] has timed out. starting new election...
45:15.254373199 [ INFO] [30] has timed out. starting new election...
45:15.257276016 [ INFO] [30] becomes leader with 33 votes
45:15.472061240 [ INFO] [6] has timed out. starting new election...
45:15.475063618 [ INFO] [6] becomes leader with 33 votes
45:15.654061186 [ INFO] [4] has timed out. starting new election...
45:15.656919760 [ INFO] [4] becomes leader with 33 votes
45:15.850028592 [ INFO] [0] has timed out. starting new election...
45:15.890652650 [ INFO] [0] becomes leader with 64 votes
45:16.076358726 [ INFO] [2] has timed out. starting new election...
45:16.080390989 [ INFO] [42] has timed out. starting new election...
45:16.103777948 [ INFO] [42] becomes leader with 33 votes
45:16.260862836 [ INFO] [43] has timed out. starting new election...
45:16.302356700 [ INFO] [43] becomes leader with 64 votes
45:16.455183372 [ INFO] [2] has timed out. starting new election...
45:16.458402662 [ INFO] [2] becomes leader with 33 votes
45:16.630255537 [ INFO] [6] has timed out. starting new election...
45:16.642181563 [ INFO] [32] has timed out. starting new election...
45:16.641702108 [ INFO] [5] has timed out. starting new election...
45:16.656907249 [ INFO] [32] becomes leader with 38 votes
45:16.678653426 [ INFO] [5] becomes leader with 64 votes
45:16.902004201 [ INFO] [4] has timed out. starting new election...
45:16.905168202 [ INFO] [4] becomes leader with 33 votes
45:17.079185839 [ INFO] [0] has timed out. starting new election...
45:17.084879889 [ INFO] [0] becomes leader with 33 votes
45:17.257385033 [ INFO] [6] has timed out. starting new election...
45:17.298664944 [ INFO] [6] becomes leader with 64 votes
45:17.614113645 [ INFO] [2] has timed out. starting new election...
45:17.654653355 [ INFO] [2] becomes leader with 63 votes
45:17.906033743 [ INFO] [43] has timed out. starting new election...
45:17.999866738 [ INFO] [43] becomes leader with 33 votes
45:18.237743509 [ INFO] [4] has timed out. starting new election...
45:18.240871698 [ INFO] [4] becomes leader with 33 votes
45:18.241700130 [ INFO] [0] has timed out. starting new election...
45:18.489672503 [ INFO] [6] has timed out. starting new election...
45:18.492664731 [ INFO] [6] becomes leader with 33 votes
45:18.649029183 [ INFO] [30] has timed out. starting new election...
45:18.653306446 [ INFO] [42] has timed out. starting new election...
45:18.731769247 [ INFO] [42] becomes leader with 33 votes
45:18.885916387 [ INFO] [0] has timed out. starting new election...
45:18.887888017 [ INFO] [2] has timed out. starting new election...
45:18.888943921 [ INFO] [0] becomes leader with 33 votes
45:19.154715668 [ INFO] [43] has timed out. starting new election...
45:19.157714522 [ INFO] [43] becomes leader with 33 votes
45:19.395560037 [ INFO] [2] has timed out. starting new election...
45:19.398648674 [ INFO] [2] becomes leader with 33 votes
45:19.402519214 [ INFO] [30] has timed out. starting new election...
45:19.645299608 [ INFO] [4] has timed out. starting new election...
45:19.648389967 [ INFO] [4] becomes leader with 33 votes
45:19.885151547 [ INFO] [6] has timed out. starting new election...
45:19.888312127 [ INFO] [6] becomes leader with 33 votes
45:20.046301486 [ INFO] [0] has timed out. starting new election...
45:20.086668087 [ INFO] [0] becomes leader with 64 votes
45:20.312544854 [ INFO] [43] has timed out. starting new election...
45:20.315523274 [ INFO] [43] becomes leader with 33 votes
45:20.554793632 [ INFO] [2] has timed out. starting new election...
45:20.594671110 [ INFO] [2] becomes leader with 64 votes
45:20.802143359 [ INFO] [4] has timed out. starting new election...
45:20.809374764 [ INFO] [30] has timed out. starting new election...
45:20.810051728 [ INFO] [42] has timed out. starting new election...
45:20.812498236 [ INFO] [30] becomes leader with 33 votes
45:21.055129792 [ INFO] [32] has timed out. starting new election...
45:21.055155573 [ INFO] [5] has timed out. starting new election...
45:21.095367510 [ INFO] [5] becomes leader with 63 votes
45:21.385217597 [ INFO] [32] candidate has timed out. starting new election...
45:21.467408146 [ INFO] [4] has timed out. starting new election...
45:21.470541795 [ INFO] [4] becomes leader with 33 votes
45:21.623784038 [ INFO] [6] has timed out. starting new election...
45:21.663176473 [ INFO] [6] becomes leader with 63 votes
45:21.967027986 [ INFO] [2] has timed out. starting new election...
45:22.034654391 [ INFO] [2] becomes leader with 63 votes
45:22.321853164 [ INFO] [0] has timed out. starting new election...
45:22.340425603 [ INFO] [0] becomes leader with 33 votes
45:22.624335496 [ INFO] [4] has timed out. starting new election...
45:22.626837115 [ INFO] [43] has timed out. starting new election...
45:22.645205213 [ INFO] [43] becomes leader with 33 votes
45:22.848865392 [ INFO] [6] has timed out. starting new election...
45:22.852252365 [ INFO] [6] becomes leader with 33 votes
45:23.004168041 [ INFO] [4] has timed out. starting new election...
45:23.007313835 [ INFO] [4] becomes leader with 33 votes
45:23.190501783 [ INFO] [2] has timed out. starting new election...
45:23.196039507 [ INFO] [42] has timed out. starting new election...
45:23.213693300 [ INFO] [42] becomes leader with 59 votes
45:23.502781117 [ INFO] [2] candidate has timed out. starting new election...
45:23.522290509 [ INFO] [30] has timed out. starting new election...
45:23.528012325 [ INFO] [5] has timed out. starting new election...
45:23.531726665 [ INFO] [0] has timed out. starting new election...
45:23.562651188 [ INFO] [0] becomes leader with 59 votes
45:23.800087617 [ INFO] [43] has timed out. starting new election...
45:23.822677635 [ INFO] [22] has timed out. starting new election...
45:23.823549760 [ INFO] [55] has timed out. starting new election...
45:23.825211478 [ INFO] [20] has timed out. starting new election...
45:23.858657386 [ INFO] [20] becomes leader with 48 votes
45:24.131732111 [ INFO] [22] candidate has timed out. starting new election...
45:24.137582572 [ INFO] [55] candidate has timed out. starting new election...
45:24.138367303 [ INFO] [43] candidate has timed out. starting new election...
45:24.161105833 [ INFO] [4] has timed out. starting new election...
45:24.161785468 [ INFO] [6] has timed out. starting new election...
45:24.194656841 [ INFO] [4] becomes leader with 58 votes
45:24.370571005 [ INFO] [30] has timed out. starting new election...
45:24.373469289 [ INFO] [42] has timed out. starting new election...
45:24.414358436 [ INFO] [42] becomes leader with 58 votes
45:24.567780430 [ INFO] [6] has timed out. starting new election...
45:24.578843097 [ INFO] [5] has timed out. starting new election...
45:24.622655628 [ INFO] [5] becomes leader with 58 votes
45:24.778502747 [ INFO] [30] has timed out. starting new election...
45:24.781553162 [ INFO] [30] becomes leader with 33 votes
45:25.012514238 [ INFO] [6] has timed out. starting new election...
45:25.046653086 [ INFO] [6] becomes leader with 59 votes
45:25.200584951 [ INFO] [0] has timed out. starting new election...
45:25.242655529 [ INFO] [0] becomes leader with 59 votes
45:25.393775931 [ INFO] [4] has timed out. starting new election...
45:25.426651905 [ INFO] [4] becomes leader with 59 votes
45:25.585138450 [ INFO] [42] has timed out. starting new election...
45:25.589566242 [ INFO] [42] becomes leader with 33 votes
45:25.940348061 [ INFO] [30] has timed out. starting new election...
45:25.943472979 [ INFO] [30] becomes leader with 33 votes
45:26.201416817 [ INFO] [6] has timed out. starting new election...
45:26.238652156 [ INFO] [6] becomes leader with 59 votes
45:26.412219860 [ INFO] [0] has timed out. starting new election...
45:26.442651686 [ INFO] [0] becomes leader with 59 votes
45:26.741668301 [ INFO] [4] has timed out. starting new election...
45:26.746885301 [ INFO] [4] becomes leader with 33 votes
45:26.907834411 [ INFO] [42] has timed out. starting new election...
45:26.912011158 [ INFO] [5] has timed out. starting new election...
45:26.952989688 [ INFO] [5] becomes leader with 58 votes
45:27.125749398 [ INFO] [30] has timed out. starting new election...
45:27.128970403 [ INFO] [30] becomes leader with 33 votes
45:27.416673649 [ INFO] [6] has timed out. starting new election...
45:27.419762044 [ INFO] [6] becomes leader with 33 votes
45:27.635158955 [ INFO] [0] has timed out. starting new election...
45:27.639627091 [ INFO] [42] has timed out. starting new election...
45:27.657579792 [ INFO] [31] has timed out. starting new election...
45:27.659239437 [ INFO] [20] has timed out. starting new election...
45:27.688602116 [ INFO] [20] becomes leader with 33 votes
45:27.912734185 [ INFO] [4] has timed out. starting new election...
45:27.917859922 [ INFO] [4] becomes leader with 33 votes
45:28.108236348 [ INFO] [0] has timed out. starting new election...
45:28.158654229 [ INFO] [0] becomes leader with 59 votes
45:28.345971877 [ INFO] [30] has timed out. starting new election...
45:28.349066695 [ INFO] [30] becomes leader with 33 votes
45:28.580149919 [ INFO] [6] has timed out. starting new election...
45:28.610652928 [ INFO] [6] becomes leader with 58 votes
45:28.859936859 [ INFO] [42] has timed out. starting new election...
45:28.865166935 [ INFO] [5] has timed out. starting new election...
45:28.878530703 [ INFO] [20] has timed out. starting new election...
45:28.922171167 [ INFO] [20] becomes leader with 57 votes
45:29.096597393 [ INFO] [4] has timed out. starting new election...
45:29.099636471 [ INFO] [4] becomes leader with 33 votes
45:29.343151535 [ INFO] [0] has timed out. starting new election...
45:29.370653803 [ INFO] [0] becomes leader with 59 votes
45:29.556462593 [ INFO] [42] has timed out. starting new election...
45:29.557772784 [ INFO] [30] has timed out. starting new election...
45:29.563503281 [ INFO] [5] has timed out. starting new election...
45:29.577838694 [ INFO] [31] has timed out. starting new election...
45:29.630657287 [ INFO] [31] becomes leader with 56 votes
45:29.819605924 [ INFO] [6] has timed out. starting new election...
45:29.822672624 [ INFO] [6] becomes leader with 33 votes
45:30.253406756 [ INFO] [4] has timed out. starting new election...
45:30.274654739 [ INFO] [4] becomes leader with 59 votes
45:30.556256681 [ INFO] [0] has timed out. starting new election...
45:30.559247711 [ INFO] [0] becomes leader with 33 votes
45:30.826336026 [ INFO] [42] has timed out. starting new election...
45:30.850362640 [ INFO] [42] becomes leader with 58 votes
45:31.004952672 [ INFO] [6] has timed out. starting new election...
45:31.009744380 [ INFO] [6] becomes leader with 33 votes
45:31.169175291 [ INFO] [30] has timed out. starting new election...
45:31.175986401 [ INFO] [5] has timed out. starting new election...
45:31.189924225 [ INFO] [20] has timed out. starting new election...
45:31.190268982 [ INFO] [31] has timed out. starting new election...
45:31.191009994 [ INFO] [47] has timed out. starting new election...
45:31.219247835 [ INFO] [31] becomes leader with 33 votes
45:31.428443369 [ INFO] [4] has timed out. starting new election...
45:31.435323470 [ INFO] [30] has timed out. starting new election...
45:31.452201700 [ INFO] [30] becomes leader with 33 votes
45:31.716054798 [ INFO] [0] has timed out. starting new election...
45:31.732071233 [ INFO] [0] becomes leader with 33 votes
45:32.001770971 [ INFO] [4] has timed out. starting new election...
45:32.009740862 [ INFO] [42] has timed out. starting new election...
45:32.012879540 [ INFO] [42] becomes leader with 33 votes
45:32.183699504 [ INFO] [6] has timed out. starting new election...
45:32.186958154 [ INFO] [6] becomes leader with 33 votes
45:32.375134054 [ INFO] [4] has timed out. starting new election...
45:32.380999429 [ INFO] [4] becomes leader with 33 votes
45:32.611015590 [ INFO] [30] has timed out. starting new election...
45:32.614484779 [ INFO] [30] becomes leader with 33 votes
45:32.888851733 [ INFO] [0] has timed out. starting new election...
45:32.891781461 [ INFO] [0] becomes leader with 33 votes
45:33.172253032 [ INFO] [42] has timed out. starting new election...
45:33.210356900 [ INFO] [42] becomes leader with 59 votes
45:33.362043092 [ INFO] [6] has timed out. starting new election...
45:33.375350285 [ INFO] [5] has timed out. starting new election...
45:33.389278663 [ INFO] [20] has timed out. starting new election...
45:33.418653249 [ INFO] [20] becomes leader with 57 votes
45:33.589636767 [ INFO] [4] has timed out. starting new election...
45:33.592625222 [ INFO] [4] becomes leader with 33 votes
45:33.767192731 [ INFO] [6] has timed out. starting new election...
45:33.802655411 [ INFO] [6] becomes leader with 59 votes
45:34.048572141 [ INFO] [0] has timed out. starting new election...
45:34.051411700 [ INFO] [30] has timed out. starting new election...
45:34.055219760 [ INFO] [0] becomes leader with 33 votes
45:34.351630738 [ INFO] [30] candidate has timed out. starting new election...
45:34.370158264 [ INFO] [42] has timed out. starting new election...
45:34.373252901 [ INFO] [42] becomes leader with 33 votes
45:34.592386417 [ INFO] [5] has timed out. starting new election...
45:34.666651215 [ INFO] [5] becomes leader with 58 votes
45:34.955214421 [ INFO] [4] has timed out. starting new election...
45:34.958326642 [ INFO] [4] becomes leader with 33 votes
45:35.209381156 [ INFO] [6] has timed out. starting new election...
45:35.212072992 [ INFO] [0] has timed out. starting new election...
45:35.215323820 [ INFO] [0] becomes leader with 33 votes
45:35.532989381 [ INFO] [42] has timed out. starting new election...
45:35.534868839 [ INFO] [6] candidate has timed out. starting new election...
45:35.536673760 [ INFO] [42] becomes leader with 33 votes
45:35.846733885 [ INFO] [5] has timed out. starting new election...
45:35.846912260 [ INFO] [20] has timed out. starting new election...
45:35.878656071 [ INFO] [5] becomes leader with 56 votes
45:36.120735796 [ INFO] [4] has timed out. starting new election...
45:36.123937772 [ INFO] [4] becomes leader with 33 votes
45:36.372030083 [ INFO] [0] has timed out. starting new election...
45:36.414648498 [ INFO] [0] becomes leader with 57 votes
45:36.696557182 [ INFO] [42] has timed out. starting new election...
45:36.703898788 [ INFO] [42] becomes leader with 33 votes
45:37.046645027 [ INFO] [5] has timed out. starting new election...
45:37.078649296 [ INFO] [5] becomes leader with 57 votes
45:37.277592567 [ INFO] [4] has timed out. starting new election...
45:37.282762440 [ INFO] [4] becomes leader with 33 votes
45:37.571254094 [ INFO] [0] has timed out. starting new election...
45:37.575101908 [ INFO] [0] becomes leader with 33 votes
45:37.863646177 [ INFO] [42] has timed out. starting new election...
45:37.868562487 [ INFO] [42] becomes leader with 33 votes
45:38.046225627 [ INFO] [20] has timed out. starting new election...
45:38.047607528 [ INFO] [31] has timed out. starting new election...
45:38.078651588 [ INFO] [31] becomes leader with 56 votes
45:38.422874310 [ INFO] [20] candidate has timed out. starting new election...
45:38.436586514 [ INFO] [4] has timed out. starting new election...
45:38.448925013 [ INFO] [5] has timed out. starting new election...
45:38.470660852 [ INFO] [5] becomes leader with 55 votes
45:38.731916634 [ INFO] [0] has timed out. starting new election...
45:38.758744959 [ INFO] [26] has timed out. starting new election...
45:38.759966798 [ INFO] [47] has timed out. starting new election...
45:38.799199711 [ INFO] [47] becomes leader with 53 votes
45:39.020516639 [ INFO] [4] has timed out. starting new election...
45:39.023408839 [ INFO] [4] becomes leader with 33 votes
45:39.235635634 [ INFO] [0] has timed out. starting new election...
45:39.238506726 [ INFO] [0] becomes leader with 33 votes
45:39.399139259 [ INFO] [42] has timed out. starting new election...
45:39.402897952 [ INFO] [42] becomes leader with 33 votes
45:39.638922932 [ INFO] [5] has timed out. starting new election...
45:39.651840559 [ INFO] [31] has timed out. starting new election...
45:39.674900649 [ INFO] [31] becomes leader with 33 votes
45:39.958661273 [ INFO] [5] candidate has timed out. starting new election...
45:40.008267557 [ INFO] [26] has timed out. starting new election...
45:40.008925339 [ INFO] [47] has timed out. starting new election...
45:40.013863548 [ INFO] [47] becomes leader with 33 votes
45:40.198995189 [ INFO] [4] has timed out. starting new election...
45:40.201959390 [ INFO] [4] becomes leader with 33 votes
45:40.395174860 [ INFO] [0] has timed out. starting new election...
45:40.424284561 [ INFO] [0] becomes leader with 33 votes
45:40.582949252 [ INFO] [42] has timed out. starting new election...
45:40.586232579 [ INFO] [42] becomes leader with 33 votes
45:40.854812202 [ INFO] [31] has timed out. starting new election...
45:40.857755195 [ INFO] [31] becomes leader with 33 votes
45:41.197327869 [ INFO] [47] has timed out. starting new election...
45:41.200403843 [ INFO] [47] becomes leader with 33 votes
45:41.201985182 [ INFO] [52] has timed out. starting new election...
45:41.216184622 [ INFO] [52] becomes leader with 33 votes
45:41.367065594 [ INFO] [4] has timed out. starting new election...
45:41.371688876 [ INFO] [4] becomes leader with 33 votes
45:41.740599096 [ INFO] [0] has timed out. starting new election...
45:41.743762685 [ INFO] [0] becomes leader with 33 votes
45:42.019280520 [ INFO] [42] has timed out. starting new election...
45:42.036004777 [ INFO] [42] becomes leader with 33 votes
45:42.525402984 [ INFO] [4] has timed out. starting new election...
45:42.562655582 [ INFO] [4] becomes leader with 55 votes
45:42.742662699 [ INFO] [31] has timed out. starting new election...
45:42.744417329 [ INFO] [47] has timed out. starting new election...
45:42.744282462 [ INFO] [26] has timed out. starting new election...
45:42.778145775 [ INFO] [26] becomes leader with 53 votes
45:42.935880910 [ INFO] [0] has timed out. starting new election...
45:42.966650885 [ INFO] [0] becomes leader with 55 votes
45:43.195785690 [ INFO] [42] has timed out. starting new election...
45:43.198866313 [ INFO] [42] becomes leader with 33 votes
45:43.374532918 [ INFO] [31] has timed out. starting new election...
45:43.379282955 [ INFO] [47] has timed out. starting new election...
45:43.384112194 [ INFO] [39] has timed out. starting new election...
45:43.384966192 [ INFO] [52] has timed out. starting new election...
45:43.430360395 [ INFO] [52] becomes leader with 52 votes
45:43.714541476 [ INFO] [47] candidate has timed out. starting new election...
45:43.716483121 [ INFO] [4] has timed out. starting new election...
45:43.719728469 [ INFO] [4] becomes leader with 33 votes
45:43.730361351 [ INFO] [39] candidate has timed out. starting new election...
45:43.979651449 [ INFO] [31] has timed out. starting new election...
45:44.022650685 [ INFO] [31] becomes leader with 53 votes
45:44.353242693 [ INFO] [0] has timed out. starting new election...
45:44.357523570 [ INFO] [0] becomes leader with 33 votes
45:44.650808015 [ INFO] [42] has timed out. starting new election...
45:44.654863542 [ INFO] [42] becomes leader with 33 votes
45:44.873516732 [ INFO] [4] has timed out. starting new election...
45:44.876582968 [ INFO] [4] becomes leader with 33 votes
45:45.202059963 [ INFO] [31] has timed out. starting new election...
45:45.209186778 [ INFO] [26] has timed out. starting new election...
45:45.232675758 [ INFO] [26] becomes leader with 33 votes
45:45.510319913 [ INFO] [31] candidate has timed out. starting new election...
45:45.515417927 [ INFO] [0] has timed out. starting new election...
45:45.550650732 [ INFO] [0] becomes leader with 52 votes
45:45.814862312 [ INFO] [42] has timed out. starting new election...
45:45.846536678 [ INFO] [42] becomes leader with 33 votes
45:46.030923477 [ INFO] [4] has timed out. starting new election...
45:46.058651206 [ INFO] [4] becomes leader with 52 votes
45:46.414413484 [ INFO] [26] has timed out. starting new election...
45:46.438662683 [ INFO] [26] becomes leader with 52 votes
45:46.707318217 [ INFO] [0] has timed out. starting new election...
45:46.756266889 [ INFO] [0] becomes leader with 33 votes
45:47.006518089 [ INFO] [42] has timed out. starting new election...
45:47.017496033 [ INFO] [42] becomes leader with 33 votes
45:47.212357519 [ INFO] [4] has timed out. starting new election...
45:47.268268166 [ INFO] [4] becomes leader with 33 votes
45:47.454373408 [ INFO] [52] has timed out. starting new election...
45:47.472066475 [ INFO] [52] becomes leader with 33 votes
45:47.660252057 [ INFO] [26] has timed out. starting new election...
45:47.668398443 [ INFO] [21] has timed out. starting new election...
45:47.682654897 [ INFO] [26] becomes leader with 48 votes
45:47.922040927 [ INFO] [0] has timed out. starting new election...
45:47.954653527 [ INFO] [0] becomes leader with 52 votes
45:48.177278112 [ INFO] [42] has timed out. starting new election...
45:48.181279125 [ INFO] [42] becomes leader with 33 votes
45:48.422982101 [ INFO] [4] has timed out. starting new election...
45:48.426121863 [ INFO] [4] becomes leader with 33 votes
45:48.667861481 [ INFO] [52] has timed out. starting new election...
45:48.706813105 [ INFO] [52] becomes leader with 51 votes
45:48.887182254 [ INFO] [26] has timed out. starting new election...
45:48.930652457 [ INFO] [26] becomes leader with 52 votes
45:49.132557266 [ INFO] [0] has timed out. starting new election...
45:49.166656717 [ INFO] [0] becomes leader with 52 votes
45:49.359439183 [ INFO] [42] has timed out. starting new election...
45:49.390355396 [ INFO] [42] becomes leader with 52 votes
45:49.621739302 [ INFO] [4] has timed out. starting new election...
45:49.624899784 [ INFO] [4] becomes leader with 33 votes
45:49.892212323 [ INFO] [52] has timed out. starting new election...
45:49.922352660 [ INFO] [52] becomes leader with 52 votes
45:50.144251886 [ INFO] [26] has timed out. starting new election...
45:50.178672193 [ INFO] [26] becomes leader with 52 votes
45:50.355101307 [ INFO] [0] has timed out. starting new election...
45:50.358205263 [ INFO] [0] becomes leader with 33 votes
45:50.778637406 [ INFO] [4] has timed out. starting new election...
45:50.781396675 [ INFO] [4] becomes leader with 33 votes
45:51.082792847 [ INFO] [42] has timed out. starting new election...
45:51.108082813 [ INFO] [52] has timed out. starting new election...
45:51.150354909 [ INFO] [52] becomes leader with 51 votes
45:51.364500859 [ INFO] [26] has timed out. starting new election...
45:51.367859188 [ INFO] [26] becomes leader with 33 votes
45:51.532630854 [ INFO] [42] has timed out. starting new election...
45:51.574357153 [ INFO] [42] becomes leader with 52 votes
45:51.759520080 [ INFO] [0] has timed out. starting new election...
45:51.762685652 [ INFO] [0] becomes leader with 33 votes
45:51.948730231 [ INFO] [4] has timed out. starting new election...
45:51.951846381 [ INFO] [4] becomes leader with 33 votes
45:52.140410472 [ INFO] [21] has timed out. starting new election...
45:52.178653232 [ INFO] [21] becomes leader with 52 votes
45:52.367838330 [ INFO] [52] has timed out. starting new election...
45:52.406840923 [ INFO] [52] becomes leader with 52 votes
45:52.765895976 [ INFO] [42] has timed out. starting new election...
45:52.773879494 [ INFO] [42] becomes leader with 33 votes
45:52.931722368 [ INFO] [0] has timed out. starting new election...
45:52.974653776 [ INFO] [0] becomes leader with 52 votes
45:53.124990960 [ INFO] [4] has timed out. starting new election...
45:53.162651806 [ INFO] [4] becomes leader with 51 votes
45:53.361473014 [ INFO] [26] has timed out. starting new election...
45:53.369683731 [ INFO] [21] has timed out. starting new election...
45:53.372818103 [ INFO] [21] becomes leader with 33 votes
45:53.629290590 [ INFO] [52] has timed out. starting new election...
45:53.630958089 [ INFO] [50] has timed out. starting new election...
45:53.633531593 [ INFO] [46] has timed out. starting new election...
45:53.632902581 [ INFO] [29] has timed out. starting new election...
45:53.634572008 [ INFO] [41] has timed out. starting new election...
45:53.636437997 [ INFO] [8] has timed out. starting new election...
45:53.639424184 [ INFO] [34] has timed out. starting new election...
45:53.639828472 [ INFO] [60] has timed out. starting new election...
45:53.641263498 [ INFO] [33] has timed out. starting new election...
45:53.642009500 [ INFO] [19] has timed out. starting new election...
45:53.656037543 [ INFO] [59] has timed out. starting new election...
45:53.726363602 [ INFO] [59] becomes leader with 50 votes
45:53.933782120 [ INFO] [42] has timed out. starting new election...
45:53.936943809 [ INFO] [42] becomes leader with 33 votes
45:54.131342358 [ INFO] [0] has timed out. starting new election...
45:54.136752078 [ INFO] [0] becomes leader with 33 votes
45:54.316276948 [ INFO] [4] has timed out. starting new election...
45:54.343529577 [ INFO] [26] has timed out. starting new election...
45:54.378657698 [ INFO] [4] becomes leader with 35 votes
45:54.564698978 [ INFO] [52] has timed out. starting new election...
45:54.567454849 [ INFO] [52] becomes leader with 33 votes
45:54.908834148 [ INFO] [26] has timed out. starting new election...
45:54.911915478 [ INFO] [26] becomes leader with 33 votes
45:55.096925066 [ INFO] [42] has timed out. starting new election...
45:55.099766793 [ INFO] [42] becomes leader with 33 votes
45:55.309877959 [ INFO] [0] has timed out. starting new election...
45:55.313869176 [ INFO] [0] becomes leader with 33 votes
45:55.532415316 [ INFO] [4] has timed out. starting new election...
45:55.536823531 [ INFO] [4] becomes leader with 33 votes
45:55.753867971 [ INFO] [52] has timed out. starting new election...
45:55.756806992 [ INFO] [52] becomes leader with 33 votes
45:56.093727263 [ INFO] [26] has timed out. starting new election...
45:56.096586593 [ INFO] [26] becomes leader with 33 votes
45:56.259643951 [ INFO] [42] has timed out. starting new election...
45:56.302356635 [ INFO] [42] becomes leader with 52 votes
45:56.470726746 [ INFO] [0] has timed out. starting new election...
45:56.510653927 [ INFO] [0] becomes leader with 52 votes
45:56.704726663 [ INFO] [4] has timed out. starting new election...
45:56.728179388 [ INFO] [21] has timed out. starting new election...
45:56.730243505 [ INFO] [50] has timed out. starting new election...
45:56.951488443 [ INFO] [29] has timed out. starting new election...
45:56.952484288 [ INFO] [46] has timed out. starting new election...
45:56.958976454 [ INFO] [46] becomes leader with 33 votes
45:56.982653072 [ INFO] [29] becomes leader with 35 votes
45:57.249112937 [ INFO] [4] has timed out. starting new election...
45:57.282653696 [ INFO] [4] becomes leader with 52 votes
45:57.467878800 [ INFO] [42] has timed out. starting new election...
45:57.502354474 [ INFO] [42] becomes leader with 52 votes
45:57.695089843 [ INFO] [0] has timed out. starting new election...
45:57.726653002 [ INFO] [0] becomes leader with 52 votes
45:58.165921839 [ INFO] [26] has timed out. starting new election...
45:58.210651960 [ INFO] [26] becomes leader with 52 votes
45:58.458029589 [ INFO] [4] has timed out. starting new election...
45:58.461131440 [ INFO] [4] becomes leader with 33 votes
45:58.662091020 [ INFO] [42] has timed out. starting new election...
45:58.673198588 [ INFO] [42] becomes leader with 33 votes
45:58.857931144 [ INFO] [52] has timed out. starting new election...
45:58.939995365 [ INFO] [52] becomes leader with 33 votes
45:59.093204107 [ INFO] [0] has timed out. starting new election...
45:59.126652448 [ INFO] [0] becomes leader with 52 votes
45:59.614768148 [ INFO] [4] has timed out. starting new election...
45:59.644170456 [ INFO] [26] has timed out. starting new election...
45:59.652598346 [ INFO] [21] has timed out. starting new election...
45:59.677183093 [ INFO] [21] becomes leader with 49 votes
45:59.860429107 [ INFO] [42] has timed out. starting new election...
45:59.863495223 [ INFO] [42] becomes leader with 33 votes
46:00.105345333 [ INFO] [4] has timed out. starting new election...
46:00.110637613 [ INFO] [4] becomes leader with 33 votes
46:00.295023883 [ INFO] [0] has timed out. starting new election...
46:00.318880067 [ INFO] [26] has timed out. starting new election...
46:00.347207265 [ INFO] [26] becomes leader with 33 votes
46:00.533337783 [ INFO] [52] has timed out. starting new election...
46:00.574354441 [ INFO] [52] becomes leader with 52 votes
46:01.017842335 [ INFO] [0] has timed out. starting new election...
46:01.046660620 [ INFO] [0] becomes leader with 51 votes
46:01.264619983 [ INFO] [4] has timed out. starting new election...
46:01.267667178 [ INFO] [4] becomes leader with 33 votes
46:01.509166741 [ INFO] [42] has timed out. starting new election...
46:01.529396462 [ INFO] [26] has timed out. starting new election...
46:01.532648231 [ INFO] [26] becomes leader with 33 votes
46:01.799883930 [ INFO] [52] has timed out. starting new election...
46:01.802995962 [ INFO] [52] becomes leader with 33 votes
46:01.961331143 [ INFO] [42] has timed out. starting new election...
46:01.964490412 [ INFO] [42] becomes leader with 33 votes
46:02.203640376 [ INFO] [0] has timed out. starting new election...
46:02.266653431 [ INFO] [0] becomes leader with 52 votes
46:02.450095311 [ INFO] [4] has timed out. starting new election...
46:02.482656511 [ INFO] [4] becomes leader with 52 votes
46:02.714760981 [ INFO] [26] has timed out. starting new election...
46:02.717722833 [ INFO] [26] becomes leader with 33 votes
46:03.124388287 [ INFO] [42] has timed out. starting new election...
46:03.127477670 [ INFO] [42] becomes leader with 33 votes
46:03.455068438 [ INFO] [0] has timed out. starting new election...
46:03.484572766 [ INFO] [0] becomes leader with 52 votes
46:03.652719485 [ INFO] [4] has timed out. starting new election...
46:03.661573120 [ INFO] [4] becomes leader with 33 votes
46:03.899543864 [ INFO] [26] has timed out. starting new election...
46:03.902636707 [ INFO] [26] becomes leader with 33 votes
46:04.086725283 [ INFO] [52] has timed out. starting new election...
46:04.091313103 [ INFO] [21] has timed out. starting new election...
46:04.100220878 [ INFO] [8] has timed out. starting new election...
46:04.146656414 [ INFO] [21] becomes leader with 50 votes
46:04.305921075 [ INFO] [42] has timed out. starting new election...
46:04.322925746 [ INFO] [42] becomes leader with 33 votes
46:04.643144971 [ INFO] [0] has timed out. starting new election...
46:04.646259106 [ INFO] [0] becomes leader with 33 votes
46:04.815252027 [ INFO] [4] has timed out. starting new election...
46:04.818557396 [ INFO] [4] becomes leader with 33 votes
46:05.084379294 [ INFO] [26] has timed out. starting new election...
46:05.087415165 [ INFO] [26] becomes leader with 33 votes
46:05.482813944 [ INFO] [42] has timed out. starting new election...
46:05.526355305 [ INFO] [42] becomes leader with 52 votes
46:05.802847604 [ INFO] [0] has timed out. starting new election...
46:05.886656524 [ INFO] [0] becomes leader with 52 votes
46:06.037837160 [ INFO] [4] has timed out. starting new election...
46:06.055524379 [ INFO] [4] becomes leader with 33 votes
46:06.275559024 [ INFO] [52] has timed out. starting new election...
46:06.306352921 [ INFO] [52] becomes leader with 52 votes
46:06.501940386 [ INFO] [26] has timed out. starting new election...
46:06.542652719 [ INFO] [26] becomes leader with 52 votes
46:06.731586260 [ INFO] [42] has timed out. starting new election...
46:06.774353159 [ INFO] [42] becomes leader with 52 votes
46:07.043290050 [ INFO] [0] has timed out. starting new election...
46:07.098652537 [ INFO] [0] becomes leader with 51 votes
46:07.277750672 [ INFO] [4] has timed out. starting new election...
46:07.315631363 [ INFO] [21] has timed out. starting new election...
46:07.355597537 [ INFO] [21] becomes leader with 51 votes
46:07.541259457 [ INFO] [52] has timed out. starting new election...
46:07.574356768 [ INFO] [52] becomes leader with 52 votes
46:07.933101597 [ INFO] [4] has timed out. starting new election...
46:07.940672491 [ INFO] [42] has timed out. starting new election...
46:07.967222222 [ INFO] [4] becomes leader with 33 votes
46:08.250459824 [ INFO] [42] candidate has timed out. starting new election...
46:08.283037109 [ INFO] [0] has timed out. starting new election...
46:08.286220046 [ INFO] [0] becomes leader with 33 votes
46:08.538824101 [ INFO] [26] has timed out. starting new election...
46:08.554259066 [ INFO] [8] has timed out. starting new election...
46:08.572315793 [ INFO] [8] becomes leader with 33 votes
46:08.820187457 [ INFO] [26] has timed out. starting new election...
46:08.823528515 [ INFO] [52] has timed out. starting new election...
46:08.826449158 [ INFO] [52] becomes leader with 33 votes
46:09.120824334 [ INFO] [4] has timed out. starting new election...
46:09.130664728 [ INFO] [4] becomes leader with 50 votes
46:09.442935815 [ INFO] [0] has timed out. starting new election...
46:09.460253254 [ INFO] [0] becomes leader with 33 votes
46:09.755304226 [ INFO] [26] has timed out. starting new election...
46:09.786653028 [ INFO] [26] becomes leader with 51 votes
46:10.024284607 [ INFO] [52] has timed out. starting new election...
46:10.043548386 [ INFO] [52] becomes leader with 33 votes
46:10.357112329 [ INFO] [4] has timed out. starting new election...
46:10.360244164 [ INFO] [4] becomes leader with 33 votes
46:10.616904711 [ INFO] [0] has timed out. starting new election...
46:10.621139514 [ INFO] [0] becomes leader with 33 votes
46:10.811065912 [ INFO] [21] has timed out. starting new election...
46:10.840716439 [ INFO] [21] becomes leader with 45 votes
46:11.032704135 [ INFO] [50] has timed out. starting new election...
46:11.036008375 [ INFO] [50] becomes leader with 33 votes
46:11.225690323 [ INFO] [26] has timed out. starting new election...
46:11.266652103 [ INFO] [26] becomes leader with 51 votes
46:11.513840798 [ INFO] [4] has timed out. starting new election...
46:11.546652694 [ INFO] [4] becomes leader with 51 votes
46:11.777825977 [ INFO] [0] has timed out. starting new election...
46:11.806732840 [ INFO] [0] becomes leader with 33 votes
46:12.612224360 [ INFO] [60] has timed out. starting new election...
46:12.605466535 [ INFO] [46] has timed out. starting new election...
46:12.607240701 [ INFO] [41] has timed out. starting new election...
46:12.028971969 [ INFO] [52] has timed out. starting new election...
46:12.413491987 [ INFO] [52] has timed out. starting new election...
46:12.830549755 [ INFO] [52] has timed out. starting new election...
46:12.614302185 [ INFO] [33] has timed out. starting new election...
46:12.612632418 [ INFO] [34] has timed out. starting new election...
46:12.228210830 [ INFO] [50] has timed out. starting new election...
46:12.614422591 [ INFO] [50] has timed out. starting new election...
