[1579527630.575409] [dahu-17:8214 :0]       ib_iface.c:696  UCX  ERROR ibv_create_cq(cqe=4096) failed: Function not implemented
[1579527630.576524] [dahu-17:8215 :0]       ib_iface.c:696  UCX  ERROR ibv_create_cq(cqe=4096) failed: Function not implemented
[1579527630.585033] [dahu-17:8229 :0]       ib_iface.c:696  UCX  ERROR ibv_create_cq(cqe=4096) failed: Function not implemented
[1579527630.586540] [dahu-17:8212 :0]       ib_iface.c:696  UCX  ERROR ibv_create_cq(cqe=4096) failed: Function not implemented
[1579527630.588509] [dahu-17:8219 :0]       ib_iface.c:696  UCX  ERROR ibv_create_cq(cqe=4096) failed: Function not implemented
[1579527630.588836] [dahu-17:8217 :0]       ib_iface.c:696  UCX  ERROR ibv_create_cq(cqe=4096) failed: Function not implemented
[1579527630.591321] [dahu-17:8218 :0]       ib_iface.c:696  UCX  ERROR ibv_create_cq(cqe=4096) failed: Function not implemented
[1579527630.591689] [dahu-17:8220 :0]       ib_iface.c:696  UCX  ERROR ibv_create_cq(cqe=4096) failed: Function not implemented
[1579527630.592693] [dahu-17:8225 :0]       ib_iface.c:696  UCX  ERROR ibv_create_cq(cqe=4096) failed: Function not implemented
[1579527630.593480] [dahu-17:8226 :0]       ib_iface.c:696  UCX  ERROR ibv_create_cq(cqe=4096) failed: Function not implemented
[1579527630.593825] [dahu-17:8213 :0]       ib_iface.c:696  UCX  ERROR ibv_create_cq(cqe=4096) failed: Function not implemented
[1579527630.593831] [dahu-17:8223 :0]       ib_iface.c:696  UCX  ERROR ibv_create_cq(cqe=4096) failed: Function not implemented
[1579527630.594252] [dahu-17:8224 :0]       ib_iface.c:696  UCX  ERROR ibv_create_cq(cqe=4096) failed: Function not implemented
[1579527630.595251] [dahu-17:8233 :0]       ib_iface.c:696  UCX  ERROR ibv_create_cq(cqe=4096) failed: Function not implemented
[1579527630.595243] [dahu-17:8232 :0]       ib_iface.c:696  UCX  ERROR ibv_create_cq(cqe=4096) failed: Function not implemented
[1579527630.598765] [dahu-17:8227 :0]       ib_iface.c:696  UCX  ERROR ibv_create_cq(cqe=4096) failed: Function not implemented
[1579527630.599681] [dahu-17:8231 :0]       ib_iface.c:696  UCX  ERROR ibv_create_cq(cqe=4096) failed: Function not implemented
[1579527630.601115] [dahu-17:8222 :0]       ib_iface.c:696  UCX  ERROR ibv_create_cq(cqe=4096) failed: Function not implemented
[1579527630.602004] [dahu-17:8221 :0]       ib_iface.c:696  UCX  ERROR ibv_create_cq(cqe=4096) failed: Function not implemented
[1579527630.603648] [dahu-17:8240 :0]       ib_iface.c:696  UCX  ERROR ibv_create_cq(cqe=4096) failed: Function not implemented
[1579527630.603912] [dahu-17:8235 :0]       ib_iface.c:696  UCX  ERROR ibv_create_cq(cqe=4096) failed: Function not implemented
[1579527630.604610] [dahu-17:8239 :0]       ib_iface.c:696  UCX  ERROR ibv_create_cq(cqe=4096) failed: Function not implemented
[1579527630.605068] [dahu-17:8210 :0]       ib_iface.c:696  UCX  ERROR ibv_create_cq(cqe=4096) failed: Function not implemented
[1579527630.605084] [dahu-17:8228 :0]       ib_iface.c:696  UCX  ERROR ibv_create_cq(cqe=4096) failed: Function not implemented
[1579527630.605195] [dahu-17:8241 :0]       ib_iface.c:696  UCX  ERROR ibv_create_cq(cqe=4096) failed: Function not implemented
[1579527630.605201] [dahu-17:8216 :0]       ib_iface.c:696  UCX  ERROR ibv_create_cq(cqe=4096) failed: Function not implemented
[1579527630.605252] [dahu-17:8236 :0]       ib_iface.c:696  UCX  ERROR ibv_create_cq(cqe=4096) failed: Function not implemented
[1579527630.606141] [dahu-17:8211 :0]       ib_iface.c:696  UCX  ERROR ibv_create_cq(cqe=4096) failed: Function not implemented
[1579527630.609791] [dahu-17:8230 :0]       ib_iface.c:696  UCX  ERROR ibv_create_cq(cqe=4096) failed: Function not implemented
[1579527630.610559] [dahu-17:8234 :0]       ib_iface.c:696  UCX  ERROR ibv_create_cq(cqe=4096) failed: Function not implemented
[1579527630.610632] [dahu-17:8237 :0]       ib_iface.c:696  UCX  ERROR ibv_create_cq(cqe=4096) failed: Function not implemented
[1579527630.611131] [dahu-17:8238 :0]       ib_iface.c:696  UCX  ERROR ibv_create_cq(cqe=4096) failed: Function not implemented
[1579527630.628005] [dahu-16:12121:0]       ib_iface.c:696  UCX  ERROR ibv_create_cq(cqe=4096) failed: Function not implemented
[1579527630.628088] [dahu-16:12137:0]       ib_iface.c:696  UCX  ERROR ibv_create_cq(cqe=4096) failed: Function not implemented
[1579527630.630368] [dahu-16:12129:0]       ib_iface.c:696  UCX  ERROR ibv_create_cq(cqe=4096) failed: Function not implemented
[1579527630.632565] [dahu-16:12135:0]       ib_iface.c:696  UCX  ERROR ibv_create_cq(cqe=4096) failed: Function not implemented
[1579527630.633146] [dahu-16:12123:0]       ib_iface.c:696  UCX  ERROR ibv_create_cq(cqe=4096) failed: Function not implemented
[1579527630.633570] [dahu-16:12126:0]       ib_iface.c:696  UCX  ERROR ibv_create_cq(cqe=4096) failed: Function not implemented
[1579527630.633608] [dahu-16:12128:0]       ib_iface.c:696  UCX  ERROR ibv_create_cq(cqe=4096) failed: Function not implemented
[1579527630.634239] [dahu-16:12119:0]       ib_iface.c:696  UCX  ERROR ibv_create_cq(cqe=4096) failed: Function not implemented
[1579527630.635443] [dahu-16:12140:0]       ib_iface.c:696  UCX  ERROR ibv_create_cq(cqe=4096) failed: Function not implemented
[1579527630.635580] [dahu-16:12139:0]       ib_iface.c:696  UCX  ERROR ibv_create_cq(cqe=4096) failed: Function not implemented
[1579527630.636690] [dahu-16:12125:0]       ib_iface.c:696  UCX  ERROR ibv_create_cq(cqe=4096) failed: Function not implemented
[1579527630.637135] [dahu-16:12132:0]       ib_iface.c:696  UCX  ERROR ibv_create_cq(cqe=4096) failed: Function not implemented
[1579527630.637371] [dahu-16:12134:0]       ib_iface.c:696  UCX  ERROR ibv_create_cq(cqe=4096) failed: Function not implemented
[1579527630.637608] [dahu-16:12138:0]       ib_iface.c:696  UCX  ERROR ibv_create_cq(cqe=4096) failed: Function not implemented
[1579527630.637816] [dahu-16:12130:0]       ib_iface.c:696  UCX  ERROR ibv_create_cq(cqe=4096) failed: Function not implemented
[1579527630.641471] [dahu-16:12136:0]       ib_iface.c:696  UCX  ERROR ibv_create_cq(cqe=4096) failed: Function not implemented
[1579527630.641936] [dahu-16:12141:0]       ib_iface.c:696  UCX  ERROR ibv_create_cq(cqe=4096) failed: Function not implemented
[1579527630.644735] [dahu-16:12133:0]       ib_iface.c:696  UCX  ERROR ibv_create_cq(cqe=4096) failed: Function not implemented
[1579527630.644749] [dahu-16:12147:0]       ib_iface.c:696  UCX  ERROR ibv_create_cq(cqe=4096) failed: Function not implemented
[1579527630.646456] [dahu-16:12131:0]       ib_iface.c:696  UCX  ERROR ibv_create_cq(cqe=4096) failed: Function not implemented
[1579527630.646419] [dahu-16:12142:0]       ib_iface.c:696  UCX  ERROR ibv_create_cq(cqe=4096) failed: Function not implemented
[1579527630.647449] [dahu-16:12145:0]       ib_iface.c:696  UCX  ERROR ibv_create_cq(cqe=4096) failed: Function not implemented
[1579527630.647877] [dahu-16:12143:0]       ib_iface.c:696  UCX  ERROR ibv_create_cq(cqe=4096) failed: Function not implemented
[1579527630.648401] [dahu-16:12150:0]       ib_iface.c:696  UCX  ERROR ibv_create_cq(cqe=4096) failed: Function not implemented
[1579527630.649130] [dahu-16:12124:0]       ib_iface.c:696  UCX  ERROR ibv_create_cq(cqe=4096) failed: Function not implemented
[1579527630.649165] [dahu-16:12120:0]       ib_iface.c:696  UCX  ERROR ibv_create_cq(cqe=4096) failed: Function not implemented
[1579527630.649415] [dahu-16:12122:0]       ib_iface.c:696  UCX  ERROR ibv_create_cq(cqe=4096) failed: Function not implemented
[1579527630.649577] [dahu-16:12127:0]       ib_iface.c:696  UCX  ERROR ibv_create_cq(cqe=4096) failed: Function not implemented
[1579527630.650263] [dahu-16:12146:0]       ib_iface.c:696  UCX  ERROR ibv_create_cq(cqe=4096) failed: Function not implemented
[1579527630.651268] [dahu-16:12148:0]       ib_iface.c:696  UCX  ERROR ibv_create_cq(cqe=4096) failed: Function not implemented
[1579527630.652886] [dahu-16:12144:0]       ib_iface.c:696  UCX  ERROR ibv_create_cq(cqe=4096) failed: Function not implemented
[1579527630.653751] [dahu-16:12149:0]       ib_iface.c:696  UCX  ERROR ibv_create_cq(cqe=4096) failed: Function not implemented
40:30.811613639 [ INFO] [58] has timed out. starting new election...
40:30.813568101 [ INFO] [14] has timed out. starting new election...
40:30.813803267 [ INFO] [10] has timed out. starting new election...
40:30.842935569 [ INFO] [10] becomes leader with 33 votes
40:30.993879822 [ INFO] [32] has timed out. starting new election...
40:30.996466805 [ INFO] [58] has timed out. starting new election...
40:30.997120667 [ INFO] [53] has timed out. starting new election...
40:30.998934472 [ INFO] [14] has timed out. starting new election...
40:31.006252792 [ INFO] [14] becomes leader with 33 votes
40:31.172581090 [ INFO] [22] has timed out. starting new election...
40:31.171197927 [ INFO] [48] has timed out. starting new election...
40:31.171284962 [ INFO] [62] has timed out. starting new election...
40:31.174111072 [ INFO] [25] has timed out. starting new election...
40:31.191870193 [ INFO] [22] becomes leader with 33 votes
40:31.343045008 [ INFO] [58] has timed out. starting new election...
40:31.345769195 [ INFO] [58] becomes leader with 33 votes
40:31.499987851 [ INFO] [32] has timed out. starting new election...
40:31.534823245 [ INFO] [32] becomes leader with 64 votes
40:31.722859273 [ INFO] [53] has timed out. starting new election...
40:31.725182226 [ INFO] [62] has timed out. starting new election...
40:31.727369297 [ INFO] [25] has timed out. starting new election...
40:31.755990238 [ INFO] [25] becomes leader with 62 votes
40:31.996949864 [ INFO] [10] has timed out. starting new election...
40:32.000059993 [ INFO] [10] becomes leader with 33 votes
40:32.161383351 [ INFO] [14] has timed out. starting new election...
40:32.165546367 [ INFO] [14] becomes leader with 33 votes
40:32.499919383 [ INFO] [58] has timed out. starting new election...
40:32.503332472 [ INFO] [58] becomes leader with 33 votes
40:32.721416697 [ INFO] [32] has timed out. starting new election...
40:32.754827904 [ INFO] [32] becomes leader with 63 votes
40:32.929771427 [ INFO] [53] has timed out. starting new election...
40:32.931875788 [ INFO] [62] has timed out. starting new election...
40:32.959617842 [ INFO] [62] becomes leader with 63 votes
40:33.153788135 [ INFO] [10] has timed out. starting new election...
40:33.185460447 [ INFO] [10] becomes leader with 64 votes
40:33.336816972 [ INFO] [14] has timed out. starting new election...
40:33.340397179 [ INFO] [53] has timed out. starting new election...
40:33.352489611 [ INFO] [53] becomes leader with 33 votes
40:33.657253509 [ INFO] [58] has timed out. starting new election...
40:33.663647846 [ INFO] [58] becomes leader with 33 votes
40:33.911548854 [ INFO] [14] has timed out. starting new election...
40:33.910166257 [ INFO] [32] has timed out. starting new election...
40:33.953457464 [ INFO] [14] becomes leader with 63 votes
40:34.159079462 [ INFO] [62] has timed out. starting new election...
40:34.162214363 [ INFO] [62] becomes leader with 33 votes
40:34.339267510 [ INFO] [10] has timed out. starting new election...
40:34.377463661 [ INFO] [10] becomes leader with 64 votes
40:34.528085947 [ INFO] [32] has timed out. starting new election...
40:34.570826064 [ INFO] [32] becomes leader with 64 votes
40:34.819393093 [ INFO] [58] has timed out. starting new election...
40:34.862828747 [ INFO] [58] becomes leader with 64 votes
40:35.108716895 [ INFO] [14] has timed out. starting new election...
40:35.111757147 [ INFO] [14] becomes leader with 33 votes
40:35.319988210 [ INFO] [62] has timed out. starting new election...
40:35.323039925 [ INFO] [62] becomes leader with 33 votes
40:35.531642352 [ INFO] [10] has timed out. starting new election...
40:35.561456700 [ INFO] [10] becomes leader with 64 votes
40:35.789501432 [ INFO] [32] has timed out. starting new election...
40:35.830829198 [ INFO] [32] becomes leader with 64 votes
40:36.016279925 [ INFO] [58] has timed out. starting new election...
40:36.019620545 [ INFO] [58] becomes leader with 33 votes
40:36.266472919 [ INFO] [14] has timed out. starting new election...
40:36.269641155 [ INFO] [14] becomes leader with 33 votes
40:36.481432447 [ INFO] [62] has timed out. starting new election...
40:36.500120089 [ INFO] [62] becomes leader with 33 votes
40:36.746866665 [ INFO] [10] has timed out. starting new election...
40:36.750107412 [ INFO] [10] becomes leader with 33 votes
40:36.987259528 [ INFO] [32] has timed out. starting new election...
40:36.990391482 [ INFO] [32] becomes leader with 33 votes
40:37.173531299 [ INFO] [58] has timed out. starting new election...
40:37.190959275 [ INFO] [58] becomes leader with 33 votes
40:37.424388414 [ INFO] [14] has timed out. starting new election...
40:37.435263195 [ INFO] [48] has timed out. starting new election...
40:37.465462803 [ INFO] [14] becomes leader with 63 votes
40:37.659064705 [ INFO] [62] has timed out. starting new election...
40:37.662119845 [ INFO] [62] becomes leader with 33 votes
40:37.906094604 [ INFO] [10] has timed out. starting new election...
40:37.909255734 [ INFO] [10] becomes leader with 33 votes
40:38.145124612 [ INFO] [32] has timed out. starting new election...
40:38.149177973 [ INFO] [32] becomes leader with 33 votes
40:38.347262313 [ INFO] [58] has timed out. starting new election...
40:38.350191505 [ INFO] [53] has timed out. starting new election...
40:38.353463869 [ INFO] [53] becomes leader with 33 votes
40:38.650978079 [ INFO] [58] candidate has timed out. starting new election...
40:38.659375174 [ INFO] [14] has timed out. starting new election...
40:38.697463696 [ INFO] [14] becomes leader with 63 votes
40:38.853143981 [ INFO] [62] has timed out. starting new election...
40:38.856142725 [ INFO] [62] becomes leader with 33 votes
40:39.063040133 [ INFO] [10] has timed out. starting new election...
40:39.072464494 [ INFO] [10] becomes leader with 33 votes
40:39.303975383 [ INFO] [32] has timed out. starting new election...
40:39.307537834 [ INFO] [32] becomes leader with 33 votes
40:39.511248866 [ INFO] [53] has timed out. starting new election...
40:39.522967004 [ INFO] [53] becomes leader with 33 votes
40:39.684167115 [ INFO] [25] has timed out. starting new election...
40:39.725460857 [ INFO] [25] becomes leader with 63 votes
40:40.012468988 [ INFO] [14] has timed out. starting new election...
40:40.015569220 [ INFO] [14] becomes leader with 33 votes
40:40.232143480 [ INFO] [62] has timed out. starting new election...
40:40.239542562 [ INFO] [10] has timed out. starting new election...
40:40.278828210 [ INFO] [62] becomes leader with 62 votes
40:40.462333130 [ INFO] [32] has timed out. starting new election...
40:40.465029782 [ INFO] [32] becomes leader with 33 votes
40:40.679098633 [ INFO] [10] has timed out. starting new election...
40:40.683990480 [ INFO] [10] becomes leader with 33 votes
40:40.883226234 [ INFO] [53] has timed out. starting new election...
40:40.901109360 [ INFO] [53] becomes leader with 47 votes
40:41.179063428 [ INFO] [14] has timed out. starting new election...
40:41.182231019 [ INFO] [14] becomes leader with 33 votes
40:41.436612738 [ INFO] [62] has timed out. starting new election...
40:41.468375817 [ INFO] [62] becomes leader with 63 votes
40:41.625300414 [ INFO] [32] has timed out. starting new election...
40:41.628268124 [ INFO] [32] becomes leader with 33 votes
40:41.837683406 [ INFO] [10] has timed out. starting new election...
40:41.840858894 [ INFO] [10] becomes leader with 33 votes
40:42.057876007 [ INFO] [53] has timed out. starting new election...
40:42.098826883 [ INFO] [53] becomes leader with 63 votes
40:42.342407423 [ INFO] [14] has timed out. starting new election...
40:42.369459931 [ INFO] [14] becomes leader with 63 votes
40:42.626197606 [ INFO] [62] has timed out. starting new election...
40:42.629526810 [ INFO] [62] becomes leader with 33 votes
40:42.790570260 [ INFO] [32] has timed out. starting new election...
40:42.792550415 [ INFO] [25] has timed out. starting new election...
40:42.800272632 [ INFO] [45] has timed out. starting new election...
40:42.811995802 [ INFO] [25] becomes leader with 61 votes
40:42.994615574 [ INFO] [10] has timed out. starting new election...
40:42.998146649 [ INFO] [10] becomes leader with 33 votes
40:43.253109294 [ INFO] [32] has timed out. starting new election...
40:43.294826934 [ INFO] [32] becomes leader with 63 votes
40:43.582581398 [ INFO] [14] has timed out. starting new election...
40:43.617010927 [ INFO] [14] becomes leader with 33 votes
40:43.769644890 [ INFO] [53] has timed out. starting new election...
40:43.950293460 [ INFO] [53] becomes leader with 33 votes
40:44.151960659 [ INFO] [10] has timed out. starting new election...
40:44.155088820 [ INFO] [10] becomes leader with 33 votes
40:44.449598486 [ INFO] [32] has timed out. starting new election...
40:44.457884986 [ INFO] [22] has timed out. starting new election...
40:44.493459623 [ INFO] [22] becomes leader with 62 votes
40:44.777823059 [ INFO] [62] has timed out. starting new election...
40:44.779147367 [ INFO] [32] candidate has timed out. starting new election...
40:44.806825771 [ INFO] [62] becomes leader with 63 votes
40:45.107116126 [ INFO] [53] has timed out. starting new election...
40:45.115113053 [ INFO] [25] has timed out. starting new election...
40:45.153457530 [ INFO] [25] becomes leader with 61 votes
40:45.314351644 [ INFO] [14] has timed out. starting new election...
40:45.353463365 [ INFO] [14] becomes leader with 62 votes
40:45.508221478 [ INFO] [10] has timed out. starting new election...
40:45.549463618 [ INFO] [10] becomes leader with 62 votes
40:45.703213457 [ INFO] [53] has timed out. starting new election...
40:45.713782487 [ INFO] [22] has timed out. starting new election...
40:45.715985477 [ INFO] [23] has timed out. starting new election...
40:45.717230969 [ INFO] [48] has timed out. starting new election...
40:45.762824079 [ INFO] [48] becomes leader with 59 votes
40:45.999887047 [ INFO] [62] has timed out. starting new election...
40:46.032917594 [ INFO] [62] becomes leader with 33 votes
40:46.034226530 [ INFO] [53] candidate has timed out. starting new election...
40:46.322312555 [ INFO] [22] has timed out. starting new election...
40:46.335536111 [ INFO] [25] has timed out. starting new election...
40:46.338946058 [ INFO] [25] becomes leader with 33 votes
40:46.510246772 [ INFO] [14] has timed out. starting new election...
40:46.577161239 [ INFO] [14] becomes leader with 61 votes
40:46.751031654 [ INFO] [10] has timed out. starting new election...
40:46.762102700 [ INFO] [23] has timed out. starting new election...
40:46.828898847 [ INFO] [23] becomes leader with 33 votes
40:47.032694881 [ INFO] [22] has timed out. starting new election...
40:47.052978410 [ INFO] [22] becomes leader with 61 votes
40:47.205466800 [ INFO] [10] has timed out. starting new election...
40:47.209630815 [ INFO] [10] becomes leader with 33 votes
40:47.501166642 [ INFO] [25] has timed out. starting new election...
40:47.500183292 [ INFO] [62] has timed out. starting new election...
40:47.508425057 [ INFO] [25] becomes leader with 33 votes
40:47.732059894 [ INFO] [14] has timed out. starting new election...
40:47.745337387 [ INFO] [14] becomes leader with 33 votes
40:48.002382930 [ INFO] [23] has timed out. starting new election...
40:48.005615365 [ INFO] [23] becomes leader with 33 votes
40:48.363814188 [ INFO] [10] has timed out. starting new election...
40:48.455739128 [ INFO] [10] becomes leader with 33 votes
40:48.693627411 [ INFO] [62] has timed out. starting new election...
40:48.712534818 [ INFO] [62] becomes leader with 33 votes
40:48.900670191 [ INFO] [14] has timed out. starting new election...
40:48.908290963 [ INFO] [25] has timed out. starting new election...
40:48.937458486 [ INFO] [25] becomes leader with 60 votes
40:49.175721811 [ INFO] [23] has timed out. starting new election...
40:49.198822120 [ INFO] [23] becomes leader with 61 votes
40:49.380418169 [ INFO] [14] has timed out. starting new election...
40:49.402132406 [ INFO] [14] becomes leader with 33 votes
40:49.609819060 [ INFO] [10] has timed out. starting new election...
40:49.637468138 [ INFO] [10] becomes leader with 51 votes
40:49.895588846 [ INFO] [62] has timed out. starting new election...
40:49.938583796 [ INFO] [62] becomes leader with 33 votes
40:50.137867170 [ INFO] [25] has timed out. starting new election...
40:50.169461234 [ INFO] [25] becomes leader with 60 votes
40:50.389398886 [ INFO] [22] has timed out. starting new election...
40:50.388228742 [ INFO] [48] has timed out. starting new election...
40:50.574248330 [ INFO] [14] has timed out. starting new election...
40:50.621460402 [ INFO] [14] becomes leader with 61 votes
40:50.814440906 [ INFO] [10] has timed out. starting new election...
40:50.869464814 [ INFO] [10] becomes leader with 61 votes
40:51.096464929 [ INFO] [62] has timed out. starting new election...
40:51.122683046 [ INFO] [62] becomes leader with 33 votes
40:51.331267528 [ INFO] [25] has timed out. starting new election...
40:51.335008072 [ INFO] [25] becomes leader with 33 votes
40:51.503364357 [ INFO] [3] has timed out. starting new election...
40:51.511053251 [ INFO] [48] has timed out. starting new election...
40:51.569461375 [ INFO] [3] becomes leader with 33 votes
40:51.776853738 [ INFO] [14] has timed out. starting new election...
40:51.779976717 [ INFO] [14] becomes leader with 33 votes
40:52.023276269 [ INFO] [10] has timed out. starting new election...
40:52.026945107 [ INFO] [10] becomes leader with 33 votes
40:52.280419351 [ INFO] [62] has timed out. starting new election...
40:52.283701203 [ INFO] [62] becomes leader with 33 votes
40:52.505910567 [ INFO] [25] has timed out. starting new election...
40:52.549460436 [ INFO] [25] becomes leader with 61 votes
40:52.758133055 [ INFO] [22] has timed out. starting new election...
40:52.761199035 [ INFO] [23] has timed out. starting new election...
40:52.761126632 [ INFO] [48] has timed out. starting new election...
40:52.779859894 [ INFO] [48] becomes leader with 33 votes
40:53.027039156 [ INFO] [14] has timed out. starting new election...
40:53.077460284 [ INFO] [14] becomes leader with 61 votes
40:53.230727307 [ INFO] [10] has timed out. starting new election...
40:53.265461419 [ INFO] [10] becomes leader with 61 votes
40:53.441467271 [ INFO] [62] has timed out. starting new election...
40:53.444605928 [ INFO] [62] becomes leader with 33 votes
40:53.711330054 [ INFO] [25] has timed out. starting new election...
40:53.745461659 [ INFO] [25] becomes leader with 61 votes
40:53.944653149 [ INFO] [48] has timed out. starting new election...
40:53.948345181 [ INFO] [48] becomes leader with 33 votes
40:54.232252413 [ INFO] [14] has timed out. starting new election...
40:54.261459962 [ INFO] [14] becomes leader with 61 votes
40:54.431076987 [ INFO] [22] has timed out. starting new election...
40:54.435116628 [ INFO] [22] becomes leader with 33 votes
40:54.439544557 [ INFO] [10] has timed out. starting new election...
40:54.655602736 [ INFO] [62] has timed out. starting new election...
40:54.698826688 [ INFO] [62] becomes leader with 61 votes
40:54.898852053 [ INFO] [10] has timed out. starting new election...
40:54.914965174 [ INFO] [10] becomes leader with 33 votes
40:55.115484641 [ INFO] [25] has timed out. starting new election...
40:55.118899736 [ INFO] [25] becomes leader with 33 votes
40:55.421725862 [ INFO] [14] has timed out. starting new election...
40:55.433842632 [ INFO] [48] has timed out. starting new election...
40:55.476861225 [ INFO] [48] becomes leader with 60 votes
40:55.639693677 [ INFO] [22] has timed out. starting new election...
40:55.681459792 [ INFO] [22] becomes leader with 61 votes
40:55.886882540 [ INFO] [14] has timed out. starting new election...
40:55.893391415 [ INFO] [14] becomes leader with 33 votes
40:56.071765081 [ INFO] [10] has timed out. starting new election...
40:56.075103144 [ INFO] [10] becomes leader with 33 votes
40:56.280733699 [ INFO] [25] has timed out. starting new election...
40:56.279485575 [ INFO] [62] has timed out. starting new election...
40:56.341460092 [ INFO] [25] becomes leader with 60 votes
40:56.579755711 [ INFO] [62] candidate has timed out. starting new election...
40:56.641677472 [ INFO] [48] has timed out. starting new election...
40:56.660039030 [ INFO] [48] becomes leader with 33 votes
40:56.844230127 [ INFO] [22] has timed out. starting new election...
40:56.850579742 [ INFO] [22] becomes leader with 33 votes
40:57.048849557 [ INFO] [14] has timed out. starting new election...
40:57.052228890 [ INFO] [14] becomes leader with 33 votes
40:57.228928907 [ INFO] [10] has timed out. starting new election...
40:57.269459911 [ INFO] [10] becomes leader with 60 votes
40:57.503280314 [ INFO] [25] has timed out. starting new election...
40:57.507446167 [ INFO] [25] becomes leader with 33 votes
40:57.825077098 [ INFO] [48] has timed out. starting new election...
40:57.884718727 [ INFO] [48] becomes leader with 60 votes
40:58.049757331 [ INFO] [22] has timed out. starting new election...
40:58.052238965 [ INFO] [23] has timed out. starting new election...
40:58.145462669 [ INFO] [23] becomes leader with 57 votes
40:58.423253508 [ INFO] [10] has timed out. starting new election...
40:58.425178095 [ INFO] [14] has timed out. starting new election...
40:58.428660185 [ INFO] [14] becomes leader with 33 votes
40:58.684018654 [ INFO] [3] has timed out. starting new election...
40:58.709470259 [ INFO] [3] becomes leader with 60 votes
40:59.039772071 [ INFO] [10] has timed out. starting new election...
40:59.047802113 [ INFO] [22] has timed out. starting new election...
40:59.049630052 [ INFO] [25] has timed out. starting new election...
40:59.073487861 [ INFO] [22] becomes leader with 58 votes
40:59.318049789 [ INFO] [23] has timed out. starting new election...
40:59.321602049 [ INFO] [23] becomes leader with 33 votes
40:59.581064309 [ INFO] [10] has timed out. starting new election...
40:59.584280680 [ INFO] [10] becomes leader with 33 votes
40:59.738674928 [ INFO] [14] has timed out. starting new election...
40:59.791122005 [ INFO] [14] becomes leader with 33 votes
40:59.953929460 [ INFO] [25] has timed out. starting new election...
40:59.956193556 [ INFO] [48] has timed out. starting new election...
41:00.002828001 [ INFO] [48] becomes leader with 59 votes
41:00.236410216 [ INFO] [22] has timed out. starting new election...
41:00.239600143 [ INFO] [22] becomes leader with 33 votes
41:00.483053171 [ INFO] [25] has timed out. starting new election...
41:00.513458701 [ INFO] [25] becomes leader with 60 votes
41:00.738172334 [ INFO] [10] has timed out. starting new election...
41:00.769458217 [ INFO] [10] becomes leader with 60 votes
41:01.000372216 [ INFO] [14] has timed out. starting new election...
41:01.021390208 [ INFO] [14] becomes leader with 45 votes
41:01.216124034 [ INFO] [49] has timed out. starting new election...
41:01.216733108 [ INFO] [60] has timed out. starting new election...
41:01.402387799 [ INFO] [22] has timed out. starting new election...
41:01.405694799 [ INFO] [22] becomes leader with 33 votes
41:01.706942207 [ INFO] [25] has timed out. starting new election...
41:01.710255976 [ INFO] [25] becomes leader with 33 votes
41:01.955700462 [ INFO] [10] has timed out. starting new election...
41:01.959400702 [ INFO] [10] becomes leader with 33 votes
41:02.188283295 [ INFO] [23] has timed out. starting new election...
41:02.186974673 [ INFO] [48] has timed out. starting new election...
41:02.188530560 [ INFO] [14] has timed out. starting new election...
41:02.202289111 [ INFO] [14] becomes leader with 33 votes
41:02.370436866 [ INFO] [48] has timed out. starting new election...
41:02.388511369 [ INFO] [48] becomes leader with 33 votes
41:02.575128086 [ INFO] [22] has timed out. starting new election...
41:02.578907104 [ INFO] [22] becomes leader with 33 votes
41:02.872064732 [ INFO] [25] has timed out. starting new election...
41:02.881186566 [ INFO] [3] has timed out. starting new election...
41:02.911461087 [ INFO] [5] has timed out. starting new election...
41:03.138978794 [ INFO] [23] has timed out. starting new election...
41:03.142455638 [ INFO] [23] becomes leader with 33 votes
41:03.354242273 [ INFO] [10] has timed out. starting new election...
41:03.358878844 [ INFO] [10] becomes leader with 33 votes
41:03.544588485 [ INFO] [14] has timed out. starting new election...
41:03.573463021 [ INFO] [14] becomes leader with 60 votes
41:03.742193514 [ INFO] [25] has timed out. starting new election...
41:03.742060605 [ INFO] [48] has timed out. starting new election...
41:03.749466241 [ INFO] [3] has timed out. starting new election...
41:03.753013746 [ INFO] [3] becomes leader with 33 votes
41:03.925143416 [ INFO] [22] has timed out. starting new election...
41:03.931961503 [ INFO] [45] has timed out. starting new election...
41:03.948518233 [ INFO] [45] becomes leader with 33 votes
41:04.124140369 [ INFO] [33] has timed out. starting new election...
41:04.144521788 [ INFO] [33] becomes leader with 33 votes
41:04.314843451 [ INFO] [23] has timed out. starting new election...
41:04.318126005 [ INFO] [23] becomes leader with 33 votes
41:04.512551063 [ INFO] [10] has timed out. starting new election...
41:04.530811280 [ INFO] [10] becomes leader with 33 votes
41:04.728126102 [ INFO] [14] has timed out. starting new election...
41:04.736905967 [ INFO] [25] has timed out. starting new election...
41:04.817461341 [ INFO] [25] becomes leader with 58 votes
41:05.049633757 [ INFO] [14] candidate has timed out. starting new election...
41:05.120480037 [ INFO] [3] has timed out. starting new election...
41:05.119440499 [ INFO] [45] has timed out. starting new election...
41:05.145318303 [ INFO] [45] becomes leader with 44 votes
41:05.483019428 [ INFO] [22] has timed out. starting new election...
41:05.487589249 [ INFO] [22] becomes leader with 33 votes
41:05.684890129 [ INFO] [10] has timed out. starting new election...
41:05.696984572 [ INFO] [48] has timed out. starting new election...
41:05.698469906 [ INFO] [23] has timed out. starting new election...
41:05.735938014 [ INFO] [48] becomes leader with 56 votes
41:05.979237625 [ INFO] [25] has timed out. starting new election...
41:05.982329051 [ INFO] [25] becomes leader with 33 votes
41:06.300847422 [ INFO] [10] has timed out. starting new election...
41:06.314418616 [ INFO] [23] has timed out. starting new election...
41:06.318857526 [ INFO] [23] becomes leader with 33 votes
41:06.637528935 [ INFO] [10] candidate has timed out. starting new election...
41:06.650464085 [ INFO] [22] has timed out. starting new election...
41:06.656347178 [ INFO] [22] becomes leader with 33 votes
41:06.900406918 [ INFO] [48] has timed out. starting new election...
41:06.908224501 [ INFO] [45] has timed out. starting new election...
41:06.910755232 [ INFO] [3] has timed out. starting new election...
41:06.911975103 [ INFO] [33] has timed out. starting new election...
41:06.919671653 [ INFO] [51] has timed out. starting new election...
41:06.921360708 [ INFO] [60] has timed out. starting new election...
41:07.043929157 [ INFO] [60] becomes leader with 53 votes
41:07.223536118 [ INFO] [25] has timed out. starting new election...
41:07.226659754 [ INFO] [25] becomes leader with 33 votes
41:07.485275343 [ INFO] [48] has timed out. starting new election...
41:07.503859657 [ INFO] [48] becomes leader with 33 votes
41:07.819243014 [ INFO] [22] has timed out. starting new election...
41:07.825283288 [ INFO] [22] becomes leader with 33 votes
41:07.991725144 [ INFO] [23] has timed out. starting new election...
41:08.015098219 [ INFO] [23] becomes leader with 33 votes
41:08.388306183 [ INFO] [25] has timed out. starting new election...
41:08.421464080 [ INFO] [25] becomes leader with 58 votes
41:08.668775424 [ INFO] [48] has timed out. starting new election...
41:08.702825448 [ INFO] [48] becomes leader with 58 votes
41:08.988208620 [ INFO] [22] has timed out. starting new election...
41:08.991462982 [ INFO] [22] becomes leader with 33 votes
41:09.180953655 [ INFO] [23] has timed out. starting new election...
41:09.184304297 [ INFO] [23] becomes leader with 33 votes
41:09.352242426 [ INFO] [45] has timed out. starting new election...
41:09.370832898 [ INFO] [45] becomes leader with 56 votes
41:09.591889064 [ INFO] [3] has timed out. starting new election...
41:09.595539387 [ INFO] [25] has timed out. starting new election...
41:09.598887429 [ INFO] [25] becomes leader with 33 votes
41:09.608840124 [ INFO] [49] has timed out. starting new election...
41:09.895120701 [ INFO] [48] has timed out. starting new election...
41:09.899936977 [ INFO] [48] becomes leader with 33 votes
41:09.928612598 [ INFO] [3] candidate has timed out. starting new election...
41:10.154508942 [ INFO] [22] has timed out. starting new election...
41:10.157738565 [ INFO] [22] becomes leader with 33 votes
41:10.350042710 [ INFO] [23] has timed out. starting new election...
41:10.385463221 [ INFO] [23] becomes leader with 57 votes
41:10.573255058 [ INFO] [45] has timed out. starting new election...
41:10.598832343 [ INFO] [45] becomes leader with 57 votes
41:10.771540541 [ INFO] [25] has timed out. starting new election...
41:10.775558754 [ INFO] [25] becomes leader with 33 votes
41:11.064538577 [ INFO] [48] has timed out. starting new election...
41:11.076114613 [ INFO] [33] has timed out. starting new election...
41:11.150918238 [ INFO] [33] becomes leader with 56 votes
41:11.330121035 [ INFO] [22] has timed out. starting new election...
41:11.333266235 [ INFO] [22] becomes leader with 33 votes
41:11.551202995 [ INFO] [23] has timed out. starting new election...
41:11.585462777 [ INFO] [23] becomes leader with 57 votes
41:11.768921262 [ INFO] [48] has timed out. starting new election...
41:11.769663722 [ INFO] [45] has timed out. starting new election...
41:11.788050797 [ INFO] [45] becomes leader with 33 votes
41:11.969897271 [ INFO] [25] has timed out. starting new election...
41:11.973060797 [ INFO] [25] becomes leader with 33 votes
41:12.139032999 [ INFO] [48] has timed out. starting new election...
41:12.144672498 [ INFO] [48] becomes leader with 33 votes
41:12.327789104 [ INFO] [33] has timed out. starting new election...
41:12.331050639 [ INFO] [33] becomes leader with 33 votes
41:12.499747581 [ INFO] [22] has timed out. starting new election...
41:12.507277121 [ INFO] [22] becomes leader with 33 votes
41:12.957906815 [ INFO] [23] has timed out. starting new election...
41:12.962096321 [ INFO] [23] becomes leader with 33 votes
41:13.309094638 [ INFO] [25] has timed out. starting new election...
41:13.349458989 [ INFO] [25] becomes leader with 57 votes
41:13.670301734 [ INFO] [22] has timed out. starting new election...
41:13.721463945 [ INFO] [22] becomes leader with 57 votes
41:13.882901703 [ INFO] [48] has timed out. starting new election...
41:13.903588487 [ INFO] [48] becomes leader with 33 votes
41:14.127817899 [ INFO] [23] has timed out. starting new election...
41:14.132900672 [ INFO] [23] becomes leader with 33 votes
41:14.301181410 [ INFO] [45] has timed out. starting new election...
41:14.306384699 [ INFO] [33] has timed out. starting new election...
41:14.314089483 [ INFO] [51] has timed out. starting new election...
41:14.315970903 [ INFO] [60] has timed out. starting new election...
41:14.316137389 [ INFO] [43] has timed out. starting new election...
41:14.383020669 [ INFO] [60] becomes leader with 53 votes
41:14.543213501 [ INFO] [25] has timed out. starting new election...
41:14.546201060 [ INFO] [25] becomes leader with 33 votes
41:14.884234801 [ INFO] [22] has timed out. starting new election...
41:14.890350118 [ INFO] [45] has timed out. starting new election...
41:14.930828115 [ INFO] [45] becomes leader with 56 votes
41:15.127152859 [ INFO] [48] has timed out. starting new election...
41:15.158825663 [ INFO] [48] becomes leader with 57 votes
41:15.325345650 [ INFO] [22] has timed out. starting new election...
41:15.328935723 [ INFO] [22] becomes leader with 33 votes
41:15.707957425 [ INFO] [25] has timed out. starting new election...
41:15.715393585 [ INFO] [25] becomes leader with 33 votes
41:15.904055808 [ INFO] [42] has timed out. starting new election...
41:15.905054187 [ INFO] [33] has timed out. starting new election...
41:15.946827017 [ INFO] [33] becomes leader with 56 votes
41:16.131927661 [ INFO] [23] has timed out. starting new election...
41:16.169461344 [ INFO] [23] becomes leader with 57 votes
41:16.491292327 [ INFO] [22] has timed out. starting new election...
41:16.497071425 [ INFO] [22] becomes leader with 33 votes
41:16.660631108 [ INFO] [48] has timed out. starting new election...
41:16.664039409 [ INFO] [45] has timed out. starting new election...
41:16.698826340 [ INFO] [45] becomes leader with 56 votes
41:16.936868573 [ INFO] [25] has timed out. starting new election...
41:16.954684014 [ INFO] [25] becomes leader with 33 votes
41:17.116240197 [ INFO] [48] has timed out. starting new election...
41:17.146830503 [ INFO] [48] becomes leader with 57 votes
41:17.335194761 [ INFO] [23] has timed out. starting new election...
41:17.339847169 [ INFO] [23] becomes leader with 33 votes
41:17.667080930 [ INFO] [22] has timed out. starting new election...
41:17.705459936 [ INFO] [22] becomes leader with 57 votes
41:17.948577155 [ INFO] [45] has timed out. starting new election...
41:17.951842828 [ INFO] [45] becomes leader with 33 votes
41:18.118724342 [ INFO] [25] has timed out. starting new election...
41:18.150292978 [ INFO] [25] becomes leader with 56 votes
41:18.316265701 [ INFO] [48] has timed out. starting new election...
41:18.319363668 [ INFO] [48] becomes leader with 33 votes
41:18.505551120 [ INFO] [23] has timed out. starting new election...
41:18.522929392 [ INFO] [23] becomes leader with 33 votes
41:18.697847554 [ INFO] [33] has timed out. starting new election...
41:18.739059656 [ INFO] [33] becomes leader with 57 votes
41:19.116942202 [ INFO] [22] has timed out. starting new election...
41:19.145459122 [ INFO] [22] becomes leader with 57 votes
41:19.317203235 [ INFO] [25] has timed out. starting new election...
41:19.343449806 [ INFO] [25] becomes leader with 33 votes
41:19.524148145 [ INFO] [48] has timed out. starting new election...
41:19.570829435 [ INFO] [48] becomes leader with 57 votes
41:19.739833640 [ INFO] [23] has timed out. starting new election...
41:19.769460843 [ INFO] [23] becomes leader with 57 votes
41:20.006277446 [ INFO] [45] has timed out. starting new election...
41:20.011419608 [ INFO] [33] has timed out. starting new election...
41:20.018129560 [ INFO] [51] has timed out. starting new election...
41:20.021223071 [ INFO] [43] has timed out. starting new election...
41:20.022716764 [ INFO] [49] has timed out. starting new election...
41:20.022921300 [ INFO] [60] has timed out. starting new election...
41:20.065095538 [ INFO] [49] becomes leader with 52 votes
41:20.316135140 [ INFO] [22] has timed out. starting new election...
41:20.323142868 [ INFO] [45] candidate has timed out. starting new election...
41:20.342052031 [ INFO] [31] has timed out. starting new election...
41:20.343189009 [ INFO] [60] candidate has timed out. starting new election...
41:20.344721842 [ INFO] [42] has timed out. starting new election...
41:20.352054792 [ INFO] [43] candidate has timed out. starting new election...
41:20.513835101 [ INFO] [25] has timed out. starting new election...
41:20.517910730 [ INFO] [25] becomes leader with 33 votes
41:20.735878813 [ INFO] [22] has timed out. starting new election...
41:20.751187087 [ INFO] [22] becomes leader with 33 votes
41:20.998946398 [ INFO] [23] has timed out. starting new election...
41:21.002572377 [ INFO] [23] becomes leader with 33 votes
41:21.231782623 [ INFO] [48] has timed out. starting new election...
41:21.262825995 [ INFO] [48] becomes leader with 54 votes
41:21.436701039 [ INFO] [33] has timed out. starting new election...
41:21.442269741 [ INFO] [33] becomes leader with 33 votes
41:21.679556975 [ INFO] [25] has timed out. starting new election...
41:21.721457121 [ INFO] [25] becomes leader with 54 votes
41:21.929789642 [ INFO] [22] has timed out. starting new election...
41:21.933457802 [ INFO] [22] becomes leader with 33 votes
41:22.168210890 [ INFO] [23] has timed out. starting new election...
41:22.180600951 [ INFO] [23] becomes leader with 33 votes
41:22.427592893 [ INFO] [48] has timed out. starting new election...
41:22.430862639 [ INFO] [48] becomes leader with 33 votes
41:22.619291925 [ INFO] [33] has timed out. starting new election...
41:22.640507283 [ INFO] [33] becomes leader with 33 votes
41:22.899544479 [ INFO] [25] has timed out. starting new election...
41:22.949460476 [ INFO] [25] becomes leader with 54 votes
41:23.111903100 [ INFO] [22] has timed out. starting new election...
41:23.129189005 [ INFO] [51] has timed out. starting new election...
41:23.132423147 [ INFO] [49] has timed out. starting new election...
41:23.171587749 [ INFO] [49] becomes leader with 52 votes
41:23.346537715 [ INFO] [23] has timed out. starting new election...
41:23.381465432 [ INFO] [23] becomes leader with 54 votes
41:23.596902897 [ INFO] [22] has timed out. starting new election...
41:23.600096752 [ INFO] [22] becomes leader with 33 votes
41:23.806565033 [ INFO] [48] has timed out. starting new election...
41:23.817549907 [ INFO] [33] has timed out. starting new election...
41:23.820838392 [ INFO] [33] becomes leader with 33 votes
41:24.111102381 [ INFO] [25] has timed out. starting new election...
41:24.141462815 [ INFO] [25] becomes leader with 52 votes
41:24.337558869 [ INFO] [48] has timed out. starting new election...
41:24.340662041 [ INFO] [48] becomes leader with 33 votes
41:24.762764771 [ INFO] [22] has timed out. starting new election...
41:24.765726824 [ INFO] [22] becomes leader with 33 votes
41:24.989009172 [ INFO] [23] has timed out. starting new election...
41:25.029460447 [ INFO] [23] becomes leader with 54 votes
41:25.318884472 [ INFO] [25] has timed out. starting new election...
41:25.332116019 [ INFO] [33] has timed out. starting new election...
41:25.339429302 [ INFO] [51] has timed out. starting new election...
41:25.370825688 [ INFO] [51] becomes leader with 45 votes
41:25.550962192 [ INFO] [48] has timed out. starting new election...
41:25.576475192 [ INFO] [48] becomes leader with 33 votes
41:25.739249852 [ INFO] [25] has timed out. starting new election...
41:25.773464596 [ INFO] [25] becomes leader with 54 votes
41:25.964615283 [ INFO] [22] has timed out. starting new election...
41:25.979816604 [ INFO] [33] has timed out. starting new election...
41:26.012613189 [ INFO] [33] becomes leader with 33 votes
41:26.195192005 [ INFO] [23] has timed out. starting new election...
41:26.200415062 [ INFO] [23] becomes leader with 33 votes
41:26.360706942 [ INFO] [22] has timed out. starting new election...
41:26.393459895 [ INFO] [22] becomes leader with 54 votes
41:26.741451085 [ INFO] [48] has timed out. starting new election...
41:26.764505756 [ INFO] [48] becomes leader with 33 votes
41:26.966928752 [ INFO] [25] has timed out. starting new election...
41:27.001460405 [ INFO] [25] becomes leader with 54 votes
41:27.366115072 [ INFO] [23] has timed out. starting new election...
41:27.375237244 [ INFO] [33] has timed out. starting new election...
41:27.391818550 [ INFO] [33] becomes leader with 33 votes
41:27.604371902 [ INFO] [22] has timed out. starting new election...
41:27.607396673 [ INFO] [22] becomes leader with 33 votes
41:27.930768799 [ INFO] [23] has timed out. starting new election...
41:27.929467474 [ INFO] [48] has timed out. starting new election...
41:27.936017886 [ INFO] [48] becomes leader with 33 votes
41:28.194916380 [ INFO] [25] has timed out. starting new election...
41:28.197965667 [ INFO] [25] becomes leader with 33 votes
41:28.363427406 [ INFO] [23] has timed out. starting new election...
41:28.366482237 [ INFO] [23] becomes leader with 33 votes
41:28.568707404 [ INFO] [33] has timed out. starting new election...
41:29.274829831 [ INFO] [33] has timed out. starting new election...
41:28.749321202 [ INFO] [51] has timed out. starting new election...
41:29.071013126 [ INFO] [51] candidate has timed out. starting new election...
41:28.753865761 [ INFO] [49] has timed out. starting new election...
41:29.054149145 [ INFO] [49] candidate has timed out. starting new election...
41:29.100982393 [ INFO] [48] has timed out. starting new election...
