[1579527753.910596] [dahu-18:8512 :0]       ib_iface.c:696  UCX  ERROR ibv_create_cq(cqe=4096) failed: Function not implemented
[1579527753.915231] [dahu-18:8524 :0]       ib_iface.c:696  UCX  ERROR ibv_create_cq(cqe=4096) failed: Function not implemented
[1579527753.916574] [dahu-17:9083 :0]       ib_iface.c:696  UCX  ERROR ibv_create_cq(cqe=4096) failed: Function not implemented
[1579527753.917863] [dahu-18:8517 :0]       ib_iface.c:696  UCX  ERROR ibv_create_cq(cqe=4096) failed: Function not implemented
[1579527753.918179] [dahu-17:9081 :0]       ib_iface.c:696  UCX  ERROR ibv_create_cq(cqe=4096) failed: Function not implemented
[1579527753.912132] [dahu-19:8515 :0]       ib_iface.c:696  UCX  ERROR ibv_create_cq(cqe=4096) failed: Function not implemented
[1579527753.912785] [dahu-19:8503 :0]       ib_iface.c:696  UCX  ERROR ibv_create_cq(cqe=4096) failed: Function not implemented
[1579527753.913408] [dahu-19:8511 :0]       ib_iface.c:696  UCX  ERROR ibv_create_cq(cqe=4096) failed: Function not implemented
[1579527753.920939] [dahu-18:8515 :0]       ib_iface.c:696  UCX  ERROR ibv_create_cq(cqe=4096) failed: Function not implemented
[1579527753.921913] [dahu-18:8520 :0]       ib_iface.c:696  UCX  ERROR ibv_create_cq(cqe=4096) failed: Function not implemented
[1579527753.922172] [dahu-18:8513 :0]       ib_iface.c:696  UCX  ERROR ibv_create_cq(cqe=4096) failed: Function not implemented
[1579527753.916133] [dahu-19:8509 :0]       ib_iface.c:696  UCX  ERROR ibv_create_cq(cqe=4096) failed: Function not implemented
[1579527753.917586] [dahu-19:8505 :0]       ib_iface.c:696  UCX  ERROR ibv_create_cq(cqe=4096) failed: Function not implemented
[1579527753.924107] [dahu-18:8522 :0]       ib_iface.c:696  UCX  ERROR ibv_create_cq(cqe=4096) failed: Function not implemented
[1579527753.918972] [dahu-19:8507 :0]       ib_iface.c:696  UCX  ERROR ibv_create_cq(cqe=4096) failed: Function not implemented
[1579527753.919013] [dahu-19:8519 :0]       ib_iface.c:696  UCX  ERROR ibv_create_cq(cqe=4096) failed: Function not implemented
[1579527753.926331] [dahu-17:9084 :0]       ib_iface.c:696  UCX  ERROR ibv_create_cq(cqe=4096) failed: Function not implemented
[1579527753.926725] [dahu-18:8525 :0]       ib_iface.c:696  UCX  ERROR ibv_create_cq(cqe=4096) failed: Function not implemented
[1579527753.926855] [dahu-18:8526 :0]       ib_iface.c:696  UCX  ERROR ibv_create_cq(cqe=4096) failed: Function not implemented
[1579527753.927626] [dahu-18:8516 :0]       ib_iface.c:696  UCX  ERROR ibv_create_cq(cqe=4096) failed: Function not implemented
[1579527753.927801] [dahu-18:8519 :0]       ib_iface.c:696  UCX  ERROR ibv_create_cq(cqe=4096) failed: Function not implemented
[1579527753.927900] [dahu-18:8514 :0]       ib_iface.c:696  UCX  ERROR ibv_create_cq(cqe=4096) failed: Function not implemented
[1579527753.927932] [dahu-18:8523 :0]       ib_iface.c:696  UCX  ERROR ibv_create_cq(cqe=4096) failed: Function not implemented
[1579527753.929292] [dahu-18:8518 :0]       ib_iface.c:696  UCX  ERROR ibv_create_cq(cqe=4096) failed: Function not implemented
[1579527753.929311] [dahu-18:8528 :0]       ib_iface.c:696  UCX  ERROR ibv_create_cq(cqe=4096) failed: Function not implemented
[1579527753.923345] [dahu-19:8508 :0]       ib_iface.c:696  UCX  ERROR ibv_create_cq(cqe=4096) failed: Function not implemented
[1579527753.929818] [dahu-18:8521 :0]       ib_iface.c:696  UCX  ERROR ibv_create_cq(cqe=4096) failed: Function not implemented
[1579527753.924278] [dahu-19:8513 :0]       ib_iface.c:696  UCX  ERROR ibv_create_cq(cqe=4096) failed: Function not implemented
[1579527753.924614] [dahu-19:8510 :0]       ib_iface.c:696  UCX  ERROR ibv_create_cq(cqe=4096) failed: Function not implemented
[1579527753.924755] [dahu-19:8504 :0]       ib_iface.c:696  UCX  ERROR ibv_create_cq(cqe=4096) failed: Function not implemented
[1579527753.924888] [dahu-19:8518 :0]       ib_iface.c:696  UCX  ERROR ibv_create_cq(cqe=4096) failed: Function not implemented
[1579527753.925159] [dahu-19:8521 :0]       ib_iface.c:696  UCX  ERROR ibv_create_cq(cqe=4096) failed: Function not implemented
[1579527753.926490] [dahu-19:8516 :0]       ib_iface.c:696  UCX  ERROR ibv_create_cq(cqe=4096) failed: Function not implemented
[1579527753.933534] [dahu-18:8527 :0]       ib_iface.c:696  UCX  ERROR ibv_create_cq(cqe=4096) failed: Function not implemented
[1579527753.933961] [dahu-18:8532 :0]       ib_iface.c:696  UCX  ERROR ibv_create_cq(cqe=4096) failed: Function not implemented
[1579527753.934458] [dahu-17:9089 :0]       ib_iface.c:696  UCX  ERROR ibv_create_cq(cqe=4096) failed: Function not implemented
[1579527753.934713] [dahu-18:8529 :0]       ib_iface.c:696  UCX  ERROR ibv_create_cq(cqe=4096) failed: Function not implemented
[1579527753.935252] [dahu-17:9090 :0]       ib_iface.c:696  UCX  ERROR ibv_create_cq(cqe=4096) failed: Function not implemented
[1579527753.929701] [dahu-19:8514 :0]       ib_iface.c:696  UCX  ERROR ibv_create_cq(cqe=4096) failed: Function not implemented
[1579527753.936740] [dahu-17:9079 :0]       ib_iface.c:696  UCX  ERROR ibv_create_cq(cqe=4096) failed: Function not implemented
[1579527753.937071] [dahu-17:9086 :0]       ib_iface.c:696  UCX  ERROR ibv_create_cq(cqe=4096) failed: Function not implemented
[1579527753.933167] [dahu-19:8522 :0]       ib_iface.c:696  UCX  ERROR ibv_create_cq(cqe=4096) failed: Function not implemented
[1579527753.933341] [dahu-19:8528 :0]       ib_iface.c:696  UCX  ERROR ibv_create_cq(cqe=4096) failed: Function not implemented
[1579527753.933405] [dahu-19:8512 :0]       ib_iface.c:696  UCX  ERROR ibv_create_cq(cqe=4096) failed: Function not implemented
[1579527753.939574] [dahu-17:9097 :0]       ib_iface.c:696  UCX  ERROR ibv_create_cq(cqe=4096) failed: Function not implemented
[1579527753.933767] [dahu-19:8520 :0]       ib_iface.c:696  UCX  ERROR ibv_create_cq(cqe=4096) failed: Function not implemented
[1579527753.940315] [dahu-17:9091 :0]       ib_iface.c:696  UCX  ERROR ibv_create_cq(cqe=4096) failed: Function not implemented
[1579527753.940640] [dahu-17:9095 :0]       ib_iface.c:696  UCX  ERROR ibv_create_cq(cqe=4096) failed: Function not implemented
[1579527753.940376] [dahu-18:8534 :0]       ib_iface.c:696  UCX  ERROR ibv_create_cq(cqe=4096) failed: Function not implemented
[1579527753.934554] [dahu-19:8525 :0]       ib_iface.c:696  UCX  ERROR ibv_create_cq(cqe=4096) failed: Function not implemented
[1579527753.940782] [dahu-17:9096 :0]       ib_iface.c:696  UCX  ERROR ibv_create_cq(cqe=4096) failed: Function not implemented
[1579527753.940815] [dahu-17:9093 :0]       ib_iface.c:696  UCX  ERROR ibv_create_cq(cqe=4096) failed: Function not implemented
[1579527753.941139] [dahu-17:9088 :0]       ib_iface.c:696  UCX  ERROR ibv_create_cq(cqe=4096) failed: Function not implemented
[1579527753.941121] [dahu-18:8536 :0]       ib_iface.c:696  UCX  ERROR ibv_create_cq(cqe=4096) failed: Function not implemented
[1579527753.941510] [dahu-17:9094 :0]       ib_iface.c:696  UCX  ERROR ibv_create_cq(cqe=4096) failed: Function not implemented
[1579527753.935800] [dahu-19:8530 :0]       ib_iface.c:696  UCX  ERROR ibv_create_cq(cqe=4096) failed: Function not implemented
[1579527753.942007] [dahu-18:8531 :0]       ib_iface.c:696  UCX  ERROR ibv_create_cq(cqe=4096) failed: Function not implemented
[1579527753.936253] [dahu-19:8523 :0]       ib_iface.c:696  UCX  ERROR ibv_create_cq(cqe=4096) failed: Function not implemented
[1579527753.937182] [dahu-19:8506 :0]       ib_iface.c:696  UCX  ERROR ibv_create_cq(cqe=4096) failed: Function not implemented
[1579527753.937182] [dahu-19:8517 :0]       ib_iface.c:696  UCX  ERROR ibv_create_cq(cqe=4096) failed: Function not implemented
[1579527753.937357] [dahu-19:8529 :0]       ib_iface.c:696  UCX  ERROR ibv_create_cq(cqe=4096) failed: Function not implemented
[1579527753.944206] [dahu-17:9099 :0]       ib_iface.c:696  UCX  ERROR ibv_create_cq(cqe=4096) failed: Function not implemented
[1579527753.944336] [dahu-17:9098 :0]       ib_iface.c:696  UCX  ERROR ibv_create_cq(cqe=4096) failed: Function not implemented
[1579527753.938452] [dahu-19:8534 :0]       ib_iface.c:696  UCX  ERROR ibv_create_cq(cqe=4096) failed: Function not implemented
[1579527753.944681] [dahu-17:9102 :0]       ib_iface.c:696  UCX  ERROR ibv_create_cq(cqe=4096) failed: Function not implemented
[1579527753.938780] [dahu-19:8527 :0]       ib_iface.c:696  UCX  ERROR ibv_create_cq(cqe=4096) failed: Function not implemented
[1579527753.938848] [dahu-19:8532 :0]       ib_iface.c:696  UCX  ERROR ibv_create_cq(cqe=4096) failed: Function not implemented
[1579527753.944781] [dahu-18:8533 :0]       ib_iface.c:696  UCX  ERROR ibv_create_cq(cqe=4096) failed: Function not implemented
[1579527753.944759] [dahu-18:8541 :0]       ib_iface.c:696  UCX  ERROR ibv_create_cq(cqe=4096) failed: Function not implemented
[1579527753.945532] [dahu-18:8540 :0]       ib_iface.c:696  UCX  ERROR ibv_create_cq(cqe=4096) failed: Function not implemented
[1579527753.939743] [dahu-19:8524 :0]       ib_iface.c:696  UCX  ERROR ibv_create_cq(cqe=4096) failed: Function not implemented
[1579527753.946068] [dahu-18:8538 :0]       ib_iface.c:696  UCX  ERROR ibv_create_cq(cqe=4096) failed: Function not implemented
[1579527753.940098] [dahu-19:8526 :0]       ib_iface.c:696  UCX  ERROR ibv_create_cq(cqe=4096) failed: Function not implemented
[1579527753.946159] [dahu-18:8537 :0]       ib_iface.c:696  UCX  ERROR ibv_create_cq(cqe=4096) failed: Function not implemented
[1579527753.940227] [dahu-19:8531 :0]       ib_iface.c:696  UCX  ERROR ibv_create_cq(cqe=4096) failed: Function not implemented
[1579527753.946347] [dahu-18:8542 :0]       ib_iface.c:696  UCX  ERROR ibv_create_cq(cqe=4096) failed: Function not implemented
[1579527753.946439] [dahu-18:8543 :0]       ib_iface.c:696  UCX  ERROR ibv_create_cq(cqe=4096) failed: Function not implemented
[1579527753.940883] [dahu-19:8533 :0]       ib_iface.c:696  UCX  ERROR ibv_create_cq(cqe=4096) failed: Function not implemented
[1579527753.948068] [dahu-18:8530 :0]       ib_iface.c:696  UCX  ERROR ibv_create_cq(cqe=4096) failed: Function not implemented
[1579527753.948438] [dahu-17:9085 :0]       ib_iface.c:696  UCX  ERROR ibv_create_cq(cqe=4096) failed: Function not implemented
[1579527753.948830] [dahu-17:9092 :0]       ib_iface.c:696  UCX  ERROR ibv_create_cq(cqe=4096) failed: Function not implemented
[1579527753.949476] [dahu-17:9082 :0]       ib_iface.c:696  UCX  ERROR ibv_create_cq(cqe=4096) failed: Function not implemented
[1579527753.950251] [dahu-17:9105 :0]       ib_iface.c:696  UCX  ERROR ibv_create_cq(cqe=4096) failed: Function not implemented
[1579527753.950540] [dahu-17:9101 :0]       ib_iface.c:696  UCX  ERROR ibv_create_cq(cqe=4096) failed: Function not implemented
[1579527753.951630] [dahu-17:9104 :0]       ib_iface.c:696  UCX  ERROR ibv_create_cq(cqe=4096) failed: Function not implemented
[1579527753.951656] [dahu-17:9108 :0]       ib_iface.c:696  UCX  ERROR ibv_create_cq(cqe=4096) failed: Function not implemented
[1579527753.951489] [dahu-18:8535 :0]       ib_iface.c:696  UCX  ERROR ibv_create_cq(cqe=4096) failed: Function not implemented
[1579527753.952098] [dahu-17:9087 :0]       ib_iface.c:696  UCX  ERROR ibv_create_cq(cqe=4096) failed: Function not implemented
[1579527753.952051] [dahu-18:8539 :0]       ib_iface.c:696  UCX  ERROR ibv_create_cq(cqe=4096) failed: Function not implemented
[1579527753.952616] [dahu-17:9110 :0]       ib_iface.c:696  UCX  ERROR ibv_create_cq(cqe=4096) failed: Function not implemented
[1579527753.952639] [dahu-17:9080 :0]       ib_iface.c:696  UCX  ERROR ibv_create_cq(cqe=4096) failed: Function not implemented
[1579527753.952937] [dahu-17:9109 :0]       ib_iface.c:696  UCX  ERROR ibv_create_cq(cqe=4096) failed: Function not implemented
[1579527753.953938] [dahu-17:9107 :0]       ib_iface.c:696  UCX  ERROR ibv_create_cq(cqe=4096) failed: Function not implemented
[1579527753.955111] [dahu-17:9100 :0]       ib_iface.c:696  UCX  ERROR ibv_create_cq(cqe=4096) failed: Function not implemented
[1579527753.955351] [dahu-17:9106 :0]       ib_iface.c:696  UCX  ERROR ibv_create_cq(cqe=4096) failed: Function not implemented
[1579527753.955766] [dahu-17:9103 :0]       ib_iface.c:696  UCX  ERROR ibv_create_cq(cqe=4096) failed: Function not implemented
[1579527753.958484] [dahu-16:13026:0]       ib_iface.c:696  UCX  ERROR ibv_create_cq(cqe=4096) failed: Function not implemented
[1579527753.958588] [dahu-16:13038:0]       ib_iface.c:696  UCX  ERROR ibv_create_cq(cqe=4096) failed: Function not implemented
[1579527753.959403] [dahu-16:13029:0]       ib_iface.c:696  UCX  ERROR ibv_create_cq(cqe=4096) failed: Function not implemented
[1579527753.961601] [dahu-16:13021:0]       ib_iface.c:696  UCX  ERROR ibv_create_cq(cqe=4096) failed: Function not implemented
[1579527753.962506] [dahu-16:13035:0]       ib_iface.c:696  UCX  ERROR ibv_create_cq(cqe=4096) failed: Function not implemented
[1579527753.963920] [dahu-16:13020:0]       ib_iface.c:696  UCX  ERROR ibv_create_cq(cqe=4096) failed: Function not implemented
[1579527753.966319] [dahu-16:13027:0]       ib_iface.c:696  UCX  ERROR ibv_create_cq(cqe=4096) failed: Function not implemented
[1579527753.969104] [dahu-16:13031:0]       ib_iface.c:696  UCX  ERROR ibv_create_cq(cqe=4096) failed: Function not implemented
[1579527753.969392] [dahu-16:13030:0]       ib_iface.c:696  UCX  ERROR ibv_create_cq(cqe=4096) failed: Function not implemented
[1579527753.969868] [dahu-16:13034:0]       ib_iface.c:696  UCX  ERROR ibv_create_cq(cqe=4096) failed: Function not implemented
[1579527753.969956] [dahu-16:13024:0]       ib_iface.c:696  UCX  ERROR ibv_create_cq(cqe=4096) failed: Function not implemented
[1579527753.972068] [dahu-16:13022:0]       ib_iface.c:696  UCX  ERROR ibv_create_cq(cqe=4096) failed: Function not implemented
[1579527753.973668] [dahu-16:13040:0]       ib_iface.c:696  UCX  ERROR ibv_create_cq(cqe=4096) failed: Function not implemented
[1579527753.973994] [dahu-16:13037:0]       ib_iface.c:696  UCX  ERROR ibv_create_cq(cqe=4096) failed: Function not implemented
[1579527753.974064] [dahu-16:13023:0]       ib_iface.c:696  UCX  ERROR ibv_create_cq(cqe=4096) failed: Function not implemented
[1579527753.974304] [dahu-16:13028:0]       ib_iface.c:696  UCX  ERROR ibv_create_cq(cqe=4096) failed: Function not implemented
[1579527753.974955] [dahu-16:13032:0]       ib_iface.c:696  UCX  ERROR ibv_create_cq(cqe=4096) failed: Function not implemented
[1579527753.976989] [dahu-16:13045:0]       ib_iface.c:696  UCX  ERROR ibv_create_cq(cqe=4096) failed: Function not implemented
[1579527753.978617] [dahu-16:13033:0]       ib_iface.c:696  UCX  ERROR ibv_create_cq(cqe=4096) failed: Function not implemented
[1579527753.980199] [dahu-16:13041:0]       ib_iface.c:696  UCX  ERROR ibv_create_cq(cqe=4096) failed: Function not implemented
[1579527753.980577] [dahu-16:13049:0]       ib_iface.c:696  UCX  ERROR ibv_create_cq(cqe=4096) failed: Function not implemented
[1579527753.981036] [dahu-16:13046:0]       ib_iface.c:696  UCX  ERROR ibv_create_cq(cqe=4096) failed: Function not implemented
[1579527753.981236] [dahu-16:13050:0]       ib_iface.c:696  UCX  ERROR ibv_create_cq(cqe=4096) failed: Function not implemented
[1579527753.981548] [dahu-16:13048:0]       ib_iface.c:696  UCX  ERROR ibv_create_cq(cqe=4096) failed: Function not implemented
[1579527753.981820] [dahu-16:13044:0]       ib_iface.c:696  UCX  ERROR ibv_create_cq(cqe=4096) failed: Function not implemented
[1579527753.981909] [dahu-16:13042:0]       ib_iface.c:696  UCX  ERROR ibv_create_cq(cqe=4096) failed: Function not implemented
[1579527753.982179] [dahu-16:13043:0]       ib_iface.c:696  UCX  ERROR ibv_create_cq(cqe=4096) failed: Function not implemented
[1579527753.982582] [dahu-16:13039:0]       ib_iface.c:696  UCX  ERROR ibv_create_cq(cqe=4096) failed: Function not implemented
[1579527753.982856] [dahu-16:13036:0]       ib_iface.c:696  UCX  ERROR ibv_create_cq(cqe=4096) failed: Function not implemented
[1579527753.983023] [dahu-16:13047:0]       ib_iface.c:696  UCX  ERROR ibv_create_cq(cqe=4096) failed: Function not implemented
[1579527753.984488] [dahu-16:13019:0]       ib_iface.c:696  UCX  ERROR ibv_create_cq(cqe=4096) failed: Function not implemented
[1579527753.984953] [dahu-16:13025:0]       ib_iface.c:696  UCX  ERROR ibv_create_cq(cqe=4096) failed: Function not implemented
[1579527754.440952] [dahu-20:8686 :0]       ib_iface.c:696  UCX  ERROR ibv_create_cq(cqe=4096) failed: Function not implemented
[1579527754.441070] [dahu-20:8664 :0]       ib_iface.c:696  UCX  ERROR ibv_create_cq(cqe=4096) failed: Function not implemented
[1579527754.442279] [dahu-20:8662 :0]       ib_iface.c:696  UCX  ERROR ibv_create_cq(cqe=4096) failed: Function not implemented
[1579527754.445586] [dahu-2:7876 :0]       ib_iface.c:696  UCX  ERROR ibv_create_cq(cqe=4096) failed: Function not implemented
[1579527754.446527] [dahu-2:7884 :0]       ib_iface.c:696  UCX  ERROR ibv_create_cq(cqe=4096) failed: Function not implemented
[1579527754.446313] [dahu-20:8678 :0]       ib_iface.c:696  UCX  ERROR ibv_create_cq(cqe=4096) failed: Function not implemented
[1579527754.454437] [dahu-20:8659 :0]       ib_iface.c:696  UCX  ERROR ibv_create_cq(cqe=4096) failed: Function not implemented
[1579527754.456464] [dahu-2:7895 :0]       ib_iface.c:696  UCX  ERROR ibv_create_cq(cqe=4096) failed: Function not implemented
[1579527754.456132] [dahu-20:8690 :0]       ib_iface.c:696  UCX  ERROR ibv_create_cq(cqe=4096) failed: Function not implemented
[1579527754.458292] [dahu-2:7867 :0]       ib_iface.c:696  UCX  ERROR ibv_create_cq(cqe=4096) failed: Function not implemented
[1579527754.458273] [dahu-20:8694 :0]       ib_iface.c:696  UCX  ERROR ibv_create_cq(cqe=4096) failed: Function not implemented
[1579527754.459788] [dahu-2:7893 :0]       ib_iface.c:696  UCX  ERROR ibv_create_cq(cqe=4096) failed: Function not implemented
[1579527754.459759] [dahu-20:8665 :0]       ib_iface.c:696  UCX  ERROR ibv_create_cq(cqe=4096) failed: Function not implemented
[1579527754.460458] [dahu-20:8695 :0]       ib_iface.c:696  UCX  ERROR ibv_create_cq(cqe=4096) failed: Function not implemented
[1579527754.461392] [dahu-20:8667 :0]       ib_iface.c:696  UCX  ERROR ibv_create_cq(cqe=4096) failed: Function not implemented
[1579527754.462219] [dahu-20:8680 :0]       ib_iface.c:696  UCX  ERROR ibv_create_cq(cqe=4096) failed: Function not implemented
[1579527754.465289] [dahu-2:7883 :0]       ib_iface.c:696  UCX  ERROR ibv_create_cq(cqe=4096) failed: Function not implemented
[1579527754.466676] [dahu-2:7894 :0]       ib_iface.c:696  UCX  ERROR ibv_create_cq(cqe=4096) failed: Function not implemented
[1579527754.467224] [dahu-2:7891 :0]       ib_iface.c:696  UCX  ERROR ibv_create_cq(cqe=4096) failed: Function not implemented
[1579527754.468053] [dahu-2:7871 :0]       ib_iface.c:696  UCX  ERROR ibv_create_cq(cqe=4096) failed: Function not implemented
[1579527754.468181] [dahu-2:7887 :0]       ib_iface.c:696  UCX  ERROR ibv_create_cq(cqe=4096) failed: Function not implemented
[1579527754.468613] [dahu-2:7857 :0]       ib_iface.c:696  UCX  ERROR ibv_create_cq(cqe=4096) failed: Function not implemented
[1579527754.468226] [dahu-20:8674 :0]       ib_iface.c:696  UCX  ERROR ibv_create_cq(cqe=4096) failed: Function not implemented
[1579527754.468226] [dahu-20:8684 :0]       ib_iface.c:696  UCX  ERROR ibv_create_cq(cqe=4096) failed: Function not implemented
[1579527754.468541] [dahu-20:8658 :0]       ib_iface.c:696  UCX  ERROR ibv_create_cq(cqe=4096) failed: Function not implemented
[1579527754.469444] [dahu-2:7869 :0]       ib_iface.c:696  UCX  ERROR ibv_create_cq(cqe=4096) failed: Function not implemented
[1579527754.469255] [dahu-20:8675 :0]       ib_iface.c:696  UCX  ERROR ibv_create_cq(cqe=4096) failed: Function not implemented
[1579527754.469344] [dahu-20:8688 :0]       ib_iface.c:696  UCX  ERROR ibv_create_cq(cqe=4096) failed: Function not implemented
[1579527754.469500] [dahu-20:8681 :0]       ib_iface.c:696  UCX  ERROR ibv_create_cq(cqe=4096) failed: Function not implemented
[1579527754.469585] [dahu-20:8663 :0]       ib_iface.c:696  UCX  ERROR ibv_create_cq(cqe=4096) failed: Function not implemented
[1579527754.469592] [dahu-20:8692 :0]       ib_iface.c:696  UCX  ERROR ibv_create_cq(cqe=4096) failed: Function not implemented
[1579527754.470628] [dahu-20:8669 :0]       ib_iface.c:696  UCX  ERROR ibv_create_cq(cqe=4096) failed: Function not implemented
[1579527754.471566] [dahu-2:7872 :0]       ib_iface.c:696  UCX  ERROR ibv_create_cq(cqe=4096) failed: Function not implemented
[1579527754.471856] [dahu-2:7873 :0]       ib_iface.c:696  UCX  ERROR ibv_create_cq(cqe=4096) failed: Function not implemented
[1579527754.472056] [dahu-2:7877 :0]       ib_iface.c:696  UCX  ERROR ibv_create_cq(cqe=4096) failed: Function not implemented
[1579527754.472361] [dahu-2:7892 :0]       ib_iface.c:696  UCX  ERROR ibv_create_cq(cqe=4096) failed: Function not implemented
[1579527754.472907] [dahu-2:7859 :0]       ib_iface.c:696  UCX  ERROR ibv_create_cq(cqe=4096) failed: Function not implemented
[1579527754.473063] [dahu-2:7858 :0]       ib_iface.c:696  UCX  ERROR ibv_create_cq(cqe=4096) failed: Function not implemented
[1579527754.476362] [dahu-20:8683 :0]       ib_iface.c:696  UCX  ERROR ibv_create_cq(cqe=4096) failed: Function not implemented
[1579527754.476874] [dahu-20:8657 :0]       ib_iface.c:696  UCX  ERROR ibv_create_cq(cqe=4096) failed: Function not implemented
[1579527754.476939] [dahu-20:8666 :0]       ib_iface.c:696  UCX  ERROR ibv_create_cq(cqe=4096) failed: Function not implemented
[1579527754.476967] [dahu-20:8687 :0]       ib_iface.c:696  UCX  ERROR ibv_create_cq(cqe=4096) failed: Function not implemented
[1579527754.476989] [dahu-20:8670 :0]       ib_iface.c:696  UCX  ERROR ibv_create_cq(cqe=4096) failed: Function not implemented
[1579527754.477400] [dahu-20:8682 :0]       ib_iface.c:696  UCX  ERROR ibv_create_cq(cqe=4096) failed: Function not implemented
[1579527754.477762] [dahu-20:8685 :0]       ib_iface.c:696  UCX  ERROR ibv_create_cq(cqe=4096) failed: Function not implemented
[1579527754.477779] [dahu-20:8689 :0]       ib_iface.c:696  UCX  ERROR ibv_create_cq(cqe=4096) failed: Function not implemented
[1579527754.478330] [dahu-20:8676 :0]       ib_iface.c:696  UCX  ERROR ibv_create_cq(cqe=4096) failed: Function not implemented
[1579527754.478330] [dahu-20:8679 :0]       ib_iface.c:696  UCX  ERROR ibv_create_cq(cqe=4096) failed: Function not implemented
[1579527754.478353] [dahu-20:8691 :0]       ib_iface.c:696  UCX  ERROR ibv_create_cq(cqe=4096) failed: Function not implemented
[1579527754.478407] [dahu-20:8693 :0]       ib_iface.c:696  UCX  ERROR ibv_create_cq(cqe=4096) failed: Function not implemented
[1579527754.480430] [dahu-2:7875 :0]       ib_iface.c:696  UCX  ERROR ibv_create_cq(cqe=4096) failed: Function not implemented
[1579527754.480553] [dahu-2:7896 :0]       ib_iface.c:696  UCX  ERROR ibv_create_cq(cqe=4096) failed: Function not implemented
[1579527754.480980] [dahu-2:7882 :0]       ib_iface.c:696  UCX  ERROR ibv_create_cq(cqe=4096) failed: Function not implemented
[1579527754.481329] [dahu-2:7860 :0]       ib_iface.c:696  UCX  ERROR ibv_create_cq(cqe=4096) failed: Function not implemented
[1579527754.481628] [dahu-2:7870 :0]       ib_iface.c:696  UCX  ERROR ibv_create_cq(cqe=4096) failed: Function not implemented
[1579527754.481743] [dahu-2:7868 :0]       ib_iface.c:696  UCX  ERROR ibv_create_cq(cqe=4096) failed: Function not implemented
[1579527754.481743] [dahu-2:7881 :0]       ib_iface.c:696  UCX  ERROR ibv_create_cq(cqe=4096) failed: Function not implemented
[1579527754.481746] [dahu-2:7890 :0]       ib_iface.c:696  UCX  ERROR ibv_create_cq(cqe=4096) failed: Function not implemented
[1579527754.481793] [dahu-2:7880 :0]       ib_iface.c:696  UCX  ERROR ibv_create_cq(cqe=4096) failed: Function not implemented
[1579527754.481857] [dahu-2:7885 :0]       ib_iface.c:696  UCX  ERROR ibv_create_cq(cqe=4096) failed: Function not implemented
[1579527754.481945] [dahu-2:7878 :0]       ib_iface.c:696  UCX  ERROR ibv_create_cq(cqe=4096) failed: Function not implemented
[1579527754.482261] [dahu-2:7889 :0]       ib_iface.c:696  UCX  ERROR ibv_create_cq(cqe=4096) failed: Function not implemented
[1579527754.482865] [dahu-2:7879 :0]       ib_iface.c:696  UCX  ERROR ibv_create_cq(cqe=4096) failed: Function not implemented
[1579527754.483022] [dahu-2:7888 :0]       ib_iface.c:696  UCX  ERROR ibv_create_cq(cqe=4096) failed: Function not implemented
42:34.643106059 [ INFO] [111] has timed out. starting new election...
42:34.651106471 [ INFO] [25] has timed out. starting new election...
42:34.651160286 [ INFO] [28] has timed out. starting new election...
42:34.652701707 [ INFO] [151] has timed out. starting new election...
42:34.653059894 [ INFO] [135] has timed out. starting new election...
42:34.648103779 [ INFO] [106] has timed out. starting new election...
42:34.655387711 [ INFO] [182] has timed out. starting new election...
42:34.656140108 [ INFO] [190] has timed out. starting new election...
42:34.661100347 [ INFO] [170] has timed out. starting new election...
42:34.888529439 [ INFO] [27] has timed out. starting new election...
42:34.889868949 [ INFO] [11] has timed out. starting new election...
42:35.045889008 [ INFO] [111] candidate has timed out. starting new election...
42:35.055529847 [ INFO] [135] candidate has timed out. starting new election...
42:35.050408758 [ INFO] [106] candidate has timed out. starting new election...
42:35.059391567 [ INFO] [182] candidate has timed out. starting new election...
42:35.060715160 [ INFO] [151] candidate has timed out. starting new election...
42:35.063359511 [ INFO] [28] candidate has timed out. starting new election...
42:35.077640058 [ INFO] [25] candidate has timed out. starting new election...
42:35.098560206 [ INFO] [167] has timed out. starting new election...
42:35.092382085 [ INFO] [96] has timed out. starting new election...
42:35.107243791 [ INFO] [165] has timed out. starting new election...
42:35.115581572 [ INFO] [22] has timed out. starting new election...
42:35.184142589 [ INFO] [136] has timed out. starting new election...
42:35.189789317 [ INFO] [80] has timed out. starting new election...
42:35.197383183 [ INFO] [97] has timed out. starting new election...
42:35.207522048 [ INFO] [83] has timed out. starting new election...
42:35.210899005 [ INFO] [75] has timed out. starting new election...
42:35.214403208 [ INFO] [53] has timed out. starting new election...
42:35.216383408 [ INFO] [79] has timed out. starting new election...
42:35.219325621 [ INFO] [140] has timed out. starting new election...
42:35.218974445 [ INFO] [190] candidate has timed out. starting new election...
42:35.221466064 [ INFO] [94] has timed out. starting new election...
42:35.223694679 [ INFO] [18] has timed out. starting new election...
42:35.223782941 [ INFO] [162] has timed out. starting new election...
42:35.227328923 [ INFO] [150] has timed out. starting new election...
42:35.228248232 [ INFO] [7] has timed out. starting new election...
42:35.228570102 [ INFO] [68] has timed out. starting new election...
42:35.229663644 [ INFO] [69] has timed out. starting new election...
42:35.229892720 [ INFO] [77] has timed out. starting new election...
42:35.224253210 [ INFO] [118] has timed out. starting new election...
42:35.231826875 [ INFO] [161] has timed out. starting new election...
42:35.232599978 [ INFO] [163] has timed out. starting new election...
42:35.232319996 [ INFO] [70] has timed out. starting new election...
42:35.235902598 [ INFO] [42] has timed out. starting new election...
42:35.235993249 [ INFO] [78] has timed out. starting new election...
42:35.241269990 [ INFO] [16] has timed out. starting new election...
42:35.233963152 [ INFO] [124] has timed out. starting new election...
42:35.240174765 [ INFO] [76] has timed out. starting new election...
42:35.241513267 [ INFO] [45] has timed out. starting new election...
42:35.241582443 [ INFO] [56] has timed out. starting new election...
42:35.243334153 [ INFO] [133] has timed out. starting new election...
42:35.242420525 [ INFO] [73] has timed out. starting new election...
42:35.243672688 [ INFO] [173] has timed out. starting new election...
42:35.243524017 [ INFO] [82] has timed out. starting new election...
42:35.238250012 [ INFO] [117] has timed out. starting new election...
42:35.244553905 [ INFO] [81] has timed out. starting new election...
42:35.245258686 [ INFO] [47] has timed out. starting new election...
42:35.243721691 [ INFO] [155] has timed out. starting new election...
42:35.247136295 [ INFO] [175] has timed out. starting new election...
42:35.243982966 [ INFO] [144] has timed out. starting new election...
42:35.249187234 [ INFO] [32] has timed out. starting new election...
42:35.250361920 [ INFO] [38] has timed out. starting new election...
42:35.252034502 [ INFO] [19] has timed out. starting new election...
42:35.252100584 [ INFO] [55] has timed out. starting new election...
42:35.252719363 [ INFO] [174] has timed out. starting new election...
42:35.252555104 [ INFO] [95] has timed out. starting new election...
42:35.253715625 [ INFO] [131] has timed out. starting new election...
42:35.254523502 [ INFO] [30] has timed out. starting new election...
42:35.253985096 [ INFO] [86] has timed out. starting new election...
42:35.256071082 [ INFO] [35] has timed out. starting new election...
42:35.250328085 [ INFO] [103] has timed out. starting new election...
42:35.257958509 [ INFO] [0] has timed out. starting new election...
42:35.259358804 [ INFO] [10] has timed out. starting new election...
42:35.255323905 [ INFO] [148] has timed out. starting new election...
42:35.261513017 [ INFO] [48] has timed out. starting new election...
42:35.262421634 [ INFO] [89] has timed out. starting new election...
42:35.265077154 [ INFO] [33] has timed out. starting new election...
42:35.269465489 [ INFO] [154] has timed out. starting new election...
42:35.263163328 [ INFO] [110] has timed out. starting new election...
42:35.271115824 [ INFO] [134] has timed out. starting new election...
42:35.271177436 [ INFO] [141] has timed out. starting new election...
42:35.271601381 [ INFO] [189] has timed out. starting new election...
42:35.272241917 [ INFO] [67] has timed out. starting new election...
42:35.272555120 [ INFO] [84] has timed out. starting new election...
42:35.265197624 [ INFO] [109] has timed out. starting new election...
42:35.267426953 [ INFO] [98] has timed out. starting new election...
42:35.274585416 [ INFO] [72] has timed out. starting new election...
42:35.275554687 [ INFO] [177] has timed out. starting new election...
42:35.276397011 [ INFO] [50] has timed out. starting new election...
42:35.276552682 [ INFO] [88] has timed out. starting new election...
42:35.279096409 [ INFO] [59] has timed out. starting new election...
42:35.280832770 [ INFO] [13] has timed out. starting new election...
42:35.280583268 [ INFO] [149] has timed out. starting new election...
42:35.274127835 [ INFO] [102] has timed out. starting new election...
42:35.274862840 [ INFO] [99] has timed out. starting new election...
42:35.271010892 [ INFO] [125] has timed out. starting new election...
42:35.282190347 [ INFO] [34] has timed out. starting new election...
42:35.282133757 [ INFO] [43] has timed out. starting new election...
42:35.282332747 [ INFO] [71] has timed out. starting new election...
42:35.282993505 [ INFO] [187] has timed out. starting new election...
42:35.276759855 [ INFO] [127] has timed out. starting new election...
42:35.284038073 [ INFO] [158] has timed out. starting new election...
42:35.283669058 [ INFO] [186] has timed out. starting new election...
42:35.284305642 [ INFO] [39] has timed out. starting new election...
42:35.278388320 [ INFO] [123] has timed out. starting new election...
42:35.285463636 [ INFO] [143] has timed out. starting new election...
42:35.285599362 [ INFO] [157] has timed out. starting new election...
42:35.287295383 [ INFO] [26] has timed out. starting new election...
42:35.286734026 [ INFO] [52] has timed out. starting new election...
42:35.287003155 [ INFO] [180] has timed out. starting new election...
42:35.281713124 [ INFO] [126] has timed out. starting new election...
42:35.281790827 [ INFO] [122] has timed out. starting new election...
42:35.288237347 [ INFO] [172] has timed out. starting new election...
42:35.288317176 [ INFO] [184] has timed out. starting new election...
42:35.288321308 [ INFO] [65] has timed out. starting new election...
42:35.288636253 [ INFO] [93] has timed out. starting new election...
42:35.288902537 [ INFO] [92] has timed out. starting new election...
42:35.290816532 [ INFO] [15] has timed out. starting new election...
42:35.292597717 [ INFO] [185] has timed out. starting new election...
42:35.293063362 [ INFO] [58] has timed out. starting new election...
42:35.293390436 [ INFO] [74] has timed out. starting new election...
42:35.293678288 [ INFO] [46] has timed out. starting new election...
42:35.295831222 [ INFO] [64] has timed out. starting new election...
42:35.297863471 [ INFO] [54] has timed out. starting new election...
42:35.292569660 [ INFO] [114] has timed out. starting new election...
42:35.299851390 [ INFO] [145] has timed out. starting new election...
42:35.303070714 [ INFO] [160] has timed out. starting new election...
42:35.304172829 [ INFO] [61] has timed out. starting new election...
42:35.305022522 [ INFO] [128] has timed out. starting new election...
42:35.305063066 [ INFO] [146] has timed out. starting new election...
42:35.299017004 [ INFO] [112] has timed out. starting new election...
42:35.305610284 [ INFO] [169] has timed out. starting new election...
42:35.307542136 [ INFO] [142] has timed out. starting new election...
42:35.301355006 [ INFO] [115] has timed out. starting new election...
42:35.301904275 [ INFO] [101] has timed out. starting new election...
42:35.308185036 [ INFO] [85] has timed out. starting new election...
42:35.302496898 [ INFO] [104] has timed out. starting new election...
42:35.309989437 [ INFO] [36] has timed out. starting new election...
42:35.311584805 [ INFO] [171] has timed out. starting new election...
42:35.306845961 [ INFO] [120] has timed out. starting new election...
42:35.316558450 [ INFO] [24] has timed out. starting new election...
42:35.316593444 [ INFO] [129] has timed out. starting new election...
42:35.316703425 [ INFO] [159] has timed out. starting new election...
42:35.316953305 [ INFO] [57] has timed out. starting new election...
42:35.311005543 [ INFO] [107] has timed out. starting new election...
42:35.312352839 [ INFO] [108] has timed out. starting new election...
42:35.321210323 [ INFO] [130] has timed out. starting new election...
42:35.321508618 [ INFO] [153] has timed out. starting new election...
42:35.322632887 [ INFO] [179] has timed out. starting new election...
42:35.317257986 [ INFO] [113] has timed out. starting new election...
42:35.324049628 [ INFO] [90] has timed out. starting new election...
42:35.324484535 [ INFO] [60] has timed out. starting new election...
42:35.318628038 [ INFO] [116] has timed out. starting new election...
42:35.325456761 [ INFO] [168] has timed out. starting new election...
42:35.320108277 [ INFO] [119] has timed out. starting new election...
42:35.327324613 [ INFO] [137] has timed out. starting new election...
42:35.327197924 [ INFO] [66] has timed out. starting new election...
42:35.329973134 [ INFO] [152] has timed out. starting new election...
42:35.330857066 [ INFO] [188] has timed out. starting new election...
42:35.325620149 [ INFO] [121] has timed out. starting new election...
42:35.333675028 [ INFO] [63] has timed out. starting new election...
42:35.334722531 [ INFO] [156] has timed out. starting new election...
42:35.334375788 [ INFO] [191] has timed out. starting new election...
42:35.335329939 [ INFO] [132] has timed out. starting new election...
42:35.334842534 [ INFO] [37] has timed out. starting new election...
42:35.335007833 [ INFO] [176] has timed out. starting new election...
42:35.336175994 [ INFO] [49] has timed out. starting new election...
42:35.336360198 [ INFO] [164] has timed out. starting new election...
42:35.337787276 [ INFO] [44] has timed out. starting new election...
42:35.338066330 [ INFO] [41] has timed out. starting new election...
42:35.341031304 [ INFO] [17] has timed out. starting new election...
42:35.333711878 [ INFO] [105] has timed out. starting new election...
42:35.342078409 [ INFO] [139] has timed out. starting new election...
42:35.342764806 [ INFO] [20] has timed out. starting new election...
42:35.342733576 [ INFO] [138] has timed out. starting new election...
42:35.343325644 [ INFO] [147] has timed out. starting new election...
42:35.347777821 [ INFO] [178] has timed out. starting new election...
42:35.348277110 [ INFO] [87] has timed out. starting new election...
42:35.352679240 [ INFO] [14] has timed out. starting new election...
42:35.346744818 [ INFO] [100] has timed out. starting new election...
42:35.358199577 [ INFO] [166] has timed out. starting new election...
42:35.358864464 [ INFO] [181] has timed out. starting new election...
42:35.360597935 [ INFO] [9] has timed out. starting new election...
42:35.364128699 [ INFO] [40] has timed out. starting new election...
42:35.364375303 [ INFO] [91] has timed out. starting new election...
42:35.368257786 [ INFO] [183] has timed out. starting new election...
42:35.369117899 [ INFO] [62] has timed out. starting new election...
42:35.433741107 [ INFO] [1] has timed out. starting new election...
42:35.469850766 [ INFO] [31] has timed out. starting new election...
42:35.471327280 [ INFO] [4] has timed out. starting new election...
42:35.497183363 [ INFO] [3] has timed out. starting new election...
42:35.527271113 [ INFO] [51] has timed out. starting new election...
42:35.531135626 [ INFO] [2] has timed out. starting new election...
42:35.551288532 [ INFO] [5] has timed out. starting new election...
42:35.557758289 [ INFO] [12] has timed out. starting new election...
42:35.562068090 [ INFO] [23] has timed out. starting new election...
42:35.564034245 [ INFO] [21] has timed out. starting new election...
42:35.690162924 [ INFO] [6] has timed out. starting new election...
42:35.916229186 [ INFO] [154] has timed out. starting new election...
42:35.956349175 [ INFO] [148] has timed out. starting new election...
42:36.338401585 [ INFO] [148] candidate has timed out. starting new election...
42:36.403306011 [ INFO] [154] candidate has timed out. starting new election...
42:36.685420573 [ INFO] [170] has timed out. starting new election...
42:36.977034754 [ INFO] [2] has timed out. starting new election...
42:37.277511615 [ INFO] [2] candidate has timed out. starting new election...
42:37.278236259 [ INFO] [170] has timed out. starting new election...
42:37.434429084 [ INFO] [0] has timed out. starting new election...
42:37.589279603 [ INFO] [170] has timed out. starting new election...
42:37.751526485 [ INFO] [150] has timed out. starting new election...
42:37.907113449 [ INFO] [0] has timed out. starting new election...
42:38.058536843 [ INFO] [170] has timed out. starting new election...
42:38.215150454 [ INFO] [7] has timed out. starting new election...
42:38.370266944 [ INFO] [0] has timed out. starting new election...
42:38.376106611 [ INFO] [0] becomes leader with 97 votes
42:38.532132662 [ INFO] [7] has timed out. starting new election...
42:38.538200912 [ INFO] [7] becomes leader with 97 votes
42:38.692690976 [ INFO] [170] has timed out. starting new election...
42:38.698814668 [ INFO] [170] becomes leader with 97 votes
42:38.857054127 [ INFO] [10] has timed out. starting new election...
42:38.856508188 [ INFO] [75] has timed out. starting new election...
42:39.025996530 [ INFO] [140] has timed out. starting new election...
42:39.019117723 [ INFO] [124] has timed out. starting new election...
42:39.185052722 [ INFO] [10] has timed out. starting new election...
42:39.212194194 [ INFO] [10] becomes leader with 97 votes
42:39.369436860 [ INFO] [75] has timed out. starting new election...
42:39.375148082 [ INFO] [75] becomes leader with 97 votes
42:39.539336653 [ INFO] [53] has timed out. starting new election...
42:39.543580772 [ INFO] [53] becomes leader with 97 votes
42:39.552079266 [ INFO] [81] has timed out. starting new election...
42:39.725536007 [ INFO] [16] has timed out. starting new election...
42:39.731173138 [ INFO] [16] becomes leader with 97 votes
42:39.764826071 [ INFO] [81] has timed out. starting new election...
42:39.933221826 [ INFO] [150] has timed out. starting new election...
42:39.938825740 [ INFO] [150] becomes leader with 97 votes
42:40.098775642 [ INFO] [77] has timed out. starting new election...
42:40.100160691 [ INFO] [94] has timed out. starting new election...
42:40.154568207 [ INFO] [94] becomes leader with 177 votes
42:40.314926552 [ INFO] [79] has timed out. starting new election...
42:40.319011461 [ INFO] [140] has timed out. starting new election...
42:40.325139648 [ INFO] [140] becomes leader with 97 votes
42:40.507642808 [ INFO] [77] has timed out. starting new election...
42:40.524501312 [ INFO] [77] becomes leader with 97 votes
42:40.683958760 [ INFO] [79] has timed out. starting new election...
42:40.689454818 [ INFO] [79] becomes leader with 97 votes
42:40.898426800 [ INFO] [18] has timed out. starting new election...
42:40.897278257 [ INFO] [70] has timed out. starting new election...
42:40.936590777 [ INFO] [18] becomes leader with 97 votes
42:41.110255045 [ INFO] [16] has timed out. starting new election...
42:41.116216582 [ INFO] [16] becomes leader with 97 votes
42:41.321436486 [ INFO] [70] has timed out. starting new election...
42:41.321709391 [ INFO] [94] has timed out. starting new election...
42:41.374568136 [ INFO] [70] becomes leader with 172 votes
42:41.622035662 [ INFO] [94] candidate has timed out. starting new election...
42:41.691842141 [ INFO] [77] has timed out. starting new election...
42:41.701754610 [ INFO] [77] becomes leader with 97 votes
42:41.858625004 [ INFO] [79] has timed out. starting new election...
42:41.864171343 [ INFO] [79] becomes leader with 97 votes
42:42.108717084 [ INFO] [18] has timed out. starting new election...
42:42.114459240 [ INFO] [18] becomes leader with 97 votes
42:42.284796818 [ INFO] [140] has timed out. starting new election...
42:42.290868531 [ INFO] [140] becomes leader with 97 votes
42:42.541677710 [ INFO] [16] has timed out. starting new election...
42:42.547837946 [ INFO] [16] becomes leader with 97 votes
42:42.709220696 [ INFO] [150] has timed out. starting new election...
42:42.722062434 [ INFO] [150] becomes leader with 97 votes
42:43.028582335 [ INFO] [79] has timed out. starting new election...
42:43.028795420 [ INFO] [77] has timed out. starting new election...
42:43.039694428 [ INFO] [77] becomes leader with 97 votes
42:43.279837714 [ INFO] [70] has timed out. starting new election...
42:43.288301334 [ INFO] [70] becomes leader with 97 votes
42:43.455001066 [ INFO] [79] has timed out. starting new election...
42:43.460432079 [ INFO] [79] becomes leader with 97 votes
42:43.714591194 [ INFO] [18] has timed out. starting new election...
42:43.720344781 [ INFO] [18] becomes leader with 97 votes
42:43.888229955 [ INFO] [16] has timed out. starting new election...
42:43.894067506 [ INFO] [16] becomes leader with 97 votes
42:44.206441998 [ INFO] [77] has timed out. starting new election...
42:44.242564547 [ INFO] [77] becomes leader with 174 votes
42:44.458128417 [ INFO] [70] has timed out. starting new election...
42:44.490569245 [ INFO] [70] becomes leader with 174 votes
42:44.649706435 [ INFO] [79] has timed out. starting new election...
42:44.655213008 [ INFO] [79] becomes leader with 97 votes
42:44.891213107 [ INFO] [18] has timed out. starting new election...
42:44.891094145 [ INFO] [140] has timed out. starting new election...
42:44.904725436 [ INFO] [18] becomes leader with 97 votes
42:45.069443309 [ INFO] [150] has timed out. starting new election...
42:45.075238224 [ INFO] [150] becomes leader with 97 votes
42:45.239372482 [ INFO] [16] has timed out. starting new election...
42:45.245330787 [ INFO] [16] becomes leader with 97 votes
42:45.412116109 [ INFO] [140] has timed out. starting new election...
42:45.418052359 [ INFO] [140] becomes leader with 97 votes
42:45.654956342 [ INFO] [77] has timed out. starting new election...
42:45.669726788 [ INFO] [77] becomes leader with 97 votes
42:45.830834429 [ INFO] [79] has timed out. starting new election...
42:45.836296561 [ INFO] [79] becomes leader with 97 votes
42:46.070285699 [ INFO] [70] has timed out. starting new election...
42:46.091297809 [ INFO] [70] becomes leader with 174 votes
42:46.412231527 [ INFO] [18] has timed out. starting new election...
42:46.417973378 [ INFO] [18] becomes leader with 97 votes
42:46.586938739 [ INFO] [16] has timed out. starting new election...
42:46.592772858 [ INFO] [16] becomes leader with 97 votes
42:46.837256900 [ INFO] [77] has timed out. starting new election...
42:46.854880733 [ INFO] [77] becomes leader with 97 votes
42:47.016038622 [ INFO] [79] has timed out. starting new election...
42:47.054567469 [ INFO] [79] becomes leader with 174 votes
42:47.260612959 [ INFO] [150] has timed out. starting new election...
42:47.266275338 [ INFO] [150] becomes leader with 97 votes
42:47.582544326 [ INFO] [70] has timed out. starting new election...
42:47.588674280 [ INFO] [18] has timed out. starting new election...
42:47.594427396 [ INFO] [18] becomes leader with 97 votes
42:47.762945699 [ INFO] [140] has timed out. starting new election...
42:47.771038062 [ INFO] [140] becomes leader with 97 votes
42:48.021777377 [ INFO] [16] has timed out. starting new election...
42:48.027654713 [ INFO] [16] becomes leader with 97 votes
42:48.219149276 [ INFO] [77] has timed out. starting new election...
42:48.219263923 [ INFO] [79] has timed out. starting new election...
42:48.241170974 [ INFO] [77] becomes leader with 97 votes
42:48.432181942 [ INFO] [70] has timed out. starting new election...
42:48.455384033 [ INFO] [70] becomes leader with 97 votes
42:48.755674996 [ INFO] [79] has timed out. starting new election...
42:48.762318943 [ INFO] [79] becomes leader with 97 votes
42:48.937011468 [ INFO] [18] has timed out. starting new election...
42:48.943027875 [ INFO] [18] becomes leader with 97 votes
42:49.197358348 [ INFO] [16] has timed out. starting new election...
42:49.203123927 [ INFO] [16] becomes leader with 97 votes
42:49.408281485 [ INFO] [77] has timed out. starting new election...
42:49.413855389 [ INFO] [77] becomes leader with 97 votes
42:49.626026518 [ INFO] [140] has timed out. starting new election...
42:49.625216532 [ INFO] [70] has timed out. starting new election...
42:49.638083047 [ INFO] [140] becomes leader with 97 votes
42:49.925668109 [ INFO] [70] candidate has timed out. starting new election...
42:49.926519304 [ INFO] [79] has timed out. starting new election...
42:49.946736629 [ INFO] [79] becomes leader with 117 votes
42:50.115129425 [ INFO] [150] has timed out. starting new election...
42:50.114491357 [ INFO] [78] has timed out. starting new election...
42:50.126971054 [ INFO] [150] becomes leader with 97 votes
42:50.369748692 [ INFO] [18] has timed out. starting new election...
42:50.375502269 [ INFO] [18] becomes leader with 97 votes
42:50.580876014 [ INFO] [16] has timed out. starting new election...
42:50.580099436 [ INFO] [77] has timed out. starting new election...
42:50.626565387 [ INFO] [77] becomes leader with 173 votes
42:50.804820446 [ INFO] [16] has timed out. starting new election...
42:50.810856505 [ INFO] [16] becomes leader with 97 votes
42:51.110435710 [ INFO] [79] has timed out. starting new election...
42:51.142567369 [ INFO] [79] becomes leader with 140 votes
42:51.312754549 [ INFO] [140] has timed out. starting new election...
42:51.318562089 [ INFO] [140] becomes leader with 97 votes
42:51.546275505 [ INFO] [18] has timed out. starting new election...
42:51.552034404 [ INFO] [18] becomes leader with 97 votes
42:51.792789453 [ INFO] [77] has timed out. starting new election...
42:51.800035077 [ INFO] [77] becomes leader with 97 votes
42:51.980701348 [ INFO] [16] has timed out. starting new election...
42:51.986459492 [ INFO] [16] becomes leader with 97 votes
42:52.307292209 [ INFO] [79] has timed out. starting new election...
42:52.313779633 [ INFO] [79] becomes leader with 97 votes
42:52.489319013 [ INFO] [140] has timed out. starting new election...
42:52.489577580 [ INFO] [150] has timed out. starting new election...
42:52.500906704 [ INFO] [150] becomes leader with 97 votes
42:52.722612725 [ INFO] [18] has timed out. starting new election...
42:52.728283712 [ INFO] [18] becomes leader with 97 votes
42:52.971894837 [ INFO] [140] has timed out. starting new election...
42:52.979678766 [ INFO] [140] becomes leader with 97 votes
42:53.149530388 [ INFO] [77] has timed out. starting new election...
42:53.170173637 [ INFO] [77] becomes leader with 97 votes
42:53.478502951 [ INFO] [16] has timed out. starting new election...
42:53.484523746 [ INFO] [16] becomes leader with 97 votes
42:53.662727834 [ INFO] [79] has timed out. starting new election...
42:53.690567739 [ INFO] [79] becomes leader with 173 votes
42:53.896849996 [ INFO] [150] has timed out. starting new election...
42:53.903195256 [ INFO] [150] becomes leader with 97 votes
42:54.145712622 [ INFO] [18] has timed out. starting new election...
42:54.151606218 [ INFO] [18] becomes leader with 97 votes
42:54.336454156 [ INFO] [77] has timed out. starting new election...
42:54.342491494 [ INFO] [77] becomes leader with 97 votes
42:54.654259824 [ INFO] [16] has timed out. starting new election...
42:54.660025963 [ INFO] [16] becomes leader with 97 votes
42:54.867022204 [ INFO] [79] has timed out. starting new election...
42:54.873592608 [ INFO] [79] becomes leader with 97 votes
42:55.072995354 [ INFO] [140] has timed out. starting new election...
42:55.073037817 [ INFO] [150] has timed out. starting new election...
42:55.083890974 [ INFO] [150] becomes leader with 97 votes
42:55.322435970 [ INFO] [18] has timed out. starting new election...
42:55.328218683 [ INFO] [18] becomes leader with 97 votes
42:55.514259621 [ INFO] [140] has timed out. starting new election...
42:55.522353910 [ INFO] [140] becomes leader with 97 votes
42:55.822919692 [ INFO] [77] has timed out. starting new election...
42:55.829497302 [ INFO] [16] has timed out. starting new election...
42:55.835972139 [ INFO] [16] becomes leader with 97 votes
42:56.038416399 [ INFO] [79] has timed out. starting new election...
42:56.044847254 [ INFO] [78] has timed out. starting new election...
42:56.049457951 [ INFO] [19] has timed out. starting new election...
42:56.042083049 [ INFO] [124] has timed out. starting new election...
42:56.247379269 [ INFO] [77] has timed out. starting new election...
42:56.256020999 [ INFO] [77] becomes leader with 97 votes
42:56.498926854 [ INFO] [18] has timed out. starting new election...
42:56.504649690 [ INFO] [18] becomes leader with 97 votes
42:56.684459899 [ INFO] [79] has timed out. starting new election...
42:56.726565153 [ INFO] [79] becomes leader with 173 votes
42:57.005821909 [ INFO] [16] has timed out. starting new election...
42:57.011629592 [ INFO] [16] becomes leader with 97 votes
42:57.175328226 [ INFO] [140] has timed out. starting new election...
42:57.181307005 [ INFO] [140] becomes leader with 97 votes
42:57.422234099 [ INFO] [77] has timed out. starting new election...
42:57.427736574 [ INFO] [150] has timed out. starting new election...
42:57.435697703 [ INFO] [150] becomes leader with 97 votes
42:57.694119604 [ INFO] [18] has timed out. starting new election...
42:57.699902413 [ INFO] [18] becomes leader with 97 votes
42:57.951332279 [ INFO] [77] has timed out. starting new election...
42:57.969340169 [ INFO] [77] becomes leader with 97 votes
42:58.171653849 [ INFO] [79] has timed out. starting new election...
42:58.200607618 [ INFO] [79] becomes leader with 97 votes
42:58.364610630 [ INFO] [16] has timed out. starting new election...
42:58.370531618 [ INFO] [16] becomes leader with 97 votes
42:58.605208055 [ INFO] [150] has timed out. starting new election...
42:58.610900614 [ INFO] [150] becomes leader with 97 votes
42:58.870496602 [ INFO] [18] has timed out. starting new election...
42:58.876308661 [ INFO] [18] becomes leader with 97 votes
42:59.150510433 [ INFO] [140] has timed out. starting new election...
42:59.157435767 [ INFO] [140] becomes leader with 97 votes
42:59.363833099 [ INFO] [79] has timed out. starting new election...
42:59.370386733 [ INFO] [79] becomes leader with 97 votes
42:59.535116104 [ INFO] [77] has timed out. starting new election...
42:59.570568761 [ INFO] [77] becomes leader with 173 votes
42:59.793081966 [ INFO] [16] has timed out. starting new election...
42:59.799099597 [ INFO] [16] becomes leader with 97 votes
43:00.047105232 [ INFO] [18] has timed out. starting new election...
43:00.052902211 [ INFO] [18] becomes leader with 97 votes
43:00.326375834 [ INFO] [140] has timed out. starting new election...
43:00.326811122 [ INFO] [150] has timed out. starting new election...
43:00.336372037 [ INFO] [150] becomes leader with 97 votes
43:00.533454591 [ INFO] [79] has timed out. starting new election...
43:00.541115876 [ INFO] [79] becomes leader with 97 votes
43:00.796037316 [ INFO] [77] has timed out. starting new election...
43:00.805567729 [ INFO] [77] becomes leader with 97 votes
43:00.970900984 [ INFO] [140] has timed out. starting new election...
43:00.979832803 [ INFO] [140] becomes leader with 97 votes
43:01.216336588 [ INFO] [16] has timed out. starting new election...
43:01.222208826 [ INFO] [16] becomes leader with 97 votes
43:01.504013188 [ INFO] [18] has timed out. starting new election...
43:01.509921688 [ INFO] [18] becomes leader with 97 votes
43:01.705507015 [ INFO] [79] has timed out. starting new election...
43:01.710994092 [ INFO] [79] becomes leader with 97 votes
43:01.972677353 [ INFO] [77] has timed out. starting new election...
43:02.000199799 [ INFO] [77] becomes leader with 97 votes
43:02.167786115 [ INFO] [140] has timed out. starting new election...
43:02.173455019 [ INFO] [140] becomes leader with 97 votes
43:02.391989250 [ INFO] [16] has timed out. starting new election...
43:02.397660697 [ INFO] [16] becomes leader with 97 votes
43:02.680611719 [ INFO] [18] has timed out. starting new election...
43:02.686325118 [ INFO] [18] becomes leader with 97 votes
43:02.875276750 [ INFO] [79] has timed out. starting new election...
43:02.918570796 [ INFO] [79] becomes leader with 173 votes
43:03.166494521 [ INFO] [77] has timed out. starting new election...
43:03.189149521 [ INFO] [77] becomes leader with 97 votes
43:03.356884197 [ INFO] [140] has timed out. starting new election...
43:03.362652182 [ INFO] [140] becomes leader with 97 votes
43:03.565465582 [ INFO] [150] has timed out. starting new election...
43:03.586108694 [ INFO] [150] becomes leader with 97 votes
43:03.856844820 [ INFO] [18] has timed out. starting new election...
43:03.862524163 [ INFO] [18] becomes leader with 97 votes
43:04.083409396 [ INFO] [16] has timed out. starting new election...
43:04.089307150 [ INFO] [16] becomes leader with 97 votes
43:04.349633029 [ INFO] [79] has timed out. starting new election...
43:04.355348536 [ INFO] [77] has timed out. starting new election...
43:04.391083057 [ INFO] [77] becomes leader with 172 votes
43:04.661369611 [ INFO] [79] candidate has timed out. starting new election...
43:04.755881614 [ INFO] [150] has timed out. starting new election...
43:04.769207035 [ INFO] [150] becomes leader with 97 votes
43:05.033111291 [ INFO] [18] has timed out. starting new election...
43:05.045031622 [ INFO] [18] becomes leader with 97 votes
43:05.258975321 [ INFO] [16] has timed out. starting new election...
43:05.264694812 [ INFO] [16] becomes leader with 97 votes
43:05.436308559 [ INFO] [163] has timed out. starting new election...
43:05.436543829 [ INFO] [162] has timed out. starting new election...
43:05.437431173 [ INFO] [19] has timed out. starting new election...
43:05.437271729 [ INFO] [140] has timed out. starting new election...
43:05.430529411 [ INFO] [117] has timed out. starting new election...
43:05.534992707 [ INFO] [163] becomes leader with 165 votes
43:05.699768417 [ INFO] [77] has timed out. starting new election...
43:05.709624133 [ INFO] [77] becomes leader with 97 votes
43:05.938634090 [ INFO] [150] has timed out. starting new election...
43:05.959844251 [ INFO] [150] becomes leader with 97 votes
43:06.214467094 [ INFO] [78] has timed out. starting new election...
43:06.216000147 [ INFO] [18] has timed out. starting new election...
43:06.434289290 [ INFO] [16] has timed out. starting new election...
43:06.449474405 [ INFO] [16] becomes leader with 97 votes
43:06.703833533 [ INFO] [18] has timed out. starting new election...
43:06.709819789 [ INFO] [18] becomes leader with 97 votes
43:06.877378035 [ INFO] [77] has timed out. starting new election...
43:06.883285309 [ INFO] [77] becomes leader with 97 votes
43:07.129263993 [ INFO] [150] has timed out. starting new election...
43:07.135130304 [ INFO] [150] becomes leader with 97 votes
43:07.297999891 [ INFO] [140] has timed out. starting new election...
43:07.331308579 [ INFO] [140] becomes leader with 172 votes
43:07.619077573 [ INFO] [16] has timed out. starting new election...
43:07.624791855 [ INFO] [16] becomes leader with 97 votes
43:07.880653963 [ INFO] [18] has timed out. starting new election...
43:07.909111117 [ INFO] [18] becomes leader with 97 votes
43:08.070605039 [ INFO] [77] has timed out. starting new election...
43:08.076978352 [ INFO] [77] becomes leader with 97 votes
43:08.304814741 [ INFO] [150] has timed out. starting new election...
43:08.311505076 [ INFO] [150] becomes leader with 97 votes
43:08.533492086 [ INFO] [140] has timed out. starting new election...
43:08.539916676 [ INFO] [140] becomes leader with 97 votes
43:08.794445768 [ INFO] [16] has timed out. starting new election...
43:08.809332429 [ INFO] [16] becomes leader with 97 votes
43:09.079760789 [ INFO] [18] has timed out. starting new election...
43:09.100041152 [ INFO] [18] becomes leader with 97 votes
43:09.274482949 [ INFO] [69] has timed out. starting new election...
43:09.314680159 [ INFO] [69] becomes leader with 172 votes
43:09.490649597 [ INFO] [77] has timed out. starting new election...
43:09.496216753 [ INFO] [77] becomes leader with 97 votes
43:09.710574610 [ INFO] [140] has timed out. starting new election...
43:09.736479751 [ INFO] [140] becomes leader with 97 votes
43:09.978934498 [ INFO] [16] has timed out. starting new election...
43:10.002749611 [ INFO] [16] becomes leader with 97 votes
43:10.270660137 [ INFO] [18] has timed out. starting new election...
43:10.269361578 [ INFO] [78] has timed out. starting new election...
43:10.276456720 [ INFO] [18] becomes leader with 97 votes
43:10.503538917 [ INFO] [150] has timed out. starting new election...
43:10.532213815 [ INFO] [150] becomes leader with 140 votes
43:10.692587102 [ INFO] [77] has timed out. starting new election...
43:10.704686940 [ INFO] [77] becomes leader with 97 votes
43:10.906991474 [ INFO] [140] has timed out. starting new election...
43:10.915353601 [ INFO] [140] becomes leader with 97 votes
43:11.172329531 [ INFO] [16] has timed out. starting new election...
43:11.178076104 [ INFO] [16] becomes leader with 97 votes
43:11.447269911 [ INFO] [18] has timed out. starting new election...
43:11.459139972 [ INFO] [18] becomes leader with 97 votes
43:11.701795173 [ INFO] [150] has timed out. starting new election...
43:11.713664481 [ INFO] [150] becomes leader with 97 votes
43:11.883464834 [ INFO] [77] has timed out. starting new election...
43:11.899036362 [ INFO] [77] becomes leader with 97 votes
43:12.086322695 [ INFO] [140] has timed out. starting new election...
43:12.104156963 [ INFO] [140] becomes leader with 97 votes
43:12.347889846 [ INFO] [16] has timed out. starting new election...
43:12.353812633 [ INFO] [16] becomes leader with 97 votes
43:12.630056953 [ INFO] [18] has timed out. starting new election...
43:12.640578934 [ INFO] [18] becomes leader with 97 votes
43:12.883285885 [ INFO] [150] has timed out. starting new election...
43:12.889926631 [ INFO] [150] becomes leader with 97 votes
43:13.065318584 [ INFO] [77] has timed out. starting new election...
43:13.078946091 [ INFO] [77] becomes leader with 97 votes
43:13.274843555 [ INFO] [140] has timed out. starting new election...
43:13.281531768 [ INFO] [140] becomes leader with 97 votes
43:13.523384714 [ INFO] [16] has timed out. starting new election...
43:13.529222769 [ INFO] [16] becomes leader with 97 votes
43:13.811404757 [ INFO] [18] has timed out. starting new election...
43:13.817267152 [ INFO] [18] becomes leader with 97 votes
43:14.060411284 [ INFO] [150] has timed out. starting new election...
43:14.072392556 [ INFO] [150] becomes leader with 97 votes
43:14.246138860 [ INFO] [77] has timed out. starting new election...
43:14.270399245 [ INFO] [77] becomes leader with 97 votes
43:14.456440044 [ INFO] [140] has timed out. starting new election...
43:14.467402798 [ INFO] [140] becomes leader with 97 votes
43:14.698738219 [ INFO] [16] has timed out. starting new election...
43:14.704316284 [ INFO] [16] becomes leader with 97 votes
43:14.987864929 [ INFO] [18] has timed out. starting new election...
43:14.993580588 [ INFO] [18] becomes leader with 97 votes
43:15.242010742 [ INFO] [150] has timed out. starting new election...
43:15.248456129 [ INFO] [150] becomes leader with 97 votes
43:15.436703766 [ INFO] [77] has timed out. starting new election...
43:15.449451119 [ INFO] [77] becomes leader with 97 votes
43:15.638120793 [ INFO] [140] has timed out. starting new election...
43:15.644462440 [ INFO] [140] becomes leader with 97 votes
43:15.873864830 [ INFO] [16] has timed out. starting new election...
43:15.879638873 [ INFO] [16] becomes leader with 97 votes
43:16.164331867 [ INFO] [18] has timed out. starting new election...
43:16.170066276 [ INFO] [18] becomes leader with 97 votes
43:16.418108328 [ INFO] [150] has timed out. starting new election...
43:16.435678779 [ INFO] [150] becomes leader with 97 votes
43:16.615854949 [ INFO] [77] has timed out. starting new election...
43:16.622583054 [ INFO] [77] becomes leader with 103 votes
43:16.815565649 [ INFO] [140] has timed out. starting new election...
43:16.814564679 [ INFO] [78] has timed out. starting new election...
43:16.835226267 [ INFO] [140] becomes leader with 97 votes
43:17.049191699 [ INFO] [16] has timed out. starting new election...
43:17.061452575 [ INFO] [16] becomes leader with 97 votes
43:17.340763883 [ INFO] [18] has timed out. starting new election...
43:17.346448747 [ INFO] [18] becomes leader with 97 votes
43:17.605519722 [ INFO] [150] has timed out. starting new election...
43:17.614629740 [ INFO] [150] becomes leader with 97 votes
43:17.788888442 [ INFO] [77] has timed out. starting new election...
43:17.798881805 [ INFO] [77] becomes leader with 97 votes
43:18.005830728 [ INFO] [140] has timed out. starting new election...
43:18.014062286 [ INFO] [140] becomes leader with 97 votes
43:18.231116283 [ INFO] [16] has timed out. starting new election...
43:18.236824764 [ INFO] [16] becomes leader with 97 votes
43:18.517007506 [ INFO] [18] has timed out. starting new election...
43:18.522764835 [ INFO] [18] becomes leader with 97 votes
43:18.784379467 [ INFO] [150] has timed out. starting new election...
43:18.790843612 [ INFO] [150] becomes leader with 97 votes
43:18.965166017 [ INFO] [77] has timed out. starting new election...
43:18.974041559 [ INFO] [77] becomes leader with 97 votes
43:19.184791358 [ INFO] [140] has timed out. starting new election...
43:19.190744855 [ INFO] [140] becomes leader with 97 votes
43:19.406406762 [ INFO] [16] has timed out. starting new election...
43:19.412163308 [ INFO] [16] becomes leader with 97 votes
43:19.693375727 [ INFO] [18] has timed out. starting new election...
43:19.699087330 [ INFO] [18] becomes leader with 97 votes
43:19.960531013 [ INFO] [150] has timed out. starting new election...
43:19.967323334 [ INFO] [150] becomes leader with 109 votes
43:20.140207784 [ INFO] [77] has timed out. starting new election...
43:20.146132798 [ INFO] [77] becomes leader with 97 votes
43:20.361400181 [ INFO] [140] has timed out. starting new election...
43:20.360411402 [ INFO] [78] has timed out. starting new election...
43:20.367323847 [ INFO] [140] becomes leader with 97 votes
43:20.581773183 [ INFO] [16] has timed out. starting new election...
43:20.587470819 [ INFO] [16] becomes leader with 97 votes
43:20.870117828 [ INFO] [18] has timed out. starting new election...
43:20.875843356 [ INFO] [18] becomes leader with 97 votes
43:21.136953534 [ INFO] [150] has timed out. starting new election...
43:21.144926360 [ INFO] [150] becomes leader with 97 votes
43:21.312641646 [ INFO] [77] has timed out. starting new election...
43:21.319176774 [ INFO] [77] becomes leader with 97 votes
43:21.539041693 [ INFO] [140] has timed out. starting new election...
43:21.545389744 [ INFO] [140] becomes leader with 97 votes
43:21.756995466 [ INFO] [16] has timed out. starting new election...
43:21.761603972 [ INFO] [16] becomes leader with 97 votes
43:22.046527371 [ INFO] [18] has timed out. starting new election...
43:22.052304979 [ INFO] [18] becomes leader with 97 votes
43:22.314568080 [ INFO] [150] has timed out. starting new election...
43:22.320946763 [ INFO] [150] becomes leader with 97 votes
43:22.489202982 [ INFO] [77] has timed out. starting new election...
43:22.494982172 [ INFO] [77] becomes leader with 97 votes
43:22.716338452 [ INFO] [140] has timed out. starting new election...
43:22.724697982 [ INFO] [140] becomes leader with 97 votes
43:22.931097055 [ INFO] [16] has timed out. starting new election...
43:22.935788518 [ INFO] [16] becomes leader with 97 votes
43:23.222856013 [ INFO] [18] has timed out. starting new election...
43:23.228612284 [ INFO] [18] becomes leader with 97 votes
43:23.490660978 [ INFO] [150] has timed out. starting new election...
43:23.497261729 [ INFO] [150] becomes leader with 97 votes
43:23.663419549 [ INFO] [77] has timed out. starting new election...
43:23.668743099 [ INFO] [78] has timed out. starting new election...
43:23.663424004 [ INFO] [124] has timed out. starting new election...
43:23.698567985 [ INFO] [78] becomes leader with 169 votes
43:23.895482816 [ INFO] [140] has timed out. starting new election...
43:23.902013715 [ INFO] [140] becomes leader with 97 votes
43:24.098924999 [ INFO] [77] has timed out. starting new election...
43:24.105437771 [ INFO] [77] becomes leader with 97 votes
43:24.394079511 [ INFO] [16] has timed out. starting new election...
43:24.398679073 [ INFO] [16] becomes leader with 97 votes
43:24.664463231 [ INFO] [18] has timed out. starting new election...
43:24.670490843 [ INFO] [18] becomes leader with 97 votes
43:24.868610560 [ INFO] [150] has timed out. starting new election...
43:24.875793057 [ INFO] [150] becomes leader with 97 votes
43:25.072737161 [ INFO] [140] has timed out. starting new election...
43:25.078802069 [ INFO] [140] becomes leader with 97 votes
43:25.271676281 [ INFO] [77] has timed out. starting new election...
43:25.281250929 [ INFO] [77] becomes leader with 97 votes
43:25.568207292 [ INFO] [16] has timed out. starting new election...
43:25.572936434 [ INFO] [16] becomes leader with 97 votes
43:25.841437779 [ INFO] [18] has timed out. starting new election...
43:25.847231843 [ INFO] [18] becomes leader with 97 votes
43:26.045963804 [ INFO] [150] has timed out. starting new election...
43:26.052988576 [ INFO] [150] becomes leader with 97 votes
43:26.249572915 [ INFO] [140] has timed out. starting new election...
43:26.255654969 [ INFO] [140] becomes leader with 97 votes
43:26.447486801 [ INFO] [77] has timed out. starting new election...
43:26.454081050 [ INFO] [77] becomes leader with 97 votes
43:26.742697876 [ INFO] [16] has timed out. starting new election...
43:26.747612090 [ INFO] [16] becomes leader with 97 votes
43:27.017772933 [ INFO] [18] has timed out. starting new election...
43:27.023472217 [ INFO] [18] becomes leader with 97 votes
43:27.222589805 [ INFO] [150] has timed out. starting new election...
43:27.229732529 [ INFO] [150] becomes leader with 97 votes
43:27.426497546 [ INFO] [140] has timed out. starting new election...
43:27.433952027 [ INFO] [140] becomes leader with 97 votes
43:27.620349687 [ INFO] [77] has timed out. starting new election...
43:27.644576568 [ INFO] [77] becomes leader with 170 votes
43:27.917081172 [ INFO] [16] has timed out. starting new election...
43:27.921693526 [ INFO] [16] becomes leader with 97 votes
43:28.194050130 [ INFO] [18] has timed out. starting new election...
43:28.199893965 [ INFO] [18] becomes leader with 97 votes
43:28.399635730 [ INFO] [150] has timed out. starting new election...
43:28.407323858 [ INFO] [150] becomes leader with 121 votes
43:28.604618242 [ INFO] [140] has timed out. starting new election...
43:28.611396585 [ INFO] [140] becomes leader with 97 votes
43:28.810804359 [ INFO] [77] has timed out. starting new election...
43:28.816798817 [ INFO] [77] becomes leader with 97 votes
43:29.091236725 [ INFO] [16] has timed out. starting new election...
43:29.095907231 [ INFO] [16] becomes leader with 97 votes
43:29.370489660 [ INFO] [18] has timed out. starting new election...
43:29.376226205 [ INFO] [18] becomes leader with 97 votes
43:29.577045565 [ INFO] [150] has timed out. starting new election...
43:29.583326970 [ INFO] [150] becomes leader with 102 votes
43:29.782082091 [ INFO] [140] has timed out. starting new election...
43:29.788170916 [ INFO] [140] becomes leader with 97 votes
43:29.983159620 [ INFO] [77] has timed out. starting new election...
43:29.988774247 [ INFO] [77] becomes leader with 97 votes
43:30.265409220 [ INFO] [16] has timed out. starting new election...
43:30.270091861 [ INFO] [16] becomes leader with 97 votes
43:30.547106825 [ INFO] [18] has timed out. starting new election...
43:30.552809870 [ INFO] [18] becomes leader with 97 votes
43:30.753178334 [ INFO] [150] has timed out. starting new election...
43:30.763535011 [ INFO] [150] becomes leader with 97 votes
43:30.958817556 [ INFO] [140] has timed out. starting new election...
43:30.966152296 [ INFO] [140] becomes leader with 97 votes
43:31.155121084 [ INFO] [77] has timed out. starting new election...
43:31.166725095 [ INFO] [77] becomes leader with 97 votes
43:31.439610627 [ INFO] [16] has timed out. starting new election...
43:31.444670143 [ INFO] [16] becomes leader with 97 votes
43:31.723411765 [ INFO] [18] has timed out. starting new election...
43:31.729103076 [ INFO] [18] becomes leader with 97 votes
43:32.722113917 [ INFO] [124] has timed out. starting new election...
43:32.729344277 [ INFO] [124] becomes leader with 97 votes
43:32.526077804 [ INFO] [78] has timed out. starting new election...
43:32.558567391 [ INFO] [78] becomes leader with 146 votes
43:32.333028699 [ INFO] [77] has timed out. starting new election...
43:32.358568058 [ INFO] [77] becomes leader with 146 votes
43:31.933127869 [ INFO] [150] has timed out. starting new election...
43:31.941887325 [ INFO] [150] becomes leader with 97 votes
43:32.136770564 [ INFO] [140] has timed out. starting new election...
43:32.143310082 [ INFO] [140] becomes leader with 97 votes
