[1579527691.742173] [dahu-17:8650 :0]       ib_iface.c:696  UCX  ERROR ibv_create_cq(cqe=4096) failed: Function not implemented
[1579527691.747219] [dahu-17:8655 :0]       ib_iface.c:696  UCX  ERROR ibv_create_cq(cqe=4096) failed: Function not implemented
[1579527691.748658] [dahu-17:8647 :0]       ib_iface.c:696  UCX  ERROR ibv_create_cq(cqe=4096) failed: Function not implemented
[1579527691.749761] [dahu-17:8651 :0]       ib_iface.c:696  UCX  ERROR ibv_create_cq(cqe=4096) failed: Function not implemented
[1579527691.750904] [dahu-17:8649 :0]       ib_iface.c:696  UCX  ERROR ibv_create_cq(cqe=4096) failed: Function not implemented
[1579527691.751384] [dahu-17:8654 :0]       ib_iface.c:696  UCX  ERROR ibv_create_cq(cqe=4096) failed: Function not implemented
[1579527691.752017] [dahu-17:8659 :0]       ib_iface.c:696  UCX  ERROR ibv_create_cq(cqe=4096) failed: Function not implemented
[1579527691.752376] [dahu-17:8662 :0]       ib_iface.c:696  UCX  ERROR ibv_create_cq(cqe=4096) failed: Function not implemented
[1579527691.752397] [dahu-17:8653 :0]       ib_iface.c:696  UCX  ERROR ibv_create_cq(cqe=4096) failed: Function not implemented
[1579527691.753047] [dahu-17:8648 :0]       ib_iface.c:696  UCX  ERROR ibv_create_cq(cqe=4096) failed: Function not implemented
[1579527691.753774] [dahu-17:8652 :0]       ib_iface.c:696  UCX  ERROR ibv_create_cq(cqe=4096) failed: Function not implemented
[1579527691.754848] [dahu-17:8660 :0]       ib_iface.c:696  UCX  ERROR ibv_create_cq(cqe=4096) failed: Function not implemented
[1579527691.755975] [dahu-17:8658 :0]       ib_iface.c:696  UCX  ERROR ibv_create_cq(cqe=4096) failed: Function not implemented
[1579527691.758591] [dahu-17:8656 :0]       ib_iface.c:696  UCX  ERROR ibv_create_cq(cqe=4096) failed: Function not implemented
[1579527691.760194] [dahu-17:8663 :0]       ib_iface.c:696  UCX  ERROR ibv_create_cq(cqe=4096) failed: Function not implemented
[1579527691.762665] [dahu-17:8666 :0]       ib_iface.c:696  UCX  ERROR ibv_create_cq(cqe=4096) failed: Function not implemented
[1579527691.762674] [dahu-17:8657 :0]       ib_iface.c:696  UCX  ERROR ibv_create_cq(cqe=4096) failed: Function not implemented
[1579527691.763965] [dahu-17:8665 :0]       ib_iface.c:696  UCX  ERROR ibv_create_cq(cqe=4096) failed: Function not implemented
[1579527691.765855] [dahu-17:8667 :0]       ib_iface.c:696  UCX  ERROR ibv_create_cq(cqe=4096) failed: Function not implemented
[1579527691.767013] [dahu-17:8668 :0]       ib_iface.c:696  UCX  ERROR ibv_create_cq(cqe=4096) failed: Function not implemented
[1579527691.767922] [dahu-17:8670 :0]       ib_iface.c:696  UCX  ERROR ibv_create_cq(cqe=4096) failed: Function not implemented
[1579527691.769712] [dahu-17:8669 :0]       ib_iface.c:696  UCX  ERROR ibv_create_cq(cqe=4096) failed: Function not implemented
[1579527691.769687] [dahu-17:8673 :0]       ib_iface.c:696  UCX  ERROR ibv_create_cq(cqe=4096) failed: Function not implemented
[1579527691.770552] [dahu-17:8661 :0]       ib_iface.c:696  UCX  ERROR ibv_create_cq(cqe=4096) failed: Function not implemented
[1579527691.770886] [dahu-17:8672 :0]       ib_iface.c:696  UCX  ERROR ibv_create_cq(cqe=4096) failed: Function not implemented
[1579527691.772404] [dahu-17:8664 :0]       ib_iface.c:696  UCX  ERROR ibv_create_cq(cqe=4096) failed: Function not implemented
[1579527691.773884] [dahu-16:12576:0]       ib_iface.c:696  UCX  ERROR ibv_create_cq(cqe=4096) failed: Function not implemented
[1579527691.772652] [dahu-17:8671 :0]       ib_iface.c:696  UCX  ERROR ibv_create_cq(cqe=4096) failed: Function not implemented
[1579527691.774295] [dahu-16:12580:0]       ib_iface.c:696  UCX  ERROR ibv_create_cq(cqe=4096) failed: Function not implemented
[1579527691.773347] [dahu-17:8675 :0]       ib_iface.c:696  UCX  ERROR ibv_create_cq(cqe=4096) failed: Function not implemented
[1579527691.774785] [dahu-17:8674 :0]       ib_iface.c:696  UCX  ERROR ibv_create_cq(cqe=4096) failed: Function not implemented
[1579527691.775793] [dahu-17:8676 :0]       ib_iface.c:696  UCX  ERROR ibv_create_cq(cqe=4096) failed: Function not implemented
[1579527691.779630] [dahu-17:8677 :0]       ib_iface.c:696  UCX  ERROR ibv_create_cq(cqe=4096) failed: Function not implemented
[1579527691.780729] [dahu-17:8678 :0]       ib_iface.c:696  UCX  ERROR ibv_create_cq(cqe=4096) failed: Function not implemented
[1579527691.785056] [dahu-16:12590:0]       ib_iface.c:696  UCX  ERROR ibv_create_cq(cqe=4096) failed: Function not implemented
[1579527691.791258] [dahu-16:12586:0]       ib_iface.c:696  UCX  ERROR ibv_create_cq(cqe=4096) failed: Function not implemented
[1579527691.792921] [dahu-16:12572:0]       ib_iface.c:696  UCX  ERROR ibv_create_cq(cqe=4096) failed: Function not implemented
[1579527691.793726] [dahu-16:12589:0]       ib_iface.c:696  UCX  ERROR ibv_create_cq(cqe=4096) failed: Function not implemented
[1579527691.793793] [dahu-16:12582:0]       ib_iface.c:696  UCX  ERROR ibv_create_cq(cqe=4096) failed: Function not implemented
[1579527691.794106] [dahu-16:12574:0]       ib_iface.c:696  UCX  ERROR ibv_create_cq(cqe=4096) failed: Function not implemented
[1579527691.796564] [dahu-16:12575:0]       ib_iface.c:696  UCX  ERROR ibv_create_cq(cqe=4096) failed: Function not implemented
[1579527691.796824] [dahu-16:12592:0]       ib_iface.c:696  UCX  ERROR ibv_create_cq(cqe=4096) failed: Function not implemented
[1579527691.796820] [dahu-16:12591:0]       ib_iface.c:696  UCX  ERROR ibv_create_cq(cqe=4096) failed: Function not implemented
[1579527691.797009] [dahu-16:12587:0]       ib_iface.c:696  UCX  ERROR ibv_create_cq(cqe=4096) failed: Function not implemented
[1579527691.797066] [dahu-16:12588:0]       ib_iface.c:696  UCX  ERROR ibv_create_cq(cqe=4096) failed: Function not implemented
[1579527691.797314] [dahu-16:12579:0]       ib_iface.c:696  UCX  ERROR ibv_create_cq(cqe=4096) failed: Function not implemented
[1579527691.797831] [dahu-16:12583:0]       ib_iface.c:696  UCX  ERROR ibv_create_cq(cqe=4096) failed: Function not implemented
[1579527691.799534] [dahu-16:12584:0]       ib_iface.c:696  UCX  ERROR ibv_create_cq(cqe=4096) failed: Function not implemented
[1579527691.799564] [dahu-16:12597:0]       ib_iface.c:696  UCX  ERROR ibv_create_cq(cqe=4096) failed: Function not implemented
[1579527691.801298] [dahu-16:12594:0]       ib_iface.c:696  UCX  ERROR ibv_create_cq(cqe=4096) failed: Function not implemented
[1579527691.801325] [dahu-16:12578:0]       ib_iface.c:696  UCX  ERROR ibv_create_cq(cqe=4096) failed: Function not implemented
[1579527691.801522] [dahu-16:12598:0]       ib_iface.c:696  UCX  ERROR ibv_create_cq(cqe=4096) failed: Function not implemented
[1579527691.801775] [dahu-16:12570:0]       ib_iface.c:696  UCX  ERROR ibv_create_cq(cqe=4096) failed: Function not implemented
[1579527691.804903] [dahu-16:12593:0]       ib_iface.c:696  UCX  ERROR ibv_create_cq(cqe=4096) failed: Function not implemented
[1579527691.804935] [dahu-16:12577:0]       ib_iface.c:696  UCX  ERROR ibv_create_cq(cqe=4096) failed: Function not implemented
[1579527691.805094] [dahu-16:12585:0]       ib_iface.c:696  UCX  ERROR ibv_create_cq(cqe=4096) failed: Function not implemented
[1579527691.805965] [dahu-16:12600:0]       ib_iface.c:696  UCX  ERROR ibv_create_cq(cqe=4096) failed: Function not implemented
[1579527691.806057] [dahu-16:12601:0]       ib_iface.c:696  UCX  ERROR ibv_create_cq(cqe=4096) failed: Function not implemented
[1579527691.806488] [dahu-16:12599:0]       ib_iface.c:696  UCX  ERROR ibv_create_cq(cqe=4096) failed: Function not implemented
[1579527691.806728] [dahu-16:12581:0]       ib_iface.c:696  UCX  ERROR ibv_create_cq(cqe=4096) failed: Function not implemented
[1579527691.809651] [dahu-16:12573:0]       ib_iface.c:696  UCX  ERROR ibv_create_cq(cqe=4096) failed: Function not implemented
[1579527691.809780] [dahu-16:12571:0]       ib_iface.c:696  UCX  ERROR ibv_create_cq(cqe=4096) failed: Function not implemented
[1579527691.813687] [dahu-16:12595:0]       ib_iface.c:696  UCX  ERROR ibv_create_cq(cqe=4096) failed: Function not implemented
[1579527691.813741] [dahu-16:12596:0]       ib_iface.c:696  UCX  ERROR ibv_create_cq(cqe=4096) failed: Function not implemented
[1579527692.260769] [dahu-18:8079 :0]       ib_iface.c:696  UCX  ERROR ibv_create_cq(cqe=4096) failed: Function not implemented
[1579527692.260796] [dahu-18:8085 :0]       ib_iface.c:696  UCX  ERROR ibv_create_cq(cqe=4096) failed: Function not implemented
[1579527692.261047] [dahu-18:8078 :0]       ib_iface.c:696  UCX  ERROR ibv_create_cq(cqe=4096) failed: Function not implemented
[1579527692.261174] [dahu-18:8090 :0]       ib_iface.c:696  UCX  ERROR ibv_create_cq(cqe=4096) failed: Function not implemented
[1579527692.262718] [dahu-18:8097 :0]       ib_iface.c:696  UCX  ERROR ibv_create_cq(cqe=4096) failed: Function not implemented
[1579527692.258257] [dahu-19:8077 :0]       ib_iface.c:696  UCX  ERROR ibv_create_cq(cqe=4096) failed: Function not implemented
[1579527692.258920] [dahu-19:8062 :0]       ib_iface.c:696  UCX  ERROR ibv_create_cq(cqe=4096) failed: Function not implemented
[1579527692.261447] [dahu-19:8095 :0]       ib_iface.c:696  UCX  ERROR ibv_create_cq(cqe=4096) failed: Function not implemented
[1579527692.266578] [dahu-19:8078 :0]       ib_iface.c:696  UCX  ERROR ibv_create_cq(cqe=4096) failed: Function not implemented
[1579527692.267722] [dahu-19:8082 :0]       ib_iface.c:696  UCX  ERROR ibv_create_cq(cqe=4096) failed: Function not implemented
[1579527692.267996] [dahu-19:8094 :0]       ib_iface.c:696  UCX  ERROR ibv_create_cq(cqe=4096) failed: Function not implemented
[1579527692.268469] [dahu-19:8086 :0]       ib_iface.c:696  UCX  ERROR ibv_create_cq(cqe=4096) failed: Function not implemented
[1579527692.277005] [dahu-18:8075 :0]       ib_iface.c:696  UCX  ERROR ibv_create_cq(cqe=4096) failed: Function not implemented
[1579527692.272501] [dahu-19:8061 :0]       ib_iface.c:696  UCX  ERROR ibv_create_cq(cqe=4096) failed: Function not implemented
[1579527692.274070] [dahu-19:8091 :0]       ib_iface.c:696  UCX  ERROR ibv_create_cq(cqe=4096) failed: Function not implemented
[1579527692.274682] [dahu-19:8087 :0]       ib_iface.c:696  UCX  ERROR ibv_create_cq(cqe=4096) failed: Function not implemented
[1579527692.275810] [dahu-19:8101 :0]       ib_iface.c:696  UCX  ERROR ibv_create_cq(cqe=4096) failed: Function not implemented
[1579527692.276115] [dahu-19:8102 :0]       ib_iface.c:696  UCX  ERROR ibv_create_cq(cqe=4096) failed: Function not implemented
[1579527692.282199] [dahu-18:8071 :0]       ib_iface.c:696  UCX  ERROR ibv_create_cq(cqe=4096) failed: Function not implemented
[1579527692.277133] [dahu-19:8099 :0]       ib_iface.c:696  UCX  ERROR ibv_create_cq(cqe=4096) failed: Function not implemented
[1579527692.279016] [dahu-19:8083 :0]       ib_iface.c:696  UCX  ERROR ibv_create_cq(cqe=4096) failed: Function not implemented
[1579527692.279017] [dahu-19:8089 :0]       ib_iface.c:696  UCX  ERROR ibv_create_cq(cqe=4096) failed: Function not implemented
[1579527692.285345] [dahu-18:8081 :0]       ib_iface.c:696  UCX  ERROR ibv_create_cq(cqe=4096) failed: Function not implemented
[1579527692.285579] [dahu-18:8094 :0]       ib_iface.c:696  UCX  ERROR ibv_create_cq(cqe=4096) failed: Function not implemented
[1579527692.285645] [dahu-18:8101 :0]       ib_iface.c:696  UCX  ERROR ibv_create_cq(cqe=4096) failed: Function not implemented
[1579527692.279491] [dahu-19:8079 :0]       ib_iface.c:696  UCX  ERROR ibv_create_cq(cqe=4096) failed: Function not implemented
[1579527692.286025] [dahu-18:8076 :0]       ib_iface.c:696  UCX  ERROR ibv_create_cq(cqe=4096) failed: Function not implemented
[1579527692.279817] [dahu-19:8088 :0]       ib_iface.c:696  UCX  ERROR ibv_create_cq(cqe=4096) failed: Function not implemented
[1579527692.286102] [dahu-18:8095 :0]       ib_iface.c:696  UCX  ERROR ibv_create_cq(cqe=4096) failed: Function not implemented
[1579527692.279881] [dahu-19:8096 :0]       ib_iface.c:696  UCX  ERROR ibv_create_cq(cqe=4096) failed: Function not implemented
[1579527692.279959] [dahu-19:8072 :0]       ib_iface.c:696  UCX  ERROR ibv_create_cq(cqe=4096) failed: Function not implemented
[1579527692.279965] [dahu-19:8092 :0]       ib_iface.c:696  UCX  ERROR ibv_create_cq(cqe=4096) failed: Function not implemented
[1579527692.280058] [dahu-19:8085 :0]       ib_iface.c:696  UCX  ERROR ibv_create_cq(cqe=4096) failed: Function not implemented
[1579527692.286355] [dahu-18:8070 :0]       ib_iface.c:696  UCX  ERROR ibv_create_cq(cqe=4096) failed: Function not implemented
[1579527692.280176] [dahu-19:8100 :0]       ib_iface.c:696  UCX  ERROR ibv_create_cq(cqe=4096) failed: Function not implemented
[1579527692.286479] [dahu-18:8072 :0]       ib_iface.c:696  UCX  ERROR ibv_create_cq(cqe=4096) failed: Function not implemented
[1579527692.286632] [dahu-18:8092 :0]       ib_iface.c:696  UCX  ERROR ibv_create_cq(cqe=4096) failed: Function not implemented
[1579527692.287019] [dahu-18:8084 :0]       ib_iface.c:696  UCX  ERROR ibv_create_cq(cqe=4096) failed: Function not implemented
[1579527692.287342] [dahu-18:8096 :0]       ib_iface.c:696  UCX  ERROR ibv_create_cq(cqe=4096) failed: Function not implemented
[1579527692.287415] [dahu-18:8098 :0]       ib_iface.c:696  UCX  ERROR ibv_create_cq(cqe=4096) failed: Function not implemented
[1579527692.287504] [dahu-18:8089 :0]       ib_iface.c:696  UCX  ERROR ibv_create_cq(cqe=4096) failed: Function not implemented
[1579527692.288696] [dahu-18:8087 :0]       ib_iface.c:696  UCX  ERROR ibv_create_cq(cqe=4096) failed: Function not implemented
[1579527692.287870] [dahu-19:8084 :0]       ib_iface.c:696  UCX  ERROR ibv_create_cq(cqe=4096) failed: Function not implemented
[1579527692.287883] [dahu-19:8098 :0]       ib_iface.c:696  UCX  ERROR ibv_create_cq(cqe=4096) failed: Function not implemented
[1579527692.288099] [dahu-19:8071 :0]       ib_iface.c:696  UCX  ERROR ibv_create_cq(cqe=4096) failed: Function not implemented
[1579527692.288878] [dahu-19:8093 :0]       ib_iface.c:696  UCX  ERROR ibv_create_cq(cqe=4096) failed: Function not implemented
[1579527692.288909] [dahu-19:8090 :0]       ib_iface.c:696  UCX  ERROR ibv_create_cq(cqe=4096) failed: Function not implemented
[1579527692.288947] [dahu-19:8080 :0]       ib_iface.c:696  UCX  ERROR ibv_create_cq(cqe=4096) failed: Function not implemented
[1579527692.289199] [dahu-19:8081 :0]       ib_iface.c:696  UCX  ERROR ibv_create_cq(cqe=4096) failed: Function not implemented
[1579527692.289474] [dahu-19:8073 :0]       ib_iface.c:696  UCX  ERROR ibv_create_cq(cqe=4096) failed: Function not implemented
[1579527692.289514] [dahu-19:8060 :0]       ib_iface.c:696  UCX  ERROR ibv_create_cq(cqe=4096) failed: Function not implemented
[1579527692.289601] [dahu-19:8097 :0]       ib_iface.c:696  UCX  ERROR ibv_create_cq(cqe=4096) failed: Function not implemented
[1579527692.296605] [dahu-18:8077 :0]       ib_iface.c:696  UCX  ERROR ibv_create_cq(cqe=4096) failed: Function not implemented
[1579527692.296668] [dahu-18:8088 :0]       ib_iface.c:696  UCX  ERROR ibv_create_cq(cqe=4096) failed: Function not implemented
[1579527692.296976] [dahu-18:8073 :0]       ib_iface.c:696  UCX  ERROR ibv_create_cq(cqe=4096) failed: Function not implemented
[1579527692.296976] [dahu-18:8083 :0]       ib_iface.c:696  UCX  ERROR ibv_create_cq(cqe=4096) failed: Function not implemented
[1579527692.297026] [dahu-18:8086 :0]       ib_iface.c:696  UCX  ERROR ibv_create_cq(cqe=4096) failed: Function not implemented
[1579527692.297076] [dahu-18:8100 :0]       ib_iface.c:696  UCX  ERROR ibv_create_cq(cqe=4096) failed: Function not implemented
[1579527692.297080] [dahu-18:8099 :0]       ib_iface.c:696  UCX  ERROR ibv_create_cq(cqe=4096) failed: Function not implemented
[1579527692.297099] [dahu-18:8082 :0]       ib_iface.c:696  UCX  ERROR ibv_create_cq(cqe=4096) failed: Function not implemented
[1579527692.297410] [dahu-18:8080 :0]       ib_iface.c:696  UCX  ERROR ibv_create_cq(cqe=4096) failed: Function not implemented
[1579527692.297441] [dahu-18:8102 :0]       ib_iface.c:696  UCX  ERROR ibv_create_cq(cqe=4096) failed: Function not implemented
[1579527692.297567] [dahu-18:8093 :0]       ib_iface.c:696  UCX  ERROR ibv_create_cq(cqe=4096) failed: Function not implemented
[1579527692.297729] [dahu-18:8091 :0]       ib_iface.c:696  UCX  ERROR ibv_create_cq(cqe=4096) failed: Function not implemented
41:32.461201383 [ INFO] [13] has timed out. starting new election...
41:32.453642680 [ INFO] [127] has timed out. starting new election...
41:32.455337967 [ INFO] [101] has timed out. starting new election...
41:32.458268521 [ INFO] [123] has timed out. starting new election...
41:32.529460636 [ INFO] [13] becomes leader with 101 votes
41:32.684343707 [ INFO] [90] has timed out. starting new election...
41:32.686278640 [ INFO] [18] has timed out. starting new election...
41:32.700966271 [ INFO] [18] becomes leader with 65 votes
41:32.848963788 [ INFO] [101] has timed out. starting new election...
41:32.852699917 [ INFO] [101] becomes leader with 65 votes
41:33.008357031 [ INFO] [127] has timed out. starting new election...
41:33.033695863 [ INFO] [127] becomes leader with 128 votes
41:33.312714049 [ INFO] [90] has timed out. starting new election...
41:33.320204055 [ INFO] [90] becomes leader with 65 votes
41:33.469731287 [ INFO] [123] has timed out. starting new election...
41:33.479442696 [ INFO] [1] has timed out. starting new election...
41:33.482455514 [ INFO] [54] has timed out. starting new election...
41:33.486465230 [ INFO] [9] has timed out. starting new election...
41:33.486751364 [ INFO] [12] has timed out. starting new election...
41:33.485967436 [ INFO] [92] has timed out. starting new election...
41:33.488346714 [ INFO] [37] has timed out. starting new election...
41:33.489305263 [ INFO] [75] has timed out. starting new election...
41:33.494005420 [ INFO] [61] has timed out. starting new election...
41:33.494314468 [ INFO] [70] has timed out. starting new election...
41:33.499950613 [ INFO] [39] has timed out. starting new election...
41:33.504913407 [ INFO] [85] has timed out. starting new election...
41:33.500559361 [ INFO] [104] has timed out. starting new election...
41:33.802084973 [ INFO] [123] candidate has timed out. starting new election...
41:33.821179064 [ INFO] [75] candidate has timed out. starting new election...
41:33.821180545 [ INFO] [70] candidate has timed out. starting new election...
41:33.829088492 [ INFO] [12] candidate has timed out. starting new election...
41:33.827986693 [ INFO] [37] candidate has timed out. starting new election...
41:33.828029337 [ INFO] [54] candidate has timed out. starting new election...
41:33.829672341 [ INFO] [92] candidate has timed out. starting new election...
41:33.831698668 [ INFO] [1] candidate has timed out. starting new election...
41:33.855472680 [ INFO] [13] has timed out. starting new election...
41:33.860307914 [ INFO] [13] becomes leader with 65 votes
41:34.022541093 [ INFO] [18] has timed out. starting new election...
41:34.065457150 [ INFO] [18] becomes leader with 120 votes
41:34.316942722 [ INFO] [127] has timed out. starting new election...
41:34.340778049 [ INFO] [127] becomes leader with 65 votes
41:34.494502295 [ INFO] [101] has timed out. starting new election...
41:34.541694943 [ INFO] [101] becomes leader with 120 votes
41:34.736025345 [ INFO] [90] has timed out. starting new election...
41:34.742993784 [ INFO] [9] has timed out. starting new election...
41:34.746487388 [ INFO] [90] becomes leader with 65 votes
41:35.016439723 [ INFO] [13] has timed out. starting new election...
41:35.020467095 [ INFO] [13] becomes leader with 65 votes
41:35.224651029 [ INFO] [18] has timed out. starting new election...
41:35.229292068 [ INFO] [18] becomes leader with 65 votes
41:35.497301500 [ INFO] [127] has timed out. starting new election...
41:35.529696157 [ INFO] [127] becomes leader with 120 votes
41:35.731772855 [ INFO] [101] has timed out. starting new election...
41:35.735783732 [ INFO] [101] becomes leader with 65 votes
41:35.904891905 [ INFO] [90] has timed out. starting new election...
41:35.909173671 [ INFO] [90] becomes leader with 65 votes
41:36.177103064 [ INFO] [13] has timed out. starting new election...
41:36.217462583 [ INFO] [13] becomes leader with 120 votes
41:36.391253726 [ INFO] [18] has timed out. starting new election...
41:36.412716635 [ INFO] [18] becomes leader with 65 votes
41:36.685925429 [ INFO] [127] has timed out. starting new election...
41:36.720842760 [ INFO] [127] becomes leader with 65 votes
41:36.894078114 [ INFO] [101] has timed out. starting new election...
41:36.899142518 [ INFO] [101] becomes leader with 65 votes
41:37.067305040 [ INFO] [90] has timed out. starting new election...
41:37.087655306 [ INFO] [90] becomes leader with 65 votes
41:37.325338683 [ INFO] [79] has timed out. starting new election...
41:37.434569999 [ INFO] [79] becomes leader with 120 votes
41:37.587741568 [ INFO] [13] has timed out. starting new election...
41:37.593598807 [ INFO] [13] becomes leader with 65 votes
41:37.877001593 [ INFO] [127] has timed out. starting new election...
41:37.883996541 [ INFO] [127] becomes leader with 65 votes
41:38.064386852 [ INFO] [18] has timed out. starting new election...
41:38.094058585 [ INFO] [18] becomes leader with 120 votes
41:38.240044258 [ INFO] [101] has timed out. starting new election...
41:38.277697606 [ INFO] [101] becomes leader with 120 votes
41:38.595162598 [ INFO] [90] has timed out. starting new election...
41:38.622286246 [ INFO] [90] becomes leader with 65 votes
41:38.778087298 [ INFO] [13] has timed out. starting new election...
41:38.793418735 [ INFO] [26] has timed out. starting new election...
41:38.821463561 [ INFO] [13] becomes leader with 119 votes
41:39.040416145 [ INFO] [127] has timed out. starting new election...
41:39.071843096 [ INFO] [127] becomes leader with 65 votes
41:39.257475238 [ INFO] [9] has timed out. starting new election...
41:39.259676976 [ INFO] [29] has timed out. starting new election...
41:39.270725729 [ INFO] [61] has timed out. starting new election...
41:39.311473474 [ INFO] [61] becomes leader with 65 votes
41:39.468043408 [ INFO] [18] has timed out. starting new election...
41:39.460397164 [ INFO] [101] has timed out. starting new election...
41:39.465238007 [ INFO] [101] becomes leader with 65 votes
41:39.780794543 [ INFO] [90] has timed out. starting new election...
41:39.801284590 [ INFO] [90] becomes leader with 65 votes
41:39.977875685 [ INFO] [13] has timed out. starting new election...
41:39.981817143 [ INFO] [13] becomes leader with 65 votes
41:40.235255029 [ INFO] [18] has timed out. starting new election...
41:40.227910937 [ INFO] [127] has timed out. starting new election...
41:40.252865257 [ INFO] [127] becomes leader with 65 votes
41:40.485286546 [ INFO] [0] has timed out. starting new election...
41:40.493649559 [ INFO] [0] becomes leader with 65 votes
41:40.651354980 [ INFO] [18] has timed out. starting new election...
41:40.655614583 [ INFO] [18] becomes leader with 65 votes
41:40.959513848 [ INFO] [90] has timed out. starting new election...
41:40.953531209 [ INFO] [101] has timed out. starting new election...
41:41.006567105 [ INFO] [90] becomes leader with 119 votes
41:41.190794910 [ INFO] [13] has timed out. starting new election...
41:41.225457732 [ INFO] [13] becomes leader with 120 votes
41:41.407987169 [ INFO] [127] has timed out. starting new election...
41:41.412180212 [ INFO] [127] becomes leader with 65 votes
41:41.645620637 [ INFO] [101] has timed out. starting new election...
41:41.657529144 [ INFO] [9] has timed out. starting new election...
41:41.660165990 [ INFO] [29] has timed out. starting new election...
41:41.665373286 [ INFO] [29] becomes leader with 65 votes
41:41.846130931 [ INFO] [26] has timed out. starting new election...
41:41.889459495 [ INFO] [26] becomes leader with 120 votes
41:42.034844162 [ INFO] [101] has timed out. starting new election...
41:42.043132430 [ INFO] [101] becomes leader with 65 votes
41:42.206508085 [ INFO] [90] has timed out. starting new election...
41:42.225804809 [ INFO] [90] becomes leader with 65 votes
41:42.413345440 [ INFO] [13] has timed out. starting new election...
41:42.418178760 [ INFO] [13] becomes leader with 65 votes
41:42.576094287 [ INFO] [18] has timed out. starting new election...
41:42.568298317 [ INFO] [127] has timed out. starting new election...
41:42.597699057 [ INFO] [127] becomes leader with 119 votes
41:42.829474635 [ INFO] [9] has timed out. starting new election...
41:42.832344619 [ INFO] [29] has timed out. starting new election...
41:42.836429261 [ INFO] [29] becomes leader with 65 votes
41:43.048239307 [ INFO] [18] has timed out. starting new election...
41:43.097459996 [ INFO] [18] becomes leader with 120 votes
41:43.383318582 [ INFO] [90] has timed out. starting new election...
41:43.405383132 [ INFO] [90] becomes leader with 65 votes
41:43.574276043 [ INFO] [13] has timed out. starting new election...
41:43.568697523 [ INFO] [101] has timed out. starting new election...
41:43.613760428 [ INFO] [101] becomes leader with 119 votes
41:43.783394435 [ INFO] [9] has timed out. starting new election...
41:43.787008167 [ INFO] [26] has timed out. starting new election...
41:43.783809523 [ INFO] [127] has timed out. starting new election...
41:43.788889691 [ INFO] [127] becomes leader with 65 votes
41:43.990345608 [ INFO] [13] has timed out. starting new election...
41:44.021458742 [ INFO] [13] becomes leader with 120 votes
41:44.270007886 [ INFO] [18] has timed out. starting new election...
41:44.275181760 [ INFO] [18] becomes leader with 65 votes
41:44.563997149 [ INFO] [90] has timed out. starting new election...
41:44.570630081 [ INFO] [9] has timed out. starting new election...
41:44.605460633 [ INFO] [9] becomes leader with 119 votes
41:44.774427072 [ INFO] [101] has timed out. starting new election...
41:44.778370846 [ INFO] [101] becomes leader with 65 votes
41:44.954870137 [ INFO] [90] has timed out. starting new election...
41:44.958794139 [ INFO] [90] becomes leader with 65 votes
41:45.103564661 [ INFO] [127] has timed out. starting new election...
41:45.267100497 [ INFO] [127] becomes leader with 65 votes
41:45.433467507 [ INFO] [13] has timed out. starting new election...
41:45.469461594 [ INFO] [13] becomes leader with 119 votes
41:45.763516571 [ INFO] [18] has timed out. starting new election...
41:45.793467907 [ INFO] [18] becomes leader with 94 votes
41:45.945850848 [ INFO] [101] has timed out. starting new election...
41:45.950423345 [ INFO] [101] becomes leader with 65 votes
41:46.116802586 [ INFO] [90] has timed out. starting new election...
41:46.122725495 [ INFO] [9] has timed out. starting new election...
41:46.148852617 [ INFO] [9] becomes leader with 119 votes
41:46.423250246 [ INFO] [127] has timed out. starting new election...
41:46.441945611 [ INFO] [29] has timed out. starting new election...
41:46.443434359 [ INFO] [26] has timed out. starting new election...
41:46.489461883 [ INFO] [26] becomes leader with 118 votes
41:46.641722737 [ INFO] [13] has timed out. starting new election...
41:46.645780055 [ INFO] [13] becomes leader with 65 votes
41:46.797470651 [ INFO] [90] has timed out. starting new election...
41:46.819580986 [ INFO] [90] becomes leader with 119 votes
41:47.115633803 [ INFO] [18] has timed out. starting new election...
41:47.157463126 [ INFO] [18] becomes leader with 120 votes
41:47.334986642 [ INFO] [127] has timed out. starting new election...
41:47.337611051 [ INFO] [101] has timed out. starting new election...
41:47.349616528 [ INFO] [9] has timed out. starting new election...
41:47.361222683 [ INFO] [9] becomes leader with 65 votes
41:47.642565977 [ INFO] [127] candidate has timed out. starting new election...
41:47.693695042 [ INFO] [101] candidate has timed out. starting new election...
41:47.802183440 [ INFO] [13] has timed out. starting new election...
41:47.807895974 [ INFO] [13] becomes leader with 65 votes
41:47.977925205 [ INFO] [90] has timed out. starting new election...
41:47.997699734 [ INFO] [90] becomes leader with 65 votes
41:48.162152728 [ INFO] [29] has timed out. starting new election...
41:48.166747742 [ INFO] [29] becomes leader with 65 votes
41:48.348500233 [ INFO] [18] has timed out. starting new election...
41:48.352481832 [ INFO] [18] becomes leader with 65 votes
41:48.531095488 [ INFO] [9] has timed out. starting new election...
41:48.565460506 [ INFO] [9] becomes leader with 118 votes
41:48.767621082 [ INFO] [26] has timed out. starting new election...
41:48.772811336 [ INFO] [0] has timed out. starting new election...
41:48.775558390 [ INFO] [61] has timed out. starting new election...
41:48.822826129 [ INFO] [61] becomes leader with 116 votes
41:49.125780078 [ INFO] [26] candidate has timed out. starting new election...
41:49.153226373 [ INFO] [13] has timed out. starting new election...
41:49.169464057 [ INFO] [0] candidate has timed out. starting new election...
41:49.187209517 [ INFO] [13] becomes leader with 65 votes
41:49.342873274 [ INFO] [90] has timed out. starting new election...
41:49.352045480 [ INFO] [29] has timed out. starting new election...
41:49.360194094 [ INFO] [29] becomes leader with 65 votes
41:49.516609351 [ INFO] [18] has timed out. starting new election...
41:49.549463498 [ INFO] [18] becomes leader with 116 votes
41:49.762165677 [ INFO] [90] has timed out. starting new election...
41:49.798750520 [ INFO] [90] becomes leader with 116 votes
41:49.994599168 [ INFO] [9] has timed out. starting new election...
41:49.998651175 [ INFO] [9] becomes leader with 65 votes
41:50.170123273 [ INFO] [3] has timed out. starting new election...
41:50.173118263 [ INFO] [61] has timed out. starting new election...
41:50.196307322 [ INFO] [61] becomes leader with 85 votes
41:50.352154526 [ INFO] [13] has timed out. starting new election...
41:50.356170736 [ INFO] [13] becomes leader with 65 votes
41:50.526542432 [ INFO] [29] has timed out. starting new election...
41:50.561460020 [ INFO] [29] becomes leader with 116 votes
41:50.760443069 [ INFO] [18] has timed out. starting new election...
41:50.793460142 [ INFO] [18] becomes leader with 116 votes
41:50.991023688 [ INFO] [90] has timed out. starting new election...
41:51.004953241 [ INFO] [90] becomes leader with 65 votes
41:51.171974424 [ INFO] [9] has timed out. starting new election...
41:51.184185154 [ INFO] [9] becomes leader with 65 votes
41:51.513259126 [ INFO] [13] has timed out. starting new election...
41:51.518308429 [ INFO] [13] becomes leader with 65 votes
41:51.755332264 [ INFO] [29] has timed out. starting new election...
41:51.759356699 [ INFO] [29] becomes leader with 65 votes
41:51.985243067 [ INFO] [18] has timed out. starting new election...
41:52.017459654 [ INFO] [18] becomes leader with 116 votes
41:52.172841463 [ INFO] [90] has timed out. starting new election...
41:52.218570006 [ INFO] [90] becomes leader with 116 votes
41:52.425361816 [ INFO] [9] has timed out. starting new election...
41:52.457463168 [ INFO] [9] becomes leader with 116 votes
41:52.674432581 [ INFO] [13] has timed out. starting new election...
41:52.679754711 [ INFO] [13] becomes leader with 65 votes
41:52.925441013 [ INFO] [29] has timed out. starting new election...
41:52.929512762 [ INFO] [29] becomes leader with 65 votes
41:53.176785414 [ INFO] [18] has timed out. starting new election...
41:53.183294686 [ INFO] [18] becomes leader with 65 votes
41:53.420260278 [ INFO] [90] has timed out. starting new election...
41:53.436470530 [ INFO] [3] has timed out. starting new election...
41:53.477463712 [ INFO] [3] becomes leader with 115 votes
41:53.669670612 [ INFO] [9] has timed out. starting new election...
41:53.713462018 [ INFO] [9] becomes leader with 116 votes
41:53.868939465 [ INFO] [90] has timed out. starting new election...
41:53.873025875 [ INFO] [90] becomes leader with 65 votes
41:54.083814405 [ INFO] [13] has timed out. starting new election...
41:54.117456976 [ INFO] [13] becomes leader with 116 votes
41:54.342734677 [ INFO] [18] has timed out. starting new election...
41:54.346799829 [ INFO] [18] becomes leader with 65 votes
41:54.668653993 [ INFO] [29] has timed out. starting new election...
41:54.682510211 [ INFO] [3] has timed out. starting new election...
41:54.721458940 [ INFO] [3] becomes leader with 115 votes
41:54.983130237 [ INFO] [29] candidate has timed out. starting new election...
41:55.031268070 [ INFO] [90] has timed out. starting new election...
41:55.035391113 [ INFO] [90] becomes leader with 65 votes
41:55.273623469 [ INFO] [13] has timed out. starting new election...
41:55.305460384 [ INFO] [13] becomes leader with 115 votes
41:55.506066329 [ INFO] [18] has timed out. starting new election...
41:55.510160597 [ INFO] [18] becomes leader with 65 votes
41:55.671583408 [ INFO] [9] has timed out. starting new election...
41:55.713459981 [ INFO] [9] becomes leader with 115 votes
41:55.937471720 [ INFO] [3] has timed out. starting new election...
41:55.941561791 [ INFO] [3] becomes leader with 65 votes
41:56.193450423 [ INFO] [90] has timed out. starting new election...
41:56.226566566 [ INFO] [90] becomes leader with 115 votes
41:56.461515374 [ INFO] [13] has timed out. starting new election...
41:56.466915789 [ INFO] [13] becomes leader with 65 votes
41:56.669674053 [ INFO] [18] has timed out. starting new election...
41:56.697462371 [ INFO] [18] becomes leader with 114 votes
41:56.935490337 [ INFO] [9] has timed out. starting new election...
41:56.977462794 [ INFO] [9] becomes leader with 115 votes
41:57.149523752 [ INFO] [3] has timed out. starting new election...
41:57.153512527 [ INFO] [3] becomes leader with 65 votes
41:57.384639235 [ INFO] [90] has timed out. starting new election...
41:57.388630855 [ INFO] [90] becomes leader with 65 votes
41:57.623197037 [ INFO] [13] has timed out. starting new election...
41:57.627165771 [ INFO] [13] becomes leader with 65 votes
41:57.856702535 [ INFO] [18] has timed out. starting new election...
41:58.185599977 [ INFO] [18] candidate has timed out. starting new election...
41:59.751813250 [ INFO] [13] has timed out. starting new election...
41:59.755330262 [ INFO] [90] has timed out. starting new election...
41:59.760474076 [ INFO] [90] becomes leader with 65 votes
41:59.939878160 [ INFO] [9] has timed out. starting new election...
41:59.965467329 [ INFO] [9] becomes leader with 114 votes
42:00.117591467 [ INFO] [13] has timed out. starting new election...
42:00.121754730 [ INFO] [13] becomes leader with 65 votes
42:00.292318639 [ INFO] [61] has timed out. starting new election...
42:00.334823091 [ INFO] [61] becomes leader with 114 votes
42:00.511921279 [ INFO] [3] has timed out. starting new election...
42:00.553460318 [ INFO] [3] becomes leader with 114 votes
42:00.918824946 [ INFO] [90] has timed out. starting new election...
42:00.922863442 [ INFO] [90] becomes leader with 65 votes
42:01.277811166 [ INFO] [13] has timed out. starting new election...
42:01.295596864 [ INFO] [13] becomes leader with 65 votes
42:01.498054072 [ INFO] [9] has timed out. starting new election...
42:01.511719044 [ INFO] [61] has timed out. starting new election...
42:01.516064428 [ INFO] [61] becomes leader with 65 votes
42:01.841461781 [ INFO] [9] candidate has timed out. starting new election...
42:01.858415754 [ INFO] [3] has timed out. starting new election...
42:01.860502444 [ INFO] [33] has timed out. starting new election...
42:01.862284364 [ INFO] [39] has timed out. starting new election...
42:01.865640871 [ INFO] [41] has timed out. starting new election...
42:01.865970752 [ INFO] [85] has timed out. starting new election...
42:01.905534861 [ INFO] [85] becomes leader with 109 votes
42:02.080918348 [ INFO] [90] has timed out. starting new election...
42:02.085826929 [ INFO] [90] becomes leader with 65 votes
42:02.260212484 [ INFO] [3] has timed out. starting new election...
42:02.264221991 [ INFO] [3] becomes leader with 65 votes
42:02.452106788 [ INFO] [13] has timed out. starting new election...
42:02.481458813 [ INFO] [13] becomes leader with 113 votes
42:02.693120437 [ INFO] [61] has timed out. starting new election...
42:02.726831018 [ INFO] [61] becomes leader with 113 votes
42:02.905226565 [ INFO] [33] has timed out. starting new election...
42:02.950827919 [ INFO] [33] becomes leader with 113 votes
42:03.243886467 [ INFO] [90] has timed out. starting new election...
42:03.248787563 [ INFO] [90] becomes leader with 65 votes
42:03.444603251 [ INFO] [39] has timed out. starting new election...
42:03.448128945 [ INFO] [41] has timed out. starting new election...
42:03.490827037 [ INFO] [41] becomes leader with 112 votes
42:03.669180439 [ INFO] [13] has timed out. starting new election...
42:03.673084577 [ INFO] [13] becomes leader with 65 votes
42:03.901921322 [ INFO] [3] has timed out. starting new election...
42:03.945461928 [ INFO] [3] becomes leader with 113 votes
42:04.188657154 [ INFO] [61] has timed out. starting new election...
42:04.218828173 [ INFO] [61] becomes leader with 113 votes
42:04.415157555 [ INFO] [90] has timed out. starting new election...
42:04.419094658 [ INFO] [90] becomes leader with 65 votes
42:04.671851207 [ INFO] [33] has timed out. starting new election...
42:04.702829253 [ INFO] [33] becomes leader with 113 votes
42:04.855838640 [ INFO] [13] has timed out. starting new election...
42:04.883373266 [ INFO] [39] has timed out. starting new election...
42:04.903057624 [ INFO] [39] becomes leader with 109 votes
42:05.170204673 [ INFO] [3] has timed out. starting new election...
42:05.213460634 [ INFO] [3] becomes leader with 113 votes
42:05.372711388 [ INFO] [13] has timed out. starting new election...
42:05.395966277 [ INFO] [61] has timed out. starting new election...
42:05.404009298 [ INFO] [41] has timed out. starting new election...
42:05.406729868 [ INFO] [85] has timed out. starting new election...
42:05.431537195 [ INFO] [85] becomes leader with 75 votes
42:05.602097916 [ INFO] [90] has timed out. starting new election...
42:05.621781289 [ INFO] [90] becomes leader with 65 votes
42:05.856744208 [ INFO] [13] has timed out. starting new election...
42:05.860905046 [ INFO] [13] becomes leader with 65 votes
42:06.081461535 [ INFO] [61] has timed out. starting new election...
42:06.086869394 [ INFO] [61] becomes leader with 65 votes
42:06.390499772 [ INFO] [3] has timed out. starting new election...
42:06.394404771 [ INFO] [3] becomes leader with 65 votes
42:06.613024426 [ INFO] [33] has timed out. starting new election...
42:06.627742993 [ INFO] [17] has timed out. starting new election...
42:06.650826039 [ INFO] [33] becomes leader with 112 votes
42:06.815758732 [ INFO] [90] has timed out. starting new election...
42:06.819740228 [ INFO] [90] becomes leader with 65 votes
42:07.017608465 [ INFO] [13] has timed out. starting new election...
42:07.023187153 [ INFO] [13] becomes leader with 65 votes
42:07.264140737 [ INFO] [61] has timed out. starting new election...
42:07.269576696 [ INFO] [61] becomes leader with 65 votes
42:07.571468084 [ INFO] [3] has timed out. starting new election...
42:07.576127618 [ INFO] [3] becomes leader with 65 votes
42:07.977799255 [ INFO] [90] has timed out. starting new election...
42:07.982842476 [ INFO] [90] becomes leader with 65 votes
42:08.203530705 [ INFO] [13] has timed out. starting new election...
42:08.223338111 [ INFO] [13] becomes leader with 65 votes
42:08.446834003 [ INFO] [61] has timed out. starting new election...
42:08.450899585 [ INFO] [61] becomes leader with 65 votes
42:08.754752988 [ INFO] [33] has timed out. starting new election...
42:08.758868811 [ INFO] [33] becomes leader with 65 votes
42:08.932110079 [ INFO] [3] has timed out. starting new election...
42:08.938863245 [ INFO] [39] has timed out. starting new election...
42:08.974827224 [ INFO] [39] becomes leader with 112 votes
42:09.182426014 [ INFO] [90] has timed out. starting new election...
42:09.188613310 [ INFO] [90] becomes leader with 65 votes
42:09.407534195 [ INFO] [13] has timed out. starting new election...
42:09.410580232 [ INFO] [3] has timed out. starting new election...
42:09.454552748 [ INFO] [3] becomes leader with 112 votes
42:09.632630635 [ INFO] [61] has timed out. starting new election...
42:09.637460934 [ INFO] [61] becomes leader with 65 votes
42:09.912721791 [ INFO] [13] has timed out. starting new election...
42:09.916920125 [ INFO] [13] becomes leader with 65 votes
42:10.346788861 [ INFO] [90] has timed out. starting new election...
42:10.350967921 [ INFO] [90] becomes leader with 65 votes
42:10.632155561 [ INFO] [3] has timed out. starting new election...
42:10.665466226 [ INFO] [3] becomes leader with 113 votes
42:10.835773083 [ INFO] [61] has timed out. starting new election...
42:10.841699324 [ INFO] [61] becomes leader with 65 votes
42:11.072938335 [ INFO] [13] has timed out. starting new election...
42:11.092671073 [ INFO] [13] becomes leader with 65 votes
42:11.269622152 [ INFO] [33] has timed out. starting new election...
42:11.270724140 [ INFO] [39] has timed out. starting new election...
42:11.298828642 [ INFO] [39] becomes leader with 111 votes
42:11.509153464 [ INFO] [90] has timed out. starting new election...
42:11.529581076 [ INFO] [90] becomes leader with 65 votes
42:11.842650706 [ INFO] [3] has timed out. starting new election...
42:11.885459806 [ INFO] [3] becomes leader with 113 votes
42:12.057532549 [ INFO] [61] has timed out. starting new election...
42:12.078695841 [ INFO] [61] becomes leader with 65 votes
42:12.249010733 [ INFO] [13] has timed out. starting new election...
42:12.253058257 [ INFO] [13] becomes leader with 65 votes
42:12.512063171 [ INFO] [33] has timed out. starting new election...
42:12.513065713 [ INFO] [39] has timed out. starting new election...
42:12.517185046 [ INFO] [39] becomes leader with 65 votes
42:12.746969256 [ INFO] [90] has timed out. starting new election...
42:12.755155457 [ INFO] [90] becomes leader with 65 votes
42:13.061895585 [ INFO] [3] has timed out. starting new election...
42:13.067601406 [ INFO] [3] becomes leader with 65 votes
42:13.409092668 [ INFO] [13] has timed out. starting new election...
42:13.413097572 [ INFO] [13] becomes leader with 65 votes
42:13.695505620 [ INFO] [61] has timed out. starting new election...
42:13.726827304 [ INFO] [61] becomes leader with 113 votes
42:13.913541578 [ INFO] [90] has timed out. starting new election...
42:13.933824239 [ INFO] [90] becomes leader with 65 votes
42:14.244610126 [ INFO] [3] has timed out. starting new election...
42:14.281462281 [ INFO] [3] becomes leader with 113 votes
42:14.587532858 [ INFO] [13] has timed out. starting new election...
42:14.629461733 [ INFO] [13] becomes leader with 113 votes
42:14.903926673 [ INFO] [61] has timed out. starting new election...
42:14.908724715 [ INFO] [61] becomes leader with 65 votes
42:15.092032509 [ INFO] [90] has timed out. starting new election...
42:15.096304345 [ INFO] [90] becomes leader with 65 votes
42:15.274436321 [ INFO] [33] has timed out. starting new election...
42:15.315394849 [ INFO] [33] becomes leader with 113 votes
42:15.494278105 [ INFO] [39] has timed out. starting new election...
42:15.514835190 [ INFO] [39] becomes leader with 112 votes
42:15.808480831 [ INFO] [13] has timed out. starting new election...
42:15.812492382 [ INFO] [13] becomes leader with 65 votes
42:16.083651670 [ INFO] [3] has timed out. starting new election...
42:16.125461962 [ INFO] [3] becomes leader with 113 votes
42:16.279457816 [ INFO] [90] has timed out. starting new election...
42:16.297065754 [ INFO] [90] becomes leader with 65 votes
42:16.490092880 [ INFO] [61] has timed out. starting new election...
42:16.499095684 [ INFO] [33] has timed out. starting new election...
42:16.510336072 [ INFO] [33] becomes leader with 65 votes
42:16.737490811 [ INFO] [39] has timed out. starting new election...
42:16.770829640 [ INFO] [39] becomes leader with 113 votes
42:16.968491791 [ INFO] [13] has timed out. starting new election...
42:17.009463760 [ INFO] [13] becomes leader with 113 votes
42:17.455326722 [ INFO] [90] has timed out. starting new election...
42:17.459489921 [ INFO] [90] becomes leader with 65 votes
42:17.684388261 [ INFO] [3] has timed out. starting new election...
42:17.688531140 [ INFO] [61] has timed out. starting new election...
42:17.730826800 [ INFO] [61] becomes leader with 112 votes
42:17.950694213 [ INFO] [33] has timed out. starting new election...
42:17.994829482 [ INFO] [33] becomes leader with 113 votes
42:18.203532186 [ INFO] [13] has timed out. starting new election...
42:18.208257165 [ INFO] [13] becomes leader with 65 votes
42:18.380260838 [ INFO] [3] has timed out. starting new election...
42:18.384387286 [ INFO] [3] becomes leader with 65 votes
42:18.617566462 [ INFO] [90] has timed out. starting new election...
42:18.621872511 [ INFO] [90] becomes leader with 65 votes
42:18.908077894 [ INFO] [61] has timed out. starting new election...
42:18.912225660 [ INFO] [61] becomes leader with 65 votes
42:19.176987030 [ INFO] [39] has timed out. starting new election...
42:19.226828962 [ INFO] [39] becomes leader with 113 votes
42:19.537150119 [ INFO] [13] has timed out. starting new election...
42:19.541123813 [ INFO] [13] becomes leader with 65 votes
42:19.780091269 [ INFO] [90] has timed out. starting new election...
42:19.796912906 [ INFO] [3] has timed out. starting new election...
42:19.829460114 [ INFO] [3] becomes leader with 112 votes
42:20.089294490 [ INFO] [61] has timed out. starting new election...
42:20.122828128 [ INFO] [61] becomes leader with 113 votes
42:20.466427438 [ INFO] [90] has timed out. starting new election...
42:20.470887400 [ INFO] [90] becomes leader with 65 votes
42:20.697297863 [ INFO] [13] has timed out. starting new election...
42:20.729461885 [ INFO] [13] becomes leader with 113 votes
42:21.038123625 [ INFO] [3] has timed out. starting new election...
42:21.045899593 [ INFO] [3] becomes leader with 65 votes
42:21.331625560 [ INFO] [61] has timed out. starting new election...
42:21.338388835 [ INFO] [61] becomes leader with 65 votes
42:21.628859717 [ INFO] [90] has timed out. starting new election...
42:21.634041418 [ INFO] [90] becomes leader with 65 votes
42:21.897338769 [ INFO] [13] has timed out. starting new election...
42:21.941461020 [ INFO] [13] becomes leader with 113 votes
42:22.225114778 [ INFO] [33] has timed out. starting new election...
42:22.254826416 [ INFO] [33] becomes leader with 113 votes
42:22.513460638 [ INFO] [3] has timed out. starting new election...
42:22.541459991 [ INFO] [3] becomes leader with 113 votes
42:22.856597949 [ INFO] [90] has timed out. starting new election...
42:22.879043838 [ INFO] [90] becomes leader with 112 votes
42:23.121146608 [ INFO] [13] has timed out. starting new election...
42:23.162413636 [ INFO] [13] becomes leader with 113 votes
42:23.445418573 [ INFO] [61] has timed out. starting new election...
42:23.450205284 [ INFO] [61] becomes leader with 65 votes
42:23.629881123 [ INFO] [33] has timed out. starting new election...
42:23.661980282 [ INFO] [33] becomes leader with 65 votes
42:23.881763780 [ INFO] [3] has timed out. starting new election...
42:23.925460535 [ INFO] [3] becomes leader with 113 votes
42:24.148201823 [ INFO] [90] has timed out. starting new election...
42:24.152726590 [ INFO] [90] becomes leader with 65 votes
42:24.318647544 [ INFO] [13] has timed out. starting new election...
42:24.322694792 [ INFO] [13] becomes leader with 65 votes
42:24.627582014 [ INFO] [61] has timed out. starting new election...
42:24.632519447 [ INFO] [39] has timed out. starting new election...
42:24.636991523 [ INFO] [41] has timed out. starting new election...
42:24.667759521 [ INFO] [41] becomes leader with 111 votes
42:24.850041896 [ INFO] [85] has timed out. starting new election...
42:24.845432574 [ INFO] [104] has timed out. starting new election...
42:24.853125443 [ INFO] [33] has timed out. starting new election...
42:24.894825818 [ INFO] [33] becomes leader with 111 votes
42:25.217292079 [ INFO] [104] candidate has timed out. starting new election...
42:25.238566669 [ INFO] [85] candidate has timed out. starting new election...
42:25.310704659 [ INFO] [90] has timed out. starting new election...
42:25.373799469 [ INFO] [90] becomes leader with 65 votes
42:25.534184570 [ INFO] [13] has timed out. starting new election...
42:25.568941888 [ INFO] [13] becomes leader with 84 votes
42:25.849769282 [ INFO] [3] has timed out. starting new election...
42:25.856251109 [ INFO] [41] has timed out. starting new election...
42:25.882829195 [ INFO] [41] becomes leader with 110 votes
42:26.108963456 [ INFO] [39] has timed out. starting new election...
42:26.138825474 [ INFO] [39] becomes leader with 111 votes
42:26.312515709 [ INFO] [3] has timed out. starting new election...
42:26.345459840 [ INFO] [3] becomes leader with 111 votes
42:26.532245722 [ INFO] [90] has timed out. starting new election...
42:26.536456534 [ INFO] [90] becomes leader with 65 votes
42:26.731558620 [ INFO] [13] has timed out. starting new election...
42:26.765463004 [ INFO] [13] becomes leader with 111 votes
42:27.057637109 [ INFO] [61] has timed out. starting new election...
42:27.062638492 [ INFO] [33] has timed out. starting new election...
42:27.070994698 [ INFO] [41] has timed out. starting new election...
42:27.090311145 [ INFO] [41] becomes leader with 65 votes
42:27.322480032 [ INFO] [39] has timed out. starting new election...
42:27.326716800 [ INFO] [39] becomes leader with 65 votes
42:27.522708735 [ INFO] [3] has timed out. starting new election...
42:27.557463239 [ INFO] [3] becomes leader with 111 votes
42:27.748234814 [ INFO] [90] has timed out. starting new election...
42:27.769453775 [ INFO] [90] becomes leader with 65 votes
42:27.953360914 [ INFO] [13] has timed out. starting new election...
42:27.958203086 [ INFO] [13] becomes leader with 65 votes
42:28.268803487 [ INFO] [61] has timed out. starting new election...
42:28.302826145 [ INFO] [61] becomes leader with 111 votes
42:28.507446499 [ INFO] [33] has timed out. starting new election...
42:28.510923594 [ INFO] [39] has timed out. starting new election...
42:28.511527266 [ INFO] [33] becomes leader with 65 votes
42:28.822826919 [ INFO] [39] candidate has timed out. starting new election...
42:28.927765644 [ INFO] [90] has timed out. starting new election...
42:28.933174306 [ INFO] [90] becomes leader with 65 votes
42:29.114242254 [ INFO] [13] has timed out. starting new election...
42:29.118647933 [ INFO] [13] becomes leader with 65 votes
42:29.292471801 [ INFO] [3] has timed out. starting new election...
42:29.297013681 [ INFO] [3] becomes leader with 65 votes
42:29.479988189 [ INFO] [61] has timed out. starting new election...
42:29.484052024 [ INFO] [61] becomes leader with 65 votes
42:30.335069888 [ INFO] [98] has timed out. starting new election...
42:29.917890777 [ INFO] [96] has timed out. starting new election...
42:29.930283191 [ INFO] [103] has timed out. starting new election...
42:30.328069363 [ INFO] [109] has timed out. starting new election...
42:30.337618698 [ INFO] [110] has timed out. starting new election...
42:30.340940918 [ INFO] [102] has timed out. starting new election...
42:29.931904376 [ INFO] [113] has timed out. starting new election...
42:29.911557129 [ INFO] [114] has timed out. starting new election...
42:29.926803721 [ INFO] [108] has timed out. starting new election...
42:29.931803816 [ INFO] [119] has timed out. starting new election...
42:30.340574357 [ INFO] [121] has timed out. starting new election...
42:30.321974399 [ INFO] [126] has timed out. starting new election...
42:30.332778684 [ INFO] [78] has timed out. starting new election...
42:29.916475792 [ INFO] [65] has timed out. starting new election...
42:29.936113220 [ INFO] [82] has timed out. starting new election...
42:30.339300350 [ INFO] [69] has timed out. starting new election...
42:30.320799250 [ INFO] [74] has timed out. starting new election...
42:30.346404574 [ INFO] [71] has timed out. starting new election...
42:29.937626789 [ INFO] [94] has timed out. starting new election...
42:30.346572939 [ INFO] [79] has timed out. starting new election...
42:30.647123167 [ INFO] [79] candidate has timed out. starting new election...
42:29.926530195 [ INFO] [77] has timed out. starting new election...
42:30.331929131 [ INFO] [83] has timed out. starting new election...
42:30.331036695 [ INFO] [87] has timed out. starting new election...
42:29.929907480 [ INFO] [89] has timed out. starting new election...
42:30.345726498 [ INFO] [91] has timed out. starting new election...
42:29.915879110 [ INFO] [73] has timed out. starting new election...
42:30.329670684 [ INFO] [76] has timed out. starting new election...
42:29.698138219 [ INFO] [41] has timed out. starting new election...
42:29.724594143 [ INFO] [41] becomes leader with 84 votes
42:30.319410844 [ INFO] [48] has timed out. starting new election...
42:30.344297979 [ INFO] [36] has timed out. starting new election...
42:30.330652771 [ INFO] [63] has timed out. starting new election...
42:29.923545579 [ INFO] [40] has timed out. starting new election...
42:29.694601474 [ INFO] [33] has timed out. starting new election...
42:30.022960544 [ INFO] [33] candidate has timed out. starting new election...
42:30.321973608 [ INFO] [50] has timed out. starting new election...
42:30.323749906 [ INFO] [52] has timed out. starting new election...
42:30.338030905 [ INFO] [57] has timed out. starting new election...
42:29.932096374 [ INFO] [58] has timed out. starting new election...
42:30.346319997 [ INFO] [59] has timed out. starting new election...
42:30.345567350 [ INFO] [49] has timed out. starting new election...
42:30.660989042 [ INFO] [61] has timed out. starting new election...
42:30.092043121 [ INFO] [90] has timed out. starting new election...
42:30.107185171 [ INFO] [90] becomes leader with 65 votes
