[1579528120.565805] [dahu-17:10330:0]       ib_iface.c:696  UCX  ERROR ibv_create_cq(cqe=4096) failed: Function not implemented
[1579528120.567075] [dahu-17:10318:0]       ib_iface.c:696  UCX  ERROR ibv_create_cq(cqe=4096) failed: Function not implemented
[1579528120.568193] [dahu-17:10315:0]       ib_iface.c:696  UCX  ERROR ibv_create_cq(cqe=4096) failed: Function not implemented
[1579528120.569129] [dahu-17:10311:0]       ib_iface.c:696  UCX  ERROR ibv_create_cq(cqe=4096) failed: Function not implemented
[1579528120.578334] [dahu-17:10312:0]       ib_iface.c:696  UCX  ERROR ibv_create_cq(cqe=4096) failed: Function not implemented
[1579528120.578835] [dahu-17:10314:0]       ib_iface.c:696  UCX  ERROR ibv_create_cq(cqe=4096) failed: Function not implemented
[1579528120.579802] [dahu-17:10327:0]       ib_iface.c:696  UCX  ERROR ibv_create_cq(cqe=4096) failed: Function not implemented
[1579528120.581562] [dahu-17:10323:0]       ib_iface.c:696  UCX  ERROR ibv_create_cq(cqe=4096) failed: Function not implemented
[1579528120.582469] [dahu-17:10319:0]       ib_iface.c:696  UCX  ERROR ibv_create_cq(cqe=4096) failed: Function not implemented
[1579528120.583116] [dahu-17:10320:0]       ib_iface.c:696  UCX  ERROR ibv_create_cq(cqe=4096) failed: Function not implemented
[1579528120.583232] [dahu-17:10325:0]       ib_iface.c:696  UCX  ERROR ibv_create_cq(cqe=4096) failed: Function not implemented
[1579528120.584431] [dahu-17:10328:0]       ib_iface.c:696  UCX  ERROR ibv_create_cq(cqe=4096) failed: Function not implemented
[1579528120.584898] [dahu-17:10329:0]       ib_iface.c:696  UCX  ERROR ibv_create_cq(cqe=4096) failed: Function not implemented
[1579528120.584951] [dahu-17:10316:0]       ib_iface.c:696  UCX  ERROR ibv_create_cq(cqe=4096) failed: Function not implemented
[1579528120.588885] [dahu-17:10321:0]       ib_iface.c:696  UCX  ERROR ibv_create_cq(cqe=4096) failed: Function not implemented
[1579528120.589676] [dahu-17:10324:0]       ib_iface.c:696  UCX  ERROR ibv_create_cq(cqe=4096) failed: Function not implemented
[1579528120.591412] [dahu-17:10333:0]       ib_iface.c:696  UCX  ERROR ibv_create_cq(cqe=4096) failed: Function not implemented
[1579528120.591425] [dahu-17:10331:0]       ib_iface.c:696  UCX  ERROR ibv_create_cq(cqe=4096) failed: Function not implemented
[1579528120.591724] [dahu-17:10313:0]       ib_iface.c:696  UCX  ERROR ibv_create_cq(cqe=4096) failed: Function not implemented
[1579528120.593551] [dahu-17:10317:0]       ib_iface.c:696  UCX  ERROR ibv_create_cq(cqe=4096) failed: Function not implemented
[1579528120.593546] [dahu-17:10322:0]       ib_iface.c:696  UCX  ERROR ibv_create_cq(cqe=4096) failed: Function not implemented
[1579528120.595407] [dahu-17:10335:0]       ib_iface.c:696  UCX  ERROR ibv_create_cq(cqe=4096) failed: Function not implemented
[1579528120.596164] [dahu-17:10336:0]       ib_iface.c:696  UCX  ERROR ibv_create_cq(cqe=4096) failed: Function not implemented
[1579528120.596164] [dahu-17:10337:0]       ib_iface.c:696  UCX  ERROR ibv_create_cq(cqe=4096) failed: Function not implemented
[1579528120.596653] [dahu-17:10326:0]       ib_iface.c:696  UCX  ERROR ibv_create_cq(cqe=4096) failed: Function not implemented
[1579528120.596924] [dahu-17:10332:0]       ib_iface.c:696  UCX  ERROR ibv_create_cq(cqe=4096) failed: Function not implemented
[1579528120.597829] [dahu-17:10341:0]       ib_iface.c:696  UCX  ERROR ibv_create_cq(cqe=4096) failed: Function not implemented
[1579528120.598084] [dahu-17:10340:0]       ib_iface.c:696  UCX  ERROR ibv_create_cq(cqe=4096) failed: Function not implemented
[1579528120.598757] [dahu-17:10339:0]       ib_iface.c:696  UCX  ERROR ibv_create_cq(cqe=4096) failed: Function not implemented
[1579528120.598806] [dahu-17:10342:0]       ib_iface.c:696  UCX  ERROR ibv_create_cq(cqe=4096) failed: Function not implemented
[1579528120.602444] [dahu-17:10334:0]       ib_iface.c:696  UCX  ERROR ibv_create_cq(cqe=4096) failed: Function not implemented
[1579528120.603792] [dahu-17:10338:0]       ib_iface.c:696  UCX  ERROR ibv_create_cq(cqe=4096) failed: Function not implemented
[1579528120.628025] [dahu-16:15198:0]       ib_iface.c:696  UCX  ERROR ibv_create_cq(cqe=4096) failed: Function not implemented
[1579528120.630559] [dahu-16:15190:0]       ib_iface.c:696  UCX  ERROR ibv_create_cq(cqe=4096) failed: Function not implemented
[1579528120.632399] [dahu-16:15194:0]       ib_iface.c:696  UCX  ERROR ibv_create_cq(cqe=4096) failed: Function not implemented
[1579528120.634154] [dahu-16:15205:0]       ib_iface.c:696  UCX  ERROR ibv_create_cq(cqe=4096) failed: Function not implemented
[1579528120.634687] [dahu-16:15203:0]       ib_iface.c:696  UCX  ERROR ibv_create_cq(cqe=4096) failed: Function not implemented
[1579528120.635601] [dahu-16:15193:0]       ib_iface.c:696  UCX  ERROR ibv_create_cq(cqe=4096) failed: Function not implemented
[1579528120.636875] [dahu-16:15207:0]       ib_iface.c:696  UCX  ERROR ibv_create_cq(cqe=4096) failed: Function not implemented
[1579528120.637027] [dahu-16:15208:0]       ib_iface.c:696  UCX  ERROR ibv_create_cq(cqe=4096) failed: Function not implemented
[1579528120.637899] [dahu-16:15197:0]       ib_iface.c:696  UCX  ERROR ibv_create_cq(cqe=4096) failed: Function not implemented
[1579528120.639323] [dahu-16:15201:0]       ib_iface.c:696  UCX  ERROR ibv_create_cq(cqe=4096) failed: Function not implemented
[1579528120.639462] [dahu-16:15200:0]       ib_iface.c:696  UCX  ERROR ibv_create_cq(cqe=4096) failed: Function not implemented
[1579528120.640131] [dahu-16:15195:0]       ib_iface.c:696  UCX  ERROR ibv_create_cq(cqe=4096) failed: Function not implemented
[1579528120.640133] [dahu-16:15204:0]       ib_iface.c:696  UCX  ERROR ibv_create_cq(cqe=4096) failed: Function not implemented
[1579528120.641433] [dahu-16:15206:0]       ib_iface.c:696  UCX  ERROR ibv_create_cq(cqe=4096) failed: Function not implemented
[1579528120.641897] [dahu-16:15196:0]       ib_iface.c:696  UCX  ERROR ibv_create_cq(cqe=4096) failed: Function not implemented
[1579528120.643549] [dahu-16:15209:0]       ib_iface.c:696  UCX  ERROR ibv_create_cq(cqe=4096) failed: Function not implemented
[1579528120.644515] [dahu-16:15191:0]       ib_iface.c:696  UCX  ERROR ibv_create_cq(cqe=4096) failed: Function not implemented
[1579528120.644571] [dahu-16:15210:0]       ib_iface.c:696  UCX  ERROR ibv_create_cq(cqe=4096) failed: Function not implemented
[1579528120.645199] [dahu-16:15202:0]       ib_iface.c:696  UCX  ERROR ibv_create_cq(cqe=4096) failed: Function not implemented
[1579528120.645489] [dahu-16:15213:0]       ib_iface.c:696  UCX  ERROR ibv_create_cq(cqe=4096) failed: Function not implemented
[1579528120.645836] [dahu-16:15189:0]       ib_iface.c:696  UCX  ERROR ibv_create_cq(cqe=4096) failed: Function not implemented
[1579528120.647669] [dahu-16:15216:0]       ib_iface.c:696  UCX  ERROR ibv_create_cq(cqe=4096) failed: Function not implemented
[1579528120.648416] [dahu-16:15199:0]       ib_iface.c:696  UCX  ERROR ibv_create_cq(cqe=4096) failed: Function not implemented
[1579528120.648606] [dahu-16:15192:0]       ib_iface.c:696  UCX  ERROR ibv_create_cq(cqe=4096) failed: Function not implemented
[1579528120.648700] [dahu-16:15215:0]       ib_iface.c:696  UCX  ERROR ibv_create_cq(cqe=4096) failed: Function not implemented
[1579528120.650486] [dahu-16:15214:0]       ib_iface.c:696  UCX  ERROR ibv_create_cq(cqe=4096) failed: Function not implemented
[1579528120.651014] [dahu-16:15217:0]       ib_iface.c:696  UCX  ERROR ibv_create_cq(cqe=4096) failed: Function not implemented
[1579528120.651711] [dahu-16:15212:0]       ib_iface.c:696  UCX  ERROR ibv_create_cq(cqe=4096) failed: Function not implemented
[1579528120.652588] [dahu-16:15211:0]       ib_iface.c:696  UCX  ERROR ibv_create_cq(cqe=4096) failed: Function not implemented
[1579528120.653894] [dahu-16:15218:0]       ib_iface.c:696  UCX  ERROR ibv_create_cq(cqe=4096) failed: Function not implemented
[1579528120.655239] [dahu-16:15220:0]       ib_iface.c:696  UCX  ERROR ibv_create_cq(cqe=4096) failed: Function not implemented
[1579528120.655342] [dahu-16:15219:0]       ib_iface.c:696  UCX  ERROR ibv_create_cq(cqe=4096) failed: Function not implemented
48:40.817150936 [ INFO] [8] has timed out. starting new election...
48:40.817283639 [ INFO] [19] has timed out. starting new election...
48:40.817480087 [ INFO] [27] has timed out. starting new election...
48:40.835037927 [ INFO] [27] becomes leader with 33 votes
48:40.986630047 [ INFO] [5] has timed out. starting new election...
48:40.992304816 [ INFO] [40] has timed out. starting new election...
48:41.025928296 [ INFO] [5] becomes leader with 63 votes
48:41.179990905 [ INFO] [8] has timed out. starting new election...
48:41.213459081 [ INFO] [8] becomes leader with 64 votes
48:41.368806691 [ INFO] [19] has timed out. starting new election...
48:41.371842613 [ INFO] [19] becomes leader with 33 votes
48:41.530830863 [ INFO] [40] has timed out. starting new election...
48:41.533939444 [ INFO] [0] has timed out. starting new election...
48:41.539135633 [ INFO] [0] becomes leader with 33 votes
48:41.705737493 [ INFO] [46] has timed out. starting new election...
48:41.710267220 [ INFO] [46] becomes leader with 33 votes
48:41.991255579 [ INFO] [27] has timed out. starting new election...
48:41.995849380 [ INFO] [40] has timed out. starting new election...
48:41.998898751 [ INFO] [40] becomes leader with 33 votes
48:42.180513099 [ INFO] [5] has timed out. starting new election...
48:42.194841646 [ INFO] [24] has timed out. starting new election...
48:42.199542140 [ INFO] [50] has timed out. starting new election...
48:42.200702543 [ INFO] [43] has timed out. starting new election...
48:42.204215114 [ INFO] [24] becomes leader with 33 votes
48:42.286825460 [ INFO] [43] becomes leader with 63 votes
48:42.525218006 [ INFO] [5] has timed out. starting new election...
48:42.557459323 [ INFO] [5] becomes leader with 64 votes
48:42.711570703 [ INFO] [8] has timed out. starting new election...
48:42.737461257 [ INFO] [8] becomes leader with 64 votes
48:42.892943924 [ INFO] [27] has timed out. starting new election...
48:42.893719253 [ INFO] [19] has timed out. starting new election...
48:42.933935649 [ INFO] [19] becomes leader with 63 votes
48:43.160283149 [ INFO] [40] has timed out. starting new election...
48:43.163536563 [ INFO] [40] becomes leader with 33 votes
48:43.445788966 [ INFO] [27] has timed out. starting new election...
48:43.449414590 [ INFO] [27] becomes leader with 33 votes
48:43.711927012 [ INFO] [5] has timed out. starting new election...
48:43.714747408 [ INFO] [5] becomes leader with 33 votes
48:43.893468786 [ INFO] [8] has timed out. starting new election...
48:43.896735385 [ INFO] [8] becomes leader with 33 votes
48:44.120787218 [ INFO] [19] has timed out. starting new election...
48:44.127344369 [ INFO] [0] has timed out. starting new election...
48:44.130509805 [ INFO] [0] becomes leader with 33 votes
48:44.342050043 [ INFO] [40] has timed out. starting new election...
48:44.374825270 [ INFO] [40] becomes leader with 63 votes
48:44.608042176 [ INFO] [27] has timed out. starting new election...
48:44.626930667 [ INFO] [27] becomes leader with 33 votes
48:44.869616437 [ INFO] [5] has timed out. starting new election...
48:44.897458038 [ INFO] [5] becomes leader with 63 votes
48:45.054086921 [ INFO] [19] has timed out. starting new election...
48:45.055832067 [ INFO] [8] has timed out. starting new election...
48:45.083187411 [ INFO] [8] becomes leader with 33 votes
48:45.294650338 [ INFO] [0] has timed out. starting new election...
48:45.298052555 [ INFO] [0] becomes leader with 33 votes
48:45.532646109 [ INFO] [19] has timed out. starting new election...
48:45.535590224 [ INFO] [19] becomes leader with 33 votes
48:45.783055801 [ INFO] [27] has timed out. starting new election...
48:45.810394771 [ INFO] [27] becomes leader with 33 votes
48:46.054168494 [ INFO] [5] has timed out. starting new election...
48:46.057174 [ INFO] [5] becomes leader with 33 votes
48:46.238946154 [ INFO] [8] has timed out. starting new election...
48:46.257862263 [ INFO] [8] becomes leader with 33 votes
48:46.459285780 [ INFO] [40] has timed out. starting new election...
48:46.492377514 [ INFO] [40] becomes leader with 33 votes
48:46.692821150 [ INFO] [19] has timed out. starting new election...
48:46.695842800 [ INFO] [19] becomes leader with 33 votes
48:46.966419375 [ INFO] [27] has timed out. starting new election...
48:46.972349144 [ INFO] [27] becomes leader with 33 votes
48:47.213095737 [ INFO] [5] has timed out. starting new election...
48:47.216042052 [ INFO] [5] becomes leader with 33 votes
48:47.414032372 [ INFO] [8] has timed out. starting new election...
48:47.418809781 [ INFO] [8] becomes leader with 33 votes
48:47.653266824 [ INFO] [40] has timed out. starting new election...
48:47.655478419 [ INFO] [0] has timed out. starting new election...
48:47.697885879 [ INFO] [0] becomes leader with 62 votes
48:47.857872510 [ INFO] [19] has timed out. starting new election...
48:47.893457725 [ INFO] [19] becomes leader with 63 votes
48:48.128155323 [ INFO] [27] has timed out. starting new election...
48:48.131357092 [ INFO] [27] becomes leader with 33 votes
48:48.370847963 [ INFO] [5] has timed out. starting new election...
48:48.373629776 [ INFO] [5] becomes leader with 33 votes
48:48.574905694 [ INFO] [8] has timed out. starting new election...
48:48.577963566 [ INFO] [8] becomes leader with 33 votes
48:48.860580328 [ INFO] [40] has timed out. starting new election...
48:48.908028581 [ INFO] [40] becomes leader with 63 votes
48:49.076524643 [ INFO] [19] has timed out. starting new election...
48:49.117459862 [ INFO] [19] becomes leader with 63 votes
48:49.287317950 [ INFO] [27] has timed out. starting new election...
48:49.305532298 [ INFO] [27] becomes leader with 33 votes
48:49.528540038 [ INFO] [5] has timed out. starting new election...
48:49.577461813 [ INFO] [5] becomes leader with 63 votes
48:49.735226779 [ INFO] [8] has timed out. starting new election...
48:49.738580903 [ INFO] [8] becomes leader with 33 votes
48:49.900496361 [ INFO] [0] has timed out. starting new election...
48:49.904996640 [ INFO] [46] has timed out. starting new election...
48:49.927692034 [ INFO] [46] becomes leader with 62 votes
48:50.110289671 [ INFO] [40] has timed out. starting new election...
48:50.138824120 [ INFO] [40] becomes leader with 62 votes
48:50.292042110 [ INFO] [19] has timed out. starting new election...
48:50.333459426 [ INFO] [19] becomes leader with 63 votes
48:50.524979576 [ INFO] [27] has timed out. starting new election...
48:50.557458957 [ INFO] [27] becomes leader with 63 votes
48:50.732464388 [ INFO] [5] has timed out. starting new election...
48:50.773460097 [ INFO] [5] becomes leader with 63 votes
48:50.926935280 [ INFO] [8] has timed out. starting new election...
48:50.930071759 [ INFO] [8] becomes leader with 33 votes
48:51.116620945 [ INFO] [0] has timed out. starting new election...
48:51.156216484 [ INFO] [0] becomes leader with 63 votes
48:51.314588258 [ INFO] [40] has timed out. starting new election...
48:51.326470786 [ INFO] [46] has timed out. starting new election...
48:51.327654965 [ INFO] [43] has timed out. starting new election...
48:51.327764562 [ INFO] [50] has timed out. starting new election...
48:51.329920282 [ INFO] [29] has timed out. starting new election...
48:51.339254846 [ INFO] [29] becomes leader with 33 votes
48:51.525078817 [ INFO] [19] has timed out. starting new election...
48:51.528075277 [ INFO] [19] becomes leader with 33 votes
48:51.713332155 [ INFO] [27] has timed out. starting new election...
48:51.718300142 [ INFO] [40] has timed out. starting new election...
48:51.721348606 [ INFO] [40] becomes leader with 33 votes
48:51.927929107 [ INFO] [5] has timed out. starting new election...
48:51.969460214 [ INFO] [5] becomes leader with 63 votes
48:52.133703926 [ INFO] [27] has timed out. starting new election...
48:52.177459462 [ INFO] [27] becomes leader with 63 votes
48:52.334207629 [ INFO] [8] has timed out. starting new election...
48:52.344733686 [ INFO] [8] becomes leader with 33 votes
48:52.505181504 [ INFO] [0] has timed out. starting new election...
48:52.508294060 [ INFO] [0] becomes leader with 33 votes
48:52.683971153 [ INFO] [19] has timed out. starting new election...
48:52.687152169 [ INFO] [19] becomes leader with 33 votes
48:52.882065335 [ INFO] [40] has timed out. starting new election...
48:52.885072994 [ INFO] [40] becomes leader with 33 votes
48:53.136243007 [ INFO] [5] has timed out. starting new election...
48:53.139287116 [ INFO] [5] becomes leader with 33 votes
48:53.333405684 [ INFO] [27] has timed out. starting new election...
48:53.365482339 [ INFO] [27] becomes leader with 33 votes
48:53.663526471 [ INFO] [8] has timed out. starting new election...
48:53.667572629 [ INFO] [8] becomes leader with 33 votes
48:53.842933422 [ INFO] [19] has timed out. starting new election...
48:53.873457139 [ INFO] [19] becomes leader with 63 votes
48:54.045764584 [ INFO] [40] has timed out. starting new election...
48:54.078826969 [ INFO] [40] becomes leader with 63 votes
48:54.295657603 [ INFO] [5] has timed out. starting new election...
48:54.302575235 [ INFO] [5] becomes leader with 33 votes
48:54.527619995 [ INFO] [0] has timed out. starting new election...
48:54.533532525 [ INFO] [27] has timed out. starting new election...
48:54.536511737 [ INFO] [27] becomes leader with 33 votes
48:54.823940353 [ INFO] [8] has timed out. starting new election...
48:54.830224823 [ INFO] [8] becomes leader with 33 votes
48:55.029031507 [ INFO] [19] has timed out. starting new election...
48:55.035473657 [ INFO] [0] has timed out. starting new election...
48:55.067714446 [ INFO] [0] becomes leader with 62 votes
48:55.279751261 [ INFO] [46] has timed out. starting new election...
48:55.279902940 [ INFO] [40] has timed out. starting new election...
48:55.282967843 [ INFO] [40] becomes leader with 33 votes
48:55.463800059 [ INFO] [5] has timed out. starting new election...
48:55.497464138 [ INFO] [5] becomes leader with 63 votes
48:55.692478140 [ INFO] [27] has timed out. starting new election...
48:55.721462316 [ INFO] [27] becomes leader with 63 votes
48:55.986921867 [ INFO] [19] has timed out. starting new election...
48:56.029461240 [ INFO] [19] becomes leader with 63 votes
48:56.222966840 [ INFO] [8] has timed out. starting new election...
48:56.241724808 [ INFO] [8] becomes leader with 33 votes
48:56.443977308 [ INFO] [40] has timed out. starting new election...
48:56.448891972 [ INFO] [40] becomes leader with 33 votes
48:56.684102288 [ INFO] [5] has timed out. starting new election...
48:56.717460683 [ INFO] [5] becomes leader with 63 votes
48:56.892870491 [ INFO] [27] has timed out. starting new election...
48:56.921460065 [ INFO] [27] becomes leader with 63 votes
48:57.231032008 [ INFO] [19] has timed out. starting new election...
48:57.234188830 [ INFO] [19] becomes leader with 33 votes
48:57.413128711 [ INFO] [8] has timed out. starting new election...
48:57.416832367 [ INFO] [8] becomes leader with 33 votes
48:57.609460549 [ INFO] [40] has timed out. starting new election...
48:57.613381472 [ INFO] [40] becomes leader with 33 votes
48:57.895792735 [ INFO] [5] has timed out. starting new election...
48:57.929460787 [ INFO] [5] becomes leader with 63 votes
48:58.141128915 [ INFO] [27] has timed out. starting new election...
48:58.181459677 [ INFO] [27] becomes leader with 63 votes
48:58.416246566 [ INFO] [19] has timed out. starting new election...
48:58.424836832 [ INFO] [19] becomes leader with 33 votes
48:58.582295635 [ INFO] [8] has timed out. starting new election...
48:58.585704802 [ INFO] [8] becomes leader with 33 votes
48:58.774381087 [ INFO] [40] has timed out. starting new election...
48:58.777406179 [ INFO] [40] becomes leader with 33 votes
48:59.084272019 [ INFO] [5] has timed out. starting new election...
48:59.087283821 [ INFO] [5] becomes leader with 33 votes
48:59.249181974 [ INFO] [0] has timed out. starting new election...
48:59.257071836 [ INFO] [29] has timed out. starting new election...
48:59.293969252 [ INFO] [29] becomes leader with 62 votes
48:59.580809563 [ INFO] [19] has timed out. starting new election...
48:59.582444125 [ INFO] [27] has timed out. starting new election...
48:59.590706020 [ INFO] [27] becomes leader with 33 votes
48:59.758290252 [ INFO] [8] has timed out. starting new election...
48:59.762053856 [ INFO] [8] becomes leader with 33 votes
48:59.934735500 [ INFO] [19] has timed out. starting new election...
48:59.940435517 [ INFO] [19] becomes leader with 33 votes
49:00.242106820 [ INFO] [5] has timed out. starting new election...
49:00.245097777 [ INFO] [5] becomes leader with 33 votes
49:00.456011521 [ INFO] [0] has timed out. starting new election...
49:00.455941592 [ INFO] [40] has timed out. starting new election...
49:00.467277900 [ INFO] [29] has timed out. starting new election...
49:00.466747453 [ INFO] [46] has timed out. starting new election...
49:00.514827661 [ INFO] [46] becomes leader with 60 votes
49:00.746605348 [ INFO] [27] has timed out. starting new election...
49:00.749548685 [ INFO] [27] becomes leader with 33 votes
49:00.919277153 [ INFO] [8] has timed out. starting new election...
49:00.922792963 [ INFO] [8] becomes leader with 33 votes
49:01.096416751 [ INFO] [19] has timed out. starting new election...
49:01.101606937 [ INFO] [19] becomes leader with 33 votes
49:01.399910532 [ INFO] [5] has timed out. starting new election...
49:01.405817786 [ INFO] [40] has timed out. starting new election...
49:01.407055590 [ INFO] [0] has timed out. starting new election...
49:01.417096206 [ INFO] [50] has timed out. starting new election...
49:01.433077391 [ INFO] [50] becomes leader with 59 votes
49:01.722497688 [ INFO] [0] candidate has timed out. starting new election...
49:01.724331266 [ INFO] [46] has timed out. starting new election...
49:01.727465400 [ INFO] [46] becomes leader with 33 votes
49:01.733633957 [ INFO] [5] candidate has timed out. starting new election...
49:01.912008209 [ INFO] [27] has timed out. starting new election...
49:01.918146023 [ INFO] [27] becomes leader with 33 votes
49:02.079125405 [ INFO] [8] has timed out. starting new election...
49:02.103383875 [ INFO] [8] becomes leader with 61 votes
49:02.262568339 [ INFO] [19] has timed out. starting new election...
49:02.265805613 [ INFO] [19] becomes leader with 33 votes
49:02.424334035 [ INFO] [40] has timed out. starting new election...
49:02.463300816 [ INFO] [40] becomes leader with 61 votes
49:02.635033161 [ INFO] [29] has timed out. starting new election...
49:02.635555797 [ INFO] [43] has timed out. starting new election...
49:02.635788655 [ INFO] [50] has timed out. starting new election...
49:02.670568419 [ INFO] [43] becomes leader with 59 votes
49:02.897283732 [ INFO] [46] has timed out. starting new election...
49:02.900340072 [ INFO] [46] becomes leader with 33 votes
49:03.074198787 [ INFO] [27] has timed out. starting new election...
49:03.077675670 [ INFO] [27] becomes leader with 33 votes
49:03.265202786 [ INFO] [8] has timed out. starting new election...
49:03.277666497 [ INFO] [8] becomes leader with 33 votes
49:03.430049583 [ INFO] [19] has timed out. starting new election...
49:03.465462639 [ INFO] [19] becomes leader with 60 votes
49:03.643139070 [ INFO] [40] has timed out. starting new election...
49:03.675384759 [ INFO] [40] becomes leader with 61 votes
49:03.846395094 [ INFO] [29] has timed out. starting new election...
49:03.845468958 [ INFO] [50] has timed out. starting new election...
49:03.877460597 [ INFO] [29] becomes leader with 59 votes
49:04.227026654 [ INFO] [50] candidate has timed out. starting new election...
49:04.233778003 [ INFO] [27] has timed out. starting new election...
49:04.248223566 [ INFO] [46] has timed out. starting new election...
49:04.252885556 [ INFO] [43] has timed out. starting new election...
49:04.263361648 [ INFO] [43] becomes leader with 33 votes
49:04.462314219 [ INFO] [8] has timed out. starting new election...
49:04.472068263 [ INFO] [8] becomes leader with 58 votes
49:04.667543160 [ INFO] [27] has timed out. starting new election...
49:04.668534971 [ INFO] [19] has timed out. starting new election...
49:04.693463618 [ INFO] [19] becomes leader with 59 votes
49:04.852180498 [ INFO] [40] has timed out. starting new election...
49:04.855335449 [ INFO] [40] becomes leader with 33 votes
49:05.050594878 [ INFO] [27] has timed out. starting new election...
49:05.075151904 [ INFO] [27] becomes leader with 33 votes
49:05.243663201 [ INFO] [46] has timed out. starting new election...
49:05.248329084 [ INFO] [29] has timed out. starting new election...
49:05.301459079 [ INFO] [29] becomes leader with 59 votes
49:05.598825022 [ INFO] [46] candidate has timed out. starting new election...
49:05.628202625 [ INFO] [8] has timed out. starting new election...
49:05.631406957 [ INFO] [8] becomes leader with 33 votes
49:05.849268356 [ INFO] [19] has timed out. starting new election...
49:05.862646525 [ INFO] [19] becomes leader with 33 votes
49:06.031888773 [ INFO] [40] has timed out. starting new election...
49:06.035502639 [ INFO] [40] becomes leader with 33 votes
49:06.230975953 [ INFO] [27] has timed out. starting new election...
49:06.265459932 [ INFO] [27] becomes leader with 59 votes
49:06.525053737 [ INFO] [43] has timed out. starting new election...
49:06.526837490 [ INFO] [29] has timed out. starting new election...
49:06.529922334 [ INFO] [29] becomes leader with 33 votes
49:06.787537133 [ INFO] [8] has timed out. starting new election...
49:06.791018947 [ INFO] [8] becomes leader with 33 votes
49:07.018486367 [ INFO] [19] has timed out. starting new election...
49:07.032268790 [ INFO] [19] becomes leader with 33 votes
49:07.196435654 [ INFO] [40] has timed out. starting new election...
49:07.199284147 [ INFO] [40] becomes leader with 33 votes
49:07.524701397 [ INFO] [27] has timed out. starting new election...
49:07.557462279 [ INFO] [27] becomes leader with 59 votes
49:07.728691077 [ INFO] [43] has timed out. starting new election...
49:07.762827164 [ INFO] [43] becomes leader with 59 votes
49:07.947551940 [ INFO] [8] has timed out. starting new election...
49:07.950819062 [ INFO] [8] becomes leader with 33 votes
49:08.188051341 [ INFO] [19] has timed out. starting new election...
49:08.191197188 [ INFO] [19] becomes leader with 33 votes
49:08.360037096 [ INFO] [40] has timed out. starting new election...
49:08.363189298 [ INFO] [40] becomes leader with 33 votes
49:08.537313693 [ INFO] [29] has timed out. starting new election...
49:08.544729803 [ INFO] [2] has timed out. starting new election...
49:08.546241046 [ INFO] [16] has timed out. starting new election...
49:08.546068240 [ INFO] [34] has timed out. starting new election...
49:08.547793770 [ INFO] [51] has timed out. starting new election...
49:08.551260472 [ INFO] [58] has timed out. starting new election...
49:08.553214911 [ INFO] [63] has timed out. starting new election...
49:08.554402359 [ INFO] [48] has timed out. starting new election...
49:08.555506646 [ INFO] [35] has timed out. starting new election...
49:08.557098029 [ INFO] [61] has timed out. starting new election...
49:08.756976527 [ INFO] [27] has timed out. starting new election...
49:08.780879435 [ INFO] [27] becomes leader with 56 votes
49:09.107034579 [ INFO] [8] has timed out. starting new election...
49:09.110388338 [ INFO] [8] becomes leader with 33 votes
49:09.346868128 [ INFO] [19] has timed out. starting new election...
49:09.349868118 [ INFO] [19] becomes leader with 33 votes
49:09.524275585 [ INFO] [40] has timed out. starting new election...
49:09.530600163 [ INFO] [40] becomes leader with 33 votes
49:09.702911035 [ INFO] [43] has timed out. starting new election...
49:09.734826006 [ INFO] [43] becomes leader with 59 votes
49:09.936862020 [ INFO] [27] has timed out. starting new election...
49:09.955853763 [ INFO] [29] has timed out. starting new election...
49:09.993459589 [ INFO] [29] becomes leader with 58 votes
49:10.256289882 [ INFO] [27] candidate has timed out. starting new election...
49:10.266610996 [ INFO] [8] has timed out. starting new election...
49:10.271315493 [ INFO] [8] becomes leader with 33 votes
49:10.505595333 [ INFO] [19] has timed out. starting new election...
49:10.508631684 [ INFO] [19] becomes leader with 33 votes
49:10.702270691 [ INFO] [40] has timed out. starting new election...
49:10.705157420 [ INFO] [40] becomes leader with 33 votes
49:10.941342547 [ INFO] [43] has timed out. starting new election...
49:10.958967655 [ INFO] [43] becomes leader with 33 votes
49:11.218150579 [ INFO] [29] has timed out. starting new election...
49:11.226508310 [ INFO] [2] has timed out. starting new election...
49:11.255180002 [ INFO] [2] becomes leader with 33 votes
49:11.466766158 [ INFO] [8] has timed out. starting new election...
49:11.469847800 [ INFO] [8] becomes leader with 33 votes
49:11.664315447 [ INFO] [19] has timed out. starting new election...
49:11.683152929 [ INFO] [29] has timed out. starting new election...
49:11.686267038 [ INFO] [29] becomes leader with 33 votes
49:11.865909360 [ INFO] [40] has timed out. starting new election...
49:11.898828291 [ INFO] [40] becomes leader with 58 votes
49:12.116484333 [ INFO] [19] has timed out. starting new election...
49:12.133507070 [ INFO] [43] has timed out. starting new election...
49:12.174824015 [ INFO] [43] becomes leader with 57 votes
49:12.456390640 [ INFO] [2] has timed out. starting new election...
49:12.456420204 [ INFO] [16] has timed out. starting new election...
49:12.462326964 [ INFO] [2] becomes leader with 33 votes
49:12.625831897 [ INFO] [19] has timed out. starting new election...
49:12.625946518 [ INFO] [8] has timed out. starting new election...
49:12.677456722 [ INFO] [8] becomes leader with 58 votes
49:12.847648639 [ INFO] [19] has timed out. starting new election...
49:12.850679950 [ INFO] [19] becomes leader with 33 votes
49:13.059311843 [ INFO] [40] has timed out. starting new election...
49:13.062293361 [ INFO] [40] becomes leader with 33 votes
49:13.356608877 [ INFO] [29] has timed out. starting new election...
49:13.356302486 [ INFO] [43] has timed out. starting new election...
49:13.359368523 [ INFO] [43] becomes leader with 33 votes
49:13.645329152 [ INFO] [2] has timed out. starting new election...
49:13.645545316 [ INFO] [16] has timed out. starting new election...
49:13.665608797 [ INFO] [16] becomes leader with 33 votes
49:13.850863445 [ INFO] [8] has timed out. starting new election...
49:13.882540603 [ INFO] [8] becomes leader with 33 votes
49:14.037696003 [ INFO] [19] has timed out. starting new election...
49:14.065067241 [ INFO] [19] becomes leader with 58 votes
49:14.227257755 [ INFO] [40] has timed out. starting new election...
49:14.230893755 [ INFO] [40] becomes leader with 33 votes
49:14.532257141 [ INFO] [29] has timed out. starting new election...
49:14.535487248 [ INFO] [29] becomes leader with 33 votes
49:14.844849602 [ INFO] [43] has timed out. starting new election...
49:14.852555708 [ INFO] [2] has timed out. starting new election...
49:14.852579651 [ INFO] [16] has timed out. starting new election...
49:14.861025633 [ INFO] [16] becomes leader with 33 votes
49:15.038623814 [ INFO] [8] has timed out. starting new election...
49:15.041759894 [ INFO] [8] becomes leader with 33 votes
49:15.228012269 [ INFO] [19] has timed out. starting new election...
49:15.231021950 [ INFO] [19] becomes leader with 33 votes
49:15.395042899 [ INFO] [40] has timed out. starting new election...
49:15.397981914 [ INFO] [40] becomes leader with 33 votes
49:15.708887119 [ INFO] [29] has timed out. starting new election...
49:15.749463185 [ INFO] [29] becomes leader with 58 votes
49:16.036417595 [ INFO] [43] has timed out. starting new election...
49:16.060614531 [ INFO] [43] becomes leader with 33 votes
49:16.215330171 [ INFO] [8] has timed out. starting new election...
49:16.232580123 [ INFO] [8] becomes leader with 57 votes
49:16.555289796 [ INFO] [19] has timed out. starting new election...
49:16.597459585 [ INFO] [19] becomes leader with 58 votes
49:16.910300998 [ INFO] [40] has timed out. starting new election...
49:16.922488601 [ INFO] [29] has timed out. starting new election...
49:16.925539501 [ INFO] [29] becomes leader with 33 votes
49:17.235152874 [ INFO] [43] has timed out. starting new election...
49:17.256221344 [ INFO] [43] becomes leader with 33 votes
49:17.410662229 [ INFO] [8] has timed out. starting new election...
49:17.413961430 [ INFO] [8] becomes leader with 33 votes
49:17.573534645 [ INFO] [40] has timed out. starting new election...
49:17.589849824 [ INFO] [40] becomes leader with 33 votes
49:17.753187797 [ INFO] [19] has timed out. starting new election...
49:17.789458509 [ INFO] [19] becomes leader with 58 votes
49:18.098260579 [ INFO] [29] has timed out. starting new election...
49:18.141460602 [ INFO] [29] becomes leader with 58 votes
49:18.570092886 [ INFO] [8] has timed out. starting new election...
49:18.573298643 [ INFO] [8] becomes leader with 33 votes
49:18.750411528 [ INFO] [40] has timed out. starting new election...
49:18.782825501 [ INFO] [40] becomes leader with 58 votes
49:18.972960032 [ INFO] [19] has timed out. starting new election...
49:19.017459550 [ INFO] [19] becomes leader with 58 votes
49:19.189862894 [ INFO] [43] has timed out. starting new election...
49:19.204593893 [ INFO] [43] becomes leader with 33 votes
49:19.379608182 [ INFO] [29] has timed out. starting new election...
49:19.413460137 [ INFO] [29] becomes leader with 58 votes
49:19.729402478 [ INFO] [8] has timed out. starting new election...
49:19.732608463 [ INFO] [8] becomes leader with 33 votes
49:19.959396893 [ INFO] [40] has timed out. starting new election...
49:19.962583613 [ INFO] [40] becomes leader with 33 votes
49:20.173160854 [ INFO] [19] has timed out. starting new election...
49:20.176173596 [ INFO] [19] becomes leader with 33 votes
49:20.384244028 [ INFO] [43] has timed out. starting new election...
49:20.387249437 [ INFO] [43] becomes leader with 33 votes
49:20.586236471 [ INFO] [29] has timed out. starting new election...
49:20.594741654 [ INFO] [2] has timed out. starting new election...
49:20.596653946 [ INFO] [16] has timed out. starting new election...
49:20.615293535 [ INFO] [16] becomes leader with 33 votes
49:20.888517995 [ INFO] [8] has timed out. starting new election...
49:20.891668055 [ INFO] [8] becomes leader with 33 votes
49:21.123384734 [ INFO] [40] has timed out. starting new election...
49:21.126372343 [ INFO] [40] becomes leader with 33 votes
49:21.332032447 [ INFO] [19] has timed out. starting new election...
49:21.351016373 [ INFO] [19] becomes leader with 33 votes
49:21.562348959 [ INFO] [29] has timed out. starting new election...
49:21.593459228 [ INFO] [29] becomes leader with 58 votes
49:21.799878606 [ INFO] [43] has timed out. starting new election...
49:21.804617814 [ INFO] [16] has timed out. starting new election...
49:21.805320247 [ INFO] [2] has timed out. starting new election...
49:21.837970633 [ INFO] [2] becomes leader with 33 votes
49:22.047650174 [ INFO] [8] has timed out. starting new election...
49:22.050806389 [ INFO] [8] becomes leader with 33 votes
49:22.290329609 [ INFO] [40] has timed out. starting new election...
49:22.293207706 [ INFO] [40] becomes leader with 33 votes
49:22.506811529 [ INFO] [19] has timed out. starting new election...
49:22.537463858 [ INFO] [19] becomes leader with 58 votes
49:22.802652484 [ INFO] [29] has timed out. starting new election...
49:22.857460279 [ INFO] [29] becomes leader with 58 votes
49:23.029829533 [ INFO] [43] has timed out. starting new election...
49:23.036798425 [ INFO] [2] has timed out. starting new election...
49:23.056436460 [ INFO] [2] becomes leader with 33 votes
49:23.271787629 [ INFO] [8] has timed out. starting new election...
49:23.327604274 [ INFO] [8] becomes leader with 33 votes
49:23.485820226 [ INFO] [40] has timed out. starting new election...
49:23.488989233 [ INFO] [40] becomes leader with 33 votes
49:23.700799661 [ INFO] [19] has timed out. starting new election...
49:23.749457800 [ INFO] [19] becomes leader with 58 votes
49:24.030301798 [ INFO] [29] has timed out. starting new election...
49:24.033383406 [ INFO] [29] becomes leader with 33 votes
49:24.230550956 [ INFO] [43] has timed out. starting new election...
49:24.239575530 [ INFO] [2] has timed out. starting new election...
49:24.246482100 [ INFO] [43] becomes leader with 34 votes
49:24.483423486 [ INFO] [8] has timed out. starting new election...
49:24.488031311 [ INFO] [8] becomes leader with 33 votes
49:24.649763728 [ INFO] [40] has timed out. starting new election...
49:24.652743641 [ INFO] [40] becomes leader with 33 votes
49:24.915801297 [ INFO] [19] has timed out. starting new election...
49:24.945461094 [ INFO] [19] becomes leader with 58 votes
49:25.216959702 [ INFO] [29] has timed out. starting new election...
49:25.249459048 [ INFO] [29] becomes leader with 58 votes
49:25.423051848 [ INFO] [43] has timed out. starting new election...
49:25.426853867 [ INFO] [43] becomes leader with 33 votes
49:25.644089984 [ INFO] [8] has timed out. starting new election...
49:25.649670679 [ INFO] [8] becomes leader with 33 votes
49:25.813547130 [ INFO] [40] has timed out. starting new election...
49:25.836013146 [ INFO] [40] becomes leader with 33 votes
49:26.121060622 [ INFO] [19] has timed out. starting new election...
49:26.124634427 [ INFO] [19] becomes leader with 33 votes
49:26.422134253 [ INFO] [29] has timed out. starting new election...
49:26.425135757 [ INFO] [29] becomes leader with 33 votes
49:26.602092443 [ INFO] [43] has timed out. starting new election...
49:26.605141136 [ INFO] [43] becomes leader with 33 votes
49:26.805714405 [ INFO] [8] has timed out. starting new election...
49:26.813478755 [ INFO] [8] becomes leader with 55 votes
49:26.996988891 [ INFO] [40] has timed out. starting new election...
49:27.000186077 [ INFO] [40] becomes leader with 33 votes
49:27.287895129 [ INFO] [19] has timed out. starting new election...
49:27.329461170 [ INFO] [19] becomes leader with 58 votes
49:27.597908453 [ INFO] [29] has timed out. starting new election...
49:27.600992908 [ INFO] [29] becomes leader with 33 votes
49:27.779961685 [ INFO] [43] has timed out. starting new election...
49:27.787240506 [ INFO] [2] has timed out. starting new election...
49:27.812349823 [ INFO] [2] becomes leader with 57 votes
49:27.971339827 [ INFO] [8] has timed out. starting new election...
49:27.974864912 [ INFO] [8] becomes leader with 33 votes
49:28.160913447 [ INFO] [40] has timed out. starting new election...
49:28.164041080 [ INFO] [40] becomes leader with 33 votes
49:28.337522335 [ INFO] [43] has timed out. starting new election...
49:28.374828203 [ INFO] [43] becomes leader with 58 votes
49:28.545712929 [ INFO] [19] has timed out. starting new election...
49:28.548802536 [ INFO] [19] becomes leader with 33 votes
49:28.773469012 [ INFO] [29] has timed out. starting new election...
49:28.814121219 [ INFO] [29] becomes leader with 58 votes
49:29.130726944 [ INFO] [8] has timed out. starting new election...
49:29.137723260 [ INFO] [8] becomes leader with 33 votes
49:29.324873251 [ INFO] [40] has timed out. starting new election...
49:29.327842991 [ INFO] [40] becomes leader with 33 votes
49:29.549663909 [ INFO] [43] has timed out. starting new election...
49:29.572358388 [ INFO] [43] becomes leader with 58 votes
49:29.737525772 [ INFO] [19] has timed out. starting new election...
49:29.740491013 [ INFO] [19] becomes leader with 33 votes
49:29.987089949 [ INFO] [29] has timed out. starting new election...
49:29.990231713 [ INFO] [29] becomes leader with 33 votes
49:30.293718478 [ INFO] [8] has timed out. starting new election...
49:30.298988405 [ INFO] [8] becomes leader with 33 votes
49:30.488743054 [ INFO] [40] has timed out. starting new election...
49:30.491792087 [ INFO] [40] becomes leader with 33 votes
49:30.896247060 [ INFO] [19] has timed out. starting new election...
49:30.899531470 [ INFO] [19] becomes leader with 33 votes
49:31.163073525 [ INFO] [29] has timed out. starting new election...
49:31.166090760 [ INFO] [29] becomes leader with 33 votes
49:31.455129412 [ INFO] [8] has timed out. starting new election...
49:31.458615260 [ INFO] [8] becomes leader with 33 votes
49:31.652861770 [ INFO] [40] has timed out. starting new election...
49:31.656047426 [ INFO] [40] becomes leader with 33 votes
49:31.830082464 [ INFO] [43] has timed out. starting new election...
49:31.837843969 [ INFO] [2] has timed out. starting new election...
49:31.867164266 [ INFO] [2] becomes leader with 33 votes
49:32.055230830 [ INFO] [19] has timed out. starting new election...
49:32.089458989 [ INFO] [19] becomes leader with 58 votes
49:32.354607346 [ INFO] [29] has timed out. starting new election...
49:32.358732186 [ INFO] [43] has timed out. starting new election...
49:32.361849964 [ INFO] [43] becomes leader with 33 votes
49:32.614778913 [ INFO] [8] has timed out. starting new election...
49:32.628632096 [ INFO] [8] becomes leader with 33 votes
49:32.816867509 [ INFO] [40] has timed out. starting new election...
49:32.819873582 [ INFO] [40] becomes leader with 33 votes
49:33.041656958 [ INFO] [29] has timed out. starting new election...
49:33.085459854 [ INFO] [29] becomes leader with 58 votes
49:33.347983238 [ INFO] [19] has timed out. starting new election...
49:33.351046343 [ INFO] [19] becomes leader with 33 votes
49:33.540245142 [ INFO] [43] has timed out. starting new election...
49:33.543275315 [ INFO] [43] becomes leader with 33 votes
49:33.784221413 [ INFO] [8] has timed out. starting new election...
49:33.787484301 [ INFO] [8] becomes leader with 33 votes
49:33.980692732 [ INFO] [40] has timed out. starting new election...
49:34.022824635 [ INFO] [40] becomes leader with 58 votes
49:34.258109453 [ INFO] [29] has timed out. starting new election...
49:34.266585230 [ INFO] [2] has timed out. starting new election...
49:34.305462072 [ INFO] [2] becomes leader with 57 votes
49:34.507116588 [ INFO] [19] has timed out. starting new election...
49:34.514782878 [ INFO] [19] becomes leader with 33 votes
49:34.718901711 [ INFO] [29] has timed out. starting new election...
49:34.718380443 [ INFO] [43] has timed out. starting new election...
49:34.722075543 [ INFO] [29] becomes leader with 33 votes
49:34.766829356 [ INFO] [43] becomes leader with 57 votes
49:34.943174883 [ INFO] [8] has timed out. starting new election...
49:34.946515356 [ INFO] [8] becomes leader with 33 votes
49:35.195096273 [ INFO] [40] has timed out. starting new election...
49:35.198222458 [ INFO] [40] becomes leader with 33 votes
49:35.487109960 [ INFO] [16] has timed out. starting new election...
49:35.488520044 [ INFO] [2] has timed out. starting new election...
49:35.490257330 [ INFO] [16] becomes leader with 33 votes
49:35.670497639 [ INFO] [19] has timed out. starting new election...
49:35.673699904 [ INFO] [19] becomes leader with 33 votes
49:35.945218892 [ INFO] [43] has timed out. starting new election...
49:35.948307382 [ INFO] [43] becomes leader with 33 votes
49:36.109924586 [ INFO] [8] has timed out. starting new election...
49:36.113060138 [ INFO] [8] becomes leader with 33 votes
49:36.359352937 [ INFO] [40] has timed out. starting new election...
49:36.380707433 [ INFO] [2] has timed out. starting new election...
49:36.383231431 [ INFO] [34] has timed out. starting new election...
49:36.430828467 [ INFO] [34] becomes leader with 55 votes
49:36.674820792 [ INFO] [51] has timed out. starting new election...
49:36.706826819 [ INFO] [51] becomes leader with 57 votes
49:36.862754066 [ INFO] [19] has timed out. starting new election...
49:36.866117425 [ INFO] [19] becomes leader with 33 votes
49:37.109994026 [ INFO] [40] has timed out. starting new election...
49:37.146828668 [ INFO] [40] becomes leader with 57 votes
49:37.301854953 [ INFO] [8] has timed out. starting new election...
49:37.307537535 [ INFO] [8] becomes leader with 33 votes
49:37.606643875 [ INFO] [43] has timed out. starting new election...
49:37.612536805 [ INFO] [2] has timed out. starting new election...
49:37.634657476 [ INFO] [2] becomes leader with 33 votes
49:37.930985301 [ INFO] [43] candidate has timed out. starting new election...
49:38.022313998 [ INFO] [19] has timed out. starting new election...
49:38.025870420 [ INFO] [19] becomes leader with 33 votes
49:38.307987507 [ INFO] [40] has timed out. starting new election...
49:38.355239289 [ INFO] [40] becomes leader with 56 votes
49:39.126303436 [ INFO] [61] has timed out. starting new election...
49:39.120049898 [ INFO] [48] has timed out. starting new election...
49:39.130804287 [ INFO] [44] has timed out. starting new election...
49:39.127707299 [ INFO] [39] has timed out. starting new election...
49:39.134576939 [ INFO] [42] has timed out. starting new election...
49:39.144147126 [ INFO] [38] has timed out. starting new election...
49:39.122303934 [ INFO] [63] has timed out. starting new election...
49:38.720767620 [ INFO] [51] has timed out. starting new election...
49:39.144480464 [ INFO] [51] has timed out. starting new election...
49:39.141432658 [ INFO] [52] has timed out. starting new election...
49:38.725223020 [ INFO] [58] has timed out. starting new election...
49:38.537172402 [ INFO] [34] has timed out. starting new election...
49:38.929255198 [ INFO] [34] has timed out. starting new election...
49:39.340331715 [ INFO] [34] has timed out. starting new election...
49:39.120439047 [ INFO] [35] has timed out. starting new election...
49:39.129746070 [ INFO] [62] has timed out. starting new election...
