[1579528182.624223] [dahu-17:10753:0]       ib_iface.c:696  UCX  ERROR ibv_create_cq(cqe=4096) failed: Function not implemented
[1579528182.620137] [dahu-19:9599 :0]       ib_iface.c:696  UCX  ERROR ibv_create_cq(cqe=4096) failed: Function not implemented
[1579528182.621592] [dahu-19:9584 :0]       ib_iface.c:696  UCX  ERROR ibv_create_cq(cqe=4096) failed: Function not implemented
[1579528182.624195] [dahu-19:9585 :0]       ib_iface.c:696  UCX  ERROR ibv_create_cq(cqe=4096) failed: Function not implemented
[1579528182.624199] [dahu-19:9592 :0]       ib_iface.c:696  UCX  ERROR ibv_create_cq(cqe=4096) failed: Function not implemented
[1579528182.631683] [dahu-19:9594 :0]       ib_iface.c:696  UCX  ERROR ibv_create_cq(cqe=4096) failed: Function not implemented
[1579528182.636959] [dahu-18:9609 :0]       ib_iface.c:696  UCX  ERROR ibv_create_cq(cqe=4096) failed: Function not implemented
[1579528182.632782] [dahu-19:9587 :0]       ib_iface.c:696  UCX  ERROR ibv_create_cq(cqe=4096) failed: Function not implemented
[1579528182.632929] [dahu-19:9588 :0]       ib_iface.c:696  UCX  ERROR ibv_create_cq(cqe=4096) failed: Function not implemented
[1579528182.633925] [dahu-19:9591 :0]       ib_iface.c:696  UCX  ERROR ibv_create_cq(cqe=4096) failed: Function not implemented
[1579528182.638945] [dahu-18:9610 :0]       ib_iface.c:696  UCX  ERROR ibv_create_cq(cqe=4096) failed: Function not implemented
[1579528182.639992] [dahu-17:10749:0]       ib_iface.c:696  UCX  ERROR ibv_create_cq(cqe=4096) failed: Function not implemented
[1579528182.640732] [dahu-17:10758:0]       ib_iface.c:696  UCX  ERROR ibv_create_cq(cqe=4096) failed: Function not implemented
[1579528182.640800] [dahu-17:10746:0]       ib_iface.c:696  UCX  ERROR ibv_create_cq(cqe=4096) failed: Function not implemented
[1579528182.640800] [dahu-17:10762:0]       ib_iface.c:696  UCX  ERROR ibv_create_cq(cqe=4096) failed: Function not implemented
[1579528182.641343] [dahu-17:10748:0]       ib_iface.c:696  UCX  ERROR ibv_create_cq(cqe=4096) failed: Function not implemented
[1579528182.641479] [dahu-17:10755:0]       ib_iface.c:696  UCX  ERROR ibv_create_cq(cqe=4096) failed: Function not implemented
[1579528182.641488] [dahu-17:10754:0]       ib_iface.c:696  UCX  ERROR ibv_create_cq(cqe=4096) failed: Function not implemented
[1579528182.641539] [dahu-18:9595 :0]       ib_iface.c:696  UCX  ERROR ibv_create_cq(cqe=4096) failed: Function not implemented
[1579528182.637199] [dahu-19:9589 :0]       ib_iface.c:696  UCX  ERROR ibv_create_cq(cqe=4096) failed: Function not implemented
[1579528182.642557] [dahu-17:10759:0]       ib_iface.c:696  UCX  ERROR ibv_create_cq(cqe=4096) failed: Function not implemented
[1579528182.638259] [dahu-19:9595 :0]       ib_iface.c:696  UCX  ERROR ibv_create_cq(cqe=4096) failed: Function not implemented
[1579528182.643587] [dahu-18:9602 :0]       ib_iface.c:696  UCX  ERROR ibv_create_cq(cqe=4096) failed: Function not implemented
[1579528182.639686] [dahu-19:9602 :0]       ib_iface.c:696  UCX  ERROR ibv_create_cq(cqe=4096) failed: Function not implemented
[1579528182.640063] [dahu-19:9590 :0]       ib_iface.c:696  UCX  ERROR ibv_create_cq(cqe=4096) failed: Function not implemented
[1579528182.640270] [dahu-19:9598 :0]       ib_iface.c:696  UCX  ERROR ibv_create_cq(cqe=4096) failed: Function not implemented
[1579528182.641300] [dahu-19:9593 :0]       ib_iface.c:696  UCX  ERROR ibv_create_cq(cqe=4096) failed: Function not implemented
[1579528182.645817] [dahu-18:9599 :0]       ib_iface.c:696  UCX  ERROR ibv_create_cq(cqe=4096) failed: Function not implemented
[1579528182.645829] [dahu-18:9611 :0]       ib_iface.c:696  UCX  ERROR ibv_create_cq(cqe=4096) failed: Function not implemented
[1579528182.641997] [dahu-19:9586 :0]       ib_iface.c:696  UCX  ERROR ibv_create_cq(cqe=4096) failed: Function not implemented
[1579528182.647546] [dahu-17:10757:0]       ib_iface.c:696  UCX  ERROR ibv_create_cq(cqe=4096) failed: Function not implemented
[1579528182.647691] [dahu-17:10761:0]       ib_iface.c:696  UCX  ERROR ibv_create_cq(cqe=4096) failed: Function not implemented
[1579528182.647748] [dahu-17:10756:0]       ib_iface.c:696  UCX  ERROR ibv_create_cq(cqe=4096) failed: Function not implemented
[1579528182.647706] [dahu-17:10760:0]       ib_iface.c:696  UCX  ERROR ibv_create_cq(cqe=4096) failed: Function not implemented
[1579528182.647682] [dahu-18:9603 :0]       ib_iface.c:696  UCX  ERROR ibv_create_cq(cqe=4096) failed: Function not implemented
[1579528182.647804] [dahu-18:9596 :0]       ib_iface.c:696  UCX  ERROR ibv_create_cq(cqe=4096) failed: Function not implemented
[1579528182.648294] [dahu-17:10750:0]       ib_iface.c:696  UCX  ERROR ibv_create_cq(cqe=4096) failed: Function not implemented
[1579528182.648295] [dahu-17:10763:0]       ib_iface.c:696  UCX  ERROR ibv_create_cq(cqe=4096) failed: Function not implemented
[1579528182.644808] [dahu-19:9601 :0]       ib_iface.c:696  UCX  ERROR ibv_create_cq(cqe=4096) failed: Function not implemented
[1579528182.645303] [dahu-19:9596 :0]       ib_iface.c:696  UCX  ERROR ibv_create_cq(cqe=4096) failed: Function not implemented
[1579528182.650520] [dahu-17:10765:0]       ib_iface.c:696  UCX  ERROR ibv_create_cq(cqe=4096) failed: Function not implemented
[1579528182.646570] [dahu-19:9597 :0]       ib_iface.c:696  UCX  ERROR ibv_create_cq(cqe=4096) failed: Function not implemented
[1579528182.651218] [dahu-18:9608 :0]       ib_iface.c:696  UCX  ERROR ibv_create_cq(cqe=4096) failed: Function not implemented
[1579528182.651717] [dahu-18:9607 :0]       ib_iface.c:696  UCX  ERROR ibv_create_cq(cqe=4096) failed: Function not implemented
[1579528182.652002] [dahu-17:10751:0]       ib_iface.c:696  UCX  ERROR ibv_create_cq(cqe=4096) failed: Function not implemented
[1579528182.652121] [dahu-17:10766:0]       ib_iface.c:696  UCX  ERROR ibv_create_cq(cqe=4096) failed: Function not implemented
[1579528182.647611] [dahu-19:9605 :0]       ib_iface.c:696  UCX  ERROR ibv_create_cq(cqe=4096) failed: Function not implemented
[1579528182.652548] [dahu-18:9606 :0]       ib_iface.c:696  UCX  ERROR ibv_create_cq(cqe=4096) failed: Function not implemented
[1579528182.652683] [dahu-17:10768:0]       ib_iface.c:696  UCX  ERROR ibv_create_cq(cqe=4096) failed: Function not implemented
[1579528182.652736] [dahu-18:9613 :0]       ib_iface.c:696  UCX  ERROR ibv_create_cq(cqe=4096) failed: Function not implemented
[1579528182.648387] [dahu-19:9606 :0]       ib_iface.c:696  UCX  ERROR ibv_create_cq(cqe=4096) failed: Function not implemented
[1579528182.653312] [dahu-17:10769:0]       ib_iface.c:696  UCX  ERROR ibv_create_cq(cqe=4096) failed: Function not implemented
[1579528182.653342] [dahu-17:10747:0]       ib_iface.c:696  UCX  ERROR ibv_create_cq(cqe=4096) failed: Function not implemented
[1579528182.653798] [dahu-18:9598 :0]       ib_iface.c:696  UCX  ERROR ibv_create_cq(cqe=4096) failed: Function not implemented
[1579528182.653795] [dahu-18:9615 :0]       ib_iface.c:696  UCX  ERROR ibv_create_cq(cqe=4096) failed: Function not implemented
[1579528182.649314] [dahu-19:9604 :0]       ib_iface.c:696  UCX  ERROR ibv_create_cq(cqe=4096) failed: Function not implemented
[1579528182.654021] [dahu-18:9612 :0]       ib_iface.c:696  UCX  ERROR ibv_create_cq(cqe=4096) failed: Function not implemented
[1579528182.654468] [dahu-17:10770:0]       ib_iface.c:696  UCX  ERROR ibv_create_cq(cqe=4096) failed: Function not implemented
[1579528182.654532] [dahu-18:9605 :0]       ib_iface.c:696  UCX  ERROR ibv_create_cq(cqe=4096) failed: Function not implemented
[1579528182.650558] [dahu-19:9600 :0]       ib_iface.c:696  UCX  ERROR ibv_create_cq(cqe=4096) failed: Function not implemented
[1579528182.650648] [dahu-19:9612 :0]       ib_iface.c:696  UCX  ERROR ibv_create_cq(cqe=4096) failed: Function not implemented
[1579528182.655413] [dahu-18:9616 :0]       ib_iface.c:696  UCX  ERROR ibv_create_cq(cqe=4096) failed: Function not implemented
[1579528182.655533] [dahu-18:9601 :0]       ib_iface.c:696  UCX  ERROR ibv_create_cq(cqe=4096) failed: Function not implemented
[1579528182.651499] [dahu-19:9611 :0]       ib_iface.c:696  UCX  ERROR ibv_create_cq(cqe=4096) failed: Function not implemented
[1579528182.651698] [dahu-19:9608 :0]       ib_iface.c:696  UCX  ERROR ibv_create_cq(cqe=4096) failed: Function not implemented
[1579528182.656610] [dahu-18:9618 :0]       ib_iface.c:696  UCX  ERROR ibv_create_cq(cqe=4096) failed: Function not implemented
[1579528182.656864] [dahu-17:10774:0]       ib_iface.c:696  UCX  ERROR ibv_create_cq(cqe=4096) failed: Function not implemented
[1579528182.657066] [dahu-17:10775:0]       ib_iface.c:696  UCX  ERROR ibv_create_cq(cqe=4096) failed: Function not implemented
[1579528182.657136] [dahu-18:9619 :0]       ib_iface.c:696  UCX  ERROR ibv_create_cq(cqe=4096) failed: Function not implemented
[1579528182.653038] [dahu-19:9609 :0]       ib_iface.c:696  UCX  ERROR ibv_create_cq(cqe=4096) failed: Function not implemented
[1579528182.653190] [dahu-19:9603 :0]       ib_iface.c:696  UCX  ERROR ibv_create_cq(cqe=4096) failed: Function not implemented
[1579528182.657888] [dahu-18:9614 :0]       ib_iface.c:696  UCX  ERROR ibv_create_cq(cqe=4096) failed: Function not implemented
[1579528182.658060] [dahu-17:10764:0]       ib_iface.c:696  UCX  ERROR ibv_create_cq(cqe=4096) failed: Function not implemented
[1579528182.658056] [dahu-17:10773:0]       ib_iface.c:696  UCX  ERROR ibv_create_cq(cqe=4096) failed: Function not implemented
[1579528182.658291] [dahu-17:10772:0]       ib_iface.c:696  UCX  ERROR ibv_create_cq(cqe=4096) failed: Function not implemented
[1579528182.658402] [dahu-18:9597 :0]       ib_iface.c:696  UCX  ERROR ibv_create_cq(cqe=4096) failed: Function not implemented
[1579528182.658463] [dahu-17:10752:0]       ib_iface.c:696  UCX  ERROR ibv_create_cq(cqe=4096) failed: Function not implemented
[1579528182.658649] [dahu-17:10776:0]       ib_iface.c:696  UCX  ERROR ibv_create_cq(cqe=4096) failed: Function not implemented
[1579528182.658776] [dahu-17:10767:0]       ib_iface.c:696  UCX  ERROR ibv_create_cq(cqe=4096) failed: Function not implemented
[1579528182.654310] [dahu-19:9607 :0]       ib_iface.c:696  UCX  ERROR ibv_create_cq(cqe=4096) failed: Function not implemented
[1579528182.658958] [dahu-17:10771:0]       ib_iface.c:696  UCX  ERROR ibv_create_cq(cqe=4096) failed: Function not implemented
[1579528182.654593] [dahu-19:9613 :0]       ib_iface.c:696  UCX  ERROR ibv_create_cq(cqe=4096) failed: Function not implemented
[1579528182.659240] [dahu-18:9622 :0]       ib_iface.c:696  UCX  ERROR ibv_create_cq(cqe=4096) failed: Function not implemented
[1579528182.659675] [dahu-18:9600 :0]       ib_iface.c:696  UCX  ERROR ibv_create_cq(cqe=4096) failed: Function not implemented
[1579528182.655142] [dahu-19:9610 :0]       ib_iface.c:696  UCX  ERROR ibv_create_cq(cqe=4096) failed: Function not implemented
[1579528182.655361] [dahu-19:9615 :0]       ib_iface.c:696  UCX  ERROR ibv_create_cq(cqe=4096) failed: Function not implemented
[1579528182.660160] [dahu-18:9621 :0]       ib_iface.c:696  UCX  ERROR ibv_create_cq(cqe=4096) failed: Function not implemented
[1579528182.660585] [dahu-18:9623 :0]       ib_iface.c:696  UCX  ERROR ibv_create_cq(cqe=4096) failed: Function not implemented
[1579528182.661089] [dahu-18:9624 :0]       ib_iface.c:696  UCX  ERROR ibv_create_cq(cqe=4096) failed: Function not implemented
[1579528182.661596] [dahu-18:9627 :0]       ib_iface.c:696  UCX  ERROR ibv_create_cq(cqe=4096) failed: Function not implemented
[1579528182.661694] [dahu-17:10777:0]       ib_iface.c:696  UCX  ERROR ibv_create_cq(cqe=4096) failed: Function not implemented
[1579528182.662481] [dahu-18:9625 :0]       ib_iface.c:696  UCX  ERROR ibv_create_cq(cqe=4096) failed: Function not implemented
[1579528182.658133] [dahu-19:9614 :0]       ib_iface.c:696  UCX  ERROR ibv_create_cq(cqe=4096) failed: Function not implemented
[1579528182.664393] [dahu-18:9617 :0]       ib_iface.c:696  UCX  ERROR ibv_create_cq(cqe=4096) failed: Function not implemented
[1579528182.668141] [dahu-18:9620 :0]       ib_iface.c:696  UCX  ERROR ibv_create_cq(cqe=4096) failed: Function not implemented
[1579528182.668505] [dahu-18:9626 :0]       ib_iface.c:696  UCX  ERROR ibv_create_cq(cqe=4096) failed: Function not implemented
[1579528182.669442] [dahu-16:15639:0]       ib_iface.c:696  UCX  ERROR ibv_create_cq(cqe=4096) failed: Function not implemented
[1579528182.670027] [dahu-16:15657:0]       ib_iface.c:696  UCX  ERROR ibv_create_cq(cqe=4096) failed: Function not implemented
[1579528182.671917] [dahu-16:15643:0]       ib_iface.c:696  UCX  ERROR ibv_create_cq(cqe=4096) failed: Function not implemented
[1579528182.672837] [dahu-16:15649:0]       ib_iface.c:696  UCX  ERROR ibv_create_cq(cqe=4096) failed: Function not implemented
[1579528182.675179] [dahu-16:15645:0]       ib_iface.c:696  UCX  ERROR ibv_create_cq(cqe=4096) failed: Function not implemented
[1579528182.675165] [dahu-16:15660:0]       ib_iface.c:696  UCX  ERROR ibv_create_cq(cqe=4096) failed: Function not implemented
[1579528182.675658] [dahu-16:15647:0]       ib_iface.c:696  UCX  ERROR ibv_create_cq(cqe=4096) failed: Function not implemented
[1579528182.678140] [dahu-16:15656:0]       ib_iface.c:696  UCX  ERROR ibv_create_cq(cqe=4096) failed: Function not implemented
[1579528182.678240] [dahu-16:15654:0]       ib_iface.c:696  UCX  ERROR ibv_create_cq(cqe=4096) failed: Function not implemented
[1579528182.679148] [dahu-16:15648:0]       ib_iface.c:696  UCX  ERROR ibv_create_cq(cqe=4096) failed: Function not implemented
[1579528182.679664] [dahu-16:15664:0]       ib_iface.c:696  UCX  ERROR ibv_create_cq(cqe=4096) failed: Function not implemented
[1579528182.680994] [dahu-16:15653:0]       ib_iface.c:696  UCX  ERROR ibv_create_cq(cqe=4096) failed: Function not implemented
[1579528182.682191] [dahu-16:15638:0]       ib_iface.c:696  UCX  ERROR ibv_create_cq(cqe=4096) failed: Function not implemented
[1579528182.682239] [dahu-16:15659:0]       ib_iface.c:696  UCX  ERROR ibv_create_cq(cqe=4096) failed: Function not implemented
[1579528182.682626] [dahu-16:15642:0]       ib_iface.c:696  UCX  ERROR ibv_create_cq(cqe=4096) failed: Function not implemented
[1579528182.682621] [dahu-16:15644:0]       ib_iface.c:696  UCX  ERROR ibv_create_cq(cqe=4096) failed: Function not implemented
[1579528182.687222] [dahu-16:15665:0]       ib_iface.c:696  UCX  ERROR ibv_create_cq(cqe=4096) failed: Function not implemented
[1579528182.689339] [dahu-16:15658:0]       ib_iface.c:696  UCX  ERROR ibv_create_cq(cqe=4096) failed: Function not implemented
[1579528182.689725] [dahu-16:15662:0]       ib_iface.c:696  UCX  ERROR ibv_create_cq(cqe=4096) failed: Function not implemented
[1579528182.690224] [dahu-16:15646:0]       ib_iface.c:696  UCX  ERROR ibv_create_cq(cqe=4096) failed: Function not implemented
[1579528182.690529] [dahu-16:15640:0]       ib_iface.c:696  UCX  ERROR ibv_create_cq(cqe=4096) failed: Function not implemented
[1579528182.690990] [dahu-16:15669:0]       ib_iface.c:696  UCX  ERROR ibv_create_cq(cqe=4096) failed: Function not implemented
[1579528182.691069] [dahu-16:15650:0]       ib_iface.c:696  UCX  ERROR ibv_create_cq(cqe=4096) failed: Function not implemented
[1579528182.691216] [dahu-16:15651:0]       ib_iface.c:696  UCX  ERROR ibv_create_cq(cqe=4096) failed: Function not implemented
[1579528182.691742] [dahu-16:15668:0]       ib_iface.c:696  UCX  ERROR ibv_create_cq(cqe=4096) failed: Function not implemented
[1579528182.693157] [dahu-16:15641:0]       ib_iface.c:696  UCX  ERROR ibv_create_cq(cqe=4096) failed: Function not implemented
[1579528182.693157] [dahu-16:15652:0]       ib_iface.c:696  UCX  ERROR ibv_create_cq(cqe=4096) failed: Function not implemented
[1579528182.693683] [dahu-16:15655:0]       ib_iface.c:696  UCX  ERROR ibv_create_cq(cqe=4096) failed: Function not implemented
[1579528182.694111] [dahu-16:15663:0]       ib_iface.c:696  UCX  ERROR ibv_create_cq(cqe=4096) failed: Function not implemented
[1579528182.694793] [dahu-16:15661:0]       ib_iface.c:696  UCX  ERROR ibv_create_cq(cqe=4096) failed: Function not implemented
[1579528182.695654] [dahu-16:15666:0]       ib_iface.c:696  UCX  ERROR ibv_create_cq(cqe=4096) failed: Function not implemented
[1579528182.697297] [dahu-16:15667:0]       ib_iface.c:696  UCX  ERROR ibv_create_cq(cqe=4096) failed: Function not implemented
49:42.862492572 [ INFO] [104] has timed out. starting new election...
49:42.863088908 [ INFO] [121] has timed out. starting new election...
49:42.868598272 [ INFO] [11] has timed out. starting new election...
49:42.867821229 [ INFO] [77] has timed out. starting new election...
49:42.864338597 [ INFO] [117] has timed out. starting new election...
49:42.895428183 [ INFO] [11] becomes leader with 65 votes
49:43.062401100 [ INFO] [52] has timed out. starting new election...
49:43.063853733 [ INFO] [12] has timed out. starting new election...
49:43.062010860 [ INFO] [111] has timed out. starting new election...
49:43.090390417 [ INFO] [12] becomes leader with 65 votes
49:43.252184521 [ INFO] [77] has timed out. starting new election...
49:43.247601463 [ INFO] [117] has timed out. starting new election...
49:43.247832357 [ INFO] [104] has timed out. starting new election...
49:43.301694815 [ INFO] [104] becomes leader with 128 votes
49:43.499968594 [ INFO] [77] has timed out. starting new election...
49:43.542563146 [ INFO] [77] becomes leader with 128 votes
49:43.699656070 [ INFO] [121] has timed out. starting new election...
49:43.703690524 [ INFO] [117] has timed out. starting new election...
49:43.712021087 [ INFO] [52] has timed out. starting new election...
49:43.717046573 [ INFO] [52] becomes leader with 65 votes
49:44.007982420 [ INFO] [121] candidate has timed out. starting new election...
49:44.034006704 [ INFO] [117] candidate has timed out. starting new election...
49:44.061136085 [ INFO] [11] has timed out. starting new election...
49:44.109464451 [ INFO] [11] becomes leader with 126 votes
49:44.278043865 [ INFO] [12] has timed out. starting new election...
49:44.309502960 [ INFO] [12] becomes leader with 126 votes
49:44.497420415 [ INFO] [104] has timed out. starting new election...
49:44.501167935 [ INFO] [104] becomes leader with 65 votes
49:44.707908170 [ INFO] [77] has timed out. starting new election...
49:44.716255663 [ INFO] [88] has timed out. starting new election...
49:44.717711862 [ INFO] [70] has timed out. starting new election...
49:44.718921786 [ INFO] [28] has timed out. starting new election...
49:44.714389590 [ INFO] [100] has timed out. starting new election...
49:44.714980203 [ INFO] [111] has timed out. starting new election...
49:44.926305570 [ INFO] [52] has timed out. starting new election...
49:44.958827343 [ INFO] [52] becomes leader with 126 votes
49:45.273873153 [ INFO] [77] has timed out. starting new election...
49:45.282440840 [ INFO] [70] has timed out. starting new election...
49:45.282572098 [ INFO] [88] has timed out. starting new election...
49:45.297683516 [ INFO] [77] becomes leader with 65 votes
49:45.472213678 [ INFO] [11] has timed out. starting new election...
49:45.505461750 [ INFO] [11] becomes leader with 126 votes
49:45.665058012 [ INFO] [104] has timed out. starting new election...
49:45.701701360 [ INFO] [104] becomes leader with 126 votes
49:45.876750712 [ INFO] [12] has timed out. starting new election...
49:45.909459565 [ INFO] [12] becomes leader with 126 votes
49:46.129143382 [ INFO] [52] has timed out. starting new election...
49:46.162829347 [ INFO] [52] becomes leader with 126 votes
49:46.463237193 [ INFO] [77] has timed out. starting new election...
49:46.498565773 [ INFO] [77] becomes leader with 126 votes
49:46.670797108 [ INFO] [11] has timed out. starting new election...
49:46.674867762 [ INFO] [11] becomes leader with 65 votes
49:46.868190731 [ INFO] [104] has timed out. starting new election...
49:46.883983411 [ INFO] [104] becomes leader with 65 votes
49:47.081087709 [ INFO] [12] has timed out. starting new election...
49:47.087464361 [ INFO] [12] becomes leader with 65 votes
49:47.333122232 [ INFO] [52] has timed out. starting new election...
49:47.337191753 [ INFO] [52] becomes leader with 65 votes
49:47.664531034 [ INFO] [77] has timed out. starting new election...
49:47.694909113 [ INFO] [77] becomes leader with 65 votes
49:47.856228109 [ INFO] [11] has timed out. starting new election...
49:47.889459936 [ INFO] [11] becomes leader with 126 votes
49:48.054597585 [ INFO] [104] has timed out. starting new election...
49:48.074563419 [ INFO] [104] becomes leader with 65 votes
49:48.259921301 [ INFO] [12] has timed out. starting new election...
49:48.265019008 [ INFO] [12] becomes leader with 65 votes
49:48.507795723 [ INFO] [52] has timed out. starting new election...
49:48.511872769 [ INFO] [52] becomes leader with 65 votes
49:48.681915959 [ INFO] [88] has timed out. starting new election...
49:48.704755258 [ INFO] [88] becomes leader with 65 votes
49:48.870066160 [ INFO] [77] has timed out. starting new election...
49:48.900623351 [ INFO] [77] becomes leader with 65 votes
49:49.065954508 [ INFO] [11] has timed out. starting new election...
49:49.084738627 [ INFO] [11] becomes leader with 65 votes
49:49.255199069 [ INFO] [28] has timed out. starting new election...
49:49.285475806 [ INFO] [28] becomes leader with 126 votes
49:49.455219270 [ INFO] [104] has timed out. starting new election...
49:49.476794744 [ INFO] [104] becomes leader with 65 votes
49:49.682567696 [ INFO] [12] has timed out. starting new election...
49:49.682046873 [ INFO] [52] has timed out. starting new election...
49:49.730829748 [ INFO] [52] becomes leader with 126 votes
49:50.071974038 [ INFO] [12] has timed out. starting new election...
49:50.133462984 [ INFO] [12] becomes leader with 126 votes
49:50.464123977 [ INFO] [11] has timed out. starting new election...
49:50.482644869 [ INFO] [11] becomes leader with 65 votes
49:50.646768461 [ INFO] [77] has timed out. starting new election...
49:50.642299989 [ INFO] [104] has timed out. starting new election...
49:50.657656099 [ INFO] [28] has timed out. starting new election...
49:50.654059584 [ INFO] [88] has timed out. starting new election...
49:50.705461388 [ INFO] [28] becomes leader with 123 votes
49:50.932726019 [ INFO] [52] has timed out. starting new election...
49:50.936963578 [ INFO] [70] has timed out. starting new election...
49:50.934114255 [ INFO] [100] has timed out. starting new election...
49:50.934673006 [ INFO] [111] has timed out. starting new election...
49:50.941531793 [ INFO] [51] has timed out. starting new election...
49:50.943266996 [ INFO] [21] has timed out. starting new election...
49:50.942857654 [ INFO] [93] has timed out. starting new election...
49:50.946055952 [ INFO] [94] has timed out. starting new election...
49:50.944576322 [ INFO] [96] has timed out. starting new election...
49:50.945430365 [ INFO] [101] has timed out. starting new election...
49:50.950446764 [ INFO] [82] has timed out. starting new election...
49:50.946597725 [ INFO] [119] has timed out. starting new election...
49:50.947881554 [ INFO] [113] has timed out. starting new election...
49:50.955795501 [ INFO] [84] has timed out. starting new election...
49:50.957563647 [ INFO] [61] has timed out. starting new election...
49:50.957857750 [ INFO] [55] has timed out. starting new election...
49:50.958377592 [ INFO] [90] has timed out. starting new election...
49:50.959798043 [ INFO] [58] has timed out. starting new election...
49:50.961625760 [ INFO] [91] has timed out. starting new election...
49:50.961704888 [ INFO] [68] has timed out. starting new election...
49:51.258219339 [ INFO] [111] candidate has timed out. starting new election...
49:51.258471009 [ INFO] [100] candidate has timed out. starting new election...
49:51.274579474 [ INFO] [70] candidate has timed out. starting new election...
49:51.286328012 [ INFO] [113] candidate has timed out. starting new election...
49:51.292452755 [ INFO] [96] candidate has timed out. starting new election...
49:51.308914190 [ INFO] [82] candidate has timed out. starting new election...
49:51.308958694 [ INFO] [61] candidate has timed out. starting new election...
49:51.309046189 [ INFO] [58] candidate has timed out. starting new election...
49:51.309108972 [ INFO] [90] candidate has timed out. starting new election...
49:51.309058121 [ INFO] [51] candidate has timed out. starting new election...
49:51.310580001 [ INFO] [94] candidate has timed out. starting new election...
49:51.310841418 [ INFO] [55] candidate has timed out. starting new election...
49:51.314566404 [ INFO] [91] candidate has timed out. starting new election...
49:51.319350748 [ INFO] [68] candidate has timed out. starting new election...
49:51.323256311 [ INFO] [52] candidate has timed out. starting new election...
49:51.327272625 [ INFO] [104] has timed out. starting new election...
49:51.333851063 [ INFO] [77] has timed out. starting new election...
49:51.339268748 [ INFO] [88] has timed out. starting new election...
49:51.342354188 [ INFO] [21] candidate has timed out. starting new election...
49:51.349573183 [ INFO] [24] has timed out. starting new election...
49:51.381460319 [ INFO] [24] becomes leader with 72 votes
49:51.648281527 [ INFO] [11] has timed out. starting new election...
49:51.654781366 [ INFO] [11] becomes leader with 65 votes
49:51.864848193 [ INFO] [104] has timed out. starting new election...
49:51.868705372 [ INFO] [104] becomes leader with 65 votes
49:52.035244616 [ INFO] [77] has timed out. starting new election...
49:52.041333739 [ INFO] [12] has timed out. starting new election...
49:52.081460552 [ INFO] [12] becomes leader with 109 votes
49:52.306285660 [ INFO] [88] has timed out. starting new election...
49:52.313702770 [ INFO] [88] becomes leader with 65 votes
49:52.546665670 [ INFO] [77] has timed out. starting new election...
49:52.582566940 [ INFO] [77] becomes leader with 110 votes
49:52.820126121 [ INFO] [11] has timed out. starting new election...
49:52.824150497 [ INFO] [11] becomes leader with 65 votes
49:53.032529308 [ INFO] [104] has timed out. starting new election...
49:53.051092221 [ INFO] [104] becomes leader with 65 votes
49:53.309452116 [ INFO] [12] has timed out. starting new election...
49:53.314838157 [ INFO] [12] becomes leader with 65 votes
49:53.500413639 [ INFO] [88] has timed out. starting new election...
49:53.505782443 [ INFO] [88] becomes leader with 65 votes
49:53.798463690 [ INFO] [77] has timed out. starting new election...
49:53.826566434 [ INFO] [77] becomes leader with 110 votes
49:53.995270637 [ INFO] [11] has timed out. starting new election...
49:54.003353181 [ INFO] [28] has timed out. starting new election...
49:54.003399392 [ INFO] [93] has timed out. starting new election...
49:54.007344035 [ INFO] [93] becomes leader with 65 votes
49:54.215078262 [ INFO] [104] has timed out. starting new election...
49:54.237094025 [ INFO] [24] has timed out. starting new election...
49:54.282693230 [ INFO] [24] becomes leader with 65 votes
49:54.477980469 [ INFO] [11] has timed out. starting new election...
49:54.517845074 [ INFO] [11] becomes leader with 110 votes
49:54.672188296 [ INFO] [104] has timed out. starting new election...
49:54.690679242 [ INFO] [104] becomes leader with 65 votes
49:54.999544591 [ INFO] [77] has timed out. starting new election...
49:55.003424316 [ INFO] [77] becomes leader with 65 votes
49:55.178521740 [ INFO] [12] has timed out. starting new election...
49:55.221461314 [ INFO] [12] becomes leader with 110 votes
49:55.455463288 [ INFO] [88] has timed out. starting new election...
49:55.460882216 [ INFO] [88] becomes leader with 65 votes
49:55.683277424 [ INFO] [11] has timed out. starting new election...
49:55.689106872 [ INFO] [11] becomes leader with 65 votes
49:55.854369176 [ INFO] [104] has timed out. starting new election...
49:55.884007222 [ INFO] [104] becomes leader with 110 votes
49:56.168434762 [ INFO] [77] has timed out. starting new election...
49:56.172782542 [ INFO] [77] becomes leader with 65 votes
49:56.393804311 [ INFO] [12] has timed out. starting new election...
49:56.437458331 [ INFO] [12] becomes leader with 110 votes
49:56.642189915 [ INFO] [28] has timed out. starting new election...
49:56.673460023 [ INFO] [28] becomes leader with 110 votes
49:56.898768592 [ INFO] [11] has timed out. starting new election...
49:56.902791743 [ INFO] [11] becomes leader with 65 votes
49:57.075795282 [ INFO] [104] has timed out. starting new election...
49:57.096517732 [ INFO] [104] becomes leader with 65 votes
49:57.337603976 [ INFO] [77] has timed out. starting new election...
49:57.344069351 [ INFO] [77] becomes leader with 65 votes
49:57.651572238 [ INFO] [12] has timed out. starting new election...
49:57.672425319 [ INFO] [12] becomes leader with 65 votes
49:58.075451402 [ INFO] [88] has timed out. starting new election...
49:58.078303598 [ INFO] [28] has timed out. starting new election...
49:58.108356415 [ INFO] [28] becomes leader with 109 votes
49:58.278881596 [ INFO] [104] has timed out. starting new election...
49:58.286749507 [ INFO] [11] has timed out. starting new election...
49:58.299817315 [ INFO] [93] has timed out. starting new election...
49:58.304247603 [ INFO] [24] has timed out. starting new election...
49:58.305678311 [ INFO] [4] has timed out. starting new election...
49:58.307130490 [ INFO] [31] has timed out. starting new election...
49:58.307483682 [ INFO] [29] has timed out. starting new election...
49:58.333537298 [ INFO] [11] becomes leader with 78 votes
49:58.515114478 [ INFO] [77] has timed out. starting new election...
49:58.519313567 [ INFO] [77] becomes leader with 65 votes
49:58.831864267 [ INFO] [104] has timed out. starting new election...
49:58.861693977 [ INFO] [104] becomes leader with 110 votes
49:59.062420867 [ INFO] [12] has timed out. starting new election...
49:59.105462618 [ INFO] [12] becomes leader with 110 votes
49:59.313588431 [ INFO] [88] has timed out. starting new election...
49:59.346363577 [ INFO] [88] becomes leader with 109 votes
49:59.511456388 [ INFO] [11] has timed out. starting new election...
49:59.549463593 [ INFO] [11] becomes leader with 110 votes
49:59.709761528 [ INFO] [77] has timed out. starting new election...
49:59.713852063 [ INFO] [77] becomes leader with 65 votes
49:59.884258883 [ INFO] [28] has timed out. starting new election...
49:59.925461950 [ INFO] [28] becomes leader with 110 votes
50:00.079652688 [ INFO] [104] has timed out. starting new election...
50:00.097699222 [ INFO] [104] becomes leader with 100 votes
50:00.277670966 [ INFO] [12] has timed out. starting new election...
50:00.321461818 [ INFO] [12] becomes leader with 110 votes
50:00.517645848 [ INFO] [88] has timed out. starting new election...
50:00.525419560 [ INFO] [93] has timed out. starting new election...
50:00.548510147 [ INFO] [93] becomes leader with 65 votes
50:00.716861398 [ INFO] [11] has timed out. starting new election...
50:00.722466911 [ INFO] [11] becomes leader with 65 votes
50:00.891745167 [ INFO] [88] has timed out. starting new election...
50:00.897636981 [ INFO] [77] has timed out. starting new election...
50:00.931797693 [ INFO] [88] becomes leader with 109 votes
50:01.106663286 [ INFO] [28] has timed out. starting new election...
50:01.133458798 [ INFO] [28] becomes leader with 110 votes
50:01.288681492 [ INFO] [104] has timed out. starting new election...
50:01.311054435 [ INFO] [104] becomes leader with 110 votes
50:01.502927271 [ INFO] [77] has timed out. starting new election...
50:01.508475185 [ INFO] [77] becomes leader with 65 votes
50:01.719588664 [ INFO] [12] has timed out. starting new election...
50:01.725643637 [ INFO] [93] has timed out. starting new election...
50:01.736978895 [ INFO] [93] becomes leader with 65 votes
50:01.917467106 [ INFO] [11] has timed out. starting new election...
50:01.939752666 [ INFO] [11] becomes leader with 110 votes
50:02.303779262 [ INFO] [12] has timed out. starting new election...
50:02.306074060 [ INFO] [88] has timed out. starting new election...
50:02.362566196 [ INFO] [88] becomes leader with 108 votes
50:02.608160280 [ INFO] [12] candidate has timed out. starting new election...
50:02.667945466 [ INFO] [104] has timed out. starting new election...
50:02.701694188 [ INFO] [104] becomes leader with 109 votes
50:02.900228237 [ INFO] [77] has timed out. starting new election...
50:02.906066920 [ INFO] [77] becomes leader with 65 votes
50:03.137059037 [ INFO] [11] has timed out. starting new election...
50:03.147049454 [ INFO] [28] has timed out. starting new election...
50:03.169979983 [ INFO] [28] becomes leader with 83 votes
50:03.345388437 [ INFO] [93] has timed out. starting new election...
50:03.374564713 [ INFO] [93] becomes leader with 109 votes
50:03.562532972 [ INFO] [11] has timed out. starting new election...
50:03.567763542 [ INFO] [11] becomes leader with 65 votes
50:03.865550644 [ INFO] [104] has timed out. starting new election...
50:03.879773090 [ INFO] [88] has timed out. starting new election...
50:03.926566618 [ INFO] [88] becomes leader with 108 votes
50:04.151694653 [ INFO] [77] has timed out. starting new election...
50:04.175710845 [ INFO] [77] becomes leader with 109 votes
50:04.329716595 [ INFO] [104] has timed out. starting new election...
50:04.364798841 [ INFO] [104] becomes leader with 65 votes
50:04.578095965 [ INFO] [28] has timed out. starting new election...
50:04.580233696 [ INFO] [93] has timed out. starting new election...
50:04.583516158 [ INFO] [24] has timed out. starting new election...
50:04.627138449 [ INFO] [24] becomes leader with 106 votes
50:04.788899080 [ INFO] [11] has timed out. starting new election...
50:04.793809987 [ INFO] [11] becomes leader with 65 votes
50:04.968688858 [ INFO] [93] has timed out. starting new election...
50:05.010566807 [ INFO] [93] becomes leader with 109 votes
50:05.340298150 [ INFO] [77] has timed out. starting new election...
50:05.375725225 [ INFO] [77] becomes leader with 109 votes
50:05.561840210 [ INFO] [104] has timed out. starting new election...
50:05.565725852 [ INFO] [104] becomes leader with 65 votes
50:05.958905300 [ INFO] [11] has timed out. starting new election...
50:05.963746268 [ INFO] [11] becomes leader with 65 votes
50:06.247494199 [ INFO] [88] has timed out. starting new election...
50:06.249974868 [ INFO] [28] has timed out. starting new election...
50:06.254530879 [ INFO] [28] becomes leader with 65 votes
50:06.570403690 [ INFO] [77] has timed out. starting new election...
50:06.574643302 [ INFO] [77] becomes leader with 65 votes
50:06.734605257 [ INFO] [104] has timed out. starting new election...
50:06.769695009 [ INFO] [104] becomes leader with 109 votes
50:07.128928142 [ INFO] [11] has timed out. starting new election...
50:07.132953200 [ INFO] [11] becomes leader with 65 votes
50:07.425006970 [ INFO] [88] has timed out. starting new election...
50:07.429470625 [ INFO] [28] has timed out. starting new election...
50:07.449470785 [ INFO] [28] becomes leader with 85 votes
50:07.730821497 [ INFO] [88] candidate has timed out. starting new election...
50:07.739616099 [ INFO] [77] has timed out. starting new election...
50:07.743579259 [ INFO] [77] becomes leader with 65 votes
50:08.020013964 [ INFO] [104] has timed out. starting new election...
50:08.053695975 [ INFO] [104] becomes leader with 108 votes
50:08.298028495 [ INFO] [11] has timed out. starting new election...
50:08.302513511 [ INFO] [11] becomes leader with 65 votes
50:08.631272748 [ INFO] [28] has timed out. starting new election...
50:08.638640772 [ INFO] [28] becomes leader with 65 votes
50:08.908688316 [ INFO] [77] has timed out. starting new election...
50:08.950564186 [ INFO] [77] becomes leader with 108 votes
50:09.217543657 [ INFO] [104] has timed out. starting new election...
50:09.261695797 [ INFO] [104] becomes leader with 108 votes
50:09.467748349 [ INFO] [11] has timed out. starting new election...
50:09.481439748 [ INFO] [93] has timed out. starting new election...
50:09.482934067 [ INFO] [24] has timed out. starting new election...
50:09.522305298 [ INFO] [24] becomes leader with 106 votes
50:09.785727052 [ INFO] [11] candidate has timed out. starting new election...
50:09.810955735 [ INFO] [93] candidate has timed out. starting new election...
50:09.814257283 [ INFO] [28] has timed out. starting new election...
50:09.819403444 [ INFO] [28] becomes leader with 65 votes
50:10.115385095 [ INFO] [77] has timed out. starting new election...
50:10.119522537 [ INFO] [77] becomes leader with 65 votes
50:10.440315599 [ INFO] [104] has timed out. starting new election...
50:10.473697930 [ INFO] [104] becomes leader with 106 votes
50:10.703562771 [ INFO] [24] has timed out. starting new election...
50:10.745460394 [ INFO] [24] becomes leader with 106 votes
50:10.994718062 [ INFO] [28] has timed out. starting new election...
50:10.998983544 [ INFO] [28] becomes leader with 65 votes
50:11.284368275 [ INFO] [77] has timed out. starting new election...
50:11.289826159 [ INFO] [77] becomes leader with 65 votes
50:11.470921709 [ INFO] [31] has timed out. starting new election...
50:11.517459785 [ INFO] [31] becomes leader with 106 votes
50:11.671185247 [ INFO] [104] has timed out. starting new election...
50:11.709699813 [ INFO] [104] becomes leader with 106 votes
50:11.926685508 [ INFO] [24] has timed out. starting new election...
50:11.931036657 [ INFO] [24] becomes leader with 65 votes
50:12.174241156 [ INFO] [28] has timed out. starting new election...
50:12.181888782 [ INFO] [4] has timed out. starting new election...
50:12.225464044 [ INFO] [4] becomes leader with 105 votes
50:12.454666452 [ INFO] [77] has timed out. starting new election...
50:12.458671379 [ INFO] [77] becomes leader with 65 votes
50:12.692831254 [ INFO] [28] has timed out. starting new election...
50:12.717385420 [ INFO] [28] becomes leader with 106 votes
50:12.875630610 [ INFO] [104] has timed out. starting new election...
50:12.894341849 [ INFO] [104] becomes leader with 65 votes
50:13.112269177 [ INFO] [24] has timed out. starting new election...
50:13.116657834 [ INFO] [24] becomes leader with 65 votes
50:13.409393283 [ INFO] [31] has timed out. starting new election...
50:13.437462435 [ INFO] [31] becomes leader with 106 votes
50:13.623473066 [ INFO] [77] has timed out. starting new election...
50:13.643154967 [ INFO] [29] has timed out. starting new election...
50:13.643946572 [ INFO] [2] has timed out. starting new election...
50:13.643506246 [ INFO] [35] has timed out. starting new election...
50:13.643749975 [ INFO] [50] has timed out. starting new election...
50:13.641198827 [ INFO] [101] has timed out. starting new election...
50:13.669415804 [ INFO] [101] becomes leader with 74 votes
50:13.946369535 [ INFO] [77] candidate has timed out. starting new election...
50:13.961408634 [ INFO] [50] candidate has timed out. starting new election...
50:13.978826689 [ INFO] [35] candidate has timed out. starting new election...
50:13.980037366 [ INFO] [2] candidate has timed out. starting new election...
50:14.037825448 [ INFO] [29] candidate has timed out. starting new election...
50:14.058301381 [ INFO] [104] has timed out. starting new election...
50:14.062247262 [ INFO] [104] becomes leader with 65 votes
50:14.291019339 [ INFO] [28] has timed out. starting new election...
50:14.297117133 [ INFO] [28] becomes leader with 65 votes
50:14.617624169 [ INFO] [24] has timed out. starting new election...
50:14.649461138 [ INFO] [24] becomes leader with 101 votes
50:14.855777254 [ INFO] [31] has timed out. starting new election...
50:14.889458003 [ INFO] [31] becomes leader with 101 votes
50:15.226613548 [ INFO] [104] has timed out. starting new election...
50:15.249699203 [ INFO] [104] becomes leader with 101 votes
50:15.472533568 [ INFO] [28] has timed out. starting new election...
50:15.505461352 [ INFO] [28] becomes leader with 101 votes
50:15.830881837 [ INFO] [24] has timed out. starting new election...
50:15.835032039 [ INFO] [24] becomes leader with 65 votes
50:16.083886950 [ INFO] [4] has timed out. starting new election...
50:16.084573657 [ INFO] [31] has timed out. starting new election...
50:16.121463293 [ INFO] [31] becomes leader with 100 votes
50:16.409460691 [ INFO] [4] candidate has timed out. starting new election...
50:16.413711678 [ INFO] [104] has timed out. starting new election...
50:16.445698452 [ INFO] [104] becomes leader with 100 votes
50:16.712649529 [ INFO] [28] has timed out. starting new election...
50:16.719557588 [ INFO] [101] has timed out. starting new election...
50:16.761708426 [ INFO] [101] becomes leader with 98 votes
50:17.016201524 [ INFO] [24] has timed out. starting new election...
50:17.021456549 [ INFO] [24] becomes leader with 65 votes
50:17.295922180 [ INFO] [28] has timed out. starting new election...
50:17.300091277 [ INFO] [28] becomes leader with 65 votes
50:17.609578867 [ INFO] [104] has timed out. starting new election...
50:17.614835470 [ INFO] [104] becomes leader with 65 votes
50:17.800355237 [ INFO] [31] has timed out. starting new election...
50:17.798976969 [ INFO] [119] has timed out. starting new election...
50:17.821641407 [ INFO] [119] becomes leader with 68 votes
50:18.003823076 [ INFO] [101] has timed out. starting new election...
50:18.045694803 [ INFO] [101] becomes leader with 100 votes
50:18.229364348 [ INFO] [31] has timed out. starting new election...
50:18.233354481 [ INFO] [31] becomes leader with 65 votes
50:18.475381234 [ INFO] [28] has timed out. starting new election...
50:18.480073873 [ INFO] [24] has timed out. starting new election...
50:18.517461736 [ INFO] [24] becomes leader with 99 votes
50:18.780956538 [ INFO] [28] candidate has timed out. starting new election...
50:18.781000513 [ INFO] [104] has timed out. starting new election...
50:18.817696153 [ INFO] [104] becomes leader with 99 votes
50:19.026566274 [ INFO] [119] has timed out. starting new election...
50:19.030682345 [ INFO] [119] becomes leader with 65 votes
50:19.232844637 [ INFO] [101] has timed out. starting new election...
50:19.300464839 [ INFO] [101] becomes leader with 65 votes
50:19.486167757 [ INFO] [31] has timed out. starting new election...
50:19.490651488 [ INFO] [31] becomes leader with 65 votes
50:19.801814848 [ INFO] [24] has timed out. starting new election...
50:19.808113813 [ INFO] [24] becomes leader with 65 votes
50:19.980788826 [ INFO] [104] has timed out. starting new election...
50:19.985020084 [ INFO] [104] becomes leader with 65 votes
50:20.216838692 [ INFO] [119] has timed out. starting new election...
50:20.239712353 [ INFO] [119] becomes leader with 99 votes
50:20.673730409 [ INFO] [31] has timed out. starting new election...
50:20.678439710 [ INFO] [8] has timed out. starting new election...
50:20.709462929 [ INFO] [31] becomes leader with 98 votes
50:20.983382169 [ INFO] [8] candidate has timed out. starting new election...
50:20.989467167 [ INFO] [24] has timed out. starting new election...
50:21.025459502 [ INFO] [24] becomes leader with 98 votes
50:21.179697696 [ INFO] [104] has timed out. starting new election...
50:21.183593233 [ INFO] [104] becomes leader with 65 votes
50:21.487477986 [ INFO] [119] has timed out. starting new election...
50:21.517699758 [ INFO] [119] becomes leader with 98 votes
50:21.700619400 [ INFO] [101] has timed out. starting new election...
50:21.710078815 [ INFO] [3] has timed out. starting new election...
50:21.712048642 [ INFO] [84] has timed out. starting new election...
50:21.712174431 [ INFO] [39] has timed out. starting new election...
50:21.714371331 [ INFO] [42] has timed out. starting new election...
50:21.712698554 [ INFO] [123] has timed out. starting new election...
50:21.718486825 [ INFO] [59] has timed out. starting new election...
50:21.719849476 [ INFO] [41] has timed out. starting new election...
50:21.715845913 [ INFO] [107] has timed out. starting new election...
50:21.721419336 [ INFO] [63] has timed out. starting new election...
50:21.724015758 [ INFO] [48] has timed out. starting new election...
50:21.720978412 [ INFO] [98] has timed out. starting new election...
50:21.723938392 [ INFO] [118] has timed out. starting new election...
50:21.736251509 [ INFO] [122] has timed out. starting new election...
50:21.738881941 [ INFO] [126] has timed out. starting new election...
50:21.970298012 [ INFO] [0] has timed out. starting new election...
50:21.972747406 [ INFO] [31] has timed out. starting new election...
50:22.001003484 [ INFO] [31] becomes leader with 97 votes
50:22.329699456 [ INFO] [0] candidate has timed out. starting new election...
50:22.359766197 [ INFO] [104] has timed out. starting new election...
50:22.393695924 [ INFO] [104] becomes leader with 97 votes
50:22.702413274 [ INFO] [24] has timed out. starting new election...
50:22.708222233 [ INFO] [24] becomes leader with 65 votes
50:22.884569523 [ INFO] [119] has timed out. starting new election...
50:22.905074639 [ INFO] [119] becomes leader with 65 votes
50:23.184138125 [ INFO] [31] has timed out. starting new election...
50:23.188896873 [ INFO] [31] becomes leader with 65 votes
50:23.366979094 [ INFO] [101] has timed out. starting new election...
50:23.409694737 [ INFO] [101] becomes leader with 97 votes
50:23.600949769 [ INFO] [104] has timed out. starting new election...
50:23.604831995 [ INFO] [104] becomes leader with 65 votes
50:23.889435397 [ INFO] [24] has timed out. starting new election...
50:23.897637987 [ INFO] [24] becomes leader with 65 votes
50:24.091431240 [ INFO] [119] has timed out. starting new election...
50:24.121695439 [ INFO] [119] becomes leader with 97 votes
50:24.372105409 [ INFO] [31] has timed out. starting new election...
50:24.376193788 [ INFO] [31] becomes leader with 65 votes
50:24.768878678 [ INFO] [104] has timed out. starting new election...
50:24.801694713 [ INFO] [104] becomes leader with 97 votes
50:25.078879032 [ INFO] [24] has timed out. starting new election...
50:25.083987935 [ INFO] [24] becomes leader with 65 votes
50:25.314410537 [ INFO] [119] has timed out. starting new election...
50:25.332873742 [ INFO] [119] becomes leader with 65 votes
50:25.559259616 [ INFO] [31] has timed out. starting new election...
50:25.563702584 [ INFO] [31] becomes leader with 65 votes
50:25.742440536 [ INFO] [101] has timed out. starting new election...
50:25.750139616 [ INFO] [3] has timed out. starting new election...
50:25.752124012 [ INFO] [84] has timed out. starting new election...
50:25.752192131 [ INFO] [39] has timed out. starting new election...
50:25.793212455 [ INFO] [84] becomes leader with 85 votes
50:25.965689069 [ INFO] [104] has timed out. starting new election...
50:25.993697905 [ INFO] [104] becomes leader with 96 votes
50:26.265335807 [ INFO] [24] has timed out. starting new election...
50:26.265702027 [ INFO] [101] has timed out. starting new election...
50:26.293695318 [ INFO] [101] becomes leader with 96 votes
50:26.518941143 [ INFO] [119] has timed out. starting new election...
50:26.523632259 [ INFO] [119] becomes leader with 65 votes
50:26.743269762 [ INFO] [24] has timed out. starting new election...
50:26.746887746 [ INFO] [31] has timed out. starting new election...
50:26.750884392 [ INFO] [31] becomes leader with 65 votes
50:26.982806697 [ INFO] [3] has timed out. starting new election...
50:26.985592162 [ INFO] [39] has timed out. starting new election...
50:26.985794984 [ INFO] [84] has timed out. starting new election...
50:26.989805075 [ INFO] [84] becomes leader with 65 votes
50:27.234771945 [ INFO] [104] has timed out. starting new election...
50:27.252744582 [ INFO] [24] has timed out. starting new election...
50:27.265837265 [ INFO] [5] has timed out. starting new election...
50:27.266395994 [ INFO] [42] has timed out. starting new election...
50:27.268208201 [ INFO] [18] has timed out. starting new election...
50:27.270399899 [ INFO] [59] has timed out. starting new election...
50:27.296442067 [ INFO] [104] becomes leader with 71 votes
50:27.345215535 [ INFO] [59] becomes leader with 94 votes
50:27.708720638 [ INFO] [24] has timed out. starting new election...
50:27.709784010 [ INFO] [119] has timed out. starting new election...
50:27.728843235 [ INFO] [119] becomes leader with 65 votes
50:27.934051276 [ INFO] [31] has timed out. starting new election...
50:27.938624207 [ INFO] [31] becomes leader with 65 votes
50:28.170172160 [ INFO] [24] has timed out. starting new election...
50:28.201457335 [ INFO] [24] becomes leader with 97 votes
50:28.555038391 [ INFO] [3] has timed out. starting new election...
50:28.551480488 [ INFO] [101] has timed out. starting new election...
50:28.593464942 [ INFO] [3] becomes leader with 95 votes
50:28.851797507 [ INFO] [101] candidate has timed out. starting new election...
50:28.926061973 [ INFO] [39] has timed out. starting new election...
50:28.926549481 [ INFO] [84] has timed out. starting new election...
50:28.927310184 [ INFO] [42] has timed out. starting new election...
50:28.929148693 [ INFO] [18] has timed out. starting new election...
50:28.929296527 [ INFO] [5] has timed out. starting new election...
50:28.933346980 [ INFO] [5] becomes leader with 65 votes
50:29.140681171 [ INFO] [31] has timed out. starting new election...
50:29.169462801 [ INFO] [31] becomes leader with 95 votes
50:29.382701462 [ INFO] [24] has timed out. starting new election...
50:29.382572103 [ INFO] [119] has timed out. starting new election...
50:29.413697637 [ INFO] [119] becomes leader with 94 votes
50:29.745587925 [ INFO] [24] candidate has timed out. starting new election...
50:29.792289692 [ INFO] [3] has timed out. starting new election...
50:29.791744260 [ INFO] [39] has timed out. starting new election...
50:29.797034144 [ INFO] [3] becomes leader with 65 votes
50:29.922134327 [ INFO] [39] becomes leader with 65 votes
50:30.125729331 [ INFO] [84] has timed out. starting new election...
50:30.154575614 [ INFO] [84] becomes leader with 94 votes
50:30.377671284 [ INFO] [31] has timed out. starting new election...
50:30.420845078 [ INFO] [31] becomes leader with 94 votes
50:30.603802529 [ INFO] [119] has timed out. starting new election...
50:30.610043448 [ INFO] [119] becomes leader with 65 votes
50:30.806570207 [ INFO] [42] has timed out. starting new election...
50:30.830208726 [ INFO] [42] becomes leader with 65 votes
50:31.116189795 [ INFO] [5] has timed out. starting new election...
50:31.120185027 [ INFO] [5] becomes leader with 65 votes
50:31.393800089 [ INFO] [84] has timed out. starting new election...
50:31.393958725 [ INFO] [39] has timed out. starting new election...
50:31.397919652 [ INFO] [84] becomes leader with 65 votes
50:31.604604410 [ INFO] [31] has timed out. starting new election...
50:31.609031667 [ INFO] [31] becomes leader with 65 votes
50:31.796271528 [ INFO] [119] has timed out. starting new election...
50:31.829698909 [ INFO] [119] becomes leader with 93 votes
50:32.028806005 [ INFO] [39] has timed out. starting new election...
50:32.062827480 [ INFO] [39] becomes leader with 93 votes
50:32.311973409 [ INFO] [42] has timed out. starting new election...
50:32.318035224 [ INFO] [42] becomes leader with 65 votes
50:32.590082350 [ INFO] [84] has timed out. starting new election...
50:32.630568308 [ INFO] [84] becomes leader with 93 votes
50:32.811789866 [ INFO] [31] has timed out. starting new election...
50:32.816484597 [ INFO] [31] becomes leader with 65 votes
50:33.014897328 [ INFO] [119] has timed out. starting new election...
50:33.045704306 [ INFO] [119] becomes leader with 93 votes
50:33.279752212 [ INFO] [5] has timed out. starting new election...
50:33.321459907 [ INFO] [5] becomes leader with 93 votes
50:33.511539307 [ INFO] [39] has timed out. starting new election...
50:33.513962501 [ INFO] [18] has timed out. starting new election...
50:33.528866800 [ INFO] [18] becomes leader with 65 votes
50:33.850824285 [ INFO] [39] candidate has timed out. starting new election...
50:33.999867821 [ INFO] [31] has timed out. starting new election...
50:34.033463907 [ INFO] [31] becomes leader with 92 votes
50:34.232305629 [ INFO] [119] has timed out. starting new election...
50:34.236374811 [ INFO] [119] becomes leader with 65 votes
50:34.513481880 [ INFO] [84] has timed out. starting new election...
50:34.535386604 [ INFO] [84] becomes leader with 92 votes
50:34.725687752 [ INFO] [42] has timed out. starting new election...
50:34.766827296 [ INFO] [42] becomes leader with 92 votes
50:34.971625647 [ INFO] [123] has timed out. starting new election...
50:34.977092245 [ INFO] [5] has timed out. starting new election...
50:35.001695628 [ INFO] [123] becomes leader with 91 votes
50:35.216553379 [ INFO] [31] has timed out. starting new election...
50:35.220545150 [ INFO] [31] becomes leader with 65 votes
50:35.423079725 [ INFO] [119] has timed out. starting new election...
50:35.427145935 [ INFO] [119] becomes leader with 65 votes
50:35.727470798 [ INFO] [84] has timed out. starting new election...
50:35.770566541 [ INFO] [84] becomes leader with 92 votes
50:35.975891436 [ INFO] [5] has timed out. starting new election...
50:35.978228352 [ INFO] [18] has timed out. starting new election...
50:35.977796604 [ INFO] [42] has timed out. starting new election...
50:35.979182487 [ INFO] [9] has timed out. starting new election...
50:35.982356857 [ INFO] [59] has timed out. starting new election...
50:35.982841653 [ INFO] [41] has timed out. starting new election...
50:36.018949764 [ INFO] [41] becomes leader with 65 votes
50:36.289418497 [ INFO] [9] candidate has timed out. starting new election...
50:36.307002886 [ INFO] [42] candidate has timed out. starting new election...
50:36.308077788 [ INFO] [18] candidate has timed out. starting new election...
50:36.307410600 [ INFO] [59] candidate has timed out. starting new election...
50:36.357763167 [ INFO] [5] candidate has timed out. starting new election...
50:36.407059921 [ INFO] [31] has timed out. starting new election...
50:36.411297978 [ INFO] [31] becomes leader with 65 votes
50:36.613245417 [ INFO] [119] has timed out. starting new election...
50:36.645695689 [ INFO] [119] becomes leader with 87 votes
50:36.962651957 [ INFO] [84] has timed out. starting new election...
50:36.966735440 [ INFO] [84] becomes leader with 65 votes
50:37.214760761 [ INFO] [123] has timed out. starting new election...
50:37.249698740 [ INFO] [123] becomes leader with 87 votes
50:37.594397943 [ INFO] [31] has timed out. starting new election...
50:37.599264520 [ INFO] [31] becomes leader with 65 votes
50:37.845771194 [ INFO] [119] has timed out. starting new election...
50:37.850403721 [ INFO] [41] has timed out. starting new election...
50:37.898827028 [ INFO] [41] becomes leader with 86 votes
50:38.159035246 [ INFO] [84] has timed out. starting new election...
50:38.169907545 [ INFO] [84] becomes leader with 65 votes
50:38.449186722 [ INFO] [119] has timed out. starting new election...
50:38.493695180 [ INFO] [119] becomes leader with 87 votes
50:38.782345821 [ INFO] [31] has timed out. starting new election...
50:38.787689939 [ INFO] [31] becomes leader with 65 votes
50:39.149686403 [ INFO] [123] has timed out. starting new election...
50:39.174722042 [ INFO] [123] becomes leader with 87 votes
50:39.431636647 [ INFO] [84] has timed out. starting new election...
50:39.466574749 [ INFO] [84] becomes leader with 87 votes
50:39.679783444 [ INFO] [119] has timed out. starting new election...
50:39.698940346 [ INFO] [41] has timed out. starting new election...
50:39.746826338 [ INFO] [41] becomes leader with 86 votes
50:39.970989765 [ INFO] [31] has timed out. starting new election...
50:39.984411387 [ INFO] [31] becomes leader with 65 votes
50:40.161655482 [ INFO] [119] has timed out. starting new election...
50:40.179773176 [ INFO] [119] becomes leader with 65 votes
50:40.434442035 [ INFO] [123] has timed out. starting new election...
50:40.470443715 [ INFO] [123] becomes leader with 87 votes
50:41.373890753 [ INFO] [119] has timed out. starting new election...
50:41.417696254 [ INFO] [119] becomes leader with 69 votes
50:41.146719503 [ INFO] [107] has timed out. starting new election...
50:40.695011296 [ INFO] [84] has timed out. starting new election...
50:40.699132479 [ INFO] [84] becomes leader with 65 votes
50:41.153294688 [ INFO] [48] has timed out. starting new election...
50:41.189491227 [ INFO] [48] becomes leader with 68 votes
50:40.948894638 [ INFO] [41] has timed out. starting new election...
50:40.953143876 [ INFO] [41] becomes leader with 65 votes
