52:38.282611571 [ INFO] [2] has timed out. starting new election...
52:38.286550329 [ INFO] [48] has timed out. starting new election...
52:38.289658120 [ INFO] [29] has timed out. starting new election...
52:38.293781258 [ INFO] [32] has timed out. starting new election...
52:38.293834526 [ INFO] [50] has timed out. starting new election...
52:38.302923629 [ INFO] [30] has timed out. starting new election...
52:38.302821297 [ INFO] [21] has timed out. starting new election...
52:38.305526505 [ INFO] [40] has timed out. starting new election...
52:38.309440344 [ INFO] [28] has timed out. starting new election...
52:38.309392941 [ INFO] [18] has timed out. starting new election...
52:38.312347164 [ INFO] [14] has timed out. starting new election...
52:38.312589069 [ INFO] [26] has timed out. starting new election...
52:38.311587759 [ INFO] [59] has timed out. starting new election...
52:38.320973311 [ INFO] [45] has timed out. starting new election...
52:38.323550271 [ INFO] [20] has timed out. starting new election...
52:38.323857542 [ INFO] [43] has timed out. starting new election...
52:38.322797779 [ INFO] [57] has timed out. starting new election...
52:38.337714546 [ INFO] [23] has timed out. starting new election...
52:38.338888388 [ INFO] [22] has timed out. starting new election...
52:38.347342570 [ INFO] [25] has timed out. starting new election...
52:38.346276996 [ INFO] [60] has timed out. starting new election...
52:38.352947922 [ INFO] [41] has timed out. starting new election...
52:38.357794686 [ INFO] [52] has timed out. starting new election...
52:38.368779682 [ INFO] [47] has timed out. starting new election...
52:38.370366137 [ INFO] [51] has timed out. starting new election...
52:38.371932358 [ INFO] [38] has timed out. starting new election...
52:38.374072391 [ INFO] [46] has timed out. starting new election...
52:38.378836323 [ INFO] [54] has timed out. starting new election...
52:38.380801453 [ INFO] [33] has timed out. starting new election...
52:38.381073778 [ INFO] [44] has timed out. starting new election...
52:38.384303854 [ INFO] [63] has timed out. starting new election...
52:38.388358911 [ INFO] [49] has timed out. starting new election...
52:38.390271074 [ INFO] [58] has timed out. starting new election...
52:38.394430504 [ INFO] [61] has timed out. starting new election...
52:38.400535355 [ INFO] [42] has timed out. starting new election...
52:38.408270035 [ INFO] [56] has timed out. starting new election...
52:38.411421070 [ INFO] [55] has timed out. starting new election...
52:38.411858530 [ INFO] [53] has timed out. starting new election...
52:38.420288393 [ INFO] [62] has timed out. starting new election...
52:38.611312726 [ INFO] [9] has timed out. starting new election...
52:38.663763254 [ INFO] [9] becomes leader with 63 votes
52:38.821364920 [ INFO] [48] has timed out. starting new election...
52:38.852874315 [ INFO] [48] becomes leader with 64 votes
52:39.001903028 [ INFO] [2] has timed out. starting new election...
52:39.007310583 [ INFO] [2] becomes leader with 33 votes
52:39.166981895 [ INFO] [29] has timed out. starting new election...
52:39.211225634 [ INFO] [29] becomes leader with 64 votes
52:39.370423100 [ INFO] [32] has timed out. starting new election...
52:39.403140272 [ INFO] [32] becomes leader with 64 votes
52:39.564306803 [ INFO] [50] has timed out. starting new election...
52:39.565526045 [ INFO] [18] has timed out. starting new election...
52:39.608903660 [ INFO] [50] becomes leader with 49 votes
52:39.839828571 [ INFO] [21] has timed out. starting new election...
52:39.877229349 [ INFO] [21] becomes leader with 64 votes
52:40.170576359 [ INFO] [48] has timed out. starting new election...
52:40.191069526 [ INFO] [48] becomes leader with 33 votes
52:40.360894560 [ INFO] [2] has timed out. starting new election...
52:40.399753770 [ INFO] [2] becomes leader with 64 votes
52:40.561202322 [ INFO] [29] has timed out. starting new election...
52:40.603146435 [ INFO] [29] becomes leader with 64 votes
52:40.773200715 [ INFO] [32] has timed out. starting new election...
52:40.778320828 [ INFO] [32] becomes leader with 33 votes
52:41.041848403 [ INFO] [18] has timed out. starting new election...
52:41.046124685 [ INFO] [18] becomes leader with 33 votes
52:41.349917788 [ INFO] [48] has timed out. starting new election...
52:41.384863544 [ INFO] [48] becomes leader with 64 votes
52:41.558186187 [ INFO] [2] has timed out. starting new election...
52:41.595757063 [ INFO] [2] becomes leader with 64 votes
52:41.761864811 [ INFO] [29] has timed out. starting new election...
52:41.766372717 [ INFO] [29] becomes leader with 33 votes
52:41.941395739 [ INFO] [32] has timed out. starting new election...
52:41.975137820 [ INFO] [32] becomes leader with 64 votes
52:42.211267063 [ INFO] [50] has timed out. starting new election...
52:42.252866185 [ INFO] [50] becomes leader with 64 votes
52:42.542018747 [ INFO] [48] has timed out. starting new election...
52:42.572868455 [ INFO] [48] becomes leader with 64 votes
52:42.754974480 [ INFO] [2] has timed out. starting new election...
52:42.760578900 [ INFO] [2] becomes leader with 33 votes
52:42.930478358 [ INFO] [18] has timed out. starting new election...
52:42.973253146 [ INFO] [18] becomes leader with 64 votes
52:43.133607724 [ INFO] [29] has timed out. starting new election...
52:43.137737354 [ INFO] [29] becomes leader with 33 votes
52:43.416482160 [ INFO] [32] has timed out. starting new election...
52:43.459145086 [ INFO] [32] becomes leader with 64 votes
52:43.737233829 [ INFO] [48] has timed out. starting new election...
52:43.754729181 [ INFO] [48] becomes leader with 33 votes
52:43.932641892 [ INFO] [2] has timed out. starting new election...
52:43.972364653 [ INFO] [2] becomes leader with 64 votes
52:44.138017330 [ INFO] [50] has timed out. starting new election...
52:44.156728363 [ INFO] [50] becomes leader with 40 votes
52:44.312228800 [ INFO] [29] has timed out. starting new election...
52:44.316025976 [ INFO] [29] becomes leader with 33 votes
52:44.622293693 [ INFO] [32] has timed out. starting new election...
52:44.626860656 [ INFO] [32] becomes leader with 33 votes
52:44.912753449 [ INFO] [48] has timed out. starting new election...
52:44.956877235 [ INFO] [48] becomes leader with 64 votes
52:45.131762382 [ INFO] [2] has timed out. starting new election...
52:45.137257966 [ INFO] [2] becomes leader with 33 votes
52:45.322485085 [ INFO] [18] has timed out. starting new election...
52:45.349233874 [ INFO] [18] becomes leader with 64 votes
52:45.503068744 [ INFO] [29] has timed out. starting new election...
52:45.547137029 [ INFO] [29] becomes leader with 64 votes
52:45.789846842 [ INFO] [32] has timed out. starting new election...
52:45.805265903 [ INFO] [32] becomes leader with 33 votes
52:46.115188687 [ INFO] [48] has timed out. starting new election...
52:46.148360404 [ INFO] [48] becomes leader with 64 votes
52:46.309170630 [ INFO] [50] has timed out. starting new election...
52:46.336867486 [ INFO] [50] becomes leader with 64 votes
52:46.498569088 [ INFO] [2] has timed out. starting new election...
52:46.527763548 [ INFO] [2] becomes leader with 64 votes
52:46.706709507 [ INFO] [29] has timed out. starting new election...
52:46.724480750 [ INFO] [29] becomes leader with 33 votes
52:46.968325097 [ INFO] [32] has timed out. starting new election...
52:46.972657093 [ INFO] [32] becomes leader with 33 votes
52:47.133653158 [ INFO] [18] has timed out. starting new election...
52:47.173715309 [ INFO] [18] becomes leader with 64 votes
52:47.325946200 [ INFO] [48] has timed out. starting new election...
52:47.352806305 [ INFO] [48] becomes leader with 33 votes
52:47.521323221 [ INFO] [30] has timed out. starting new election...
52:47.520670084 [ INFO] [50] has timed out. starting new election...
52:47.559136502 [ INFO] [30] becomes leader with 63 votes
52:47.707339497 [ INFO] [2] has timed out. starting new election...
52:47.729688319 [ INFO] [2] becomes leader with 64 votes
52:47.890810934 [ INFO] [29] has timed out. starting new election...
52:47.894332595 [ INFO] [29] becomes leader with 33 votes
52:48.135150006 [ INFO] [32] has timed out. starting new election...
52:48.139822018 [ INFO] [32] becomes leader with 33 votes
52:48.338483698 [ INFO] [50] has timed out. starting new election...
52:48.339518993 [ INFO] [18] has timed out. starting new election...
52:48.373227961 [ INFO] [18] becomes leader with 47 votes
52:48.527967546 [ INFO] [48] has timed out. starting new election...
52:48.532395225 [ INFO] [48] becomes leader with 33 votes
52:48.723214547 [ INFO] [50] has timed out. starting new election...
52:48.760872250 [ INFO] [50] becomes leader with 64 votes
52:49.044368037 [ INFO] [2] has timed out. starting new election...
52:49.068380714 [ INFO] [40] has timed out. starting new election...
52:49.083759412 [ INFO] [2] becomes leader with 63 votes
52:49.297393629 [ INFO] [29] has timed out. starting new election...
52:49.317061426 [ INFO] [29] becomes leader with 33 votes
52:49.535329003 [ INFO] [32] has timed out. starting new election...
52:49.583136403 [ INFO] [32] becomes leader with 64 votes
52:49.736295770 [ INFO] [48] has timed out. starting new election...
52:49.767197341 [ INFO] [48] becomes leader with 64 votes
52:49.930105593 [ INFO] [18] has timed out. starting new election...
52:49.957228991 [ INFO] [18] becomes leader with 64 votes
52:50.242832274 [ INFO] [2] has timed out. starting new election...
52:50.254775512 [ INFO] [50] has timed out. starting new election...
52:50.271763434 [ INFO] [2] becomes leader with 61 votes
52:50.476439018 [ INFO] [29] has timed out. starting new election...
52:50.511140944 [ INFO] [29] becomes leader with 64 votes
52:50.745754490 [ INFO] [32] has timed out. starting new election...
52:50.749006438 [ INFO] [32] becomes leader with 33 votes
52:50.925697285 [ INFO] [48] has timed out. starting new election...
52:50.948874039 [ INFO] [48] becomes leader with 64 votes
52:51.121625201 [ INFO] [50] has timed out. starting new election...
52:51.164884789 [ INFO] [50] becomes leader with 64 votes
52:51.430174214 [ INFO] [2] has timed out. starting new election...
52:51.435513007 [ INFO] [2] becomes leader with 33 votes
52:51.669871306 [ INFO] [29] has timed out. starting new election...
52:51.703140225 [ INFO] [29] becomes leader with 64 votes
52:51.913198379 [ INFO] [18] has timed out. starting new election...
52:51.941227458 [ INFO] [18] becomes leader with 63 votes
52:52.107342681 [ INFO] [48] has timed out. starting new election...
52:52.112354575 [ INFO] [48] becomes leader with 33 votes
52:52.328625836 [ INFO] [32] has timed out. starting new election...
52:52.371150515 [ INFO] [32] becomes leader with 64 votes
52:52.604061574 [ INFO] [2] has timed out. starting new election...
52:52.635754203 [ INFO] [2] becomes leader with 64 votes
52:52.868045553 [ INFO] [29] has timed out. starting new election...
52:52.871791840 [ INFO] [29] becomes leader with 33 votes
52:53.107003649 [ INFO] [18] has timed out. starting new election...
52:53.141239060 [ INFO] [18] becomes leader with 64 votes
52:53.293499732 [ INFO] [48] has timed out. starting new election...
52:53.336863370 [ INFO] [48] becomes leader with 64 votes
52:53.534056443 [ INFO] [32] has timed out. starting new election...
52:53.567141597 [ INFO] [32] becomes leader with 64 votes
52:53.794899299 [ INFO] [2] has timed out. starting new election...
52:53.823763710 [ INFO] [2] becomes leader with 64 votes
52:54.030727973 [ INFO] [29] has timed out. starting new election...
52:54.059143469 [ INFO] [29] becomes leader with 64 votes
52:54.305692011 [ INFO] [50] has timed out. starting new election...
52:54.310475762 [ INFO] [50] becomes leader with 33 votes
52:54.495022428 [ INFO] [48] has timed out. starting new election...
52:54.528863360 [ INFO] [48] becomes leader with 64 votes
52:54.729742137 [ INFO] [32] has timed out. starting new election...
52:54.763138506 [ INFO] [32] becomes leader with 64 votes
52:54.982635278 [ INFO] [2] has timed out. starting new election...
52:55.015757330 [ INFO] [2] becomes leader with 64 votes
52:55.218252925 [ INFO] [29] has timed out. starting new election...
52:55.223098931 [ INFO] [29] becomes leader with 33 votes
52:55.476174476 [ INFO] [18] has timed out. starting new election...
52:55.476056906 [ INFO] [50] has timed out. starting new election...
52:55.481425835 [ INFO] [50] becomes leader with 33 votes
52:55.482549810 [ INFO] [18] becomes leader with 33 votes
52:55.686792096 [ INFO] [48] has timed out. starting new election...
52:55.704863865 [ INFO] [48] becomes leader with 49 votes
52:55.925799653 [ INFO] [32] has timed out. starting new election...
52:55.941334794 [ INFO] [32] becomes leader with 33 votes
52:56.191979396 [ INFO] [21] has timed out. starting new election...
52:56.233245579 [ INFO] [21] becomes leader with 64 votes
52:56.381578546 [ INFO] [2] has timed out. starting new election...
52:56.411761364 [ INFO] [2] becomes leader with 64 votes
52:56.487203766 [ WARN] [18] panicked because it's election signal channel has failed (on send)
52:56.641957927 [ INFO] [29] has timed out. starting new election...
52:56.642352072 [ WARN] [18] panicked because it's election signal channel has failed (on send)
52:56.667147847 [ INFO] [29] becomes leader with 63 votes
52:56.667685081 [ WARN] [18] panicked because it's election signal channel has failed (on send)
52:56.709481156 [ WARN] [18] panicked because it's election signal channel has failed (on send)
52:56.862759075 [ INFO] [48] has timed out. starting new election...
52:56.864303048 [ WARN] [18] panicked because it's election signal channel has failed (on send)
52:56.892863691 [ INFO] [48] becomes leader with 63 votes
52:56.894609733 [ WARN] [18] panicked because it's election signal channel has failed (on send)
52:56.944384838 [ WARN] [18] panicked because it's election signal channel has failed (on send)
52:57.103836820 [ INFO] [32] has timed out. starting new election...
52:57.104347210 [ WARN] [18] panicked because it's election signal channel has failed (on send)
52:57.107426914 [ INFO] [32] becomes leader with 33 votes
52:57.108000226 [ WARN] [18] panicked because it's election signal channel has failed (on send)
52:57.236495929 [ WARN] [18] panicked because it's election signal channel has failed (on send)
52:57.397972377 [ INFO] [50] has timed out. starting new election...
52:57.399485604 [ WARN] [18] panicked because it's election signal channel has failed (on send)
52:57.415549709 [ INFO] [50] becomes leader with 33 votes
52:57.417353237 [ WARN] [18] panicked because it's election signal channel has failed (on send)
52:57.421928188 [ WARN] [18] panicked because it's election signal channel has failed (on send)
52:57.572396129 [ INFO] [2] has timed out. starting new election...
52:57.577671408 [ WARN] [18] panicked because it's election signal channel has failed (on send)
52:57.594077069 [ INFO] [40] has timed out. starting new election...
52:57.594474586 [ WARN] [18] panicked because it's election signal channel has failed (on send)
52:57.603761328 [ INFO] [2] becomes leader with 62 votes
52:57.609236031 [ WARN] [18] panicked because it's election signal channel has failed (on send)
52:57.670234507 [ WARN] [18] panicked because it's election signal channel has failed (on send)
52:57.825926196 [ INFO] [29] has timed out. starting new election...
52:57.826150327 [ WARN] [18] panicked because it's election signal channel has failed (on send)
52:57.859138591 [ INFO] [29] becomes leader with 63 votes
52:57.859734138 [ WARN] [18] panicked because it's election signal channel has failed (on send)
52:57.897874792 [ WARN] [18] panicked because it's election signal channel has failed (on send)
52:58.051280228 [ INFO] [48] has timed out. starting new election...
52:58.052853519 [ WARN] [18] panicked because it's election signal channel has failed (on send)
52:58.055726242 [ INFO] [48] becomes leader with 33 votes
52:58.057322908 [ WARN] [18] panicked because it's election signal channel has failed (on send)
52:58.110553351 [ WARN] [18] panicked because it's election signal channel has failed (on send)
52:58.270095603 [ INFO] [32] has timed out. starting new election...
52:58.270591591 [ WARN] [18] panicked because it's election signal channel has failed (on send)
52:58.311138155 [ INFO] [32] becomes leader with 63 votes
52:58.311756148 [ WARN] [18] panicked because it's election signal channel has failed (on send)
52:58.420298838 [ WARN] [18] panicked because it's election signal channel has failed (on send)
52:58.581572006 [ INFO] [50] has timed out. starting new election...
52:58.583062760 [ WARN] [18] panicked because it's election signal channel has failed (on send)
52:58.612346712 [ WARN] [18] panicked because it's election signal channel has failed (on send)
52:58.615169366 [ INFO] [50] becomes leader with 33 votes
52:58.616837417 [ WARN] [18] panicked because it's election signal channel has failed (on send)
52:58.770847362 [ INFO] [2] has timed out. starting new election...
52:58.776127013 [ WARN] [18] panicked because it's election signal channel has failed (on send)
52:58.799756163 [ INFO] [2] becomes leader with 63 votes
52:58.805300338 [ WARN] [18] panicked because it's election signal channel has failed (on send)
52:58.862517643 [ WARN] [18] panicked because it's election signal channel has failed (on send)
52:59.018266205 [ INFO] [29] has timed out. starting new election...
52:59.018724110 [ WARN] [18] panicked because it's election signal channel has failed (on send)
52:59.021769040 [ INFO] [29] becomes leader with 33 votes
52:59.022366500 [ WARN] [18] panicked because it's election signal channel has failed (on send)
52:59.060625678 [ WARN] [18] panicked because it's election signal channel has failed (on send)
52:59.214127340 [ INFO] [48] has timed out. starting new election...
52:59.215476138 [ WARN] [18] panicked because it's election signal channel has failed (on send)
52:59.256871077 [ INFO] [48] becomes leader with 63 votes
52:59.258558229 [ WARN] [18] panicked because it's election signal channel has failed (on send)
52:59.316483201 [ WARN] [18] panicked because it's election signal channel has failed (on send)
52:59.475554856 [ INFO] [32] has timed out. starting new election...
52:59.475969982 [ WARN] [18] panicked because it's election signal channel has failed (on send)
52:59.492665180 [ INFO] [32] becomes leader with 33 votes
52:59.493368690 [ WARN] [18] panicked because it's election signal channel has failed (on send)
52:59.619848825 [ WARN] [18] panicked because it's election signal channel has failed (on send)
52:59.781133295 [ INFO] [50] has timed out. starting new election...
52:59.782652226 [ WARN] [18] panicked because it's election signal channel has failed (on send)
52:59.798092549 [ INFO] [50] becomes leader with 33 votes
52:59.799874831 [ WARN] [18] panicked because it's election signal channel has failed (on send)
52:59.808428105 [ WARN] [18] panicked because it's election signal channel has failed (on send)
52:59.958867457 [ INFO] [2] has timed out. starting new election...
52:59.964146814 [ WARN] [18] panicked because it's election signal channel has failed (on send)
52:59.976234328 [ INFO] [30] has timed out. starting new election...
52:59.976615589 [ WARN] [18] panicked because it's election signal channel has failed (on send)
53:00.003764163 [ INFO] [2] becomes leader with 61 votes
53:00.009310264 [ WARN] [18] panicked because it's election signal channel has failed (on send)
53:00.024987752 [ WARN] [18] panicked because it's election signal channel has failed (on send)
53:00.181033170 [ INFO] [29] has timed out. starting new election...
53:00.181244339 [ WARN] [18] panicked because it's election signal channel has failed (on send)
53:00.184307767 [ INFO] [29] becomes leader with 33 votes
53:00.184843297 [ WARN] [18] panicked because it's election signal channel has failed (on send)
53:00.261757266 [ WARN] [18] panicked because it's election signal channel has failed (on send)
53:00.415295546 [ INFO] [48] has timed out. starting new election...
53:00.416858088 [ WARN] [18] panicked because it's election signal channel has failed (on send)
53:00.444869513 [ INFO] [48] becomes leader with 63 votes
53:00.446642469 [ WARN] [18] panicked because it's election signal channel has failed (on send)
53:00.495967301 [ WARN] [18] panicked because it's election signal channel has failed (on send)
53:00.655747851 [ INFO] [32] has timed out. starting new election...
53:00.656196370 [ WARN] [18] panicked because it's election signal channel has failed (on send)
53:00.699140257 [ INFO] [32] becomes leader with 63 votes
53:00.699757628 [ WARN] [18] panicked because it's election signal channel has failed (on send)
53:00.803458812 [ WARN] [18] panicked because it's election signal channel has failed (on send)
53:00.970236469 [ INFO] [21] has timed out. starting new election...
53:00.970876294 [ WARN] [18] panicked because it's election signal channel has failed (on send)
53:00.987546029 [ INFO] [21] becomes leader with 33 votes
53:00.988329159 [ WARN] [18] panicked because it's election signal channel has failed (on send)
53:01.012721769 [ WARN] [18] panicked because it's election signal channel has failed (on send)
53:01.163547206 [ INFO] [2] has timed out. starting new election...
53:01.168831833 [ WARN] [18] panicked because it's election signal channel has failed (on send)
53:01.168300917 [ INFO] [2] becomes leader with 33 votes
53:01.173913714 [ WARN] [18] panicked because it's election signal channel has failed (on send)
53:01.187453921 [ WARN] [18] panicked because it's election signal channel has failed (on send)
53:01.348464409 [ INFO] [50] has timed out. starting new election...
53:01.350014444 [ WARN] [18] panicked because it's election signal channel has failed (on send)
53:01.376865850 [ INFO] [50] becomes leader with 63 votes
53:01.378612988 [ WARN] [18] panicked because it's election signal channel has failed (on send)
53:01.449613737 [ WARN] [18] panicked because it's election signal channel has failed (on send)
53:01.602906999 [ INFO] [48] has timed out. starting new election...
53:01.604188958 [ INFO] [29] has timed out. starting new election...
53:01.604490961 [ WARN] [18] panicked because it's election signal channel has failed (on send)
53:01.605002728 [ WARN] [18] panicked because it's election signal channel has failed (on send)
53:01.640864811 [ INFO] [48] becomes leader with 57 votes
53:01.642606548 [ WARN] [18] panicked because it's election signal channel has failed (on send)
53:01.702398640 [ WARN] [18] panicked because it's election signal channel has failed (on send)
53:01.862117073 [ INFO] [32] has timed out. starting new election...
53:01.862437937 [ WARN] [18] panicked because it's election signal channel has failed (on send)
53:01.895138490 [ INFO] [32] becomes leader with 63 votes
53:01.895833284 [ WARN] [18] panicked because it's election signal channel has failed (on send)
53:01.991309022 [ WARN] [18] panicked because it's election signal channel has failed (on send)
53:02.145382831 [ INFO] [29] has timed out. starting new election...
53:02.145885202 [ WARN] [18] panicked because it's election signal channel has failed (on send)
53:02.187143266 [ INFO] [29] becomes leader with 63 votes
53:02.187826818 [ WARN] [18] panicked because it's election signal channel has failed (on send)
53:02.202116366 [ WARN] [18] panicked because it's election signal channel has failed (on send)
53:02.351451921 [ INFO] [2] has timed out. starting new election...
53:02.356827575 [ WARN] [18] panicked because it's election signal channel has failed (on send)
53:02.381752445 [ WARN] [18] panicked because it's election signal channel has failed (on send)
53:02.391758736 [ INFO] [2] becomes leader with 63 votes
53:02.397333031 [ WARN] [18] panicked because it's election signal channel has failed (on send)
53:02.557262098 [ INFO] [50] has timed out. starting new election...
53:02.558677212 [ WARN] [18] panicked because it's election signal channel has failed (on send)
53:02.600878388 [ INFO] [50] becomes leader with 63 votes
53:02.602464332 [ WARN] [18] panicked because it's election signal channel has failed (on send)
53:02.645462643 [ WARN] [18] panicked because it's election signal channel has failed (on send)
53:02.798723996 [ INFO] [48] has timed out. starting new election...
53:02.800294865 [ WARN] [18] panicked because it's election signal channel has failed (on send)
53:02.813339125 [ INFO] [30] has timed out. starting new election...
53:02.813941524 [ WARN] [18] panicked because it's election signal channel has failed (on send)
53:02.824891097 [ INFO] [48] becomes leader with 61 votes
53:02.826704505 [ WARN] [18] panicked because it's election signal channel has failed (on send)
53:02.898324695 [ WARN] [18] panicked because it's election signal channel has failed (on send)
53:03.058278418 [ INFO] [32] has timed out. starting new election...
53:03.058526189 [ WARN] [18] panicked because it's election signal channel has failed (on send)
53:03.091142756 [ INFO] [32] becomes leader with 63 votes
53:03.091704799 [ WARN] [18] panicked because it's election signal channel has failed (on send)
53:03.190261586 [ WARN] [18] panicked because it's election signal channel has failed (on send)
53:03.345798531 [ INFO] [29] has timed out. starting new election...
53:03.346187454 [ WARN] [18] panicked because it's election signal channel has failed (on send)
53:03.375137498 [ INFO] [29] becomes leader with 63 votes
53:03.375813485 [ WARN] [18] panicked because it's election signal channel has failed (on send)
53:03.400253209 [ WARN] [18] panicked because it's election signal channel has failed (on send)
53:03.550296501 [ INFO] [2] has timed out. starting new election...
53:03.555640799 [ WARN] [18] panicked because it's election signal channel has failed (on send)
53:03.587756929 [ INFO] [2] becomes leader with 63 votes
53:03.593321763 [ WARN] [18] panicked because it's election signal channel has failed (on send)
53:03.605558386 [ WARN] [18] panicked because it's election signal channel has failed (on send)
53:03.766991325 [ INFO] [50] has timed out. starting new election...
53:03.768552628 [ WARN] [18] panicked because it's election signal channel has failed (on send)
53:03.808868768 [ INFO] [50] becomes leader with 63 votes
53:03.810754978 [ WARN] [18] panicked because it's election signal channel has failed (on send)
53:03.830495472 [ WARN] [18] panicked because it's election signal channel has failed (on send)
53:03.983862191 [ INFO] [48] has timed out. starting new election...
53:03.985569718 [ WARN] [18] panicked because it's election signal channel has failed (on send)
53:04.016866862 [ INFO] [48] becomes leader with 63 votes
53:04.018601788 [ WARN] [18] panicked because it's election signal channel has failed (on send)
53:04.094434631 [ WARN] [18] panicked because it's election signal channel has failed (on send)
53:04.253725868 [ INFO] [32] has timed out. starting new election...
53:04.254126859 [ WARN] [18] panicked because it's election signal channel has failed (on send)
53:04.287143583 [ INFO] [32] becomes leader with 63 votes
53:04.287777124 [ WARN] [18] panicked because it's election signal channel has failed (on send)
53:04.378243391 [ WARN] [18] panicked because it's election signal channel has failed (on send)
53:04.545301844 [ INFO] [21] has timed out. starting new election...
53:04.545711327 [ INFO] [30] has timed out. starting new election...
53:04.545876338 [ WARN] [18] panicked because it's election signal channel has failed (on send)
53:04.546280068 [ WARN] [18] panicked because it's election signal channel has failed (on send)
53:04.563417095 [ INFO] [21] becomes leader with 33 votes
53:04.564210543 [ WARN] [18] panicked because it's election signal channel has failed (on send)
53:04.601918205 [ WARN] [18] panicked because it's election signal channel has failed (on send)
53:04.756536876 [ INFO] [29] has timed out. starting new election...
53:04.756758378 [ WARN] [18] panicked because it's election signal channel has failed (on send)
53:04.795140274 [ INFO] [29] becomes leader with 63 votes
53:04.795730359 [ WARN] [18] panicked because it's election signal channel has failed (on send)
53:04.813730691 [ WARN] [18] panicked because it's election signal channel has failed (on send)
53:04.959537211 [ INFO] [2] has timed out. starting new election...
53:04.964858953 [ WARN] [18] panicked because it's election signal channel has failed (on send)
53:04.964689635 [ INFO] [2] becomes leader with 33 votes
53:04.970252482 [ WARN] [18] panicked because it's election signal channel has failed (on send)
53:05.021773379 [ WARN] [18] panicked because it's election signal channel has failed (on send)
53:05.175078911 [ INFO] [48] has timed out. starting new election...
53:05.176508997 [ WARN] [18] panicked because it's election signal channel has failed (on send)
53:05.180052741 [ INFO] [48] becomes leader with 33 votes
53:05.181895246 [ WARN] [18] panicked because it's election signal channel has failed (on send)
53:05.290218776 [ WARN] [18] panicked because it's election signal channel has failed (on send)
53:05.449746617 [ INFO] [32] has timed out. starting new election...
53:05.450168682 [ WARN] [18] panicked because it's election signal channel has failed (on send)
53:05.491139630 [ INFO] [32] becomes leader with 63 votes
53:05.491789755 [ WARN] [18] panicked because it's election signal channel has failed (on send)
53:05.574828588 [ WARN] [18] panicked because it's election signal channel has failed (on send)
53:05.736081532 [ INFO] [50] has timed out. starting new election...
53:05.737827972 [ WARN] [18] panicked because it's election signal channel has failed (on send)
53:05.760872915 [ INFO] [50] becomes leader with 63 votes
53:05.762676228 [ WARN] [18] panicked because it's election signal channel has failed (on send)
53:05.798379719 [ WARN] [18] panicked because it's election signal channel has failed (on send)
53:05.953993367 [ INFO] [29] has timed out. starting new election...
53:05.954415618 [ WARN] [18] panicked because it's election signal channel has failed (on send)
53:05.973308340 [ INFO] [29] becomes leader with 33 votes
53:05.973713523 [ WARN] [18] panicked because it's election signal channel has failed (on send)
53:05.974468460 [ WARN] [18] panicked because it's election signal channel has failed (on send)
53:06.128240868 [ INFO] [2] has timed out. starting new election...
53:06.133330870 [ WARN] [18] panicked because it's election signal channel has failed (on send)
53:06.175764024 [ INFO] [2] becomes leader with 63 votes
53:06.181337938 [ WARN] [18] panicked because it's election signal channel has failed (on send)
53:06.184626285 [ WARN] [18] panicked because it's election signal channel has failed (on send)
53:06.338124825 [ INFO] [48] has timed out. starting new election...
53:06.339661969 [ WARN] [18] panicked because it's election signal channel has failed (on send)
53:06.363299301 [ INFO] [48] becomes leader with 33 votes
53:06.365164823 [ WARN] [18] panicked because it's election signal channel has failed (on send)
53:06.494123438 [ WARN] [18] panicked because it's election signal channel has failed (on send)
53:06.654277112 [ INFO] [32] has timed out. starting new election...
53:06.654813840 [ WARN] [18] panicked because it's election signal channel has failed (on send)
53:06.691137351 [ INFO] [32] becomes leader with 63 votes
53:06.691725759 [ WARN] [18] panicked because it's election signal channel has failed (on send)
53:06.765746894 [ WARN] [18] panicked because it's election signal channel has failed (on send)
53:06.926889146 [ INFO] [50] has timed out. starting new election...
53:06.928366217 [ WARN] [18] panicked because it's election signal channel has failed (on send)
53:06.935595335 [ INFO] [50] becomes leader with 33 votes
53:06.937332310 [ WARN] [18] panicked because it's election signal channel has failed (on send)
53:06.976477908 [ WARN] [18] panicked because it's election signal channel has failed (on send)
53:07.132344206 [ INFO] [29] has timed out. starting new election...
53:07.132793551 [ WARN] [18] panicked because it's election signal channel has failed (on send)
53:07.136157921 [ INFO] [29] becomes leader with 33 votes
53:07.136780649 [ WARN] [18] panicked because it's election signal channel has failed (on send)
53:07.184252676 [ WARN] [18] panicked because it's election signal channel has failed (on send)
53:07.334451922 [ INFO] [2] has timed out. starting new election...
53:07.339700168 [ WARN] [18] panicked because it's election signal channel has failed (on send)
53:07.362854253 [ INFO] [2] becomes leader with 63 votes
53:07.368187871 [ WARN] [18] panicked because it's election signal channel has failed (on send)
53:07.368623505 [ WARN] [18] panicked because it's election signal channel has failed (on send)
53:07.527973551 [ INFO] [48] has timed out. starting new election...
53:07.529550239 [ WARN] [18] panicked because it's election signal channel has failed (on send)
53:07.560868260 [ INFO] [48] becomes leader with 62 votes
53:07.562625090 [ WARN] [18] panicked because it's election signal channel has failed (on send)
53:07.694397121 [ WARN] [18] panicked because it's election signal channel has failed (on send)
53:07.854174928 [ INFO] [32] has timed out. starting new election...
53:07.854685067 [ WARN] [18] panicked because it's election signal channel has failed (on send)
53:07.883139278 [ INFO] [32] becomes leader with 63 votes
53:07.883726272 [ WARN] [18] panicked because it's election signal channel has failed (on send)
53:07.940237323 [ WARN] [18] panicked because it's election signal channel has failed (on send)
53:08.101406564 [ INFO] [50] has timed out. starting new election...
53:08.102873488 [ WARN] [18] panicked because it's election signal channel has failed (on send)
53:08.136866673 [ INFO] [50] becomes leader with 63 votes
53:08.138576820 [ WARN] [18] panicked because it's election signal channel has failed (on send)
53:08.139177580 [ WARN] [18] panicked because it's election signal channel has failed (on send)
53:08.294847813 [ INFO] [29] has timed out. starting new election...
53:08.295324648 [ WARN] [18] panicked because it's election signal channel has failed (on send)
53:08.319144566 [ INFO] [29] becomes leader with 63 votes
53:08.319745796 [ WARN] [18] panicked because it's election signal channel has failed (on send)
53:08.378158503 [ WARN] [18] panicked because it's election signal channel has failed (on send)
53:08.528519292 [ INFO] [2] has timed out. starting new election...
53:08.533805157 [ WARN] [18] panicked because it's election signal channel has failed (on send)
53:08.560511048 [ INFO] [2] becomes leader with 63 votes
53:08.565788619 [ WARN] [18] panicked because it's election signal channel has failed (on send)
53:08.566143013 [ WARN] [18] panicked because it's election signal channel has failed (on send)
53:08.731935289 [ INFO] [48] has timed out. starting new election...
53:08.733046208 [ INFO] [30] has timed out. starting new election...
53:08.733422396 [ WARN] [18] panicked because it's election signal channel has failed (on send)
53:08.733871914 [ WARN] [18] panicked because it's election signal channel has failed (on send)
53:08.763150951 [ INFO] [30] becomes leader with 52 votes
53:08.763793252 [ WARN] [18] panicked because it's election signal channel has failed (on send)
53:08.886462762 [ WARN] [18] panicked because it's election signal channel has failed (on send)
53:09.033046798 [ INFO] [48] candidate has timed out. starting new election...
53:09.053595009 [ INFO] [21] has timed out. starting new election...
53:09.054165997 [ WARN] [18] panicked because it's election signal channel has failed (on send)
53:09.085224707 [ INFO] [21] becomes leader with 62 votes
53:09.085955291 [ WARN] [18] panicked because it's election signal channel has failed (on send)
53:09.141716020 [ WARN] [18] panicked because it's election signal channel has failed (on send)
53:09.300716969 [ INFO] [32] has timed out. starting new election...
53:09.301207595 [ WARN] [18] panicked because it's election signal channel has failed (on send)
53:09.322352064 [ WARN] [18] panicked because it's election signal channel has failed (on send)
53:09.331142751 [ INFO] [32] becomes leader with 62 votes
53:09.331794716 [ WARN] [18] panicked because it's election signal channel has failed (on send)
53:09.485676483 [ INFO] [29] has timed out. starting new election...
53:09.486046708 [ WARN] [18] panicked because it's election signal channel has failed (on send)
53:09.504909039 [ INFO] [29] becomes leader with 33 votes
53:09.505608209 [ WARN] [18] panicked because it's election signal channel has failed (on send)
53:09.569107190 [ WARN] [18] panicked because it's election signal channel has failed (on send)
53:09.719379417 [ INFO] [2] has timed out. starting new election...
53:09.724639037 [ WARN] [18] panicked because it's election signal channel has failed (on send)
53:09.755756523 [ INFO] [2] becomes leader with 62 votes
53:09.761284525 [ WARN] [18] panicked because it's election signal channel has failed (on send)
53:09.766438918 [ WARN] [18] panicked because it's election signal channel has failed (on send)
53:09.927589732 [ INFO] [50] has timed out. starting new election...
53:09.929128298 [ WARN] [18] panicked because it's election signal channel has failed (on send)
53:09.956868577 [ INFO] [50] becomes leader with 62 votes
53:09.958584300 [ WARN] [18] panicked because it's election signal channel has failed (on send)
53:10.088506777 [ WARN] [18] panicked because it's election signal channel has failed (on send)
53:10.255823680 [ INFO] [30] has timed out. starting new election...
53:10.256269317 [ WARN] [18] panicked because it's election signal channel has failed (on send)
53:10.299159014 [ INFO] [30] becomes leader with 62 votes
53:10.299730704 [ WARN] [18] panicked because it's election signal channel has failed (on send)
53:10.334457159 [ WARN] [18] panicked because it's election signal channel has failed (on send)
53:10.494134254 [ INFO] [32] has timed out. starting new election...
53:10.494549698 [ WARN] [18] panicked because it's election signal channel has failed (on send)
53:10.512550666 [ WARN] [18] panicked because it's election signal channel has failed (on send)
53:10.531149746 [ INFO] [32] becomes leader with 62 votes
53:10.531781210 [ WARN] [18] panicked because it's election signal channel has failed (on send)
53:10.686302945 [ INFO] [29] has timed out. starting new election...
53:10.686678784 [ WARN] [18] panicked because it's election signal channel has failed (on send)
53:10.719147921 [ INFO] [29] becomes leader with 62 votes
53:10.719671509 [ WARN] [18] panicked because it's election signal channel has failed (on send)
53:10.764248937 [ WARN] [18] panicked because it's election signal channel has failed (on send)
53:10.913434751 [ INFO] [2] has timed out. starting new election...
53:10.918721219 [ WARN] [18] panicked because it's election signal channel has failed (on send)
53:10.918159322 [ INFO] [2] becomes leader with 33 votes
53:10.923570297 [ WARN] [18] panicked because it's election signal channel has failed (on send)
53:10.961746244 [ WARN] [18] panicked because it's election signal channel has failed (on send)
53:11.123249731 [ INFO] [50] has timed out. starting new election...
53:11.124785128 [ WARN] [18] panicked because it's election signal channel has failed (on send)
53:11.164875784 [ INFO] [50] becomes leader with 62 votes
53:11.166562018 [ WARN] [18] panicked because it's election signal channel has failed (on send)
53:11.304492180 [ WARN] [18] panicked because it's election signal channel has failed (on send)
53:11.471869996 [ INFO] [21] has timed out. starting new election...
53:11.472408345 [ WARN] [18] panicked because it's election signal channel has failed (on send)
53:11.505231844 [ INFO] [21] becomes leader with 62 votes
53:11.505943178 [ WARN] [18] panicked because it's election signal channel has failed (on send)
53:11.534495572 [ WARN] [18] panicked because it's election signal channel has failed (on send)
53:11.694320222 [ INFO] [32] has timed out. starting new election...
53:11.694728640 [ WARN] [18] panicked because it's election signal channel has failed (on send)
53:11.713284940 [ INFO] [32] becomes leader with 33 votes
53:11.713971388 [ WARN] [18] panicked because it's election signal channel has failed (on send)
53:11.722355273 [ WARN] [18] panicked because it's election signal channel has failed (on send)
53:11.878089637 [ INFO] [29] has timed out. starting new election...
53:11.878514868 [ WARN] [18] panicked because it's election signal channel has failed (on send)
53:11.903144830 [ INFO] [29] becomes leader with 62 votes
53:11.903732906 [ WARN] [18] panicked because it's election signal channel has failed (on send)
53:11.926691613 [ WARN] [18] panicked because it's election signal channel has failed (on send)
53:12.077017167 [ INFO] [2] has timed out. starting new election...
53:12.082268195 [ WARN] [18] panicked because it's election signal channel has failed (on send)
53:12.093723938 [ INFO] [2] becomes leader with 33 votes
53:12.099307751 [ WARN] [18] panicked because it's election signal channel has failed (on send)
53:12.169596959 [ WARN] [18] panicked because it's election signal channel has failed (on send)
53:12.330874613 [ INFO] [50] has timed out. starting new election...
53:12.332344398 [ WARN] [18] panicked because it's election signal channel has failed (on send)
53:12.372864880 [ INFO] [50] becomes leader with 62 votes
53:12.374505606 [ WARN] [18] panicked because it's election signal channel has failed (on send)
53:12.508407327 [ WARN] [18] panicked because it's election signal channel has failed (on send)
53:12.675926024 [ INFO] [30] has timed out. starting new election...
53:12.676380824 [ WARN] [18] panicked because it's election signal channel has failed (on send)
53:12.707138933 [ INFO] [30] becomes leader with 62 votes
53:12.707695236 [ WARN] [18] panicked because it's election signal channel has failed (on send)
53:12.716452472 [ WARN] [18] panicked because it's election signal channel has failed (on send)
53:12.876001372 [ INFO] [32] has timed out. starting new election...
53:12.876381150 [ WARN] [18] panicked because it's election signal channel has failed (on send)
53:12.880006024 [ INFO] [32] becomes leader with 33 votes
53:12.880612122 [ WARN] [18] panicked because it's election signal channel has failed (on send)
53:12.906292800 [ WARN] [18] panicked because it's election signal channel has failed (on send)
53:13.061957373 [ INFO] [29] has timed out. starting new election...
53:13.062388545 [ WARN] [18] panicked because it's election signal channel has failed (on send)
53:13.085474915 [ INFO] [29] becomes leader with 33 votes
53:13.086183588 [ WARN] [18] panicked because it's election signal channel has failed (on send)
53:13.102743136 [ WARN] [18] panicked because it's election signal channel has failed (on send)
53:13.252950079 [ INFO] [2] has timed out. starting new election...
53:13.258150737 [ WARN] [18] panicked because it's election signal channel has failed (on send)
53:13.295755909 [ INFO] [2] becomes leader with 62 votes
53:13.301229742 [ WARN] [18] panicked because it's election signal channel has failed (on send)
53:13.379523528 [ WARN] [18] panicked because it's election signal channel has failed (on send)
53:13.540918683 [ INFO] [50] has timed out. starting new election...
53:13.542492011 [ WARN] [18] panicked because it's election signal channel has failed (on send)
53:13.584864762 [ INFO] [50] becomes leader with 62 votes
53:13.586556098 [ WARN] [18] panicked because it's election signal channel has failed (on send)
53:13.710247884 [ WARN] [18] panicked because it's election signal channel has failed (on send)
53:13.876849779 [ INFO] [21] has timed out. starting new election...
53:13.877376775 [ WARN] [18] panicked because it's election signal channel has failed (on send)
53:13.882984701 [ WARN] [18] panicked because it's election signal channel has failed (on send)
53:13.917764442 [ INFO] [21] becomes leader with 62 votes
53:13.918456067 [ WARN] [18] panicked because it's election signal channel has failed (on send)
53:14.076824014 [ INFO] [32] has timed out. starting new election...
53:14.077279397 [ WARN] [18] panicked because it's election signal channel has failed (on send)
53:14.080815348 [ INFO] [32] becomes leader with 33 votes
53:14.081542672 [ WARN] [18] panicked because it's election signal channel has failed (on send)
53:14.088836329 [ WARN] [18] panicked because it's election signal channel has failed (on send)
53:14.244624655 [ INFO] [29] has timed out. starting new election...
53:14.245032060 [ WARN] [18] panicked because it's election signal channel has failed (on send)
53:14.264977820 [ INFO] [29] becomes leader with 33 votes
53:14.265749754 [ WARN] [18] panicked because it's election signal channel has failed (on send)
53:14.304171990 [ WARN] [18] panicked because it's election signal channel has failed (on send)
53:14.454620200 [ INFO] [2] has timed out. starting new election...
53:14.459914776 [ WARN] [18] panicked because it's election signal channel has failed (on send)
53:14.495763507 [ INFO] [2] becomes leader with 62 votes
53:14.501264634 [ WARN] [18] panicked because it's election signal channel has failed (on send)
53:14.589467762 [ WARN] [18] panicked because it's election signal channel has failed (on send)
53:14.750697391 [ INFO] [50] has timed out. starting new election...
53:14.752141585 [ WARN] [18] panicked because it's election signal channel has failed (on send)
53:14.755067494 [ INFO] [50] becomes leader with 33 votes
53:14.756695249 [ WARN] [18] panicked because it's election signal channel has failed (on send)
53:14.921072840 [ WARN] [18] panicked because it's election signal channel has failed (on send)
53:15.084253045 [ WARN] [18] panicked because it's election signal channel has failed (on send)
53:15.244134358 [ INFO] [32] has timed out. starting new election...
53:15.244502907 [ WARN] [18] panicked because it's election signal channel has failed (on send)
53:15.247700154 [ INFO] [32] becomes leader with 33 votes
53:15.248324762 [ WARN] [18] panicked because it's election signal channel has failed (on send)
53:15.268589962 [ WARN] [18] panicked because it's election signal channel has failed (on send)
53:15.424045979 [ INFO] [29] has timed out. starting new election...
53:15.424450778 [ WARN] [18] panicked because it's election signal channel has failed (on send)
53:15.428796552 [ INFO] [29] becomes leader with 33 votes
53:15.429388659 [ WARN] [18] panicked because it's election signal channel has failed (on send)
53:15.504912790 [ WARN] [18] panicked because it's election signal channel has failed (on send)
53:15.655463643 [ INFO] [2] has timed out. starting new election...
53:15.660707321 [ WARN] [18] panicked because it's election signal channel has failed (on send)
53:15.679754475 [ INFO] [2] becomes leader with 62 votes
53:15.685277708 [ WARN] [18] panicked because it's election signal channel has failed (on send)
53:15.759672088 [ WARN] [18] panicked because it's election signal channel has failed (on send)
53:15.920833261 [ INFO] [50] has timed out. starting new election...
53:15.922307700 [ WARN] [18] panicked because it's election signal channel has failed (on send)
53:15.956863903 [ INFO] [50] becomes leader with 62 votes
53:15.958527768 [ WARN] [18] panicked because it's election signal channel has failed (on send)
53:16.125902790 [ INFO] [30] has timed out. starting new election...
53:16.125858542 [ INFO] [21] has timed out. starting new election...
53:16.126359365 [ WARN] [18] panicked because it's election signal channel has failed (on send)
53:16.126805784 [ WARN] [18] panicked because it's election signal channel has failed (on send)
53:16.171144761 [ INFO] [30] becomes leader with 55 votes
53:16.171805348 [ WARN] [18] panicked because it's election signal channel has failed (on send)
53:16.250948617 [ WARN] [18] panicked because it's election signal channel has failed (on send)
53:16.410734163 [ INFO] [32] has timed out. starting new election...
53:16.410938924 [ WARN] [18] panicked because it's election signal channel has failed (on send)
53:16.414612166 [ INFO] [32] becomes leader with 33 votes
53:16.415268292 [ WARN] [18] panicked because it's election signal channel has failed (on send)
53:16.431825511 [ WARN] [18] panicked because it's election signal channel has failed (on send)
53:16.587514750 [ INFO] [29] has timed out. starting new election...
53:16.587879791 [ WARN] [18] panicked because it's election signal channel has failed (on send)
53:16.605296210 [ INFO] [29] becomes leader with 33 votes
53:16.605996113 [ WARN] [18] panicked because it's election signal channel has failed (on send)
53:16.688793858 [ WARN] [18] panicked because it's election signal channel has failed (on send)
53:16.839144017 [ INFO] [2] has timed out. starting new election...
53:16.844496142 [ WARN] [18] panicked because it's election signal channel has failed (on send)
53:16.883760136 [ INFO] [2] becomes leader with 62 votes
53:16.889338620 [ WARN] [18] panicked because it's election signal channel has failed (on send)
53:16.961596329 [ WARN] [18] panicked because it's election signal channel has failed (on send)
53:17.123269804 [ INFO] [50] has timed out. starting new election...
53:17.124887318 [ WARN] [18] panicked because it's election signal channel has failed (on send)
53:17.139252524 [ INFO] [50] becomes leader with 33 votes
53:17.141167640 [ WARN] [18] panicked because it's election signal channel has failed (on send)
53:17.174422588 [ WARN] [18] panicked because it's election signal channel has failed (on send)
53:17.341834181 [ INFO] [21] has timed out. starting new election...
53:17.342434026 [ WARN] [18] panicked because it's election signal channel has failed (on send)
53:17.346668991 [ INFO] [21] becomes leader with 33 votes
53:17.347444851 [ WARN] [18] panicked because it's election signal channel has failed (on send)
53:17.417805785 [ WARN] [18] panicked because it's election signal channel has failed (on send)
53:17.577327106 [ INFO] [32] has timed out. starting new election...
53:17.577760666 [ WARN] [18] panicked because it's election signal channel has failed (on send)
53:17.596478822 [ INFO] [32] becomes leader with 33 votes
53:17.597208133 [ WARN] [18] panicked because it's election signal channel has failed (on send)
53:17.608672212 [ WARN] [18] panicked because it's election signal channel has failed (on send)
53:17.764639282 [ INFO] [29] has timed out. starting new election...
53:17.764994669 [ WARN] [18] panicked because it's election signal channel has failed (on send)
53:17.799138625 [ INFO] [29] becomes leader with 62 votes
53:17.799732109 [ WARN] [18] panicked because it's election signal channel has failed (on send)
53:17.892721022 [ WARN] [18] panicked because it's election signal channel has failed (on send)
53:18.042965757 [ INFO] [2] has timed out. starting new election...
53:18.048324259 [ WARN] [18] panicked because it's election signal channel has failed (on send)
53:18.075760920 [ INFO] [2] becomes leader with 62 votes
53:18.081308420 [ WARN] [18] panicked because it's election signal channel has failed (on send)
53:18.144510341 [ WARN] [18] panicked because it's election signal channel has failed (on send)
53:18.311848269 [ INFO] [30] has timed out. starting new election...
53:18.312340966 [ WARN] [18] panicked because it's election signal channel has failed (on send)
53:18.350571787 [ WARN] [18] panicked because it's election signal channel has failed (on send)
53:18.351147963 [ INFO] [30] becomes leader with 62 votes
53:18.351865130 [ WARN] [18] panicked because it's election signal channel has failed (on send)
53:18.511427990 [ INFO] [50] has timed out. starting new election...
53:18.512966451 [ WARN] [18] panicked because it's election signal channel has failed (on send)
53:18.552865872 [ INFO] [50] becomes leader with 62 votes
53:18.554448564 [ WARN] [18] panicked because it's election signal channel has failed (on send)
53:18.599643240 [ WARN] [18] panicked because it's election signal channel has failed (on send)
53:18.766954431 [ INFO] [21] has timed out. starting new election...
53:18.767512348 [ WARN] [18] panicked because it's election signal channel has failed (on send)
53:18.797229789 [ INFO] [21] becomes leader with 62 votes
53:18.798015160 [ WARN] [18] panicked because it's election signal channel has failed (on send)
53:18.802567010 [ WARN] [18] panicked because it's election signal channel has failed (on send)
53:18.958586894 [ INFO] [29] has timed out. starting new election...
53:18.959067328 [ WARN] [18] panicked because it's election signal channel has failed (on send)
53:18.961182292 [ INFO] [32] has timed out. starting new election...
53:18.961678436 [ WARN] [18] panicked because it's election signal channel has failed (on send)
53:18.993250266 [ INFO] [32] becomes leader with 33 votes
53:18.993859105 [ WARN] [18] panicked because it's election signal channel has failed (on send)
53:19.084079402 [ WARN] [18] panicked because it's election signal channel has failed (on send)
53:19.238849311 [ INFO] [29] has timed out. starting new election...
53:19.234213833 [ INFO] [2] has timed out. starting new election...
53:19.239146471 [ WARN] [18] panicked because it's election signal channel has failed (on send)
53:19.240217848 [ WARN] [18] panicked because it's election signal channel has failed (on send)
53:19.267760922 [ INFO] [2] becomes leader with 61 votes
53:19.273311750 [ WARN] [18] panicked because it's election signal channel has failed (on send)
53:19.274265146 [ INFO] [29] becomes leader with 52 votes
53:19.275256188 [ WARN] [18] panicked because it's election signal channel has failed (on send)
53:19.354080564 [ WARN] [18] panicked because it's election signal channel has failed (on send)
53:19.522901114 [ INFO] [30] has timed out. starting new election...
53:19.523117209 [ WARN] [18] panicked because it's election signal channel has failed (on send)
53:19.551136895 [ INFO] [30] becomes leader with 62 votes
53:19.551817007 [ WARN] [18] panicked because it's election signal channel has failed (on send)
53:19.557610215 [ WARN] [18] panicked because it's election signal channel has failed (on send)
53:19.719827747 [ INFO] [50] has timed out. starting new election...
53:19.721524787 [ WARN] [18] panicked because it's election signal channel has failed (on send)
53:19.744864295 [ INFO] [50] becomes leader with 62 votes
53:19.746694110 [ WARN] [18] panicked because it's election signal channel has failed (on send)
53:19.800782910 [ WARN] [18] panicked because it's election signal channel has failed (on send)
53:19.972335651 [ INFO] [40] has timed out. starting new election...
53:19.972900125 [ WARN] [18] panicked because it's election signal channel has failed (on send)
53:19.976781311 [ INFO] [40] becomes leader with 33 votes
53:19.977783913 [ WARN] [18] panicked because it's election signal channel has failed (on send)
53:19.996509185 [ WARN] [18] panicked because it's election signal channel has failed (on send)
53:20.155819423 [ INFO] [32] has timed out. starting new election...
53:20.156243334 [ WARN] [18] panicked because it's election signal channel has failed (on send)
53:20.191138024 [ INFO] [32] becomes leader with 62 votes
53:20.191781166 [ WARN] [18] panicked because it's election signal channel has failed (on send)
53:20.276384050 [ WARN] [18] panicked because it's election signal channel has failed (on send)
53:20.278115683 [ WARN] [18] panicked because it's election signal channel has failed (on send)
53:20.435129014 [ INFO] [29] has timed out. starting new election...
53:20.435537153 [ WARN] [18] panicked because it's election signal channel has failed (on send)
53:20.439115674 [ INFO] [29] becomes leader with 33 votes
53:20.439830117 [ WARN] [18] panicked because it's election signal channel has failed (on send)
53:20.554223520 [ WARN] [18] panicked because it's election signal channel has failed (on send)
53:20.700358662 [ INFO] [2] has timed out. starting new election...
53:20.705644186 [ WARN] [18] panicked because it's election signal channel has failed (on send)
53:20.705539368 [ INFO] [2] becomes leader with 33 votes
53:20.711061484 [ WARN] [18] panicked because it's election signal channel has failed (on send)
53:20.749667013 [ WARN] [18] panicked because it's election signal channel has failed (on send)
53:20.910863420 [ INFO] [50] has timed out. starting new election...
53:20.912339565 [ WARN] [18] panicked because it's election signal channel has failed (on send)
53:20.944872187 [ INFO] [50] becomes leader with 62 votes
53:20.946591471 [ WARN] [18] panicked because it's election signal channel has failed (on send)
53:20.980198092 [ WARN] [18] panicked because it's election signal channel has failed (on send)
53:21.147606222 [ INFO] [21] has timed out. starting new election...
53:21.147952437 [ INFO] [30] has timed out. starting new election...
53:21.148194151 [ WARN] [18] panicked because it's election signal channel has failed (on send)
53:21.148734299 [ WARN] [18] panicked because it's election signal channel has failed (on send)
53:21.185224013 [ INFO] [21] becomes leader with 59 votes
53:21.185975375 [ WARN] [18] panicked because it's election signal channel has failed (on send)
53:21.194318684 [ WARN] [18] panicked because it's election signal channel has failed (on send)
53:21.353737480 [ INFO] [32] has timed out. starting new election...
53:21.353914688 [ WARN] [18] panicked because it's election signal channel has failed (on send)
53:21.358159248 [ INFO] [32] becomes leader with 33 votes
53:21.358777284 [ WARN] [18] panicked because it's election signal channel has failed (on send)
53:21.452778808 [ WARN] [18] panicked because it's election signal channel has failed (on send)
53:21.609026652 [ INFO] [29] has timed out. starting new election...
53:21.609401454 [ WARN] [18] panicked because it's election signal channel has failed (on send)
53:21.631680305 [ INFO] [29] becomes leader with 33 votes
53:21.632354655 [ WARN] [18] panicked because it's election signal channel has failed (on send)
53:21.714563743 [ WARN] [18] panicked because it's election signal channel has failed (on send)
53:21.865199231 [ INFO] [2] has timed out. starting new election...
53:21.870559404 [ WARN] [18] panicked because it's election signal channel has failed (on send)
53:21.884494353 [ INFO] [2] becomes leader with 33 votes
53:21.890129473 [ WARN] [18] panicked because it's election signal channel has failed (on send)
53:21.949585941 [ WARN] [18] panicked because it's election signal channel has failed (on send)
53:22.111169065 [ INFO] [50] has timed out. starting new election...
53:22.112639039 [ WARN] [18] panicked because it's election signal channel has failed (on send)
53:22.117158032 [ INFO] [50] becomes leader with 33 votes
53:22.118878749 [ WARN] [18] panicked because it's election signal channel has failed (on send)
53:22.188447052 [ WARN] [18] panicked because it's election signal channel has failed (on send)
53:22.355621004 [ INFO] [30] has timed out. starting new election...
53:22.356053146 [ WARN] [18] panicked because it's election signal channel has failed (on send)
53:22.361492791 [ WARN] [18] panicked because it's election signal channel has failed (on send)
53:22.395631882 [ INFO] [30] becomes leader with 62 votes
53:22.396255044 [ WARN] [18] panicked because it's election signal channel has failed (on send)
53:22.553328974 [ INFO] [32] has timed out. starting new election...
53:22.553759850 [ WARN] [18] panicked because it's election signal channel has failed (on send)
53:22.587143837 [ INFO] [32] becomes leader with 62 votes
53:22.587751317 [ WARN] [18] panicked because it's election signal channel has failed (on send)
53:22.635082541 [ WARN] [18] panicked because it's election signal channel has failed (on send)
53:22.790732804 [ INFO] [29] has timed out. starting new election...
53:22.791094331 [ WARN] [18] panicked because it's election signal channel has failed (on send)
53:22.794623816 [ INFO] [29] becomes leader with 33 votes
53:22.795178296 [ WARN] [18] panicked because it's election signal channel has failed (on send)
53:22.894316336 [ WARN] [18] panicked because it's election signal channel has failed (on send)
53:23.044744669 [ INFO] [2] has timed out. starting new election...
53:23.050001322 [ WARN] [18] panicked because it's election signal channel has failed (on send)
53:23.087752617 [ INFO] [2] becomes leader with 62 votes
53:23.093282849 [ WARN] [18] panicked because it's election signal channel has failed (on send)
53:23.122216305 [ WARN] [18] panicked because it's election signal channel has failed (on send)
53:23.283968844 [ INFO] [50] has timed out. starting new election...
53:23.285475890 [ WARN] [18] panicked because it's election signal channel has failed (on send)
53:23.288222880 [ INFO] [50] becomes leader with 33 votes
53:23.289943772 [ WARN] [18] panicked because it's election signal channel has failed (on send)
53:23.398975010 [ WARN] [18] panicked because it's election signal channel has failed (on send)
53:23.565818941 [ INFO] [21] has timed out. starting new election...
53:23.566274913 [ WARN] [18] panicked because it's election signal channel has failed (on send)
53:23.590355974 [ WARN] [18] panicked because it's election signal channel has failed (on send)
53:23.605225714 [ INFO] [21] becomes leader with 62 votes
53:23.605974398 [ WARN] [18] panicked because it's election signal channel has failed (on send)
53:23.764624174 [ INFO] [32] has timed out. starting new election...
53:23.765094171 [ WARN] [18] panicked because it's election signal channel has failed (on send)
53:23.798006331 [ WARN] [18] panicked because it's election signal channel has failed (on send)
53:23.800520591 [ INFO] [32] becomes leader with 62 votes
53:23.801133968 [ WARN] [18] panicked because it's election signal channel has failed (on send)
53:23.960221027 [ INFO] [29] has timed out. starting new election...
53:23.960684476 [ WARN] [18] panicked because it's election signal channel has failed (on send)
53:23.991144837 [ INFO] [29] becomes leader with 62 votes
53:23.991748475 [ WARN] [18] panicked because it's election signal channel has failed (on send)
53:24.096779294 [ WARN] [18] panicked because it's election signal channel has failed (on send)
53:24.246889196 [ INFO] [2] has timed out. starting new election...
53:24.252290558 [ WARN] [18] panicked because it's election signal channel has failed (on send)
53:24.251474670 [ INFO] [2] becomes leader with 33 votes
53:24.257142391 [ WARN] [18] panicked because it's election signal channel has failed (on send)
53:24.293082491 [ WARN] [18] panicked because it's election signal channel has failed (on send)
53:24.454251547 [ INFO] [50] has timed out. starting new election...
53:24.455778541 [ WARN] [18] panicked because it's election signal channel has failed (on send)
53:24.496876357 [ INFO] [50] becomes leader with 62 votes
53:24.498662618 [ WARN] [18] panicked because it's election signal channel has failed (on send)
53:24.608505772 [ WARN] [18] panicked because it's election signal channel has failed (on send)
53:24.775945188 [ INFO] [30] has timed out. starting new election...
53:24.776398479 [ WARN] [18] panicked because it's election signal channel has failed (on send)
53:24.799149851 [ INFO] [30] becomes leader with 61 votes
53:24.799723031 [ WARN] [18] panicked because it's election signal channel has failed (on send)
53:24.803708022 [ WARN] [18] panicked because it's election signal channel has failed (on send)
53:24.963366556 [ INFO] [32] has timed out. starting new election...
53:24.963728849 [ WARN] [18] panicked because it's election signal channel has failed (on send)
53:24.994385120 [ WARN] [18] panicked because it's election signal channel has failed (on send)
53:24.995137679 [ INFO] [32] becomes leader with 62 votes
53:24.995918906 [ WARN] [18] panicked because it's election signal channel has failed (on send)
53:25.156249895 [ INFO] [29] has timed out. starting new election...
53:25.156672246 [ WARN] [18] panicked because it's election signal channel has failed (on send)
53:25.187139628 [ INFO] [29] becomes leader with 62 votes
53:25.187727996 [ WARN] [18] panicked because it's election signal channel has failed (on send)
53:25.260190364 [ WARN] [18] panicked because it's election signal channel has failed (on send)
53:25.410655550 [ INFO] [2] has timed out. starting new election...
53:25.415944444 [ WARN] [18] panicked because it's election signal channel has failed (on send)
53:25.443762220 [ INFO] [2] becomes leader with 62 votes
53:25.449240513 [ WARN] [18] panicked because it's election signal channel has failed (on send)
53:25.501797240 [ WARN] [18] panicked because it's election signal channel has failed (on send)
53:25.663273453 [ INFO] [50] has timed out. starting new election...
53:25.664856479 [ WARN] [18] panicked because it's election signal channel has failed (on send)
53:25.696869038 [ INFO] [50] becomes leader with 62 votes
53:25.698586984 [ WARN] [18] panicked because it's election signal channel has failed (on send)
53:25.805707253 [ WARN] [18] panicked because it's election signal channel has failed (on send)
53:25.972816241 [ INFO] [21] has timed out. starting new election...
53:25.973407776 [ WARN] [18] panicked because it's election signal channel has failed (on send)
53:25.998530524 [ WARN] [18] panicked because it's election signal channel has failed (on send)
53:26.002182112 [ INFO] [21] becomes leader with 33 votes
53:26.002987365 [ WARN] [18] panicked because it's election signal channel has failed (on send)
53:26.170097400 [ INFO] [30] has timed out. starting new election...
53:26.170409645 [ WARN] [18] panicked because it's election signal channel has failed (on send)
53:26.190352569 [ WARN] [18] panicked because it's election signal channel has failed (on send)
53:26.191674828 [ INFO] [30] becomes leader with 62 votes
53:26.192214019 [ WARN] [18] panicked because it's election signal channel has failed (on send)
53:26.349667083 [ INFO] [29] has timed out. starting new election...
53:26.350053913 [ WARN] [18] panicked because it's election signal channel has failed (on send)
53:26.351134554 [ INFO] [32] has timed out. starting new election...
53:26.351350108 [ WARN] [18] panicked because it's election signal channel has failed (on send)
53:26.383141725 [ INFO] [29] becomes leader with 61 votes
53:26.383647758 [ WARN] [18] panicked because it's election signal channel has failed (on send)
53:26.452362137 [ WARN] [18] panicked because it's election signal channel has failed (on send)
53:26.602772660 [ INFO] [2] has timed out. starting new election...
53:26.607869093 [ WARN] [18] panicked because it's election signal channel has failed (on send)
53:26.635760477 [ INFO] [2] becomes leader with 62 votes
53:26.641295364 [ WARN] [18] panicked because it's election signal channel has failed (on send)
53:26.701820196 [ WARN] [18] panicked because it's election signal channel has failed (on send)
53:26.860654480 [ INFO] [32] has timed out. starting new election...
53:26.861083829 [ WARN] [18] panicked because it's election signal channel has failed (on send)
53:26.903144014 [ INFO] [32] becomes leader with 62 votes
53:26.903814082 [ WARN] [18] panicked because it's election signal channel has failed (on send)
53:27.010798126 [ WARN] [18] panicked because it's election signal channel has failed (on send)
53:27.171893190 [ INFO] [50] has timed out. starting new election...
53:27.173506638 [ WARN] [18] panicked because it's election signal channel has failed (on send)
53:27.177827373 [ INFO] [50] becomes leader with 33 votes
53:27.179731752 [ WARN] [18] panicked because it's election signal channel has failed (on send)
53:27.194759046 [ WARN] [18] panicked because it's election signal channel has failed (on send)
53:27.361798780 [ INFO] [21] has timed out. starting new election...
53:27.362389308 [ WARN] [18] panicked because it's election signal channel has failed (on send)
53:27.379405051 [ INFO] [21] becomes leader with 33 votes
53:27.380173620 [ WARN] [18] panicked because it's election signal channel has failed (on send)
53:27.386146476 [ WARN] [18] panicked because it's election signal channel has failed (on send)
53:27.541746090 [ INFO] [29] has timed out. starting new election...
53:27.542062267 [ WARN] [18] panicked because it's election signal channel has failed (on send)
53:27.575137496 [ INFO] [29] becomes leader with 62 votes
53:27.575635411 [ WARN] [18] panicked because it's election signal channel has failed (on send)
53:27.644133455 [ WARN] [18] panicked because it's election signal channel has failed (on send)
53:27.794211910 [ INFO] [2] has timed out. starting new election...
53:27.799419980 [ WARN] [18] panicked because it's election signal channel has failed (on send)
53:27.827759433 [ INFO] [2] becomes leader with 62 votes
53:27.833291468 [ WARN] [18] panicked because it's election signal channel has failed (on send)
53:27.906253070 [ WARN] [18] panicked because it's election signal channel has failed (on send)
53:28.065942732 [ INFO] [32] has timed out. starting new election...
53:28.066392552 [ WARN] [18] panicked because it's election signal channel has failed (on send)
53:28.087140689 [ INFO] [32] becomes leader with 62 votes
53:28.087725702 [ WARN] [18] panicked because it's election signal channel has failed (on send)
53:28.182737388 [ WARN] [18] panicked because it's election signal channel has failed (on send)
53:28.350438247 [ INFO] [30] has timed out. starting new election...
53:28.350901136 [ WARN] [18] panicked because it's election signal channel has failed (on send)
53:28.383212698 [ WARN] [18] panicked because it's election signal channel has failed (on send)
53:28.403139643 [ INFO] [30] becomes leader with 62 votes
53:28.403791579 [ WARN] [18] panicked because it's election signal channel has failed (on send)
53:28.563428691 [ INFO] [50] has timed out. starting new election...
53:28.565007282 [ WARN] [18] panicked because it's election signal channel has failed (on send)
53:28.578361350 [ WARN] [18] panicked because it's election signal channel has failed (on send)
53:28.596864958 [ INFO] [50] becomes leader with 62 votes
53:28.598528835 [ WARN] [18] panicked because it's election signal channel has failed (on send)
53:28.751868945 [ INFO] [29] has timed out. starting new election...
53:28.752238744 [ WARN] [18] panicked because it's election signal channel has failed (on send)
53:28.795141199 [ INFO] [29] becomes leader with 62 votes
53:28.795708573 [ WARN] [18] panicked because it's election signal channel has failed (on send)
53:28.836273436 [ WARN] [18] panicked because it's election signal channel has failed (on send)
53:28.986675517 [ INFO] [2] has timed out. starting new election...
53:28.991983648 [ WARN] [18] panicked because it's election signal channel has failed (on send)
53:29.006053145 [ INFO] [2] becomes leader with 33 votes
53:29.011430348 [ WARN] [18] panicked because it's election signal channel has failed (on send)
53:29.090291866 [ WARN] [18] panicked because it's election signal channel has failed (on send)
53:29.249925380 [ INFO] [32] has timed out. starting new election...
53:29.250292027 [ WARN] [18] panicked because it's election signal channel has failed (on send)
53:29.253441188 [ INFO] [32] becomes leader with 33 votes
53:29.254089132 [ WARN] [18] panicked because it's election signal channel has failed (on send)
53:29.406407047 [ WARN] [18] panicked because it's election signal channel has failed (on send)
53:29.573509589 [ INFO] [21] has timed out. starting new election...
53:29.573990715 [ WARN] [18] panicked because it's election signal channel has failed (on send)
53:29.601755215 [ WARN] [18] panicked because it's election signal channel has failed (on send)
53:29.602774862 [ INFO] [21] becomes leader with 62 votes
53:29.603399237 [ WARN] [18] panicked because it's election signal channel has failed (on send)
53:29.770207747 [ INFO] [30] has timed out. starting new election...
53:29.770519488 [ WARN] [18] panicked because it's election signal channel has failed (on send)
53:29.798304754 [ WARN] [18] panicked because it's election signal channel has failed (on send)
53:29.799312564 [ INFO] [30] becomes leader with 62 votes
53:29.799850619 [ WARN] [18] panicked because it's election signal channel has failed (on send)
53:29.959100536 [ INFO] [50] has timed out. starting new election...
53:29.960679198 [ WARN] [18] panicked because it's election signal channel has failed (on send)
53:29.992866942 [ INFO] [50] becomes leader with 62 votes
53:29.994607607 [ WARN] [18] panicked because it's election signal channel has failed (on send)
53:30.014540889 [ WARN] [18] panicked because it's election signal channel has failed (on send)
53:30.169108243 [ INFO] [29] has timed out. starting new election...
53:30.169525986 [ WARN] [18] panicked because it's election signal channel has failed (on send)
53:30.207142231 [ INFO] [29] becomes leader with 62 votes
53:30.207683626 [ WARN] [18] panicked because it's election signal channel has failed (on send)
53:30.256544868 [ WARN] [18] panicked because it's election signal channel has failed (on send)
53:30.402796930 [ INFO] [2] has timed out. starting new election...
53:30.408068996 [ WARN] [18] panicked because it's election signal channel has failed (on send)
53:30.455755022 [ INFO] [2] becomes leader with 62 votes
53:30.461325445 [ WARN] [18] panicked because it's election signal channel has failed (on send)
53:30.606104769 [ WARN] [18] panicked because it's election signal channel has failed (on send)
53:30.764779970 [ INFO] [32] has timed out. starting new election...
53:30.765251639 [ WARN] [18] panicked because it's election signal channel has failed (on send)
53:30.802421481 [ WARN] [18] panicked because it's election signal channel has failed (on send)
53:30.804803074 [ INFO] [32] becomes leader with 62 votes
53:30.805555351 [ WARN] [18] panicked because it's election signal channel has failed (on send)
53:30.972889853 [ INFO] [21] has timed out. starting new election...
53:30.973499852 [ WARN] [18] panicked because it's election signal channel has failed (on send)
53:30.997754942 [ WARN] [18] panicked because it's election signal channel has failed (on send)
53:31.013224425 [ INFO] [21] becomes leader with 62 votes
53:31.014011953 [ WARN] [18] panicked because it's election signal channel has failed (on send)
53:31.173870699 [ INFO] [50] has timed out. starting new election...
53:31.175469634 [ WARN] [18] panicked because it's election signal channel has failed (on send)
53:31.208861402 [ INFO] [50] becomes leader with 62 votes
53:31.210324117 [ WARN] [18] panicked because it's election signal channel has failed (on send)
53:31.210581155 [ WARN] [18] panicked because it's election signal channel has failed (on send)
53:31.368246194 [ INFO] [29] has timed out. starting new election...
53:31.368658936 [ WARN] [18] panicked because it's election signal channel has failed (on send)
53:31.372129030 [ INFO] [29] becomes leader with 33 votes
53:31.372691261 [ WARN] [18] panicked because it's election signal channel has failed (on send)
53:31.464193292 [ WARN] [18] panicked because it's election signal channel has failed (on send)
53:31.614603774 [ INFO] [2] has timed out. starting new election...
53:31.619939692 [ WARN] [18] panicked because it's election signal channel has failed (on send)
53:31.655754022 [ INFO] [2] becomes leader with 62 votes
53:31.661262070 [ WARN] [18] panicked because it's election signal channel has failed (on send)
53:31.807982161 [ WARN] [18] panicked because it's election signal channel has failed (on send)
53:31.967556463 [ INFO] [32] has timed out. starting new election...
53:31.968182928 [ WARN] [18] panicked because it's election signal channel has failed (on send)
53:31.972591801 [ INFO] [32] becomes leader with 33 votes
53:31.973380675 [ WARN] [18] panicked because it's election signal channel has failed (on send)
53:32.016629376 [ WARN] [18] panicked because it's election signal channel has failed (on send)
53:32.184093834 [ INFO] [30] has timed out. starting new election...
53:32.184672906 [ WARN] [18] panicked because it's election signal channel has failed (on send)
53:32.187628301 [ INFO] [30] becomes leader with 33 votes
53:32.188467426 [ WARN] [18] panicked because it's election signal channel has failed (on send)
53:32.213843046 [ WARN] [18] panicked because it's election signal channel has failed (on send)
53:32.375267042 [ WARN] [18] panicked because it's election signal channel has failed (on send)
53:32.374725316 [ INFO] [50] has timed out. starting new election...
53:32.376246990 [ WARN] [18] panicked because it's election signal channel has failed (on send)
53:32.408864646 [ INFO] [50] becomes leader with 62 votes
53:32.410524130 [ WARN] [18] panicked because it's election signal channel has failed (on send)
53:32.564839463 [ INFO] [29] has timed out. starting new election...
53:32.565233197 [ WARN] [18] panicked because it's election signal channel has failed (on send)
53:32.568213215 [ INFO] [29] becomes leader with 33 votes
53:32.568753675 [ WARN] [18] panicked because it's election signal channel has failed (on send)
53:32.670267562 [ WARN] [18] panicked because it's election signal channel has failed (on send)
53:32.820660177 [ INFO] [2] has timed out. starting new election...
53:32.825970080 [ WARN] [18] panicked because it's election signal channel has failed (on send)
53:32.851756355 [ INFO] [2] becomes leader with 62 votes
53:32.857233356 [ WARN] [18] panicked because it's election signal channel has failed (on send)
53:32.975944656 [ WARN] [18] panicked because it's election signal channel has failed (on send)
53:33.135733758 [ INFO] [32] has timed out. starting new election...
53:33.136123555 [ WARN] [18] panicked because it's election signal channel has failed (on send)
53:33.153307315 [ INFO] [32] becomes leader with 33 votes
53:33.154022324 [ WARN] [18] panicked because it's election signal channel has failed (on send)
53:33.191289297 [ WARN] [18] panicked because it's election signal channel has failed (on send)
53:33.358436449 [ INFO] [21] has timed out. starting new election...
53:33.359034645 [ WARN] [18] panicked because it's election signal channel has failed (on send)
53:33.401227393 [ INFO] [21] becomes leader with 62 votes
53:33.401883521 [ WARN] [18] panicked because it's election signal channel has failed (on send)
53:33.413742943 [ WARN] [18] panicked because it's election signal channel has failed (on send)
53:33.571408993 [ WARN] [18] panicked because it's election signal channel has failed (on send)
53:33.581403599 [ INFO] [30] has timed out. starting new election...
53:33.581826253 [ WARN] [18] panicked because it's election signal channel has failed (on send)
53:33.603241176 [ INFO] [30] becomes leader with 33 votes
53:33.603812791 [ WARN] [18] panicked because it's election signal channel has failed (on send)
53:33.757788861 [ INFO] [29] has timed out. starting new election...
53:33.758251202 [ WARN] [18] panicked because it's election signal channel has failed (on send)
53:33.761213169 [ INFO] [29] becomes leader with 33 votes
53:33.761807647 [ WARN] [18] panicked because it's election signal channel has failed (on send)
53:33.860131838 [ WARN] [18] panicked because it's election signal channel has failed (on send)
53:34.021408034 [ INFO] [50] has timed out. starting new election...
53:34.023011769 [ WARN] [18] panicked because it's election signal channel has failed (on send)
53:34.034681468 [ INFO] [28] has timed out. starting new election...
53:34.035124286 [ WARN] [18] panicked because it's election signal channel has failed (on send)
53:34.068864167 [ INFO] [50] becomes leader with 61 votes
53:34.070555779 [ WARN] [18] panicked because it's election signal channel has failed (on send)
53:34.156511490 [ WARN] [18] panicked because it's election signal channel has failed (on send)
53:34.302526459 [ INFO] [2] has timed out. starting new election...
53:34.307648821 [ WARN] [18] panicked because it's election signal channel has failed (on send)
53:34.343754804 [ INFO] [2] becomes leader with 62 votes
53:34.349333912 [ WARN] [18] panicked because it's election signal channel has failed (on send)
53:34.404563986 [ WARN] [18] panicked because it's election signal channel has failed (on send)
53:34.563271519 [ INFO] [32] has timed out. starting new election...
53:34.563698703 [ WARN] [18] panicked because it's election signal channel has failed (on send)
53:34.581255197 [ INFO] [32] becomes leader with 33 votes
53:34.581975816 [ WARN] [18] panicked because it's election signal channel has failed (on send)
53:34.625960729 [ WARN] [18] panicked because it's election signal channel has failed (on send)
53:34.764664910 [ WARN] [18] panicked because it's election signal channel has failed (on send)
53:34.920306576 [ INFO] [29] has timed out. starting new election...
53:34.920780084 [ WARN] [18] panicked because it's election signal channel has failed (on send)
53:34.923832430 [ INFO] [29] becomes leader with 33 votes
53:34.924465907 [ WARN] [18] panicked because it's election signal channel has failed (on send)
53:35.073682221 [ WARN] [18] panicked because it's election signal channel has failed (on send)
53:35.234928027 [ INFO] [50] has timed out. starting new election...
53:35.236513596 [ WARN] [18] panicked because it's election signal channel has failed (on send)
53:35.268875168 [ INFO] [50] becomes leader with 62 votes
53:35.270602405 [ WARN] [18] panicked because it's election signal channel has failed (on send)
53:35.352590788 [ WARN] [18] panicked because it's election signal channel has failed (on send)
53:35.503346373 [ INFO] [2] has timed out. starting new election...
53:35.508594335 [ WARN] [18] panicked because it's election signal channel has failed (on send)
53:35.535763603 [ INFO] [2] becomes leader with 62 votes
53:35.541221926 [ WARN] [18] panicked because it's election signal channel has failed (on send)
53:35.584533288 [ WARN] [18] panicked because it's election signal channel has failed (on send)
53:35.744090836 [ INFO] [32] has timed out. starting new election...
53:35.744427941 [ WARN] [18] panicked because it's election signal channel has failed (on send)
53:35.747562385 [ INFO] [32] becomes leader with 33 votes
53:35.748100835 [ WARN] [18] panicked because it's election signal channel has failed (on send)
53:35.914558380 [ INFO] [21] has timed out. starting new election...
53:35.914890427 [ INFO] [30] has timed out. starting new election...
53:35.915128205 [ WARN] [18] panicked because it's election signal channel has failed (on send)
53:35.915540860 [ WARN] [18] panicked because it's election signal channel has failed (on send)
53:35.926751802 [ WARN] [18] panicked because it's election signal channel has failed (on send)
53:35.965227336 [ INFO] [21] becomes leader with 58 votes
53:35.965920954 [ WARN] [18] panicked because it's election signal channel has failed (on send)
53:36.119724993 [ INFO] [29] has timed out. starting new election...
53:36.119911901 [ WARN] [18] panicked because it's election signal channel has failed (on send)
53:36.145196042 [ INFO] [29] becomes leader with 33 votes
53:36.145891997 [ WARN] [18] panicked because it's election signal channel has failed (on send)
53:36.273630573 [ WARN] [18] panicked because it's election signal channel has failed (on send)
53:36.434915895 [ INFO] [50] has timed out. starting new election...
53:36.436450687 [ WARN] [18] panicked because it's election signal channel has failed (on send)
53:36.464863688 [ INFO] [50] becomes leader with 62 votes
53:36.466575746 [ WARN] [18] panicked because it's election signal channel has failed (on send)
53:36.544407451 [ WARN] [18] panicked because it's election signal channel has failed (on send)
53:36.694371838 [ INFO] [2] has timed out. starting new election...
53:36.699702878 [ WARN] [18] panicked because it's election signal channel has failed (on send)
53:36.711196075 [ INFO] [2] becomes leader with 33 votes
53:36.716725314 [ WARN] [18] panicked because it's election signal channel has failed (on send)
53:36.750594599 [ WARN] [18] panicked because it's election signal channel has failed (on send)
53:36.910315702 [ INFO] [32] has timed out. starting new election...
53:36.910632624 [ WARN] [18] panicked because it's election signal channel has failed (on send)
53:36.928771653 [ INFO] [32] becomes leader with 33 votes
53:36.929453819 [ WARN] [18] panicked because it's election signal channel has failed (on send)
53:36.968560427 [ WARN] [18] panicked because it's election signal channel has failed (on send)
53:37.136197834 [ INFO] [30] has timed out. starting new election...
53:37.136595743 [ WARN] [18] panicked because it's election signal channel has failed (on send)
53:37.152442530 [ WARN] [18] panicked because it's election signal channel has failed (on send)
53:37.175685421 [ INFO] [30] becomes leader with 62 votes
53:37.176237817 [ WARN] [18] panicked because it's election signal channel has failed (on send)
53:37.436337221 [ INFO] [61] has timed out. starting new election...
53:37.352906577 [ INFO] [59] has timed out. starting new election...
53:37.426559379 [ INFO] [63] has timed out. starting new election...
53:37.364000266 [ INFO] [57] has timed out. starting new election...
53:37.432070918 [ INFO] [58] has timed out. starting new election...
53:37.449583201 [ INFO] [56] has timed out. starting new election...
53:37.387182265 [ INFO] [60] has timed out. starting new election...
53:37.462502423 [ INFO] [62] has timed out. starting new election...
53:37.351621570 [ INFO] [28] has timed out. starting new election...
53:37.421587114 [ INFO] [54] has timed out. starting new election...
53:37.358600453 [ INFO] [12] has timed out. starting new election...
53:37.347494681 [ INFO] [40] has timed out. starting new election...
53:37.412245034 [ INFO] [51] has timed out. starting new election...
53:37.418822861 [ INFO] [13] has timed out. starting new election...
53:37.464167109 [ INFO] [31] has timed out. starting new election...
53:37.400260277 [ INFO] [52] has timed out. starting new election...
53:37.389074333 [ INFO] [25] has timed out. starting new election...
53:37.442663424 [ INFO] [42] has timed out. starting new election...
53:37.412389174 [ INFO] [44] has timed out. starting new election...
53:37.402968640 [ INFO] [15] has timed out. starting new election...
53:37.413629915 [ INFO] [38] has timed out. starting new election...
53:37.453394097 [ INFO] [53] has timed out. starting new election...
53:37.470381022 [ INFO] [16] has timed out. starting new election...
53:37.448441257 [ INFO] [34] has timed out. starting new election...
53:37.409798478 [ INFO] [47] has timed out. starting new election...
53:37.352156266 [ INFO] [17] has timed out. starting new election...
53:37.475072292 [ INFO] [35] has timed out. starting new election...
53:37.348031277 [ INFO] [45] has timed out. starting new election...
53:37.344341113 [ INFO] [21] has timed out. starting new election...
53:37.459491353 [ INFO] [36] has timed out. starting new election...
53:37.452128735 [ INFO] [55] has timed out. starting new election...
53:37.391464497 [ INFO] [19] has timed out. starting new election...
53:37.459394667 [ INFO] [37] has timed out. starting new election...
53:37.409517018 [ INFO] [46] has timed out. starting new election...
53:37.352223931 [ INFO] [26] has timed out. starting new election...
53:37.394102240 [ INFO] [41] has timed out. starting new election...
53:37.429807344 [ INFO] [49] has timed out. starting new election...
53:37.377223351 [ INFO] [23] has timed out. starting new election...
53:37.461914654 [ INFO] [39] has timed out. starting new election...
53:37.364698294 [ INFO] [20] has timed out. starting new election...
53:37.330720723 [ INFO] [29] has timed out. starting new election...
53:37.473742769 [ INFO] [24] has timed out. starting new election...
53:37.365813449 [ INFO] [43] has timed out. starting new election...
53:37.379785990 [ INFO] [22] has timed out. starting new election...
53:37.421652863 [ INFO] [33] has timed out. starting new election...
53:37.353074285 [ INFO] [14] has timed out. starting new election...
53:37.436231957 [ INFO] [27] has timed out. starting new election...
