[1579529040.267527] [dahu-16:20884:0]       ib_iface.c:696  UCX  ERROR ibv_create_cq(cqe=4096) failed: Function not implemented
[1579529040.271014] [dahu-17:16417:0]       ib_iface.c:696  UCX  ERROR ibv_create_cq(cqe=4096) failed: Function not implemented
[1579529040.271545] [dahu-17:16424:0]       ib_iface.c:696  UCX  ERROR ibv_create_cq(cqe=4096) failed: Function not implemented
[1579529040.271872] [dahu-17:16420:0]       ib_iface.c:696  UCX  ERROR ibv_create_cq(cqe=4096) failed: Function not implemented
[1579529040.272214] [dahu-17:16414:0]       ib_iface.c:696  UCX  ERROR ibv_create_cq(cqe=4096) failed: Function not implemented
[1579529040.272286] [dahu-17:16416:0]       ib_iface.c:696  UCX  ERROR ibv_create_cq(cqe=4096) failed: Function not implemented
[1579529040.272317] [dahu-17:16418:0]       ib_iface.c:696  UCX  ERROR ibv_create_cq(cqe=4096) failed: Function not implemented
[1579529040.275062] [dahu-17:16415:0]       ib_iface.c:696  UCX  ERROR ibv_create_cq(cqe=4096) failed: Function not implemented
[1579529040.275047] [dahu-17:16423:0]       ib_iface.c:696  UCX  ERROR ibv_create_cq(cqe=4096) failed: Function not implemented
[1579529040.275210] [dahu-17:16427:0]       ib_iface.c:696  UCX  ERROR ibv_create_cq(cqe=4096) failed: Function not implemented
[1579529040.275282] [dahu-17:16428:0]       ib_iface.c:696  UCX  ERROR ibv_create_cq(cqe=4096) failed: Function not implemented
[1579529040.280644] [dahu-16:20866:0]       ib_iface.c:696  UCX  ERROR ibv_create_cq(cqe=4096) failed: Function not implemented
[1579529040.282347] [dahu-16:20875:0]       ib_iface.c:696  UCX  ERROR ibv_create_cq(cqe=4096) failed: Function not implemented
[1579529040.282892] [dahu-17:16422:0]       ib_iface.c:696  UCX  ERROR ibv_create_cq(cqe=4096) failed: Function not implemented
[1579529040.282866] [dahu-17:16426:0]       ib_iface.c:696  UCX  ERROR ibv_create_cq(cqe=4096) failed: Function not implemented
[1579529040.283112] [dahu-17:16425:0]       ib_iface.c:696  UCX  ERROR ibv_create_cq(cqe=4096) failed: Function not implemented
[1579529040.283632] [dahu-16:20887:0]       ib_iface.c:696  UCX  ERROR ibv_create_cq(cqe=4096) failed: Function not implemented
[1579529040.283591] [dahu-17:16421:0]       ib_iface.c:696  UCX  ERROR ibv_create_cq(cqe=4096) failed: Function not implemented
[1579529040.283996] [dahu-17:16429:0]       ib_iface.c:696  UCX  ERROR ibv_create_cq(cqe=4096) failed: Function not implemented
[1579529040.284330] [dahu-17:16419:0]       ib_iface.c:696  UCX  ERROR ibv_create_cq(cqe=4096) failed: Function not implemented
[1579529040.284953] [dahu-16:20874:0]       ib_iface.c:696  UCX  ERROR ibv_create_cq(cqe=4096) failed: Function not implemented
[1579529040.284960] [dahu-16:20882:0]       ib_iface.c:696  UCX  ERROR ibv_create_cq(cqe=4096) failed: Function not implemented
[1579529040.286165] [dahu-16:20867:0]       ib_iface.c:696  UCX  ERROR ibv_create_cq(cqe=4096) failed: Function not implemented
[1579529040.287793] [dahu-16:20879:0]       ib_iface.c:696  UCX  ERROR ibv_create_cq(cqe=4096) failed: Function not implemented
[1579529040.288334] [dahu-16:20869:0]       ib_iface.c:696  UCX  ERROR ibv_create_cq(cqe=4096) failed: Function not implemented
[1579529040.288601] [dahu-16:20870:0]       ib_iface.c:696  UCX  ERROR ibv_create_cq(cqe=4096) failed: Function not implemented
[1579529040.289517] [dahu-16:20868:0]       ib_iface.c:696  UCX  ERROR ibv_create_cq(cqe=4096) failed: Function not implemented
[1579529040.290100] [dahu-16:20880:0]       ib_iface.c:696  UCX  ERROR ibv_create_cq(cqe=4096) failed: Function not implemented
[1579529040.290347] [dahu-16:20881:0]       ib_iface.c:696  UCX  ERROR ibv_create_cq(cqe=4096) failed: Function not implemented
[1579529040.290984] [dahu-16:20885:0]       ib_iface.c:696  UCX  ERROR ibv_create_cq(cqe=4096) failed: Function not implemented
[1579529040.291046] [dahu-16:20886:0]       ib_iface.c:696  UCX  ERROR ibv_create_cq(cqe=4096) failed: Function not implemented
[1579529040.293155] [dahu-16:20888:0]       ib_iface.c:696  UCX  ERROR ibv_create_cq(cqe=4096) failed: Function not implemented
[1579529040.293775] [dahu-16:20889:0]       ib_iface.c:696  UCX  ERROR ibv_create_cq(cqe=4096) failed: Function not implemented
[1579529040.295262] [dahu-16:20894:0]       ib_iface.c:696  UCX  ERROR ibv_create_cq(cqe=4096) failed: Function not implemented
[1579529040.295926] [dahu-16:20872:0]       ib_iface.c:696  UCX  ERROR ibv_create_cq(cqe=4096) failed: Function not implemented
[1579529040.296270] [dahu-16:20890:0]       ib_iface.c:696  UCX  ERROR ibv_create_cq(cqe=4096) failed: Function not implemented
[1579529040.297326] [dahu-16:20891:0]       ib_iface.c:696  UCX  ERROR ibv_create_cq(cqe=4096) failed: Function not implemented
[1579529040.297496] [dahu-16:20895:0]       ib_iface.c:696  UCX  ERROR ibv_create_cq(cqe=4096) failed: Function not implemented
[1579529040.297630] [dahu-16:20893:0]       ib_iface.c:696  UCX  ERROR ibv_create_cq(cqe=4096) failed: Function not implemented
[1579529040.297732] [dahu-16:20897:0]       ib_iface.c:696  UCX  ERROR ibv_create_cq(cqe=4096) failed: Function not implemented
[1579529040.298203] [dahu-16:20871:0]       ib_iface.c:696  UCX  ERROR ibv_create_cq(cqe=4096) failed: Function not implemented
[1579529040.298533] [dahu-16:20883:0]       ib_iface.c:696  UCX  ERROR ibv_create_cq(cqe=4096) failed: Function not implemented
[1579529040.299136] [dahu-16:20878:0]       ib_iface.c:696  UCX  ERROR ibv_create_cq(cqe=4096) failed: Function not implemented
[1579529040.300310] [dahu-16:20876:0]       ib_iface.c:696  UCX  ERROR ibv_create_cq(cqe=4096) failed: Function not implemented
[1579529040.300731] [dahu-16:20877:0]       ib_iface.c:696  UCX  ERROR ibv_create_cq(cqe=4096) failed: Function not implemented
[1579529040.303369] [dahu-16:20896:0]       ib_iface.c:696  UCX  ERROR ibv_create_cq(cqe=4096) failed: Function not implemented
[1579529040.303870] [dahu-16:20873:0]       ib_iface.c:696  UCX  ERROR ibv_create_cq(cqe=4096) failed: Function not implemented
[1579529040.304277] [dahu-16:20892:0]       ib_iface.c:696  UCX  ERROR ibv_create_cq(cqe=4096) failed: Function not implemented
04:00.462888201 [ INFO] [6] has timed out. starting new election...
04:00.465574139 [ INFO] [6] becomes leader with 25 votes
04:00.631448635 [ INFO] [32] has timed out. starting new election...
04:00.631694426 [ INFO] [35] has timed out. starting new election...
04:00.634789158 [ INFO] [32] becomes leader with 25 votes
04:00.805633065 [ INFO] [41] has timed out. starting new election...
04:00.808155962 [ INFO] [41] becomes leader with 25 votes
04:00.972580960 [ INFO] [35] has timed out. starting new election...
04:00.974904203 [ INFO] [35] becomes leader with 25 votes
04:01.145583014 [ INFO] [15] has timed out. starting new election...
04:01.152320118 [ INFO] [37] has timed out. starting new election...
04:01.177461548 [ INFO] [15] becomes leader with 39 votes
04:01.381630079 [ INFO] [14] has timed out. starting new election...
04:01.382251344 [ INFO] [10] has timed out. starting new election...
04:01.384317552 [ INFO] [27] has timed out. starting new election...
04:01.429459086 [ INFO] [27] becomes leader with 46 votes
04:01.620206455 [ INFO] [6] has timed out. starting new election...
04:01.622914688 [ INFO] [6] becomes leader with 25 votes
04:01.801940856 [ INFO] [32] has timed out. starting new election...
04:01.804259881 [ INFO] [32] becomes leader with 25 votes
04:02.142007624 [ INFO] [35] has timed out. starting new election...
04:02.144136810 [ INFO] [35] becomes leader with 25 votes
04:02.380968794 [ INFO] [41] has timed out. starting new election...
04:02.383358104 [ INFO] [41] becomes leader with 25 votes
04:02.777133559 [ INFO] [6] has timed out. starting new election...
04:02.798551445 [ INFO] [6] becomes leader with 25 votes
04:02.971220171 [ INFO] [32] has timed out. starting new election...
04:02.973508523 [ INFO] [32] becomes leader with 25 votes
04:03.144018733 [ INFO] [15] has timed out. starting new election...
04:03.145130166 [ INFO] [10] has timed out. starting new election...
04:03.146256766 [ INFO] [27] has timed out. starting new election...
04:03.237459184 [ INFO] [15] becomes leader with 46 votes
04:03.473782706 [ INFO] [27] candidate has timed out. starting new election...
04:03.489457979 [ INFO] [10] candidate has timed out. starting new election...
04:03.549899398 [ INFO] [35] has timed out. starting new election...
04:03.552200212 [ INFO] [35] becomes leader with 25 votes
04:03.723262720 [ INFO] [41] has timed out. starting new election...
04:03.725470891 [ INFO] [41] becomes leader with 25 votes
04:03.953079225 [ INFO] [6] has timed out. starting new election...
04:03.957411781 [ INFO] [6] becomes leader with 25 votes
04:04.140507259 [ INFO] [32] has timed out. starting new election...
04:04.142856551 [ INFO] [32] becomes leader with 25 votes
04:04.441340559 [ INFO] [15] has timed out. starting new election...
04:04.474597541 [ INFO] [15] becomes leader with 25 votes
04:04.719176439 [ INFO] [35] has timed out. starting new election...
04:04.721515373 [ INFO] [35] becomes leader with 25 votes
04:04.897540781 [ INFO] [41] has timed out. starting new election...
04:04.899934002 [ INFO] [41] becomes leader with 25 votes
04:05.111899787 [ INFO] [6] has timed out. starting new election...
04:05.116011071 [ INFO] [6] becomes leader with 25 votes
04:05.309813259 [ INFO] [32] has timed out. starting new election...
04:05.312056880 [ INFO] [32] becomes leader with 25 votes
04:05.652283341 [ INFO] [15] has timed out. starting new election...
04:05.681461327 [ INFO] [15] becomes leader with 46 votes
04:05.888530501 [ INFO] [35] has timed out. starting new election...
04:05.891263771 [ INFO] [35] becomes leader with 25 votes
04:06.072028139 [ INFO] [41] has timed out. starting new election...
04:06.074370253 [ INFO] [41] becomes leader with 25 votes
04:06.270341322 [ INFO] [6] has timed out. starting new election...
04:06.275572895 [ INFO] [6] becomes leader with 25 votes
04:06.479045776 [ INFO] [32] has timed out. starting new election...
04:06.481580740 [ INFO] [32] becomes leader with 25 votes
04:06.657590143 [ INFO] [14] has timed out. starting new election...
04:06.660082549 [ INFO] [14] becomes leader with 25 votes
04:06.853723920 [ INFO] [15] has timed out. starting new election...
04:06.856186279 [ INFO] [15] becomes leader with 25 votes
04:07.058207220 [ INFO] [35] has timed out. starting new election...
04:07.060531366 [ INFO] [35] becomes leader with 25 votes
04:07.246410373 [ INFO] [41] has timed out. starting new election...
04:07.248781758 [ INFO] [41] becomes leader with 25 votes
04:07.434920804 [ INFO] [6] has timed out. starting new election...
04:07.437348206 [ INFO] [6] becomes leader with 25 votes
04:07.648567757 [ INFO] [32] has timed out. starting new election...
04:07.651086494 [ INFO] [32] becomes leader with 25 votes
04:07.835542749 [ INFO] [14] has timed out. starting new election...
04:07.860053055 [ INFO] [14] becomes leader with 46 votes
04:08.227530155 [ INFO] [35] has timed out. starting new election...
04:08.229957533 [ INFO] [35] becomes leader with 25 votes
04:08.420878704 [ INFO] [41] has timed out. starting new election...
04:08.423227815 [ INFO] [41] becomes leader with 25 votes
04:08.591547472 [ INFO] [6] has timed out. starting new election...
04:08.610926814 [ INFO] [6] becomes leader with 25 votes
04:08.818065370 [ INFO] [32] has timed out. starting new election...
04:08.820361121 [ INFO] [32] becomes leader with 25 votes
04:09.106539487 [ INFO] [15] has timed out. starting new election...
04:09.108587903 [ INFO] [14] has timed out. starting new election...
04:09.110934941 [ INFO] [14] becomes leader with 25 votes
04:09.396929674 [ INFO] [35] has timed out. starting new election...
04:09.399314409 [ INFO] [35] becomes leader with 25 votes
04:09.595271194 [ INFO] [41] has timed out. starting new election...
04:09.597484250 [ INFO] [41] becomes leader with 25 votes
04:09.765207534 [ INFO] [6] has timed out. starting new election...
04:09.767499226 [ INFO] [6] becomes leader with 25 votes
04:09.987313945 [ INFO] [32] has timed out. starting new election...
04:09.989772940 [ INFO] [32] becomes leader with 25 votes
04:10.289067107 [ INFO] [15] has timed out. starting new election...
04:10.321461030 [ INFO] [15] becomes leader with 46 votes
04:10.566255481 [ INFO] [35] has timed out. starting new election...
04:10.568682504 [ INFO] [35] becomes leader with 25 votes
04:10.769562321 [ INFO] [41] has timed out. starting new election...
04:10.774860185 [ INFO] [41] becomes leader with 25 votes
04:10.933108444 [ INFO] [6] has timed out. starting new election...
04:10.936554591 [ INFO] [6] becomes leader with 25 votes
04:11.156755448 [ INFO] [32] has timed out. starting new election...
04:11.159117496 [ INFO] [32] becomes leader with 25 votes
04:11.493621214 [ INFO] [15] has timed out. starting new election...
04:11.509960547 [ INFO] [15] becomes leader with 25 votes
04:11.735671513 [ INFO] [35] has timed out. starting new election...
04:11.737973804 [ INFO] [35] becomes leader with 25 votes
04:12.091178382 [ INFO] [6] has timed out. starting new election...
04:12.093638639 [ INFO] [6] becomes leader with 25 votes
04:12.326071097 [ INFO] [32] has timed out. starting new election...
04:12.328332373 [ INFO] [32] becomes leader with 25 votes
04:12.498669219 [ INFO] [41] has timed out. starting new election...
04:12.500969718 [ INFO] [41] becomes leader with 25 votes
04:12.682190165 [ INFO] [15] has timed out. starting new election...
04:12.684641291 [ INFO] [15] becomes leader with 25 votes
04:12.904936908 [ INFO] [35] has timed out. starting new election...
04:12.907304056 [ INFO] [35] becomes leader with 25 votes
04:13.080442477 [ INFO] [14] has timed out. starting new election...
04:13.111303731 [ INFO] [14] becomes leader with 46 votes
04:13.264178860 [ INFO] [6] has timed out. starting new election...
04:13.297458985 [ INFO] [6] becomes leader with 46 votes
04:13.495274350 [ INFO] [32] has timed out. starting new election...
04:13.497515032 [ INFO] [32] becomes leader with 25 votes
04:13.673052856 [ INFO] [41] has timed out. starting new election...
04:13.675474951 [ INFO] [41] becomes leader with 25 votes
04:13.856998103 [ INFO] [15] has timed out. starting new election...
04:13.874660183 [ INFO] [15] becomes leader with 25 votes
04:14.074271527 [ INFO] [35] has timed out. starting new election...
04:14.076624786 [ INFO] [35] becomes leader with 25 votes
04:14.464533260 [ INFO] [6] has timed out. starting new election...
04:14.466939697 [ INFO] [6] becomes leader with 25 votes
04:14.664506572 [ INFO] [32] has timed out. starting new election...
04:14.666654817 [ INFO] [32] becomes leader with 25 votes
04:14.847519334 [ INFO] [41] has timed out. starting new election...
04:14.849826474 [ INFO] [41] becomes leader with 25 votes
04:15.046848018 [ INFO] [15] has timed out. starting new election...
04:15.049292422 [ INFO] [15] becomes leader with 25 votes
04:15.243573572 [ INFO] [35] has timed out. starting new election...
04:15.246036537 [ INFO] [35] becomes leader with 25 votes
04:15.418797297 [ INFO] [14] has timed out. starting new election...
04:15.449459346 [ INFO] [14] becomes leader with 45 votes
04:15.621202693 [ INFO] [6] has timed out. starting new election...
04:15.623703710 [ INFO] [6] becomes leader with 25 votes
04:15.833616358 [ INFO] [32] has timed out. starting new election...
04:15.835849380 [ INFO] [32] becomes leader with 25 votes
04:16.021863834 [ INFO] [41] has timed out. starting new election...
04:16.024258100 [ INFO] [41] becomes leader with 25 votes
04:16.221404195 [ INFO] [15] has timed out. starting new election...
04:16.224527928 [ INFO] [15] becomes leader with 25 votes
04:16.412993439 [ INFO] [35] has timed out. starting new election...
04:16.415322964 [ INFO] [35] becomes leader with 25 votes
04:16.624779862 [ INFO] [14] has timed out. starting new election...
04:16.639633084 [ INFO] [14] becomes leader with 25 votes
04:16.795773123 [ INFO] [6] has timed out. starting new election...
04:16.798053379 [ INFO] [6] becomes leader with 25 votes
04:17.002861639 [ INFO] [32] has timed out. starting new election...
04:17.005292737 [ INFO] [32] becomes leader with 25 votes
04:17.196307441 [ INFO] [41] has timed out. starting new election...
04:17.198431641 [ INFO] [41] becomes leader with 25 votes
04:17.396875137 [ INFO] [15] has timed out. starting new election...
04:17.399321735 [ INFO] [15] becomes leader with 25 votes
04:17.582301416 [ INFO] [35] has timed out. starting new election...
04:17.584574309 [ INFO] [35] becomes leader with 25 votes
04:17.952197623 [ INFO] [6] has timed out. starting new election...
04:17.954783100 [ INFO] [6] becomes leader with 25 votes
04:18.172286349 [ INFO] [32] has timed out. starting new election...
04:18.174503207 [ INFO] [32] becomes leader with 25 votes
04:18.370513275 [ INFO] [41] has timed out. starting new election...
04:18.372912076 [ INFO] [41] becomes leader with 25 votes
04:18.571480707 [ INFO] [15] has timed out. starting new election...
04:18.573994067 [ INFO] [15] becomes leader with 25 votes
04:18.751520219 [ INFO] [35] has timed out. starting new election...
04:18.753833416 [ INFO] [35] becomes leader with 25 votes
04:18.927859852 [ INFO] [14] has timed out. starting new election...
04:18.961484445 [ INFO] [14] becomes leader with 46 votes
04:19.128720913 [ INFO] [6] has timed out. starting new election...
04:19.157458334 [ INFO] [6] becomes leader with 46 votes
04:19.341452111 [ INFO] [32] has timed out. starting new election...
04:19.343668 [ INFO] [32] becomes leader with 25 votes
04:19.544952910 [ INFO] [41] has timed out. starting new election...
04:19.547044474 [ INFO] [41] becomes leader with 25 votes
04:19.746141858 [ INFO] [15] has timed out. starting new election...
04:19.748447720 [ INFO] [15] becomes leader with 25 votes
04:19.920760065 [ INFO] [35] has timed out. starting new election...
04:19.922897238 [ INFO] [35] becomes leader with 25 votes
04:20.159317769 [ INFO] [14] has timed out. starting new election...
04:20.201462793 [ INFO] [14] becomes leader with 46 votes
04:20.498237347 [ INFO] [6] has timed out. starting new election...
04:20.533460038 [ INFO] [6] becomes leader with 46 votes
04:20.713937244 [ INFO] [32] has timed out. starting new election...
04:20.716377900 [ INFO] [32] becomes leader with 25 votes
04:20.920711107 [ INFO] [15] has timed out. starting new election...
04:20.925079091 [ INFO] [15] becomes leader with 25 votes
04:21.092112983 [ INFO] [35] has timed out. starting new election...
04:21.094231 [ INFO] [35] becomes leader with 25 votes
04:21.374282258 [ INFO] [41] has timed out. starting new election...
04:21.376763554 [ INFO] [41] becomes leader with 25 votes
04:21.687648011 [ INFO] [6] has timed out. starting new election...
04:21.690318699 [ INFO] [6] becomes leader with 25 votes
04:21.883372807 [ INFO] [32] has timed out. starting new election...
04:21.885703482 [ INFO] [32] becomes leader with 25 votes
04:22.261223693 [ INFO] [35] has timed out. starting new election...
04:22.263680803 [ INFO] [35] becomes leader with 25 votes
04:22.548537868 [ INFO] [15] has timed out. starting new election...
04:22.548693088 [ INFO] [41] has timed out. starting new election...
04:22.550977392 [ INFO] [41] becomes leader with 25 votes
04:22.844865247 [ INFO] [6] has timed out. starting new election...
04:22.847150714 [ INFO] [6] becomes leader with 25 votes
04:23.052655153 [ INFO] [32] has timed out. starting new election...
04:23.055159216 [ INFO] [32] becomes leader with 25 votes
04:23.229207742 [ INFO] [15] has timed out. starting new election...
04:23.231671882 [ INFO] [15] becomes leader with 25 votes
04:23.430623222 [ INFO] [35] has timed out. starting new election...
04:23.432988176 [ INFO] [35] becomes leader with 25 votes
04:23.722945844 [ INFO] [41] has timed out. starting new election...
04:23.725316692 [ INFO] [41] becomes leader with 25 votes
04:24.016532025 [ INFO] [6] has timed out. starting new election...
04:24.053476508 [ INFO] [6] becomes leader with 46 votes
04:24.398375432 [ INFO] [32] has timed out. starting new election...
04:24.400768618 [ INFO] [32] becomes leader with 25 votes
04:24.599940618 [ INFO] [35] has timed out. starting new election...
04:24.602239891 [ INFO] [35] becomes leader with 25 votes
04:24.897255444 [ INFO] [41] has timed out. starting new election...
04:24.899555847 [ INFO] [41] becomes leader with 25 votes
04:25.069704321 [ INFO] [15] has timed out. starting new election...
04:25.113460766 [ INFO] [15] becomes leader with 46 votes
04:25.292528549 [ INFO] [6] has timed out. starting new election...
04:25.325457375 [ INFO] [6] becomes leader with 46 votes
04:25.567736046 [ INFO] [32] has timed out. starting new election...
04:25.570093927 [ INFO] [32] becomes leader with 25 votes
04:25.769178734 [ INFO] [35] has timed out. starting new election...
04:25.771578614 [ INFO] [35] becomes leader with 25 votes
04:26.071478755 [ INFO] [41] has timed out. starting new election...
04:26.073692760 [ INFO] [41] becomes leader with 25 votes
04:26.301346328 [ INFO] [15] has timed out. starting new election...
04:26.329458236 [ INFO] [15] becomes leader with 46 votes
04:26.533809494 [ INFO] [6] has timed out. starting new election...
04:26.536627292 [ INFO] [6] becomes leader with 25 votes
04:26.737076779 [ INFO] [32] has timed out. starting new election...
04:26.739358923 [ INFO] [32] becomes leader with 25 votes
04:26.938557159 [ INFO] [35] has timed out. starting new election...
04:26.940825855 [ INFO] [35] becomes leader with 25 votes
04:27.245609578 [ INFO] [41] has timed out. starting new election...
04:27.247881192 [ INFO] [41] becomes leader with 25 votes
04:27.501573471 [ INFO] [15] has timed out. starting new election...
04:27.505337144 [ INFO] [14] has timed out. starting new election...
04:27.507853746 [ INFO] [37] has timed out. starting new election...
04:27.511686549 [ INFO] [37] becomes leader with 25 votes
04:27.692444653 [ INFO] [6] has timed out. starting new election...
04:27.694733594 [ INFO] [6] becomes leader with 25 votes
04:27.906332717 [ INFO] [32] has timed out. starting new election...
04:27.908838313 [ INFO] [32] becomes leader with 25 votes
04:28.107826228 [ INFO] [35] has timed out. starting new election...
04:28.110149141 [ INFO] [35] becomes leader with 25 votes
04:28.419714453 [ INFO] [15] has timed out. starting new election...
04:28.449472819 [ INFO] [15] becomes leader with 46 votes
04:28.683641633 [ INFO] [41] has timed out. starting new election...
04:28.686005215 [ INFO] [41] becomes leader with 25 votes
04:28.848888591 [ INFO] [6] has timed out. starting new election...
04:28.851380050 [ INFO] [6] becomes leader with 25 votes
04:29.075789916 [ INFO] [32] has timed out. starting new election...
04:29.078141335 [ INFO] [32] becomes leader with 25 votes
04:29.277092775 [ INFO] [35] has timed out. starting new election...
04:29.279389536 [ INFO] [35] becomes leader with 25 votes
04:29.456020710 [ INFO] [14] has timed out. starting new election...
04:29.455684380 [ INFO] [37] has timed out. starting new election...
04:29.457939642 [ INFO] [37] becomes leader with 25 votes
04:29.849666438 [ INFO] [14] candidate has timed out. starting new election...
04:30.006228192 [ INFO] [6] has timed out. starting new election...
04:30.026405335 [ INFO] [6] becomes leader with 25 votes
04:30.245077520 [ INFO] [32] has timed out. starting new election...
04:30.247427697 [ INFO] [32] becomes leader with 25 votes
04:30.446333596 [ INFO] [35] has timed out. starting new election...
04:30.448576586 [ INFO] [35] becomes leader with 25 votes
04:30.631272335 [ INFO] [15] has timed out. starting new election...
04:30.631090928 [ INFO] [41] has timed out. starting new election...
04:30.633794403 [ INFO] [41] becomes leader with 25 votes
04:30.814003100 [ INFO] [37] has timed out. starting new election...
04:30.816189526 [ INFO] [37] becomes leader with 25 votes
04:30.990741413 [ INFO] [15] has timed out. starting new election...
04:31.018561044 [ INFO] [15] becomes leader with 25 votes
04:31.180659511 [ INFO] [6] has timed out. starting new election...
04:31.208105055 [ INFO] [23] has timed out. starting new election...
04:31.219576542 [ INFO] [23] becomes leader with 25 votes
04:31.414439827 [ INFO] [32] has timed out. starting new election...
04:31.417030638 [ INFO] [32] becomes leader with 25 votes
04:31.602900421 [ INFO] [6] has timed out. starting new election...
04:31.605514175 [ INFO] [6] becomes leader with 25 votes
04:31.800337453 [ INFO] [35] has timed out. starting new election...
04:31.802598120 [ INFO] [35] becomes leader with 25 votes
04:31.989107415 [ INFO] [41] has timed out. starting new election...
04:31.991546754 [ INFO] [41] becomes leader with 25 votes
04:32.190876995 [ INFO] [15] has timed out. starting new election...
04:32.193299723 [ INFO] [15] becomes leader with 25 votes
04:32.398158732 [ INFO] [37] has timed out. starting new election...
04:32.400478341 [ INFO] [37] becomes leader with 25 votes
04:32.584038614 [ INFO] [32] has timed out. starting new election...
04:32.586338216 [ INFO] [32] becomes leader with 25 votes
04:32.759743462 [ INFO] [6] has timed out. starting new election...
04:32.789459572 [ INFO] [6] becomes leader with 45 votes
04:32.969544432 [ INFO] [35] has timed out. starting new election...
04:32.971846538 [ INFO] [35] becomes leader with 25 votes
04:33.163456011 [ INFO] [41] has timed out. starting new election...
04:33.165874833 [ INFO] [41] becomes leader with 25 votes
04:33.365534031 [ INFO] [15] has timed out. starting new election...
04:33.368119966 [ INFO] [15] becomes leader with 25 votes
04:33.579522374 [ INFO] [37] has timed out. starting new election...
04:33.582014052 [ INFO] [37] becomes leader with 25 votes
04:33.753295300 [ INFO] [32] has timed out. starting new election...
04:33.755642894 [ INFO] [32] becomes leader with 25 votes
04:33.943618744 [ INFO] [6] has timed out. starting new election...
04:33.945862481 [ INFO] [6] becomes leader with 25 votes
04:34.138754680 [ INFO] [35] has timed out. starting new election...
04:34.141087456 [ INFO] [35] becomes leader with 25 votes
04:34.337780638 [ INFO] [41] has timed out. starting new election...
04:34.340082093 [ INFO] [41] becomes leader with 25 votes
04:34.540216182 [ INFO] [15] has timed out. starting new election...
04:34.542563488 [ INFO] [15] becomes leader with 25 votes
04:34.922538036 [ INFO] [32] has timed out. starting new election...
04:34.924900347 [ INFO] [32] becomes leader with 25 votes
04:35.100051115 [ INFO] [6] has timed out. starting new election...
04:35.102838513 [ INFO] [6] becomes leader with 25 votes
04:35.308020421 [ INFO] [35] has timed out. starting new election...
04:35.311007820 [ INFO] [35] becomes leader with 25 votes
04:35.511968669 [ INFO] [41] has timed out. starting new election...
04:35.514396809 [ INFO] [41] becomes leader with 25 votes
04:35.714804600 [ INFO] [15] has timed out. starting new election...
04:35.718778327 [ INFO] [15] becomes leader with 25 votes
04:35.894716709 [ INFO] [37] has timed out. starting new election...
04:35.897114647 [ INFO] [37] becomes leader with 25 votes
04:36.091900218 [ INFO] [32] has timed out. starting new election...
04:36.094205303 [ INFO] [32] becomes leader with 25 votes
04:36.257000366 [ INFO] [6] has timed out. starting new election...
04:36.259421447 [ INFO] [6] becomes leader with 25 votes
04:36.477890607 [ INFO] [35] has timed out. starting new election...
04:36.480235340 [ INFO] [35] becomes leader with 25 votes
04:36.686287705 [ INFO] [41] has timed out. starting new election...
04:36.688982088 [ INFO] [41] becomes leader with 25 votes
04:36.890837651 [ INFO] [15] has timed out. starting new election...
04:36.914712023 [ INFO] [15] becomes leader with 25 votes
04:37.090770543 [ INFO] [37] has timed out. starting new election...
04:37.093001577 [ INFO] [37] becomes leader with 25 votes
04:37.261177249 [ INFO] [32] has timed out. starting new election...
04:37.265820468 [ INFO] [32] becomes leader with 25 votes
04:37.424413917 [ INFO] [6] has timed out. starting new election...
04:37.426964227 [ INFO] [6] becomes leader with 25 votes
04:37.647122413 [ INFO] [35] has timed out. starting new election...
04:37.649466986 [ INFO] [35] becomes leader with 25 votes
04:37.860916806 [ INFO] [41] has timed out. starting new election...
04:37.863394224 [ INFO] [41] becomes leader with 25 votes
04:38.266433049 [ INFO] [15] has timed out. starting new election...
04:38.297460591 [ INFO] [15] becomes leader with 45 votes
04:38.581089993 [ INFO] [6] has timed out. starting new election...
04:38.583552448 [ INFO] [6] becomes leader with 25 votes
04:38.816350412 [ INFO] [35] has timed out. starting new election...
04:38.816415172 [ INFO] [32] has timed out. starting new election...
04:38.819717943 [ INFO] [35] becomes leader with 25 votes
04:39.035274462 [ INFO] [41] has timed out. starting new election...
04:39.037656576 [ INFO] [41] becomes leader with 25 votes
04:39.201938372 [ INFO] [32] has timed out. starting new election...
04:39.204276647 [ INFO] [32] becomes leader with 25 votes
04:39.501470107 [ INFO] [15] has timed out. starting new election...
04:39.503748021 [ INFO] [15] becomes leader with 25 votes
04:39.752537077 [ INFO] [6] has timed out. starting new election...
04:39.754911489 [ INFO] [6] becomes leader with 25 votes
04:39.986622692 [ INFO] [35] has timed out. starting new election...
04:39.989036967 [ INFO] [35] becomes leader with 25 votes
04:40.371187043 [ INFO] [32] has timed out. starting new election...
04:40.373692916 [ INFO] [32] becomes leader with 25 votes
04:40.675704159 [ INFO] [41] has timed out. starting new election...
04:40.677956100 [ INFO] [41] becomes leader with 25 votes
04:40.909058444 [ INFO] [6] has timed out. starting new election...
04:40.911373133 [ INFO] [6] becomes leader with 25 votes
04:41.155908480 [ INFO] [35] has timed out. starting new election...
04:41.158172424 [ INFO] [35] becomes leader with 25 votes
04:41.332301215 [ INFO] [15] has timed out. starting new election...
04:41.350711215 [ INFO] [15] becomes leader with 25 votes
04:41.540576004 [ INFO] [32] has timed out. starting new election...
04:41.542917915 [ INFO] [32] becomes leader with 25 votes
04:41.849841535 [ INFO] [41] has timed out. starting new election...
04:41.852227518 [ INFO] [41] becomes leader with 25 votes
04:42.065598445 [ INFO] [6] has timed out. starting new election...
04:42.068181678 [ INFO] [6] becomes leader with 25 votes
04:42.325062350 [ INFO] [35] has timed out. starting new election...
04:42.327433824 [ INFO] [35] becomes leader with 25 votes
04:42.537294215 [ INFO] [15] has timed out. starting new election...
04:42.581462228 [ INFO] [15] becomes leader with 45 votes
04:42.745967351 [ INFO] [32] has timed out. starting new election...
04:42.748389365 [ INFO] [32] becomes leader with 25 votes
04:43.024116277 [ INFO] [41] has timed out. starting new election...
04:43.029080042 [ INFO] [41] becomes leader with 25 votes
04:43.222670905 [ INFO] [6] has timed out. starting new election...
04:43.225158893 [ INFO] [6] becomes leader with 25 votes
04:43.494324745 [ INFO] [35] has timed out. starting new election...
04:43.496639045 [ INFO] [35] becomes leader with 25 votes
04:43.915354580 [ INFO] [32] has timed out. starting new election...
04:43.917708668 [ INFO] [32] becomes leader with 25 votes
04:44.201012465 [ INFO] [41] has timed out. starting new election...
04:44.203435072 [ INFO] [41] becomes leader with 25 votes
04:44.379221769 [ INFO] [6] has timed out. starting new election...
04:44.381684184 [ INFO] [6] becomes leader with 25 votes
04:44.663549698 [ INFO] [35] has timed out. starting new election...
04:44.665862816 [ INFO] [35] becomes leader with 25 votes
04:44.839316500 [ INFO] [15] has timed out. starting new election...
04:44.881458332 [ INFO] [15] becomes leader with 45 votes
04:45.084643304 [ INFO] [32] has timed out. starting new election...
04:45.087030914 [ INFO] [32] becomes leader with 25 votes
04:45.375315566 [ INFO] [41] has timed out. starting new election...
04:45.377804091 [ INFO] [41] becomes leader with 25 votes
04:45.535797011 [ INFO] [6] has timed out. starting new election...
04:45.559777845 [ INFO] [6] becomes leader with 25 votes
04:45.832771830 [ INFO] [35] has timed out. starting new election...
04:45.835184459 [ INFO] [35] becomes leader with 25 votes
04:46.056203186 [ INFO] [15] has timed out. starting new election...
04:46.091374809 [ INFO] [15] becomes leader with 45 votes
04:46.257523739 [ INFO] [32] has timed out. starting new election...
04:46.260042297 [ INFO] [32] becomes leader with 25 votes
04:46.549676214 [ INFO] [41] has timed out. starting new election...
04:46.552138724 [ INFO] [41] becomes leader with 25 votes
04:46.714012629 [ INFO] [6] has timed out. starting new election...
04:46.716539453 [ INFO] [6] becomes leader with 25 votes
04:47.002071248 [ INFO] [35] has timed out. starting new election...
04:47.004563125 [ INFO] [35] becomes leader with 25 votes
04:47.427011508 [ INFO] [32] has timed out. starting new election...
04:47.429393890 [ INFO] [32] becomes leader with 25 votes
04:47.870592816 [ INFO] [6] has timed out. starting new election...
04:47.913461041 [ INFO] [6] becomes leader with 45 votes
04:48.171443519 [ INFO] [35] has timed out. starting new election...
04:48.173703479 [ INFO] [35] becomes leader with 25 votes
04:48.342986518 [ INFO] [41] has timed out. starting new election...
04:48.345353623 [ INFO] [41] becomes leader with 25 votes
04:48.596273688 [ INFO] [32] has timed out. starting new election...
04:48.598713900 [ INFO] [32] becomes leader with 25 votes
04:48.768785268 [ INFO] [15] has timed out. starting new election...
04:48.817463021 [ INFO] [15] becomes leader with 45 votes
04:49.067553908 [ INFO] [6] has timed out. starting new election...
04:49.089563913 [ INFO] [6] becomes leader with 25 votes
04:49.340580757 [ INFO] [35] has timed out. starting new election...
04:49.342712685 [ INFO] [35] becomes leader with 25 votes
04:49.517241169 [ INFO] [41] has timed out. starting new election...
04:49.519634060 [ INFO] [41] becomes leader with 25 votes
04:49.765590714 [ INFO] [32] has timed out. starting new election...
04:49.767990054 [ INFO] [32] becomes leader with 25 votes
04:50.021288985 [ INFO] [15] has timed out. starting new election...
04:50.057460009 [ INFO] [15] becomes leader with 45 votes
04:50.243868231 [ INFO] [6] has timed out. starting new election...
04:50.261755821 [ INFO] [6] becomes leader with 25 votes
04:50.509612390 [ INFO] [35] has timed out. starting new election...
04:50.512009949 [ INFO] [35] becomes leader with 25 votes
04:50.691531514 [ INFO] [41] has timed out. starting new election...
04:50.693745539 [ INFO] [41] becomes leader with 25 votes
04:50.934861198 [ INFO] [32] has timed out. starting new election...
04:50.937138227 [ INFO] [32] becomes leader with 25 votes
04:51.229465888 [ INFO] [15] has timed out. starting new election...
04:51.235764709 [ INFO] [37] has timed out. starting new election...
04:51.239743082 [ INFO] [37] becomes leader with 25 votes
04:51.415972516 [ INFO] [6] has timed out. starting new election...
04:51.418359057 [ INFO] [6] becomes leader with 25 votes
04:51.678895362 [ INFO] [35] has timed out. starting new election...
04:51.681281157 [ INFO] [35] becomes leader with 25 votes
04:51.865131604 [ INFO] [41] has timed out. starting new election...
04:51.867556754 [ INFO] [41] becomes leader with 25 votes
04:52.104014582 [ INFO] [32] has timed out. starting new election...
04:52.106552304 [ INFO] [32] becomes leader with 25 votes
04:52.412944687 [ INFO] [15] has timed out. starting new election...
04:52.449983312 [ INFO] [15] becomes leader with 45 votes
04:52.635202783 [ INFO] [6] has timed out. starting new election...
04:52.637892119 [ INFO] [6] becomes leader with 25 votes
04:52.848171539 [ INFO] [35] has timed out. starting new election...
04:52.850563515 [ INFO] [35] becomes leader with 25 votes
04:53.038974506 [ INFO] [41] has timed out. starting new election...
04:53.041378343 [ INFO] [41] becomes leader with 25 votes
04:53.273434860 [ INFO] [32] has timed out. starting new election...
04:53.275708039 [ INFO] [32] becomes leader with 25 votes
04:53.451997638 [ INFO] [37] has timed out. starting new election...
04:53.454262301 [ INFO] [37] becomes leader with 25 votes
04:53.802319591 [ INFO] [6] has timed out. starting new election...
04:53.805733900 [ INFO] [6] becomes leader with 25 votes
04:54.017453700 [ INFO] [35] has timed out. starting new election...
04:54.019803639 [ INFO] [35] becomes leader with 25 votes
04:54.213149399 [ INFO] [15] has timed out. starting new election...
04:54.253459377 [ INFO] [15] becomes leader with 45 votes
04:54.442578821 [ INFO] [32] has timed out. starting new election...
04:54.444908908 [ INFO] [32] becomes leader with 25 votes
04:54.627156176 [ INFO] [41] has timed out. starting new election...
04:54.629574920 [ INFO] [41] becomes leader with 25 votes
04:54.805860274 [ INFO] [37] has timed out. starting new election...
04:54.808161197 [ INFO] [37] becomes leader with 25 votes
04:54.965737966 [ INFO] [6] has timed out. starting new election...
04:54.982694441 [ INFO] [6] becomes leader with 25 votes
04:55.186713723 [ INFO] [35] has timed out. starting new election...
04:55.189011943 [ INFO] [35] becomes leader with 25 votes
04:55.425555774 [ INFO] [15] has timed out. starting new election...
04:55.429335120 [ INFO] [15] becomes leader with 25 votes
04:55.611822815 [ INFO] [32] has timed out. starting new election...
04:55.614077085 [ INFO] [32] becomes leader with 25 votes
04:55.801458358 [ INFO] [41] has timed out. starting new election...
04:55.803771803 [ INFO] [41] becomes leader with 25 votes
04:56.137016283 [ INFO] [6] has timed out. starting new election...
04:56.169458882 [ INFO] [6] becomes leader with 44 votes
04:56.355911700 [ INFO] [35] has timed out. starting new election...
04:56.358286415 [ INFO] [35] becomes leader with 25 votes
04:56.601468809 [ INFO] [15] has timed out. starting new election...
04:56.603866174 [ INFO] [15] becomes leader with 25 votes
04:56.781030882 [ INFO] [32] has timed out. starting new election...
04:56.783460717 [ INFO] [32] becomes leader with 25 votes
04:56.975645109 [ INFO] [41] has timed out. starting new election...
04:56.977974424 [ INFO] [41] becomes leader with 25 votes
04:57.156579107 [ INFO] [37] has timed out. starting new election...
04:57.159072233 [ INFO] [37] becomes leader with 25 votes
04:57.328547992 [ INFO] [6] has timed out. starting new election...
04:57.330859432 [ INFO] [6] becomes leader with 25 votes
04:57.525204238 [ INFO] [35] has timed out. starting new election...
04:57.527440090 [ INFO] [35] becomes leader with 25 votes
04:57.776027708 [ INFO] [15] has timed out. starting new election...
04:57.778308225 [ INFO] [15] becomes leader with 25 votes
04:57.950363696 [ INFO] [32] has timed out. starting new election...
04:57.953030291 [ INFO] [32] becomes leader with 25 votes
04:58.149914911 [ INFO] [41] has timed out. starting new election...
04:58.152295631 [ INFO] [41] becomes leader with 25 votes
04:58.947536352 [ INFO] [34] has timed out. starting new election...
04:58.907530951 [ INFO] [36] has timed out. starting new election...
04:58.899523268 [ INFO] [47] has timed out. starting new election...
04:58.694303092 [ INFO] [35] has timed out. starting new election...
04:58.994430141 [ INFO] [35] candidate has timed out. starting new election...
04:58.337976466 [ INFO] [37] has timed out. starting new election...
04:58.638104829 [ INFO] [37] candidate has timed out. starting new election...
04:59.119951876 [ INFO] [32] has timed out. starting new election...
04:58.939531124 [ INFO] [42] has timed out. starting new election...
04:58.529212479 [ INFO] [40] has timed out. starting new election...
04:58.896553288 [ INFO] [46] has timed out. starting new election...
04:58.907246423 [ INFO] [45] has timed out. starting new election...
