[1579529163.501804] [dahu-18:14494:0]       ib_iface.c:696  UCX  ERROR ibv_create_cq(cqe=4096) failed: Function not implemented
[1579529163.498925] [dahu-19:13010:0]       ib_iface.c:696  UCX  ERROR ibv_create_cq(cqe=4096) failed: Function not implemented
[1579529163.502710] [dahu-18:14495:0]       ib_iface.c:696  UCX  ERROR ibv_create_cq(cqe=4096) failed: Function not implemented
[1579529163.502737] [dahu-18:14490:0]       ib_iface.c:696  UCX  ERROR ibv_create_cq(cqe=4096) failed: Function not implemented
[1579529163.509258] [dahu-18:14489:0]       ib_iface.c:696  UCX  ERROR ibv_create_cq(cqe=4096) failed: Function not implemented
[1579529163.509889] [dahu-17:17095:0]       ib_iface.c:696  UCX  ERROR ibv_create_cq(cqe=4096) failed: Function not implemented
[1579529163.509985] [dahu-17:17098:0]       ib_iface.c:696  UCX  ERROR ibv_create_cq(cqe=4096) failed: Function not implemented
[1579529163.511229] [dahu-18:14503:0]       ib_iface.c:696  UCX  ERROR ibv_create_cq(cqe=4096) failed: Function not implemented
[1579529163.512376] [dahu-18:14498:0]       ib_iface.c:696  UCX  ERROR ibv_create_cq(cqe=4096) failed: Function not implemented
[1579529163.512106] [dahu-17:17107:0]       ib_iface.c:696  UCX  ERROR ibv_create_cq(cqe=4096) failed: Function not implemented
[1579529163.512550] [dahu-17:17111:0]       ib_iface.c:696  UCX  ERROR ibv_create_cq(cqe=4096) failed: Function not implemented
[1579529163.512757] [dahu-17:17106:0]       ib_iface.c:696  UCX  ERROR ibv_create_cq(cqe=4096) failed: Function not implemented
[1579529163.513054] [dahu-18:14502:0]       ib_iface.c:696  UCX  ERROR ibv_create_cq(cqe=4096) failed: Function not implemented
[1579529163.513227] [dahu-17:17099:0]       ib_iface.c:696  UCX  ERROR ibv_create_cq(cqe=4096) failed: Function not implemented
[1579529163.510133] [dahu-19:13019:0]       ib_iface.c:696  UCX  ERROR ibv_create_cq(cqe=4096) failed: Function not implemented
[1579529163.514198] [dahu-18:14497:0]       ib_iface.c:696  UCX  ERROR ibv_create_cq(cqe=4096) failed: Function not implemented
[1579529163.514171] [dahu-18:14500:0]       ib_iface.c:696  UCX  ERROR ibv_create_cq(cqe=4096) failed: Function not implemented
[1579529163.514422] [dahu-18:14492:0]       ib_iface.c:696  UCX  ERROR ibv_create_cq(cqe=4096) failed: Function not implemented
[1579529163.515054] [dahu-18:14496:0]       ib_iface.c:696  UCX  ERROR ibv_create_cq(cqe=4096) failed: Function not implemented
[1579529163.515269] [dahu-17:17102:0]       ib_iface.c:696  UCX  ERROR ibv_create_cq(cqe=4096) failed: Function not implemented
[1579529163.516294] [dahu-18:14506:0]       ib_iface.c:696  UCX  ERROR ibv_create_cq(cqe=4096) failed: Function not implemented
[1579529163.513136] [dahu-19:13012:0]       ib_iface.c:696  UCX  ERROR ibv_create_cq(cqe=4096) failed: Function not implemented
[1579529163.513595] [dahu-19:13014:0]       ib_iface.c:696  UCX  ERROR ibv_create_cq(cqe=4096) failed: Function not implemented
[1579529163.518031] [dahu-18:14505:0]       ib_iface.c:696  UCX  ERROR ibv_create_cq(cqe=4096) failed: Function not implemented
[1579529163.518477] [dahu-18:14491:0]       ib_iface.c:696  UCX  ERROR ibv_create_cq(cqe=4096) failed: Function not implemented
[1579529163.519026] [dahu-18:14507:0]       ib_iface.c:696  UCX  ERROR ibv_create_cq(cqe=4096) failed: Function not implemented
[1579529163.519422] [dahu-18:14493:0]       ib_iface.c:696  UCX  ERROR ibv_create_cq(cqe=4096) failed: Function not implemented
[1579529163.519397] [dahu-17:17100:0]       ib_iface.c:696  UCX  ERROR ibv_create_cq(cqe=4096) failed: Function not implemented
[1579529163.515978] [dahu-19:13016:0]       ib_iface.c:696  UCX  ERROR ibv_create_cq(cqe=4096) failed: Function not implemented
[1579529163.520145] [dahu-18:14499:0]       ib_iface.c:696  UCX  ERROR ibv_create_cq(cqe=4096) failed: Function not implemented
[1579529163.517606] [dahu-19:13024:0]       ib_iface.c:696  UCX  ERROR ibv_create_cq(cqe=4096) failed: Function not implemented
[1579529163.521306] [dahu-18:14504:0]       ib_iface.c:696  UCX  ERROR ibv_create_cq(cqe=4096) failed: Function not implemented
[1579529163.521384] [dahu-17:17094:0]       ib_iface.c:696  UCX  ERROR ibv_create_cq(cqe=4096) failed: Function not implemented
[1579529163.518345] [dahu-19:13018:0]       ib_iface.c:696  UCX  ERROR ibv_create_cq(cqe=4096) failed: Function not implemented
[1579529163.522327] [dahu-16:21788:0]       ib_iface.c:696  UCX  ERROR ibv_create_cq(cqe=4096) failed: Function not implemented
[1579529163.518666] [dahu-19:13026:0]       ib_iface.c:696  UCX  ERROR ibv_create_cq(cqe=4096) failed: Function not implemented
[1579529163.522587] [dahu-18:14501:0]       ib_iface.c:696  UCX  ERROR ibv_create_cq(cqe=4096) failed: Function not implemented
[1579529163.519210] [dahu-19:13021:0]       ib_iface.c:696  UCX  ERROR ibv_create_cq(cqe=4096) failed: Function not implemented
[1579529163.524045] [dahu-18:14511:0]       ib_iface.c:696  UCX  ERROR ibv_create_cq(cqe=4096) failed: Function not implemented
[1579529163.520753] [dahu-19:13028:0]       ib_iface.c:696  UCX  ERROR ibv_create_cq(cqe=4096) failed: Function not implemented
[1579529163.524889] [dahu-16:21785:0]       ib_iface.c:696  UCX  ERROR ibv_create_cq(cqe=4096) failed: Function not implemented
[1579529163.524746] [dahu-17:17110:0]       ib_iface.c:696  UCX  ERROR ibv_create_cq(cqe=4096) failed: Function not implemented
[1579529163.524741] [dahu-17:17114:0]       ib_iface.c:696  UCX  ERROR ibv_create_cq(cqe=4096) failed: Function not implemented
[1579529163.521915] [dahu-19:13011:0]       ib_iface.c:696  UCX  ERROR ibv_create_cq(cqe=4096) failed: Function not implemented
[1579529163.522055] [dahu-19:13023:0]       ib_iface.c:696  UCX  ERROR ibv_create_cq(cqe=4096) failed: Function not implemented
[1579529163.525637] [dahu-17:17105:0]       ib_iface.c:696  UCX  ERROR ibv_create_cq(cqe=4096) failed: Function not implemented
[1579529163.526079] [dahu-17:17097:0]       ib_iface.c:696  UCX  ERROR ibv_create_cq(cqe=4096) failed: Function not implemented
[1579529163.527551] [dahu-16:21780:0]       ib_iface.c:696  UCX  ERROR ibv_create_cq(cqe=4096) failed: Function not implemented
[1579529163.527380] [dahu-18:14510:0]       ib_iface.c:696  UCX  ERROR ibv_create_cq(cqe=4096) failed: Function not implemented
[1579529163.527328] [dahu-17:17108:0]       ib_iface.c:696  UCX  ERROR ibv_create_cq(cqe=4096) failed: Function not implemented
[1579529163.527598] [dahu-17:17109:0]       ib_iface.c:696  UCX  ERROR ibv_create_cq(cqe=4096) failed: Function not implemented
[1579529163.528320] [dahu-18:14514:0]       ib_iface.c:696  UCX  ERROR ibv_create_cq(cqe=4096) failed: Function not implemented
[1579529163.524995] [dahu-19:13027:0]       ib_iface.c:696  UCX  ERROR ibv_create_cq(cqe=4096) failed: Function not implemented
[1579529163.528823] [dahu-17:17115:0]       ib_iface.c:696  UCX  ERROR ibv_create_cq(cqe=4096) failed: Function not implemented
[1579529163.529928] [dahu-16:21783:0]       ib_iface.c:696  UCX  ERROR ibv_create_cq(cqe=4096) failed: Function not implemented
[1579529163.529940] [dahu-17:17113:0]       ib_iface.c:696  UCX  ERROR ibv_create_cq(cqe=4096) failed: Function not implemented
[1579529163.530584] [dahu-16:21777:0]       ib_iface.c:696  UCX  ERROR ibv_create_cq(cqe=4096) failed: Function not implemented
[1579529163.530453] [dahu-17:17112:0]       ib_iface.c:696  UCX  ERROR ibv_create_cq(cqe=4096) failed: Function not implemented
[1579529163.527189] [dahu-19:13031:0]       ib_iface.c:696  UCX  ERROR ibv_create_cq(cqe=4096) failed: Function not implemented
[1579529163.530958] [dahu-18:14512:0]       ib_iface.c:696  UCX  ERROR ibv_create_cq(cqe=4096) failed: Function not implemented
[1579529163.530875] [dahu-17:17093:0]       ib_iface.c:696  UCX  ERROR ibv_create_cq(cqe=4096) failed: Function not implemented
[1579529163.530979] [dahu-17:17118:0]       ib_iface.c:696  UCX  ERROR ibv_create_cq(cqe=4096) failed: Function not implemented
[1579529163.528038] [dahu-19:13032:0]       ib_iface.c:696  UCX  ERROR ibv_create_cq(cqe=4096) failed: Function not implemented
[1579529163.531952] [dahu-17:17103:0]       ib_iface.c:696  UCX  ERROR ibv_create_cq(cqe=4096) failed: Function not implemented
[1579529163.532593] [dahu-18:14508:0]       ib_iface.c:696  UCX  ERROR ibv_create_cq(cqe=4096) failed: Function not implemented
[1579529163.529334] [dahu-19:13030:0]       ib_iface.c:696  UCX  ERROR ibv_create_cq(cqe=4096) failed: Function not implemented
[1579529163.530319] [dahu-19:13034:0]       ib_iface.c:696  UCX  ERROR ibv_create_cq(cqe=4096) failed: Function not implemented
[1579529163.533731] [dahu-17:17120:0]       ib_iface.c:696  UCX  ERROR ibv_create_cq(cqe=4096) failed: Function not implemented
[1579529163.530755] [dahu-19:13013:0]       ib_iface.c:696  UCX  ERROR ibv_create_cq(cqe=4096) failed: Function not implemented
[1579529163.530900] [dahu-19:13020:0]       ib_iface.c:696  UCX  ERROR ibv_create_cq(cqe=4096) failed: Function not implemented
[1579529163.531322] [dahu-19:13037:0]       ib_iface.c:696  UCX  ERROR ibv_create_cq(cqe=4096) failed: Function not implemented
[1579529163.531393] [dahu-19:13036:0]       ib_iface.c:696  UCX  ERROR ibv_create_cq(cqe=4096) failed: Function not implemented
[1579529163.534811] [dahu-18:14509:0]       ib_iface.c:696  UCX  ERROR ibv_create_cq(cqe=4096) failed: Function not implemented
[1579529163.531422] [dahu-19:13029:0]       ib_iface.c:696  UCX  ERROR ibv_create_cq(cqe=4096) failed: Function not implemented
[1579529163.534850] [dahu-18:14517:0]       ib_iface.c:696  UCX  ERROR ibv_create_cq(cqe=4096) failed: Function not implemented
[1579529163.534850] [dahu-18:14516:0]       ib_iface.c:696  UCX  ERROR ibv_create_cq(cqe=4096) failed: Function not implemented
[1579529163.531630] [dahu-19:13015:0]       ib_iface.c:696  UCX  ERROR ibv_create_cq(cqe=4096) failed: Function not implemented
[1579529163.534999] [dahu-17:17117:0]       ib_iface.c:696  UCX  ERROR ibv_create_cq(cqe=4096) failed: Function not implemented
[1579529163.534991] [dahu-17:17122:0]       ib_iface.c:696  UCX  ERROR ibv_create_cq(cqe=4096) failed: Function not implemented
[1579529163.531828] [dahu-19:13022:0]       ib_iface.c:696  UCX  ERROR ibv_create_cq(cqe=4096) failed: Function not implemented
[1579529163.535472] [dahu-18:14513:0]       ib_iface.c:696  UCX  ERROR ibv_create_cq(cqe=4096) failed: Function not implemented
[1579529163.535596] [dahu-18:14520:0]       ib_iface.c:696  UCX  ERROR ibv_create_cq(cqe=4096) failed: Function not implemented
[1579529163.532092] [dahu-19:13025:0]       ib_iface.c:696  UCX  ERROR ibv_create_cq(cqe=4096) failed: Function not implemented
[1579529163.535712] [dahu-18:14518:0]       ib_iface.c:696  UCX  ERROR ibv_create_cq(cqe=4096) failed: Function not implemented
[1579529163.532431] [dahu-19:13038:0]       ib_iface.c:696  UCX  ERROR ibv_create_cq(cqe=4096) failed: Function not implemented
[1579529163.532550] [dahu-19:13040:0]       ib_iface.c:696  UCX  ERROR ibv_create_cq(cqe=4096) failed: Function not implemented
[1579529163.535946] [dahu-17:17104:0]       ib_iface.c:696  UCX  ERROR ibv_create_cq(cqe=4096) failed: Function not implemented
[1579529163.536271] [dahu-18:14519:0]       ib_iface.c:696  UCX  ERROR ibv_create_cq(cqe=4096) failed: Function not implemented
[1579529163.532800] [dahu-19:13035:0]       ib_iface.c:696  UCX  ERROR ibv_create_cq(cqe=4096) failed: Function not implemented
[1579529163.532842] [dahu-19:13039:0]       ib_iface.c:696  UCX  ERROR ibv_create_cq(cqe=4096) failed: Function not implemented
[1579529163.536591] [dahu-18:14515:0]       ib_iface.c:696  UCX  ERROR ibv_create_cq(cqe=4096) failed: Function not implemented
[1579529163.533396] [dahu-19:13009:0]       ib_iface.c:696  UCX  ERROR ibv_create_cq(cqe=4096) failed: Function not implemented
[1579529163.533383] [dahu-19:13017:0]       ib_iface.c:696  UCX  ERROR ibv_create_cq(cqe=4096) failed: Function not implemented
[1579529163.533840] [dahu-19:13033:0]       ib_iface.c:696  UCX  ERROR ibv_create_cq(cqe=4096) failed: Function not implemented
[1579529163.538017] [dahu-17:17101:0]       ib_iface.c:696  UCX  ERROR ibv_create_cq(cqe=4096) failed: Function not implemented
[1579529163.538097] [dahu-17:17096:0]       ib_iface.c:696  UCX  ERROR ibv_create_cq(cqe=4096) failed: Function not implemented
[1579529163.540273] [dahu-17:17121:0]       ib_iface.c:696  UCX  ERROR ibv_create_cq(cqe=4096) failed: Function not implemented
[1579529163.540821] [dahu-17:17116:0]       ib_iface.c:696  UCX  ERROR ibv_create_cq(cqe=4096) failed: Function not implemented
[1579529163.540853] [dahu-17:17119:0]       ib_iface.c:696  UCX  ERROR ibv_create_cq(cqe=4096) failed: Function not implemented
[1579529163.541612] [dahu-17:17124:0]       ib_iface.c:696  UCX  ERROR ibv_create_cq(cqe=4096) failed: Function not implemented
[1579529163.542105] [dahu-17:17123:0]       ib_iface.c:696  UCX  ERROR ibv_create_cq(cqe=4096) failed: Function not implemented
[1579529163.544985] [dahu-16:21779:0]       ib_iface.c:696  UCX  ERROR ibv_create_cq(cqe=4096) failed: Function not implemented
[1579529163.547050] [dahu-16:21773:0]       ib_iface.c:696  UCX  ERROR ibv_create_cq(cqe=4096) failed: Function not implemented
[1579529163.547108] [dahu-16:21789:0]       ib_iface.c:696  UCX  ERROR ibv_create_cq(cqe=4096) failed: Function not implemented
[1579529163.547279] [dahu-16:21768:0]       ib_iface.c:696  UCX  ERROR ibv_create_cq(cqe=4096) failed: Function not implemented
[1579529163.547512] [dahu-16:21784:0]       ib_iface.c:696  UCX  ERROR ibv_create_cq(cqe=4096) failed: Function not implemented
[1579529163.551871] [dahu-16:21771:0]       ib_iface.c:696  UCX  ERROR ibv_create_cq(cqe=4096) failed: Function not implemented
[1579529163.551906] [dahu-16:21776:0]       ib_iface.c:696  UCX  ERROR ibv_create_cq(cqe=4096) failed: Function not implemented
[1579529163.551871] [dahu-16:21786:0]       ib_iface.c:696  UCX  ERROR ibv_create_cq(cqe=4096) failed: Function not implemented
[1579529163.552371] [dahu-16:21772:0]       ib_iface.c:696  UCX  ERROR ibv_create_cq(cqe=4096) failed: Function not implemented
[1579529163.552539] [dahu-16:21781:0]       ib_iface.c:696  UCX  ERROR ibv_create_cq(cqe=4096) failed: Function not implemented
[1579529163.552548] [dahu-16:21791:0]       ib_iface.c:696  UCX  ERROR ibv_create_cq(cqe=4096) failed: Function not implemented
[1579529163.555735] [dahu-16:21787:0]       ib_iface.c:696  UCX  ERROR ibv_create_cq(cqe=4096) failed: Function not implemented
[1579529163.555840] [dahu-16:21793:0]       ib_iface.c:696  UCX  ERROR ibv_create_cq(cqe=4096) failed: Function not implemented
[1579529163.557158] [dahu-16:21792:0]       ib_iface.c:696  UCX  ERROR ibv_create_cq(cqe=4096) failed: Function not implemented
[1579529163.558228] [dahu-16:21796:0]       ib_iface.c:696  UCX  ERROR ibv_create_cq(cqe=4096) failed: Function not implemented
[1579529163.558478] [dahu-16:21799:0]       ib_iface.c:696  UCX  ERROR ibv_create_cq(cqe=4096) failed: Function not implemented
[1579529163.559125] [dahu-16:21794:0]       ib_iface.c:696  UCX  ERROR ibv_create_cq(cqe=4096) failed: Function not implemented
[1579529163.560360] [dahu-16:21797:0]       ib_iface.c:696  UCX  ERROR ibv_create_cq(cqe=4096) failed: Function not implemented
[1579529163.561332] [dahu-16:21782:0]       ib_iface.c:696  UCX  ERROR ibv_create_cq(cqe=4096) failed: Function not implemented
[1579529163.561393] [dahu-16:21790:0]       ib_iface.c:696  UCX  ERROR ibv_create_cq(cqe=4096) failed: Function not implemented
[1579529163.561404] [dahu-16:21770:0]       ib_iface.c:696  UCX  ERROR ibv_create_cq(cqe=4096) failed: Function not implemented
[1579529163.562491] [dahu-16:21775:0]       ib_iface.c:696  UCX  ERROR ibv_create_cq(cqe=4096) failed: Function not implemented
[1579529163.562496] [dahu-16:21778:0]       ib_iface.c:696  UCX  ERROR ibv_create_cq(cqe=4096) failed: Function not implemented
[1579529163.563016] [dahu-16:21769:0]       ib_iface.c:696  UCX  ERROR ibv_create_cq(cqe=4096) failed: Function not implemented
[1579529163.563188] [dahu-16:21798:0]       ib_iface.c:696  UCX  ERROR ibv_create_cq(cqe=4096) failed: Function not implemented
[1579529163.563659] [dahu-16:21774:0]       ib_iface.c:696  UCX  ERROR ibv_create_cq(cqe=4096) failed: Function not implemented
[1579529163.564823] [dahu-16:21795:0]       ib_iface.c:696  UCX  ERROR ibv_create_cq(cqe=4096) failed: Function not implemented
06:03.728616155 [ INFO] [55] has timed out. starting new election...
06:03.731379383 [ INFO] [91] has timed out. starting new election...
06:03.758833765 [ INFO] [55] becomes leader with 65 votes
06:03.916786986 [ INFO] [70] has timed out. starting new election...
06:03.917145270 [ INFO] [28] has timed out. starting new election...
06:03.917602782 [ INFO] [7] has timed out. starting new election...
06:03.917712857 [ INFO] [79] has timed out. starting new election...
06:03.923321325 [ INFO] [93] has timed out. starting new election...
06:04.086271719 [ INFO] [15] has timed out. starting new election...
06:04.101178643 [ INFO] [15] becomes leader with 65 votes
06:04.257135881 [ INFO] [91] has timed out. starting new election...
06:04.257363067 [ INFO] [70] has timed out. starting new election...
06:04.265188514 [ INFO] [70] becomes leader with 65 votes
06:04.423573513 [ INFO] [2] has timed out. starting new election...
06:04.424372637 [ INFO] [28] has timed out. starting new election...
06:04.424284433 [ INFO] [79] has timed out. starting new election...
06:04.473461134 [ INFO] [28] becomes leader with 125 votes
06:04.627589360 [ INFO] [91] has timed out. starting new election...
06:04.654565350 [ INFO] [91] becomes leader with 128 votes
06:04.916254740 [ INFO] [55] has timed out. starting new election...
06:04.962828542 [ INFO] [55] becomes leader with 128 votes
06:05.259199210 [ INFO] [7] has timed out. starting new election...
06:05.260597374 [ INFO] [2] has timed out. starting new election...
06:05.284221545 [ INFO] [2] becomes leader with 124 votes
06:05.452235401 [ INFO] [70] has timed out. starting new election...
06:05.479616437 [ INFO] [70] becomes leader with 128 votes
06:05.635622075 [ INFO] [79] has timed out. starting new election...
06:05.637397144 [ INFO] [15] has timed out. starting new election...
06:05.638972289 [ INFO] [58] has timed out. starting new election...
06:05.639883544 [ INFO] [7] has timed out. starting new election...
06:05.641651722 [ INFO] [93] has timed out. starting new election...
06:05.646125335 [ INFO] [50] has timed out. starting new election...
06:05.648059955 [ INFO] [82] has timed out. starting new election...
06:05.649401196 [ INFO] [61] has timed out. starting new election...
06:05.649612888 [ INFO] [51] has timed out. starting new election...
06:05.646458570 [ INFO] [125] has timed out. starting new election...
06:05.650541881 [ INFO] [28] has timed out. starting new election...
06:05.686006297 [ INFO] [28] becomes leader with 78 votes
06:05.856782709 [ INFO] [91] has timed out. starting new election...
06:05.860693647 [ INFO] [91] becomes leader with 66 votes
06:06.118208671 [ INFO] [55] has timed out. starting new election...
06:06.125039670 [ INFO] [55] becomes leader with 65 votes
06:06.281464589 [ INFO] [7] has timed out. starting new election...
06:06.281209550 [ INFO] [79] has timed out. starting new election...
06:06.312728716 [ INFO] [7] becomes leader with 127 votes
06:06.472906693 [ INFO] [15] has timed out. starting new election...
06:06.517459618 [ INFO] [15] becomes leader with 128 votes
06:06.674464736 [ INFO] [70] has timed out. starting new election...
06:06.674573353 [ INFO] [79] has timed out. starting new election...
06:06.692607491 [ INFO] [79] becomes leader with 65 votes
06:06.851235213 [ INFO] [2] has timed out. starting new election...
06:06.852060118 [ INFO] [28] has timed out. starting new election...
06:06.851475515 [ INFO] [58] has timed out. starting new election...
06:06.879633884 [ INFO] [58] becomes leader with 96 votes
06:07.033845660 [ INFO] [70] has timed out. starting new election...
06:07.074564614 [ INFO] [70] becomes leader with 128 votes
06:07.281099981 [ INFO] [55] has timed out. starting new election...
06:07.285853771 [ INFO] [55] becomes leader with 65 votes
06:07.478594893 [ INFO] [2] has timed out. starting new election...
06:07.478961115 [ INFO] [28] has timed out. starting new election...
06:07.482427700 [ INFO] [7] has timed out. starting new election...
06:07.533463090 [ INFO] [28] becomes leader with 126 votes
06:07.789460485 [ INFO] [7] candidate has timed out. starting new election...
06:07.852708591 [ INFO] [15] has timed out. starting new election...
06:07.857470811 [ INFO] [15] becomes leader with 65 votes
06:08.057338577 [ INFO] [2] has timed out. starting new election...
06:08.093459519 [ INFO] [2] becomes leader with 127 votes
06:08.279937062 [ INFO] [70] has timed out. starting new election...
06:08.282274451 [ INFO] [91] has timed out. starting new election...
06:08.322572065 [ INFO] [91] becomes leader with 126 votes
06:08.472891477 [ INFO] [55] has timed out. starting new election...
06:08.479919438 [ INFO] [79] has timed out. starting new election...
06:08.522564578 [ INFO] [79] becomes leader with 126 votes
06:08.728892564 [ INFO] [70] has timed out. starting new election...
06:08.735673204 [ INFO] [70] becomes leader with 65 votes
06:09.014061954 [ INFO] [55] has timed out. starting new election...
06:09.019104335 [ INFO] [55] becomes leader with 65 votes
06:09.284381467 [ INFO] [28] has timed out. starting new election...
06:09.284561176 [ INFO] [15] has timed out. starting new election...
06:09.292655236 [ INFO] [15] becomes leader with 65 votes
06:09.478905174 [ INFO] [28] has timed out. starting new election...
06:09.481462386 [ INFO] [2] has timed out. starting new election...
06:09.509462069 [ INFO] [2] becomes leader with 126 votes
06:09.845659195 [ INFO] [28] candidate has timed out. starting new election...
06:09.895102243 [ INFO] [70] has timed out. starting new election...
06:09.899090305 [ INFO] [70] becomes leader with 65 votes
06:10.175415663 [ INFO] [55] has timed out. starting new election...
06:10.206827627 [ INFO] [55] becomes leader with 126 votes
06:10.453500722 [ INFO] [91] has timed out. starting new election...
06:10.469520138 [ INFO] [91] becomes leader with 65 votes
06:10.668822490 [ INFO] [15] has timed out. starting new election...
06:10.697463839 [ INFO] [15] becomes leader with 126 votes
06:10.855747569 [ INFO] [2] has timed out. starting new election...
06:10.856716801 [ INFO] [79] has timed out. starting new election...
06:10.902564762 [ INFO] [79] becomes leader with 125 votes
06:11.063302037 [ INFO] [93] has timed out. starting new election...
06:11.073041403 [ INFO] [93] becomes leader with 65 votes
06:11.369428285 [ INFO] [55] has timed out. starting new election...
06:11.386029008 [ INFO] [55] becomes leader with 65 votes
06:11.631359931 [ INFO] [70] has timed out. starting new election...
06:11.674566004 [ INFO] [70] becomes leader with 126 votes
06:11.872318118 [ INFO] [91] has timed out. starting new election...
06:11.906565884 [ INFO] [91] becomes leader with 126 votes
06:12.232162726 [ INFO] [2] has timed out. starting new election...
06:12.238423926 [ INFO] [93] has timed out. starting new election...
06:12.253682014 [ INFO] [2] becomes leader with 84 votes
06:12.548793543 [ INFO] [55] has timed out. starting new election...
06:12.582827291 [ INFO] [55] becomes leader with 126 votes
06:12.877683557 [ INFO] [70] has timed out. starting new election...
06:12.910568470 [ INFO] [70] becomes leader with 125 votes
06:13.097206186 [ INFO] [91] has timed out. starting new election...
06:13.101121209 [ INFO] [91] becomes leader with 65 votes
06:13.271277166 [ INFO] [82] has timed out. starting new election...
06:13.275936377 [ INFO] [82] becomes leader with 65 votes
06:13.433540076 [ INFO] [2] has timed out. starting new election...
06:13.440764439 [ INFO] [2] becomes leader with 65 votes
06:13.597135942 [ INFO] [79] has timed out. starting new election...
06:13.638563939 [ INFO] [79] becomes leader with 126 votes
06:13.817212792 [ INFO] [55] has timed out. starting new election...
06:13.819035133 [ INFO] [15] has timed out. starting new election...
06:13.853464698 [ INFO] [15] becomes leader with 125 votes
06:14.071044950 [ INFO] [70] has timed out. starting new election...
06:14.089382649 [ INFO] [70] becomes leader with 65 votes
06:14.255199628 [ INFO] [55] has timed out. starting new election...
06:14.264661683 [ INFO] [55] becomes leader with 65 votes
06:14.437436568 [ INFO] [91] has timed out. starting new election...
06:14.441184950 [ INFO] [58] has timed out. starting new election...
06:14.486829247 [ INFO] [58] becomes leader with 125 votes
06:14.643693910 [ INFO] [2] has timed out. starting new election...
06:14.685459092 [ INFO] [2] becomes leader with 126 votes
06:15.015040302 [ INFO] [91] has timed out. starting new election...
06:15.015447173 [ INFO] [15] has timed out. starting new election...
06:15.023799855 [ INFO] [15] becomes leader with 65 votes
06:15.248513896 [ INFO] [70] has timed out. starting new election...
06:15.252493772 [ INFO] [70] becomes leader with 65 votes
06:15.420811360 [ INFO] [55] has timed out. starting new election...
06:15.425548177 [ INFO] [55] becomes leader with 65 votes
06:15.647981201 [ INFO] [91] has timed out. starting new election...
06:15.648835847 [ INFO] [79] has timed out. starting new election...
06:15.690566017 [ INFO] [79] becomes leader with 125 votes
06:15.879834455 [ INFO] [2] has timed out. starting new election...
06:15.906160193 [ INFO] [2] becomes leader with 126 votes
06:16.185373028 [ INFO] [15] has timed out. starting new election...
06:16.185262756 [ INFO] [91] has timed out. starting new election...
06:16.221462635 [ INFO] [15] becomes leader with 124 votes
06:16.411872142 [ INFO] [70] has timed out. starting new election...
06:16.415849606 [ INFO] [70] becomes leader with 65 votes
06:16.581658137 [ INFO] [55] has timed out. starting new election...
06:16.602212325 [ INFO] [55] becomes leader with 65 votes
06:16.857947908 [ INFO] [91] has timed out. starting new election...
06:16.858108695 [ INFO] [79] has timed out. starting new election...
06:16.862022762 [ INFO] [79] becomes leader with 65 votes
06:17.095665361 [ INFO] [2] has timed out. starting new election...
06:17.099944800 [ INFO] [2] becomes leader with 65 votes
06:17.382699201 [ INFO] [15] has timed out. starting new election...
06:17.382715060 [ INFO] [91] has timed out. starting new election...
06:17.413456753 [ INFO] [15] becomes leader with 125 votes
06:17.582539576 [ INFO] [70] has timed out. starting new election...
06:17.588573238 [ INFO] [58] has timed out. starting new election...
06:17.638827897 [ INFO] [58] becomes leader with 125 votes
06:17.824977715 [ INFO] [55] has timed out. starting new election...
06:17.829832936 [ INFO] [55] becomes leader with 65 votes
06:18.019133330 [ INFO] [70] has timed out. starting new election...
06:18.023118914 [ INFO] [79] has timed out. starting new election...
06:18.023373565 [ INFO] [91] has timed out. starting new election...
06:18.026970852 [ INFO] [79] becomes leader with 65 votes
06:18.045551980 [ INFO] [91] becomes leader with 65 votes
06:18.258575375 [ INFO] [70] has timed out. starting new election...
06:18.290565392 [ INFO] [70] becomes leader with 125 votes
06:18.607979744 [ INFO] [2] has timed out. starting new election...
06:18.610185719 [ INFO] [15] has timed out. starting new election...
06:18.628859881 [ INFO] [15] becomes leader with 65 votes
06:18.929696411 [ INFO] [2] candidate has timed out. starting new election...
06:18.985940164 [ INFO] [55] has timed out. starting new election...
06:18.993172430 [ INFO] [55] becomes leader with 65 votes
06:19.204456958 [ INFO] [91] has timed out. starting new election...
06:19.209596737 [ INFO] [91] becomes leader with 65 votes
06:19.458091392 [ INFO] [58] has timed out. starting new election...
06:19.460649227 [ INFO] [93] has timed out. starting new election...
06:19.494332967 [ INFO] [93] becomes leader with 123 votes
06:19.787536023 [ INFO] [70] has timed out. starting new election...
06:19.830565922 [ INFO] [70] becomes leader with 124 votes
06:20.152883307 [ INFO] [15] has timed out. starting new election...
06:20.181460931 [ INFO] [15] becomes leader with 124 votes
06:20.366057474 [ INFO] [55] has timed out. starting new election...
06:20.394829895 [ INFO] [55] becomes leader with 124 votes
06:20.655251209 [ INFO] [91] has timed out. starting new election...
06:20.675222466 [ INFO] [91] becomes leader with 106 votes
06:20.836441491 [ INFO] [58] has timed out. starting new election...
06:20.838699349 [ INFO] [93] has timed out. starting new election...
06:20.842528670 [ INFO] [93] becomes leader with 65 votes
06:21.052351662 [ INFO] [70] has timed out. starting new election...
06:21.066402652 [ INFO] [50] has timed out. starting new election...
06:21.068119731 [ INFO] [51] has timed out. starting new election...
06:21.110830714 [ INFO] [51] becomes leader with 121 votes
06:21.363513441 [ INFO] [15] has timed out. starting new election...
06:21.413470705 [ INFO] [15] becomes leader with 124 votes
06:21.599247409 [ INFO] [70] has timed out. starting new election...
06:21.599406286 [ INFO] [55] has timed out. starting new election...
06:21.638566453 [ INFO] [70] becomes leader with 123 votes
06:21.834197712 [ INFO] [91] has timed out. starting new election...
06:21.851744123 [ INFO] [91] becomes leader with 65 votes
06:22.006971448 [ INFO] [55] has timed out. starting new election...
06:22.046825237 [ INFO] [55] becomes leader with 124 votes
06:22.339618411 [ INFO] [58] has timed out. starting new election...
06:22.342247261 [ INFO] [93] has timed out. starting new election...
06:22.342510994 [ INFO] [50] has timed out. starting new election...
06:22.347722817 [ INFO] [56] has timed out. starting new election...
06:22.348065544 [ INFO] [51] has timed out. starting new election...
06:22.348811780 [ INFO] [82] has timed out. starting new election...
06:22.349546375 [ INFO] [39] has timed out. starting new election...
06:22.350074245 [ INFO] [61] has timed out. starting new election...
06:22.346722945 [ INFO] [125] has timed out. starting new election...
06:22.398829938 [ INFO] [61] becomes leader with 113 votes
06:22.619512259 [ INFO] [15] has timed out. starting new election...
06:22.623492197 [ INFO] [15] becomes leader with 65 votes
06:22.803218112 [ INFO] [58] has timed out. starting new election...
06:22.805359853 [ INFO] [93] has timed out. starting new election...
06:22.836074545 [ INFO] [93] becomes leader with 123 votes
06:23.011057059 [ INFO] [70] has timed out. starting new election...
06:23.015148079 [ INFO] [91] has timed out. starting new election...
06:23.024605849 [ INFO] [91] becomes leader with 65 votes
06:23.211675286 [ INFO] [58] has timed out. starting new election...
06:23.254828925 [ INFO] [58] becomes leader with 124 votes
06:23.409594618 [ INFO] [70] has timed out. starting new election...
06:23.427740214 [ INFO] [70] becomes leader with 65 votes
06:23.623913973 [ INFO] [55] has timed out. starting new election...
06:23.644795588 [ INFO] [55] becomes leader with 65 votes
06:23.800828052 [ INFO] [15] has timed out. starting new election...
06:23.807425002 [ INFO] [15] becomes leader with 65 votes
06:24.023875838 [ INFO] [93] has timed out. starting new election...
06:24.027708624 [ INFO] [93] becomes leader with 65 votes
06:24.189556460 [ INFO] [91] has timed out. starting new election...
06:24.193940807 [ INFO] [91] becomes leader with 65 votes
06:24.419399911 [ INFO] [58] has timed out. starting new election...
06:24.424179037 [ INFO] [58] becomes leader with 65 votes
06:24.587274824 [ INFO] [70] has timed out. starting new election...
06:24.593219665 [ INFO] [70] becomes leader with 65 votes
06:24.801288812 [ INFO] [55] has timed out. starting new election...
06:24.830827110 [ INFO] [55] becomes leader with 124 votes
06:25.187186713 [ INFO] [15] has timed out. starting new election...
06:25.213470691 [ INFO] [15] becomes leader with 65 votes
06:25.367011650 [ INFO] [91] has timed out. starting new election...
06:25.373282942 [ INFO] [91] becomes leader with 65 votes
06:25.588653822 [ INFO] [93] has timed out. starting new election...
06:25.618565752 [ INFO] [93] becomes leader with 124 votes
06:25.772057802 [ INFO] [70] has timed out. starting new election...
06:25.814565377 [ INFO] [70] becomes leader with 124 votes
06:26.030745342 [ INFO] [55] has timed out. starting new election...
06:26.036305632 [ INFO] [55] becomes leader with 65 votes
06:26.198820333 [ INFO] [58] has timed out. starting new election...
06:26.203937523 [ INFO] [50] has timed out. starting new election...
06:26.210179467 [ INFO] [50] becomes leader with 65 votes
06:26.511116845 [ INFO] [58] candidate has timed out. starting new election...
06:26.532230245 [ INFO] [91] has timed out. starting new election...
06:26.553245992 [ INFO] [91] becomes leader with 65 votes
06:26.778221439 [ INFO] [15] has timed out. starting new election...
06:26.783974688 [ INFO] [93] has timed out. starting new election...
06:26.787868150 [ INFO] [93] becomes leader with 65 votes
06:26.973859292 [ INFO] [70] has timed out. starting new election...
06:26.977980975 [ INFO] [70] becomes leader with 65 votes
06:27.193480472 [ INFO] [55] has timed out. starting new election...
06:27.197401856 [ INFO] [15] has timed out. starting new election...
06:27.218304062 [ INFO] [15] becomes leader with 120 votes
06:27.383494885 [ INFO] [125] has timed out. starting new election...
06:27.425696794 [ INFO] [125] becomes leader with 123 votes
06:27.710040005 [ INFO] [55] has timed out. starting new election...
06:27.712406481 [ INFO] [91] has timed out. starting new election...
06:27.724881907 [ INFO] [91] becomes leader with 65 votes
06:27.953353966 [ INFO] [93] has timed out. starting new election...
06:27.973972355 [ INFO] [93] becomes leader with 65 votes
06:28.137199010 [ INFO] [70] has timed out. starting new election...
06:28.162572518 [ INFO] [70] becomes leader with 123 votes
06:28.371600373 [ INFO] [55] has timed out. starting new election...
06:28.410827293 [ INFO] [55] becomes leader with 123 votes
06:28.591350186 [ INFO] [15] has timed out. starting new election...
06:28.621459399 [ INFO] [15] becomes leader with 123 votes
06:28.884106059 [ INFO] [91] has timed out. starting new election...
06:28.926569539 [ INFO] [91] becomes leader with 123 votes
06:29.146415243 [ INFO] [93] has timed out. starting new election...
06:29.150982366 [ INFO] [93] becomes leader with 65 votes
06:29.321718350 [ INFO] [70] has timed out. starting new election...
06:29.326125603 [ INFO] [70] becomes leader with 65 votes
06:29.566092284 [ INFO] [55] has timed out. starting new election...
06:29.572502033 [ INFO] [55] becomes leader with 65 votes
06:29.842459975 [ INFO] [15] has timed out. starting new election...
06:29.846784786 [ INFO] [15] becomes leader with 65 votes
06:30.149850842 [ INFO] [91] has timed out. starting new election...
06:30.160481987 [ INFO] [91] becomes leader with 65 votes
06:30.327007558 [ INFO] [50] has timed out. starting new election...
06:30.329366180 [ INFO] [51] has timed out. starting new election...
06:30.390828022 [ INFO] [51] becomes leader with 121 votes
06:30.647298360 [ INFO] [50] candidate has timed out. starting new election...
06:30.728034839 [ INFO] [55] has timed out. starting new election...
06:30.770826605 [ INFO] [55] becomes leader with 122 votes
06:31.005271072 [ INFO] [70] has timed out. starting new election...
06:31.038566954 [ INFO] [70] becomes leader with 122 votes
06:31.319467338 [ INFO] [91] has timed out. starting new election...
06:31.320094718 [ INFO] [15] has timed out. starting new election...
06:31.354564965 [ INFO] [91] becomes leader with 121 votes
06:31.590571638 [ INFO] [93] has timed out. starting new election...
06:31.618569400 [ INFO] [93] becomes leader with 122 votes
06:31.807807781 [ INFO] [15] has timed out. starting new election...
06:31.811970235 [ INFO] [15] becomes leader with 65 votes
06:31.998605221 [ INFO] [55] has timed out. starting new election...
06:32.014632338 [ INFO] [51] has timed out. starting new election...
06:32.056602279 [ INFO] [51] becomes leader with 65 votes
06:32.261486257 [ INFO] [70] has timed out. starting new election...
06:32.276143911 [ INFO] [82] has timed out. starting new election...
06:32.277358670 [ INFO] [61] has timed out. starting new election...
06:32.274203577 [ INFO] [125] has timed out. starting new election...
06:32.277695961 [ INFO] [40] has timed out. starting new election...
06:32.277802077 [ INFO] [56] has timed out. starting new election...
06:32.322831567 [ INFO] [40] becomes leader with 69 votes
06:32.514987554 [ INFO] [55] has timed out. starting new election...
06:32.545115463 [ INFO] [55] becomes leader with 65 votes
06:32.809424921 [ INFO] [70] has timed out. starting new election...
06:32.847139663 [ INFO] [70] becomes leader with 122 votes
06:33.047274515 [ INFO] [15] has timed out. starting new election...
06:33.085462546 [ INFO] [15] becomes leader with 121 votes
06:33.238965939 [ INFO] [91] has timed out. starting new election...
06:33.243359985 [ INFO] [91] becomes leader with 65 votes
06:33.490400724 [ INFO] [93] has timed out. starting new election...
06:33.494832663 [ INFO] [51] has timed out. starting new election...
06:33.497051598 [ INFO] [82] has timed out. starting new election...
06:33.522581019 [ INFO] [82] becomes leader with 81 votes
06:33.710821168 [ INFO] [55] has timed out. starting new election...
06:33.720903021 [ INFO] [56] has timed out. starting new election...
06:33.722084257 [ INFO] [80] has timed out. starting new election...
06:33.724530395 [ INFO] [83] has timed out. starting new election...
06:33.722814802 [ INFO] [125] has timed out. starting new election...
06:33.764000115 [ INFO] [125] becomes leader with 118 votes
06:34.027147718 [ INFO] [55] candidate has timed out. starting new election...
06:34.042830040 [ INFO] [56] candidate has timed out. starting new election...
06:34.048457845 [ INFO] [70] has timed out. starting new election...
06:34.053482675 [ INFO] [93] has timed out. starting new election...
06:34.059527126 [ INFO] [80] candidate has timed out. starting new election...
06:34.066572452 [ INFO] [83] candidate has timed out. starting new election...
06:34.069512761 [ INFO] [93] becomes leader with 65 votes
06:34.362754805 [ INFO] [70] candidate has timed out. starting new election...
06:34.402638264 [ INFO] [15] has timed out. starting new election...
06:34.402495005 [ INFO] [91] has timed out. starting new election...
06:34.432723351 [ INFO] [15] becomes leader with 65 votes
06:34.694025467 [ INFO] [51] has timed out. starting new election...
06:34.694182198 [ INFO] [61] has timed out. starting new election...
06:34.730828465 [ INFO] [51] becomes leader with 116 votes
06:34.928203595 [ INFO] [91] has timed out. starting new election...
06:34.936107616 [ INFO] [125] has timed out. starting new election...
06:34.940636024 [ INFO] [125] becomes leader with 65 votes
06:35.234571744 [ INFO] [93] has timed out. starting new election...
06:35.245681468 [ INFO] [93] becomes leader with 65 votes
06:35.402653973 [ INFO] [91] has timed out. starting new election...
06:35.421115379 [ INFO] [91] becomes leader with 65 votes
06:35.594022131 [ INFO] [15] has timed out. starting new election...
06:35.629462104 [ INFO] [15] becomes leader with 117 votes
06:35.902431559 [ INFO] [51] has timed out. starting new election...
06:35.902890366 [ INFO] [82] has timed out. starting new election...
06:35.944143249 [ INFO] [51] becomes leader with 116 votes
06:36.117707993 [ INFO] [125] has timed out. starting new election...
06:36.123204994 [ INFO] [125] becomes leader with 65 votes
06:36.413923628 [ INFO] [93] has timed out. starting new election...
06:36.431571514 [ INFO] [93] becomes leader with 65 votes
06:36.585100366 [ INFO] [91] has timed out. starting new election...
06:36.607047060 [ INFO] [91] becomes leader with 117 votes
06:36.790728138 [ INFO] [15] has timed out. starting new election...
06:36.798328731 [ INFO] [15] becomes leader with 65 votes
06:37.116246130 [ INFO] [51] has timed out. starting new election...
06:37.116483150 [ INFO] [61] has timed out. starting new election...
06:37.134382710 [ INFO] [51] becomes leader with 65 votes
06:37.305563152 [ INFO] [82] has timed out. starting new election...
06:37.303215911 [ INFO] [125] has timed out. starting new election...
06:37.308322047 [ INFO] [40] has timed out. starting new election...
06:37.308605564 [ INFO] [39] has timed out. starting new election...
06:37.317217393 [ INFO] [39] becomes leader with 65 votes
06:37.596451884 [ INFO] [93] has timed out. starting new election...
06:37.601369764 [ INFO] [93] becomes leader with 65 votes
06:37.765890221 [ INFO] [91] has timed out. starting new election...
06:37.798565320 [ INFO] [91] becomes leader with 117 votes
06:37.972528102 [ INFO] [15] has timed out. starting new election...
06:37.972494223 [ INFO] [82] has timed out. starting new election...
06:38.001464964 [ INFO] [15] becomes leader with 116 votes
06:38.274566048 [ INFO] [82] candidate has timed out. starting new election...
06:38.306732267 [ INFO] [51] has timed out. starting new election...
06:38.307003924 [ INFO] [61] has timed out. starting new election...
06:38.306824703 [ INFO] [125] has timed out. starting new election...
06:38.311430522 [ INFO] [40] has timed out. starting new election...
06:38.312167708 [ INFO] [114] has timed out. starting new election...
06:38.317230068 [ INFO] [33] has timed out. starting new election...
06:38.317769748 [ INFO] [26] has timed out. starting new election...
06:38.318848875 [ INFO] [52] has timed out. starting new election...
06:38.533428307 [ INFO] [13] has timed out. starting new election...
06:38.546529554 [ INFO] [39] has timed out. starting new election...
06:38.567345115 [ INFO] [39] becomes leader with 82 votes
06:38.766456271 [ INFO] [93] has timed out. starting new election...
06:38.770283985 [ INFO] [93] becomes leader with 65 votes
06:38.956595805 [ INFO] [91] has timed out. starting new election...
06:38.960768963 [ INFO] [91] becomes leader with 65 votes
06:39.162830709 [ INFO] [15] has timed out. starting new election...
06:39.172690857 [ INFO] [51] has timed out. starting new election...
06:39.347333786 [ INFO] [51] becomes leader with 65 votes
06:39.509610246 [ INFO] [15] candidate has timed out. starting new election...
06:39.516222724 [ INFO] [125] has timed out. starting new election...
06:39.546171320 [ INFO] [125] becomes leader with 65 votes
06:39.747879864 [ INFO] [61] has timed out. starting new election...
06:39.794824902 [ INFO] [61] becomes leader with 115 votes
06:40.118878874 [ INFO] [91] has timed out. starting new election...
06:40.129008903 [ INFO] [91] becomes leader with 65 votes
06:40.291814202 [ INFO] [93] has timed out. starting new election...
06:40.302354452 [ INFO] [93] becomes leader with 65 votes
06:40.519855984 [ INFO] [51] has timed out. starting new election...
06:40.552646348 [ INFO] [51] becomes leader with 115 votes
06:40.726202735 [ INFO] [39] has timed out. starting new election...
06:40.726382418 [ INFO] [40] has timed out. starting new election...
06:40.727494803 [ INFO] [114] has timed out. starting new election...
06:40.731761950 [ INFO] [52] has timed out. starting new election...
06:40.732927449 [ INFO] [26] has timed out. starting new election...
06:40.785461187 [ INFO] [26] becomes leader with 111 votes
06:41.000592101 [ INFO] [61] has timed out. starting new election...
06:40.998907086 [ INFO] [125] has timed out. starting new election...
06:41.045697879 [ INFO] [125] becomes leader with 114 votes
06:41.287924617 [ INFO] [91] has timed out. starting new election...
06:41.311142138 [ INFO] [91] becomes leader with 65 votes
06:41.485617024 [ INFO] [61] has timed out. starting new election...
06:41.510828590 [ INFO] [61] becomes leader with 115 votes
06:41.719986510 [ INFO] [93] has timed out. starting new election...
06:41.754564366 [ INFO] [93] becomes leader with 115 votes
06:41.995458234 [ INFO] [51] has timed out. starting new election...
06:41.999378016 [ INFO] [39] has timed out. starting new election...
06:42.002020103 [ INFO] [40] has timed out. starting new election...
06:42.028208055 [ INFO] [40] becomes leader with 113 votes
06:42.245779519 [ INFO] [125] has timed out. starting new election...
06:42.253824527 [ INFO] [125] becomes leader with 65 votes
06:42.470160112 [ INFO] [91] has timed out. starting new election...
06:42.482887240 [ INFO] [51] has timed out. starting new election...
06:42.485563483 [ INFO] [91] becomes leader with 65 votes
06:42.704940084 [ INFO] [61] has timed out. starting new election...
06:42.709274636 [ INFO] [61] becomes leader with 65 votes
06:42.994134859 [ INFO] [93] has timed out. starting new election...
06:43.013534443 [ INFO] [93] becomes leader with 65 votes
06:43.199816777 [ INFO] [51] has timed out. starting new election...
06:43.203381397 [ INFO] [39] has timed out. starting new election...
06:43.232365642 [ INFO] [39] becomes leader with 114 votes
06:43.426217548 [ INFO] [125] has timed out. starting new election...
06:43.430295719 [ INFO] [125] becomes leader with 65 votes
06:43.645092887 [ INFO] [91] has timed out. starting new election...
06:43.654421765 [ INFO] [91] becomes leader with 65 votes
06:43.882103556 [ INFO] [51] has timed out. starting new election...
06:43.901723198 [ INFO] [51] becomes leader with 65 votes
06:44.178501328 [ INFO] [93] has timed out. starting new election...
06:44.187999835 [ INFO] [61] has timed out. starting new election...
06:44.189868550 [ INFO] [40] has timed out. starting new election...
06:44.227322467 [ INFO] [40] becomes leader with 113 votes
06:44.429944071 [ INFO] [39] has timed out. starting new election...
06:44.474827761 [ INFO] [39] becomes leader with 115 votes
06:44.637803460 [ INFO] [93] has timed out. starting new election...
06:44.648724278 [ INFO] [93] becomes leader with 65 votes
06:44.813151499 [ INFO] [91] has timed out. starting new election...
06:44.854563641 [ INFO] [91] becomes leader with 115 votes
06:45.073972689 [ INFO] [51] has timed out. starting new election...
06:45.078225903 [ INFO] [51] becomes leader with 65 votes
06:45.413464388 [ INFO] [61] has timed out. starting new election...
06:45.410431877 [ INFO] [125] has timed out. starting new election...
06:45.457699299 [ INFO] [125] becomes leader with 114 votes
06:45.650974749 [ INFO] [40] has timed out. starting new election...
06:45.657713044 [ INFO] [40] becomes leader with 65 votes
06:45.818339642 [ INFO] [93] has timed out. starting new election...
06:45.822212863 [ INFO] [93] becomes leader with 65 votes
06:46.013322536 [ INFO] [91] has timed out. starting new election...
06:46.017140667 [ INFO] [91] becomes leader with 65 votes
06:46.250620624 [ INFO] [51] has timed out. starting new election...
06:46.254765918 [ INFO] [51] becomes leader with 65 votes
06:46.426935393 [ INFO] [61] has timed out. starting new election...
06:46.446194521 [ INFO] [61] becomes leader with 65 votes
06:46.629802205 [ INFO] [125] has timed out. starting new election...
06:46.637508593 [ INFO] [39] has timed out. starting new election...
06:46.682828431 [ INFO] [39] becomes leader with 114 votes
06:46.953854083 [ INFO] [125] candidate has timed out. starting new election...
06:46.987211038 [ INFO] [93] has timed out. starting new election...
06:47.004403571 [ INFO] [93] becomes leader with 65 votes
06:47.175884125 [ INFO] [91] has timed out. starting new election...
06:47.218567366 [ INFO] [91] becomes leader with 114 votes
06:47.437785586 [ INFO] [26] has timed out. starting new election...
06:47.433948655 [ INFO] [114] has timed out. starting new election...
06:47.440231492 [ INFO] [114] becomes leader with 65 votes
06:47.669332584 [ INFO] [61] has timed out. starting new election...
06:47.670453160 [ INFO] [51] has timed out. starting new election...
06:47.702829991 [ INFO] [61] becomes leader with 113 votes
06:47.876341580 [ INFO] [40] has timed out. starting new election...
06:47.888803872 [ INFO] [63] has timed out. starting new election...
06:47.925249620 [ INFO] [63] becomes leader with 65 votes
06:48.169455439 [ INFO] [93] has timed out. starting new election...
06:48.173457530 [ INFO] [93] becomes leader with 65 votes
06:48.417150594 [ INFO] [91] has timed out. starting new election...
06:48.430151070 [ INFO] [51] has timed out. starting new election...
06:48.454568262 [ INFO] [91] becomes leader with 113 votes
06:48.659593137 [ INFO] [39] has timed out. starting new election...
06:48.661211891 [ INFO] [40] has timed out. starting new election...
06:48.659322694 [ INFO] [114] has timed out. starting new election...
06:48.663172596 [ INFO] [114] becomes leader with 65 votes
06:48.874251210 [ INFO] [51] has timed out. starting new election...
06:48.894052395 [ INFO] [51] becomes leader with 65 votes
06:49.097650226 [ INFO] [61] has timed out. starting new election...
06:49.126825452 [ INFO] [61] becomes leader with 114 votes
06:49.345641844 [ INFO] [93] has timed out. starting new election...
06:49.350587229 [ INFO] [93] becomes leader with 65 votes
06:49.645142540 [ INFO] [91] has timed out. starting new election...
06:49.665556580 [ INFO] [91] becomes leader with 65 votes
06:49.855609002 [ INFO] [39] has timed out. starting new election...
06:49.855816977 [ INFO] [40] has timed out. starting new election...
06:49.898830816 [ INFO] [39] becomes leader with 113 votes
06:50.081126339 [ INFO] [51] has timed out. starting new election...
06:50.085196357 [ INFO] [51] becomes leader with 65 votes
06:50.300936458 [ INFO] [61] has timed out. starting new election...
06:50.303383869 [ INFO] [40] has timed out. starting new election...
06:50.346827617 [ INFO] [40] becomes leader with 113 votes
06:50.531437910 [ INFO] [93] has timed out. starting new election...
06:50.562567606 [ INFO] [93] becomes leader with 114 votes
06:50.824723013 [ INFO] [91] has timed out. starting new election...
06:50.843247509 [ INFO] [91] becomes leader with 65 votes
06:51.257434163 [ INFO] [51] has timed out. starting new election...
06:51.261510988 [ INFO] [51] becomes leader with 65 votes
06:51.545514228 [ INFO] [61] has timed out. starting new election...
06:51.547008982 [ INFO] [39] has timed out. starting new election...
06:51.548804086 [ INFO] [40] has timed out. starting new election...
06:51.553032683 [ INFO] [40] becomes leader with 65 votes
06:51.746474870 [ INFO] [93] has timed out. starting new election...
06:51.764455270 [ INFO] [93] becomes leader with 65 votes
06:52.002186668 [ INFO] [91] has timed out. starting new election...
06:52.006587039 [ INFO] [91] becomes leader with 65 votes
06:52.174974367 [ INFO] [61] has timed out. starting new election...
06:52.206824902 [ INFO] [61] becomes leader with 114 votes
06:52.433955443 [ INFO] [51] has timed out. starting new election...
06:52.438036912 [ INFO] [39] has timed out. starting new election...
06:52.466226701 [ INFO] [39] becomes leader with 113 votes
06:52.731455102 [ INFO] [40] has timed out. starting new election...
06:52.730701775 [ INFO] [114] has timed out. starting new election...
06:52.735981886 [ INFO] [26] has timed out. starting new election...
06:52.735501810 [ INFO] [33] has timed out. starting new election...
06:52.737020509 [ INFO] [52] has timed out. starting new election...
06:52.737465472 [ INFO] [13] has timed out. starting new election...
06:52.793463780 [ INFO] [13] becomes leader with 108 votes
06:52.980226309 [ INFO] [93] has timed out. starting new election...
06:53.014580233 [ INFO] [93] becomes leader with 114 votes
06:53.172184302 [ INFO] [91] has timed out. starting new election...
06:53.206565346 [ INFO] [91] becomes leader with 114 votes
06:53.411692474 [ INFO] [51] has timed out. starting new election...
06:53.454826045 [ INFO] [51] becomes leader with 114 votes
06:53.642342219 [ INFO] [61] has timed out. starting new election...
06:53.646600527 [ INFO] [61] becomes leader with 65 votes
06:53.974363070 [ INFO] [40] has timed out. starting new election...
06:53.975655371 [ INFO] [39] has timed out. starting new election...
06:53.979808802 [ INFO] [39] becomes leader with 65 votes
06:54.179440086 [ INFO] [93] has timed out. starting new election...
06:54.184584118 [ INFO] [93] becomes leader with 65 votes
06:54.403066183 [ INFO] [91] has timed out. starting new election...
06:54.419284524 [ INFO] [91] becomes leader with 65 votes
06:54.646031532 [ INFO] [51] has timed out. starting new election...
06:54.686826881 [ INFO] [51] becomes leader with 114 votes
06:54.855366240 [ INFO] [61] has timed out. starting new election...
06:54.886826629 [ INFO] [61] becomes leader with 114 votes
06:55.156326591 [ INFO] [40] has timed out. starting new election...
06:55.157960808 [ INFO] [39] has timed out. starting new election...
06:55.186827705 [ INFO] [39] becomes leader with 113 votes
06:55.398006513 [ INFO] [93] has timed out. starting new election...
06:55.416190215 [ INFO] [93] becomes leader with 65 votes
06:55.578192398 [ INFO] [91] has timed out. starting new election...
06:55.610565971 [ INFO] [91] becomes leader with 114 votes
06:55.858975740 [ INFO] [51] has timed out. starting new election...
06:55.865251186 [ INFO] [51] becomes leader with 65 votes
06:56.108647276 [ INFO] [61] has timed out. starting new election...
06:56.112612473 [ INFO] [61] becomes leader with 65 votes
06:56.363900150 [ INFO] [40] has timed out. starting new election...
06:56.398042258 [ INFO] [40] becomes leader with 65 votes
06:56.580801185 [ INFO] [93] has timed out. starting new election...
06:56.589604572 [ INFO] [93] becomes leader with 65 votes
06:56.769419358 [ INFO] [91] has timed out. starting new election...
06:56.788307270 [ INFO] [91] becomes leader with 65 votes
06:57.037609606 [ INFO] [51] has timed out. starting new election...
06:57.042809908 [ INFO] [51] becomes leader with 65 votes
06:57.286940092 [ INFO] [61] has timed out. starting new election...
06:57.330825559 [ INFO] [61] becomes leader with 114 votes
06:57.574834128 [ INFO] [39] has timed out. starting new election...
06:57.618828976 [ INFO] [39] becomes leader with 114 votes
06:57.781988521 [ INFO] [93] has timed out. starting new election...
06:57.786862933 [ INFO] [93] becomes leader with 65 votes
06:57.950683293 [ INFO] [91] has timed out. starting new election...
06:57.967025372 [ INFO] [40] has timed out. starting new election...
06:57.972232316 [ INFO] [52] has timed out. starting new election...
06:57.972768026 [ INFO] [26] has timed out. starting new election...
06:57.968875352 [ INFO] [114] has timed out. starting new election...
06:57.998826829 [ INFO] [52] becomes leader with 109 votes
06:58.231653219 [ INFO] [51] has timed out. starting new election...
06:58.266827532 [ INFO] [51] becomes leader with 114 votes
06:58.523336253 [ INFO] [91] has timed out. starting new election...
06:58.566569924 [ INFO] [91] becomes leader with 114 votes
06:58.791149302 [ INFO] [61] has timed out. starting new election...
06:58.815987355 [ INFO] [61] becomes leader with 65 votes
06:58.979770209 [ INFO] [93] has timed out. starting new election...
06:58.983693778 [ INFO] [93] becomes leader with 65 votes
06:59.176952206 [ INFO] [39] has timed out. starting new election...
06:59.181052730 [ INFO] [39] becomes leader with 65 votes
06:59.184008283 [ INFO] [33] has timed out. starting new election...
06:59.470693395 [ INFO] [51] has timed out. starting new election...
06:59.475919878 [ INFO] [51] becomes leader with 65 votes
06:59.726315595 [ INFO] [91] has timed out. starting new election...
06:59.743502500 [ INFO] [91] becomes leader with 65 votes
07:00.149283205 [ INFO] [93] has timed out. starting new election...
07:00.153276839 [ INFO] [93] becomes leader with 65 votes
07:00.353058631 [ INFO] [61] has timed out. starting new election...
07:00.357875585 [ INFO] [40] has timed out. starting new election...
07:00.357142695 [ INFO] [114] has timed out. starting new election...
07:00.363740737 [ INFO] [26] has timed out. starting new election...
07:00.363768989 [ INFO] [33] has timed out. starting new election...
07:00.367752649 [ INFO] [33] becomes leader with 65 votes
07:00.679406404 [ INFO] [61] candidate has timed out. starting new election...
07:00.682813220 [ INFO] [26] candidate has timed out. starting new election...
07:00.683065394 [ INFO] [51] has timed out. starting new election...
07:00.685839642 [ INFO] [114] candidate has timed out. starting new election...
07:00.722834319 [ INFO] [51] becomes leader with 111 votes
07:00.902802937 [ INFO] [91] has timed out. starting new election...
07:00.908225712 [ INFO] [91] becomes leader with 65 votes
07:01.081615182 [ INFO] [39] has timed out. starting new election...
07:01.122825801 [ INFO] [39] becomes leader with 111 votes
07:01.346237993 [ INFO] [93] has timed out. starting new election...
07:01.353701807 [ INFO] [93] becomes leader with 65 votes
07:02.067308480 [ INFO] [91] has timed out. starting new election...
07:02.072219743 [ INFO] [91] becomes leader with 65 votes
07:01.553612552 [ INFO] [33] has timed out. starting new election...
07:01.557915937 [ INFO] [33] becomes leader with 65 votes
07:01.552914252 [ INFO] [52] has timed out. starting new election...
07:01.887165291 [ INFO] [52] candidate has timed out. starting new election...
07:01.544933873 [ INFO] [40] has timed out. starting new election...
07:01.883086691 [ INFO] [40] candidate has timed out. starting new election...
07:01.895303169 [ INFO] [51] has timed out. starting new election...
07:01.900005192 [ INFO] [51] becomes leader with 65 votes
