[1579529101.398298] [dahu-17:16664:0]       ib_iface.c:696  UCX  ERROR ibv_create_cq(cqe=4096) failed: Function not implemented
[1579529101.400428] [dahu-17:16659:0]       ib_iface.c:696  UCX  ERROR ibv_create_cq(cqe=4096) failed: Function not implemented
[1579529101.409953] [dahu-17:16665:0]       ib_iface.c:696  UCX  ERROR ibv_create_cq(cqe=4096) failed: Function not implemented
[1579529101.411655] [dahu-17:16668:0]       ib_iface.c:696  UCX  ERROR ibv_create_cq(cqe=4096) failed: Function not implemented
[1579529101.412901] [dahu-17:16661:0]       ib_iface.c:696  UCX  ERROR ibv_create_cq(cqe=4096) failed: Function not implemented
[1579529101.415823] [dahu-17:16670:0]       ib_iface.c:696  UCX  ERROR ibv_create_cq(cqe=4096) failed: Function not implemented
[1579529101.415823] [dahu-17:16673:0]       ib_iface.c:696  UCX  ERROR ibv_create_cq(cqe=4096) failed: Function not implemented
[1579529101.417709] [dahu-17:16671:0]       ib_iface.c:696  UCX  ERROR ibv_create_cq(cqe=4096) failed: Function not implemented
[1579529101.419801] [dahu-17:16666:0]       ib_iface.c:696  UCX  ERROR ibv_create_cq(cqe=4096) failed: Function not implemented
[1579529101.419822] [dahu-17:16663:0]       ib_iface.c:696  UCX  ERROR ibv_create_cq(cqe=4096) failed: Function not implemented
[1579529101.420084] [dahu-17:16676:0]       ib_iface.c:696  UCX  ERROR ibv_create_cq(cqe=4096) failed: Function not implemented
[1579529101.420809] [dahu-17:16667:0]       ib_iface.c:696  UCX  ERROR ibv_create_cq(cqe=4096) failed: Function not implemented
[1579529101.424805] [dahu-17:16660:0]       ib_iface.c:696  UCX  ERROR ibv_create_cq(cqe=4096) failed: Function not implemented
[1579529101.425218] [dahu-17:16677:0]       ib_iface.c:696  UCX  ERROR ibv_create_cq(cqe=4096) failed: Function not implemented
[1579529101.425490] [dahu-17:16669:0]       ib_iface.c:696  UCX  ERROR ibv_create_cq(cqe=4096) failed: Function not implemented
[1579529101.426041] [dahu-17:16674:0]       ib_iface.c:696  UCX  ERROR ibv_create_cq(cqe=4096) failed: Function not implemented
[1579529101.427652] [dahu-17:16662:0]       ib_iface.c:696  UCX  ERROR ibv_create_cq(cqe=4096) failed: Function not implemented
[1579529101.428120] [dahu-17:16680:0]       ib_iface.c:696  UCX  ERROR ibv_create_cq(cqe=4096) failed: Function not implemented
[1579529101.428210] [dahu-17:16672:0]       ib_iface.c:696  UCX  ERROR ibv_create_cq(cqe=4096) failed: Function not implemented
[1579529101.429429] [dahu-17:16679:0]       ib_iface.c:696  UCX  ERROR ibv_create_cq(cqe=4096) failed: Function not implemented
[1579529101.431667] [dahu-17:16678:0]       ib_iface.c:696  UCX  ERROR ibv_create_cq(cqe=4096) failed: Function not implemented
[1579529101.433427] [dahu-16:21330:0]       ib_iface.c:696  UCX  ERROR ibv_create_cq(cqe=4096) failed: Function not implemented
[1579529101.434934] [dahu-17:16688:0]       ib_iface.c:696  UCX  ERROR ibv_create_cq(cqe=4096) failed: Function not implemented
[1579529101.436029] [dahu-17:16675:0]       ib_iface.c:696  UCX  ERROR ibv_create_cq(cqe=4096) failed: Function not implemented
[1579529101.436225] [dahu-17:16681:0]       ib_iface.c:696  UCX  ERROR ibv_create_cq(cqe=4096) failed: Function not implemented
[1579529101.436224] [dahu-17:16683:0]       ib_iface.c:696  UCX  ERROR ibv_create_cq(cqe=4096) failed: Function not implemented
[1579529101.437000] [dahu-17:16687:0]       ib_iface.c:696  UCX  ERROR ibv_create_cq(cqe=4096) failed: Function not implemented
[1579529101.437694] [dahu-16:21320:0]       ib_iface.c:696  UCX  ERROR ibv_create_cq(cqe=4096) failed: Function not implemented
[1579529101.437314] [dahu-17:16682:0]       ib_iface.c:696  UCX  ERROR ibv_create_cq(cqe=4096) failed: Function not implemented
[1579529101.437943] [dahu-17:16684:0]       ib_iface.c:696  UCX  ERROR ibv_create_cq(cqe=4096) failed: Function not implemented
[1579529101.438291] [dahu-17:16690:0]       ib_iface.c:696  UCX  ERROR ibv_create_cq(cqe=4096) failed: Function not implemented
[1579529101.439553] [dahu-17:16686:0]       ib_iface.c:696  UCX  ERROR ibv_create_cq(cqe=4096) failed: Function not implemented
[1579529101.440417] [dahu-16:21315:0]       ib_iface.c:696  UCX  ERROR ibv_create_cq(cqe=4096) failed: Function not implemented
[1579529101.443260] [dahu-16:21316:0]       ib_iface.c:696  UCX  ERROR ibv_create_cq(cqe=4096) failed: Function not implemented
[1579529101.443265] [dahu-16:21327:0]       ib_iface.c:696  UCX  ERROR ibv_create_cq(cqe=4096) failed: Function not implemented
[1579529101.444973] [dahu-17:16685:0]       ib_iface.c:696  UCX  ERROR ibv_create_cq(cqe=4096) failed: Function not implemented
[1579529101.445248] [dahu-17:16689:0]       ib_iface.c:696  UCX  ERROR ibv_create_cq(cqe=4096) failed: Function not implemented
[1579529101.446161] [dahu-16:21325:0]       ib_iface.c:696  UCX  ERROR ibv_create_cq(cqe=4096) failed: Function not implemented
[1579529101.447384] [dahu-16:21328:0]       ib_iface.c:696  UCX  ERROR ibv_create_cq(cqe=4096) failed: Function not implemented
[1579529101.449989] [dahu-16:21318:0]       ib_iface.c:696  UCX  ERROR ibv_create_cq(cqe=4096) failed: Function not implemented
[1579529101.449998] [dahu-16:21321:0]       ib_iface.c:696  UCX  ERROR ibv_create_cq(cqe=4096) failed: Function not implemented
[1579529101.450532] [dahu-16:21331:0]       ib_iface.c:696  UCX  ERROR ibv_create_cq(cqe=4096) failed: Function not implemented
[1579529101.451721] [dahu-16:21322:0]       ib_iface.c:696  UCX  ERROR ibv_create_cq(cqe=4096) failed: Function not implemented
[1579529101.452272] [dahu-16:21323:0]       ib_iface.c:696  UCX  ERROR ibv_create_cq(cqe=4096) failed: Function not implemented
[1579529101.454876] [dahu-16:21333:0]       ib_iface.c:696  UCX  ERROR ibv_create_cq(cqe=4096) failed: Function not implemented
[1579529101.457523] [dahu-16:21332:0]       ib_iface.c:696  UCX  ERROR ibv_create_cq(cqe=4096) failed: Function not implemented
[1579529101.457699] [dahu-16:21334:0]       ib_iface.c:696  UCX  ERROR ibv_create_cq(cqe=4096) failed: Function not implemented
[1579529101.457744] [dahu-16:21326:0]       ib_iface.c:696  UCX  ERROR ibv_create_cq(cqe=4096) failed: Function not implemented
[1579529101.458095] [dahu-16:21329:0]       ib_iface.c:696  UCX  ERROR ibv_create_cq(cqe=4096) failed: Function not implemented
[1579529101.458309] [dahu-16:21338:0]       ib_iface.c:696  UCX  ERROR ibv_create_cq(cqe=4096) failed: Function not implemented
[1579529101.458406] [dahu-16:21319:0]       ib_iface.c:696  UCX  ERROR ibv_create_cq(cqe=4096) failed: Function not implemented
[1579529101.459588] [dahu-16:21339:0]       ib_iface.c:696  UCX  ERROR ibv_create_cq(cqe=4096) failed: Function not implemented
[1579529101.459618] [dahu-16:21335:0]       ib_iface.c:696  UCX  ERROR ibv_create_cq(cqe=4096) failed: Function not implemented
[1579529101.461466] [dahu-16:21337:0]       ib_iface.c:696  UCX  ERROR ibv_create_cq(cqe=4096) failed: Function not implemented
[1579529101.463872] [dahu-16:21324:0]       ib_iface.c:696  UCX  ERROR ibv_create_cq(cqe=4096) failed: Function not implemented
[1579529101.464035] [dahu-16:21317:0]       ib_iface.c:696  UCX  ERROR ibv_create_cq(cqe=4096) failed: Function not implemented
[1579529101.464121] [dahu-16:21341:0]       ib_iface.c:696  UCX  ERROR ibv_create_cq(cqe=4096) failed: Function not implemented
[1579529101.465077] [dahu-16:21344:0]       ib_iface.c:696  UCX  ERROR ibv_create_cq(cqe=4096) failed: Function not implemented
[1579529101.465870] [dahu-16:21343:0]       ib_iface.c:696  UCX  ERROR ibv_create_cq(cqe=4096) failed: Function not implemented
[1579529101.466682] [dahu-16:21336:0]       ib_iface.c:696  UCX  ERROR ibv_create_cq(cqe=4096) failed: Function not implemented
[1579529101.467295] [dahu-16:21340:0]       ib_iface.c:696  UCX  ERROR ibv_create_cq(cqe=4096) failed: Function not implemented
[1579529101.467477] [dahu-16:21345:0]       ib_iface.c:696  UCX  ERROR ibv_create_cq(cqe=4096) failed: Function not implemented
[1579529101.468605] [dahu-16:21342:0]       ib_iface.c:696  UCX  ERROR ibv_create_cq(cqe=4096) failed: Function not implemented
[1579529101.471547] [dahu-16:21346:0]       ib_iface.c:696  UCX  ERROR ibv_create_cq(cqe=4096) failed: Function not implemented
05:01.636369983 [ INFO] [30] has timed out. starting new election...
05:01.636553072 [ INFO] [19] has timed out. starting new election...
05:01.685460440 [ INFO] [30] becomes leader with 41 votes
05:01.844913009 [ INFO] [25] has timed out. starting new election...
05:01.845057880 [ INFO] [15] has timed out. starting new election...
05:01.851453624 [ INFO] [25] becomes leader with 33 votes
05:02.027522842 [ INFO] [19] has timed out. starting new election...
05:02.030726867 [ INFO] [19] becomes leader with 33 votes
05:02.188043088 [ INFO] [26] has timed out. starting new election...
05:02.207020888 [ INFO] [26] becomes leader with 33 votes
05:02.366220735 [ INFO] [15] has timed out. starting new election...
05:02.368062527 [ INFO] [4] has timed out. starting new election...
05:02.367790262 [ INFO] [58] has timed out. starting new election...
05:02.368948140 [ INFO] [23] has timed out. starting new election...
05:02.421457243 [ INFO] [23] becomes leader with 39 votes
05:02.585844746 [ INFO] [57] has timed out. starting new election...
05:02.587116629 [ INFO] [49] has timed out. starting new election...
05:02.591444237 [ INFO] [55] has timed out. starting new election...
05:02.592409506 [ INFO] [14] has timed out. starting new election...
05:02.592371454 [ INFO] [33] has timed out. starting new election...
05:02.595138228 [ INFO] [17] has timed out. starting new election...
05:02.595674830 [ INFO] [36] has timed out. starting new election...
05:02.602919620 [ INFO] [5] has timed out. starting new election...
05:02.614621689 [ INFO] [5] becomes leader with 33 votes
05:02.844147096 [ INFO] [30] has timed out. starting new election...
05:02.847045360 [ INFO] [30] becomes leader with 33 votes
05:03.010545608 [ INFO] [15] has timed out. starting new election...
05:03.010823380 [ INFO] [25] has timed out. starting new election...
05:03.026453311 [ INFO] [25] becomes leader with 33 votes
05:03.380861957 [ INFO] [26] has timed out. starting new election...
05:03.421460412 [ INFO] [26] becomes leader with 64 votes
05:03.581597329 [ INFO] [19] has timed out. starting new election...
05:03.584636453 [ INFO] [19] becomes leader with 33 votes
05:03.585770482 [ INFO] [23] has timed out. starting new election...
05:03.775059433 [ INFO] [15] has timed out. starting new election...
05:03.776861838 [ INFO] [4] has timed out. starting new election...
05:03.783665153 [ INFO] [4] becomes leader with 33 votes
05:04.005023742 [ INFO] [30] has timed out. starting new election...
05:04.012491110 [ INFO] [58] has timed out. starting new election...
05:04.014048098 [ INFO] [49] has timed out. starting new election...
05:04.015375025 [ INFO] [57] has timed out. starting new election...
05:04.019168037 [ INFO] [14] has timed out. starting new election...
05:04.062918776 [ INFO] [14] becomes leader with 60 votes
05:04.221466978 [ INFO] [25] has timed out. starting new election...
05:04.221618599 [ INFO] [15] has timed out. starting new election...
05:04.230008572 [ INFO] [15] becomes leader with 33 votes
05:04.389361106 [ INFO] [25] has timed out. starting new election...
05:04.389631818 [ INFO] [23] has timed out. starting new election...
05:04.392480526 [ INFO] [25] becomes leader with 33 votes
05:04.417463303 [ INFO] [23] becomes leader with 62 votes
05:04.743435504 [ INFO] [19] has timed out. starting new election...
05:04.749514604 [ INFO] [19] becomes leader with 33 votes
05:04.944602369 [ INFO] [30] has timed out. starting new election...
05:04.947776215 [ INFO] [30] becomes leader with 33 votes
05:05.224743612 [ INFO] [26] has timed out. starting new election...
05:05.228262796 [ INFO] [26] becomes leader with 33 votes
05:05.390813441 [ INFO] [15] has timed out. starting new election...
05:05.433458607 [ INFO] [15] becomes leader with 64 votes
05:05.599035038 [ INFO] [4] has timed out. starting new election...
05:05.599165639 [ INFO] [23] has timed out. starting new election...
05:05.629460678 [ INFO] [23] becomes leader with 62 votes
05:05.908645149 [ INFO] [19] has timed out. starting new election...
05:05.937462801 [ INFO] [19] becomes leader with 63 votes
05:06.105877489 [ INFO] [30] has timed out. starting new election...
05:06.137459004 [ INFO] [30] becomes leader with 63 votes
05:06.388119845 [ INFO] [26] has timed out. starting new election...
05:06.415042756 [ INFO] [26] becomes leader with 33 votes
05:06.607985925 [ INFO] [15] has timed out. starting new election...
05:06.611102252 [ INFO] [15] becomes leader with 33 votes
05:06.790102567 [ INFO] [4] has timed out. starting new election...
05:06.791255585 [ INFO] [23] has timed out. starting new election...
05:06.837462113 [ INFO] [23] becomes leader with 62 votes
05:07.096373496 [ INFO] [19] has timed out. starting new election...
05:07.100341873 [ INFO] [58] has timed out. starting new election...
05:07.104696242 [ INFO] [49] has timed out. starting new election...
05:07.105565788 [ INFO] [57] has timed out. starting new election...
05:07.165796182 [ INFO] [57] becomes leader with 60 votes
05:07.325444374 [ INFO] [30] has timed out. starting new election...
05:07.327119212 [ INFO] [4] has timed out. starting new election...
05:07.336866184 [ INFO] [14] has timed out. starting new election...
05:07.337428371 [ INFO] [33] has timed out. starting new election...
05:07.337504348 [ INFO] [55] has timed out. starting new election...
05:07.378827934 [ INFO] [33] becomes leader with 58 votes
05:07.574676619 [ INFO] [19] has timed out. starting new election...
05:07.578076347 [ INFO] [19] becomes leader with 33 votes
05:07.770378269 [ INFO] [26] has timed out. starting new election...
05:07.773314853 [ INFO] [26] becomes leader with 33 votes
05:08.026318471 [ INFO] [30] has timed out. starting new election...
05:08.057458559 [ INFO] [30] becomes leader with 63 votes
05:08.326911983 [ INFO] [15] has timed out. starting new election...
05:08.328064213 [ INFO] [4] has timed out. starting new election...
05:08.332590443 [ INFO] [4] becomes leader with 33 votes
05:08.542778361 [ INFO] [23] has timed out. starting new election...
05:08.585461103 [ INFO] [23] becomes leader with 63 votes
05:08.751899150 [ INFO] [15] has timed out. starting new election...
05:08.758177991 [ INFO] [15] becomes leader with 33 votes
05:08.933042971 [ INFO] [19] has timed out. starting new election...
05:08.938381244 [ INFO] [58] has timed out. starting new election...
05:08.938893343 [ INFO] [49] has timed out. starting new election...
05:08.939470599 [ INFO] [26] has timed out. starting new election...
05:08.969461999 [ INFO] [26] becomes leader with 60 votes
05:09.247486632 [ INFO] [19] candidate has timed out. starting new election...
05:09.247122581 [ INFO] [58] candidate has timed out. starting new election...
05:09.250409625 [ INFO] [49] candidate has timed out. starting new election...
05:09.279061541 [ INFO] [30] has timed out. starting new election...
05:09.283212349 [ INFO] [30] becomes leader with 33 votes
05:09.495523118 [ INFO] [4] has timed out. starting new election...
05:09.501480670 [ INFO] [4] becomes leader with 33 votes
05:09.755081725 [ INFO] [23] has timed out. starting new election...
05:09.767835964 [ INFO] [23] becomes leader with 33 votes
05:09.926124015 [ INFO] [15] has timed out. starting new election...
05:09.961462276 [ INFO] [15] becomes leader with 60 votes
05:10.193225792 [ INFO] [26] has timed out. starting new election...
05:10.225464504 [ INFO] [26] becomes leader with 60 votes
05:10.441671197 [ INFO] [30] has timed out. starting new election...
05:10.457983152 [ INFO] [30] becomes leader with 33 votes
05:10.664560098 [ INFO] [4] has timed out. starting new election...
05:10.705463441 [ INFO] [4] becomes leader with 60 votes
05:10.930253941 [ INFO] [23] has timed out. starting new election...
05:10.933539236 [ INFO] [23] becomes leader with 33 votes
05:11.121307981 [ INFO] [15] has timed out. starting new election...
05:11.143125814 [ INFO] [15] becomes leader with 60 votes
05:11.400454506 [ INFO] [26] has timed out. starting new election...
05:11.433459842 [ INFO] [26] becomes leader with 60 votes
05:11.620909860 [ INFO] [30] has timed out. starting new election...
05:11.641729965 [ INFO] [30] becomes leader with 33 votes
05:11.868274204 [ INFO] [4] has timed out. starting new election...
05:11.873871210 [ INFO] [4] becomes leader with 33 votes
05:12.095631546 [ INFO] [23] has timed out. starting new election...
05:12.104408457 [ INFO] [23] becomes leader with 33 votes
05:12.384851843 [ INFO] [15] has timed out. starting new election...
05:12.417457936 [ INFO] [15] becomes leader with 60 votes
05:12.620019674 [ INFO] [26] has timed out. starting new election...
05:12.624498084 [ INFO] [26] becomes leader with 33 votes
05:12.802323122 [ INFO] [30] has timed out. starting new election...
05:12.805372097 [ INFO] [30] becomes leader with 33 votes
05:13.036831794 [ INFO] [4] has timed out. starting new election...
05:13.069460440 [ INFO] [4] becomes leader with 60 votes
05:13.269903042 [ INFO] [23] has timed out. starting new election...
05:13.313458876 [ INFO] [23] becomes leader with 60 votes
05:13.577310971 [ INFO] [15] has timed out. starting new election...
05:13.580297475 [ INFO] [15] becomes leader with 33 votes
05:13.795975822 [ INFO] [26] has timed out. starting new election...
05:13.810134920 [ INFO] [26] becomes leader with 33 votes
05:13.974432879 [ INFO] [57] has timed out. starting new election...
05:14.014828756 [ INFO] [57] becomes leader with 60 votes
05:14.264981270 [ INFO] [30] has timed out. starting new election...
05:14.268005176 [ INFO] [4] has timed out. starting new election...
05:14.271266070 [ INFO] [4] becomes leader with 33 votes
05:14.476450987 [ INFO] [23] has timed out. starting new election...
05:14.494784516 [ INFO] [23] becomes leader with 33 votes
05:14.739822911 [ INFO] [30] has timed out. starting new election...
05:14.740083475 [ INFO] [15] has timed out. starting new election...
05:14.777463069 [ INFO] [15] becomes leader with 60 votes
05:14.970254444 [ INFO] [26] has timed out. starting new election...
05:14.973479096 [ INFO] [26] becomes leader with 33 votes
05:15.203244380 [ INFO] [30] has timed out. starting new election...
05:15.208281132 [ INFO] [57] has timed out. starting new election...
05:15.212895015 [ INFO] [57] becomes leader with 33 votes
05:15.434237019 [ INFO] [4] has timed out. starting new election...
05:15.443305325 [ INFO] [14] has timed out. starting new election...
05:15.453421835 [ INFO] [14] becomes leader with 33 votes
05:15.654908898 [ INFO] [30] has timed out. starting new election...
05:15.657983159 [ INFO] [30] becomes leader with 33 votes
05:15.937262336 [ INFO] [15] has timed out. starting new election...
05:15.949037162 [ INFO] [15] becomes leader with 33 votes
05:16.133278109 [ INFO] [26] has timed out. starting new election...
05:16.136447936 [ INFO] [26] becomes leader with 33 votes
05:16.376518012 [ INFO] [23] has timed out. starting new election...
05:16.378830745 [ INFO] [57] has timed out. starting new election...
05:16.381572756 [ INFO] [57] becomes leader with 33 votes
05:16.615150996 [ INFO] [4] has timed out. starting new election...
05:16.618234740 [ INFO] [4] becomes leader with 33 votes
05:16.815780338 [ INFO] [30] has timed out. starting new election...
05:16.821106244 [ INFO] [23] has timed out. starting new election...
05:16.837579309 [ INFO] [23] becomes leader with 33 votes
05:17.108937431 [ INFO] [15] has timed out. starting new election...
05:17.116377767 [ INFO] [15] becomes leader with 33 votes
05:17.293790884 [ INFO] [30] has timed out. starting new election...
05:17.314880531 [ INFO] [30] becomes leader with 33 votes
05:17.543310090 [ INFO] [26] has timed out. starting new election...
05:17.569462146 [ INFO] [26] becomes leader with 60 votes
05:17.781101625 [ INFO] [4] has timed out. starting new election...
05:17.784014115 [ INFO] [4] becomes leader with 33 votes
05:17.999580989 [ INFO] [23] has timed out. starting new election...
05:18.003244283 [ INFO] [23] becomes leader with 33 votes
05:18.275970445 [ INFO] [15] has timed out. starting new election...
05:18.309459663 [ INFO] [15] becomes leader with 60 votes
05:18.472405263 [ INFO] [30] has timed out. starting new election...
05:18.505460362 [ INFO] [30] becomes leader with 60 votes
05:18.729338129 [ INFO] [26] has timed out. starting new election...
05:18.737770284 [ INFO] [57] has timed out. starting new election...
05:18.766823029 [ INFO] [57] becomes leader with 59 votes
05:18.954282235 [ INFO] [4] has timed out. starting new election...
05:18.957856841 [ INFO] [55] has timed out. starting new election...
05:18.959800097 [ INFO] [14] has timed out. starting new election...
05:18.963059317 [ INFO] [14] becomes leader with 33 votes
05:19.189470278 [ INFO] [26] has timed out. starting new election...
05:19.221460315 [ INFO] [26] becomes leader with 59 votes
05:19.468937165 [ INFO] [15] has timed out. starting new election...
05:19.471967382 [ INFO] [15] becomes leader with 33 votes
05:19.695057834 [ INFO] [30] has timed out. starting new election...
05:19.698089789 [ INFO] [30] becomes leader with 33 votes
05:19.928458804 [ INFO] [4] has timed out. starting new election...
05:19.957458318 [ INFO] [4] becomes leader with 60 votes
05:20.126903546 [ INFO] [23] has timed out. starting new election...
05:20.169464359 [ INFO] [23] becomes leader with 60 votes
05:20.397152641 [ INFO] [26] has timed out. starting new election...
05:20.429460048 [ INFO] [26] becomes leader with 60 votes
05:20.631931423 [ INFO] [15] has timed out. starting new election...
05:20.634799769 [ INFO] [15] becomes leader with 33 votes
05:20.865974922 [ INFO] [57] has timed out. starting new election...
05:20.894828530 [ INFO] [57] becomes leader with 60 votes
05:21.117048084 [ INFO] [30] has timed out. starting new election...
05:21.120019531 [ INFO] [4] has timed out. starting new election...
05:21.172042986 [ INFO] [4] becomes leader with 59 votes
05:21.362948688 [ INFO] [23] has timed out. starting new election...
05:21.381899785 [ INFO] [23] becomes leader with 33 votes
05:21.598315875 [ INFO] [30] has timed out. starting new election...
05:21.640468286 [ INFO] [30] becomes leader with 60 votes
05:21.800240893 [ INFO] [26] has timed out. starting new election...
05:21.841458425 [ INFO] [26] becomes leader with 60 votes
05:22.096471551 [ INFO] [15] has timed out. starting new election...
05:22.101479180 [ INFO] [15] becomes leader with 33 votes
05:22.364774075 [ INFO] [4] has timed out. starting new election...
05:22.405465646 [ INFO] [4] becomes leader with 60 votes
05:22.567389506 [ INFO] [23] has timed out. starting new election...
05:22.601462245 [ INFO] [23] becomes leader with 60 votes
05:22.804264072 [ INFO] [30] has timed out. starting new election...
05:22.808660570 [ INFO] [57] has timed out. starting new election...
05:22.814414225 [ INFO] [55] has timed out. starting new election...
05:22.866832054 [ INFO] [55] becomes leader with 56 votes
05:23.027953515 [ INFO] [26] has timed out. starting new election...
05:23.030928179 [ INFO] [26] becomes leader with 33 votes
05:23.261082570 [ INFO] [15] has timed out. starting new election...
05:23.261733213 [ INFO] [30] has timed out. starting new election...
05:23.264812417 [ INFO] [30] becomes leader with 33 votes
05:23.571168439 [ INFO] [57] has timed out. starting new election...
05:23.606823970 [ INFO] [57] becomes leader with 60 votes
05:23.811546304 [ INFO] [15] has timed out. starting new election...
05:23.814670701 [ INFO] [15] becomes leader with 33 votes
05:24.027774581 [ INFO] [23] has timed out. starting new election...
05:24.069461333 [ INFO] [23] becomes leader with 60 votes
05:24.229592753 [ INFO] [26] has timed out. starting new election...
05:24.261460320 [ INFO] [26] becomes leader with 60 votes
05:24.423222447 [ INFO] [30] has timed out. starting new election...
05:24.433467398 [ INFO] [4] has timed out. starting new election...
05:24.436469790 [ INFO] [4] becomes leader with 33 votes
05:24.608408736 [ INFO] [55] has timed out. starting new election...
05:24.638826129 [ INFO] [55] becomes leader with 60 votes
05:24.815214218 [ INFO] [30] has timed out. starting new election...
05:24.877462167 [ INFO] [30] becomes leader with 60 votes
05:25.061601570 [ INFO] [15] has timed out. starting new election...
05:25.071373537 [ INFO] [57] has timed out. starting new election...
05:25.082308365 [ INFO] [57] becomes leader with 33 votes
05:25.248336443 [ INFO] [23] has timed out. starting new election...
05:25.251388747 [ INFO] [23] becomes leader with 33 votes
05:25.421214039 [ INFO] [26] has timed out. starting new election...
05:25.453854881 [ INFO] [26] becomes leader with 60 votes
05:25.799508816 [ INFO] [15] has timed out. starting new election...
05:25.809286984 [ INFO] [4] has timed out. starting new election...
05:25.813127757 [ INFO] [4] becomes leader with 33 votes
05:26.063205640 [ INFO] [30] has timed out. starting new election...
05:26.077477794 [ INFO] [14] has timed out. starting new election...
05:26.121461074 [ INFO] [14] becomes leader with 59 votes
05:26.381513133 [ INFO] [30] candidate has timed out. starting new election...
05:26.411532631 [ INFO] [15] has timed out. starting new election...
05:26.415223610 [ INFO] [15] becomes leader with 33 votes
05:26.675179939 [ INFO] [26] has timed out. starting new election...
05:26.678535419 [ INFO] [26] becomes leader with 33 votes
05:26.975692923 [ INFO] [23] has timed out. starting new election...
05:26.975800774 [ INFO] [4] has timed out. starting new election...
05:26.982633800 [ INFO] [4] becomes leader with 33 votes
05:27.284202281 [ INFO] [23] has timed out. starting new election...
05:27.325458573 [ INFO] [23] becomes leader with 59 votes
05:27.575385761 [ INFO] [15] has timed out. starting new election...
05:27.594709354 [ INFO] [15] becomes leader with 33 votes
05:27.838224091 [ INFO] [26] has timed out. starting new election...
05:27.846613707 [ INFO] [57] has timed out. starting new election...
05:27.849469255 [ INFO] [14] has timed out. starting new election...
05:27.873087563 [ INFO] [14] becomes leader with 57 votes
05:28.145419481 [ INFO] [4] has timed out. starting new election...
05:28.189464600 [ INFO] [4] becomes leader with 59 votes
05:28.486568999 [ INFO] [26] has timed out. starting new election...
05:28.486814872 [ INFO] [23] has timed out. starting new election...
05:28.493995784 [ INFO] [23] becomes leader with 33 votes
05:28.753313013 [ INFO] [26] has timed out. starting new election...
05:28.781458473 [ INFO] [26] becomes leader with 59 votes
05:29.040508804 [ INFO] [15] has timed out. starting new election...
05:29.069459190 [ INFO] [15] becomes leader with 58 votes
05:29.352237212 [ INFO] [4] has timed out. starting new election...
05:29.355081870 [ INFO] [4] becomes leader with 33 votes
05:29.655816192 [ INFO] [23] has timed out. starting new election...
05:29.689461267 [ INFO] [23] becomes leader with 59 votes
05:29.972975800 [ INFO] [26] has timed out. starting new election...
05:30.009482973 [ INFO] [26] becomes leader with 59 votes
05:30.244965331 [ INFO] [15] has timed out. starting new election...
05:30.273462973 [ INFO] [15] becomes leader with 59 votes
05:30.517868879 [ INFO] [4] has timed out. starting new election...
05:30.520846272 [ INFO] [4] becomes leader with 33 votes
05:30.687609174 [ INFO] [57] has timed out. starting new election...
05:30.714826279 [ INFO] [57] becomes leader with 59 votes
05:30.910830249 [ INFO] [23] has timed out. starting new election...
05:30.921408722 [ INFO] [14] has timed out. starting new election...
05:30.931915550 [ INFO] [14] becomes leader with 33 votes
05:31.169392464 [ INFO] [26] has timed out. starting new election...
05:31.172532163 [ INFO] [26] becomes leader with 33 votes
05:31.433175489 [ INFO] [15] has timed out. starting new election...
05:31.436616425 [ INFO] [15] becomes leader with 33 votes
05:31.683605736 [ INFO] [4] has timed out. starting new election...
05:31.683857040 [ INFO] [23] has timed out. starting new election...
05:31.729463004 [ INFO] [23] becomes leader with 59 votes
05:31.889874031 [ INFO] [4] has timed out. starting new election...
05:31.921460006 [ INFO] [4] becomes leader with 59 votes
05:32.097954702 [ INFO] [57] has timed out. starting new election...
05:32.104813752 [ INFO] [33] has timed out. starting new election...
05:32.134827349 [ INFO] [33] becomes leader with 58 votes
05:32.332192519 [ INFO] [26] has timed out. starting new election...
05:32.337968483 [ INFO] [26] becomes leader with 33 votes
05:32.597302111 [ INFO] [15] has timed out. starting new election...
05:32.600417559 [ INFO] [15] becomes leader with 33 votes
05:32.898318402 [ INFO] [23] has timed out. starting new election...
05:32.904639149 [ INFO] [23] becomes leader with 33 votes
05:33.097099322 [ INFO] [4] has timed out. starting new election...
05:33.102408788 [ INFO] [57] has timed out. starting new election...
05:33.105914876 [ INFO] [14] has timed out. starting new election...
05:33.145464061 [ INFO] [14] becomes leader with 57 votes
05:33.409427005 [ INFO] [4] candidate has timed out. starting new election...
05:33.470830107 [ INFO] [57] candidate has timed out. starting new election...
05:33.497830503 [ INFO] [26] has timed out. starting new election...
05:33.502017284 [ INFO] [26] becomes leader with 33 votes
05:33.760185634 [ INFO] [15] has timed out. starting new election...
05:33.763282415 [ INFO] [15] becomes leader with 33 votes
05:34.067200650 [ INFO] [23] has timed out. starting new election...
05:34.078024002 [ INFO] [33] has timed out. starting new election...
05:34.082078968 [ INFO] [33] becomes leader with 33 votes
05:34.358035709 [ INFO] [14] has timed out. starting new election...
05:34.393457469 [ INFO] [14] becomes leader with 57 votes
05:34.661665708 [ INFO] [26] has timed out. starting new election...
05:34.693463838 [ INFO] [26] becomes leader with 57 votes
05:34.922705373 [ INFO] [15] has timed out. starting new election...
05:34.925742538 [ INFO] [15] becomes leader with 33 votes
05:35.245728849 [ INFO] [23] has timed out. starting new election...
05:35.256512498 [ INFO] [33] has timed out. starting new election...
05:35.259606196 [ INFO] [33] becomes leader with 33 votes
05:35.565331659 [ INFO] [14] has timed out. starting new election...
05:35.568322049 [ INFO] [14] becomes leader with 33 votes
05:35.855363779 [ INFO] [23] has timed out. starting new election...
05:35.893461057 [ INFO] [23] becomes leader with 57 votes
05:36.085354807 [ INFO] [15] has timed out. starting new election...
05:36.088579183 [ INFO] [15] becomes leader with 33 votes
05:36.245849221 [ INFO] [26] has timed out. starting new election...
05:36.258441575 [ INFO] [55] has timed out. starting new election...
05:36.310833171 [ INFO] [55] becomes leader with 56 votes
05:36.482339998 [ INFO] [33] has timed out. starting new election...
05:36.485366355 [ INFO] [33] becomes leader with 33 votes
05:36.743080797 [ INFO] [26] has timed out. starting new election...
05:36.777464248 [ INFO] [26] becomes leader with 57 votes
05:37.055277448 [ INFO] [23] has timed out. starting new election...
05:37.058223915 [ INFO] [23] becomes leader with 33 votes
05:37.248253425 [ INFO] [15] has timed out. starting new election...
05:37.289458966 [ INFO] [15] becomes leader with 57 votes
05:37.657329091 [ INFO] [14] has timed out. starting new election...
05:37.656874783 [ INFO] [55] has timed out. starting new election...
05:37.702825553 [ INFO] [55] becomes leader with 55 votes
05:37.937444211 [ INFO] [26] has timed out. starting new election...
05:37.952136160 [ INFO] [17] has timed out. starting new election...
05:37.977460004 [ INFO] [17] becomes leader with 56 votes
05:38.219288905 [ INFO] [26] has timed out. starting new election...
05:38.234966534 [ INFO] [26] becomes leader with 33 votes
05:38.492909712 [ INFO] [15] has timed out. starting new election...
05:38.525458917 [ INFO] [15] becomes leader with 57 votes
05:38.935859656 [ INFO] [23] has timed out. starting new election...
05:38.944271569 [ INFO] [55] has timed out. starting new election...
05:38.959567833 [ INFO] [55] becomes leader with 33 votes
05:39.149581978 [ INFO] [14] has timed out. starting new election...
05:39.185459922 [ INFO] [14] becomes leader with 57 votes
05:39.394870240 [ INFO] [26] has timed out. starting new election...
05:39.398123824 [ INFO] [26] becomes leader with 33 votes
05:39.559257978 [ INFO] [23] has timed out. starting new election...
05:39.570344224 [ INFO] [33] has timed out. starting new election...
05:39.610827285 [ INFO] [33] becomes leader with 57 votes
05:39.801969716 [ INFO] [15] has timed out. starting new election...
05:39.803444063 [ INFO] [23] has timed out. starting new election...
05:39.809927778 [ INFO] [15] becomes leader with 33 votes
05:40.103609830 [ INFO] [23] candidate has timed out. starting new election...
05:40.131636477 [ INFO] [55] has timed out. starting new election...
05:40.134957538 [ INFO] [55] becomes leader with 33 votes
05:40.357206824 [ INFO] [14] has timed out. starting new election...
05:40.360438561 [ INFO] [14] becomes leader with 33 votes
05:40.557803613 [ INFO] [26] has timed out. starting new election...
05:40.601460299 [ INFO] [26] becomes leader with 56 votes
05:40.969715491 [ INFO] [15] has timed out. starting new election...
05:40.972977400 [ INFO] [15] becomes leader with 33 votes
05:41.306651050 [ INFO] [55] has timed out. starting new election...
05:41.308323840 [ INFO] [33] has timed out. starting new election...
05:41.311125908 [ INFO] [17] has timed out. starting new election...
05:41.312367585 [ INFO] [36] has timed out. starting new election...
05:41.338833261 [ INFO] [36] becomes leader with 53 votes
05:41.568408643 [ INFO] [14] has timed out. starting new election...
05:41.594873035 [ INFO] [14] becomes leader with 33 votes
05:41.762277169 [ INFO] [26] has timed out. starting new election...
05:41.765363646 [ INFO] [26] becomes leader with 33 votes
05:41.936565923 [ INFO] [33] has timed out. starting new election...
05:41.937123979 [ INFO] [17] has timed out. starting new election...
05:41.965458595 [ INFO] [17] becomes leader with 55 votes
05:42.132894570 [ INFO] [15] has timed out. starting new election...
05:42.165460424 [ INFO] [15] becomes leader with 55 votes
05:42.347607263 [ INFO] [55] has timed out. starting new election...
05:42.348365751 [ INFO] [33] has timed out. starting new election...
05:42.360898174 [ INFO] [33] becomes leader with 33 votes
05:42.568059738 [ INFO] [36] has timed out. starting new election...
05:42.576299856 [ INFO] [54] has timed out. starting new election...
05:42.618829106 [ INFO] [54] becomes leader with 55 votes
05:42.898974974 [ INFO] [36] candidate has timed out. starting new election...
05:42.925218140 [ INFO] [26] has timed out. starting new election...
05:42.964684984 [ INFO] [26] becomes leader with 55 votes
05:43.162131178 [ INFO] [55] has timed out. starting new election...
05:43.164138166 [ INFO] [14] has timed out. starting new election...
05:43.164604885 [ INFO] [17] has timed out. starting new election...
05:43.176390309 [ INFO] [5] has timed out. starting new election...
05:43.189390753 [ INFO] [5] becomes leader with 33 votes
05:43.350102435 [ INFO] [15] has timed out. starting new election...
05:43.353339349 [ INFO] [15] becomes leader with 33 votes
05:43.533790448 [ INFO] [14] has timed out. starting new election...
05:43.536892718 [ INFO] [14] becomes leader with 33 votes
05:43.792629905 [ INFO] [33] has timed out. starting new election...
05:43.793397555 [ INFO] [55] has timed out. starting new election...
05:43.795063704 [ INFO] [17] has timed out. starting new election...
05:43.807982009 [ INFO] [55] becomes leader with 33 votes
05:44.125682864 [ INFO] [17] candidate has timed out. starting new election...
05:44.153008185 [ INFO] [26] has timed out. starting new election...
05:44.160581870 [ INFO] [26] becomes leader with 33 votes
05:44.512888251 [ INFO] [15] has timed out. starting new election...
05:44.516196652 [ INFO] [15] becomes leader with 33 votes
05:44.708684063 [ INFO] [14] has timed out. starting new election...
05:44.741461458 [ INFO] [14] becomes leader with 54 votes
05:44.980143251 [ INFO] [55] has timed out. starting new election...
05:44.983728707 [ INFO] [55] becomes leader with 33 votes
05:45.154126831 [ INFO] [33] has timed out. starting new election...
05:45.238824669 [ INFO] [33] becomes leader with 54 votes
05:45.399197358 [ INFO] [26] has timed out. starting new election...
05:45.433466417 [ INFO] [26] becomes leader with 54 votes
05:45.676039655 [ INFO] [15] has timed out. starting new election...
05:45.679447067 [ INFO] [15] becomes leader with 33 votes
05:45.957470896 [ INFO] [14] has timed out. starting new election...
05:46.001460753 [ INFO] [14] becomes leader with 54 votes
05:46.169518227 [ INFO] [55] has timed out. starting new election...
05:46.210824399 [ INFO] [55] becomes leader with 54 votes
05:46.417750039 [ INFO] [33] has timed out. starting new election...
05:46.446830744 [ INFO] [33] becomes leader with 54 votes
05:46.624972742 [ INFO] [26] has timed out. starting new election...
05:46.627871388 [ INFO] [26] becomes leader with 33 votes
05:46.839234822 [ INFO] [15] has timed out. starting new election...
05:46.843045209 [ INFO] [15] becomes leader with 33 votes
05:47.173617506 [ INFO] [14] has timed out. starting new election...
05:47.176752518 [ INFO] [14] becomes leader with 33 votes
05:47.416714881 [ INFO] [55] has timed out. starting new election...
05:47.420322868 [ INFO] [55] becomes leader with 33 votes
05:47.620383724 [ INFO] [33] has timed out. starting new election...
05:47.623613681 [ INFO] [33] becomes leader with 33 votes
05:47.792293866 [ INFO] [26] has timed out. starting new election...
05:47.795260071 [ INFO] [26] becomes leader with 33 votes
05:48.002659420 [ INFO] [15] has timed out. starting new election...
05:48.006738747 [ INFO] [15] becomes leader with 33 votes
05:48.187679034 [ INFO] [5] has timed out. starting new election...
05:48.190870101 [ INFO] [5] becomes leader with 33 votes
05:48.361951460 [ INFO] [14] has timed out. starting new election...
05:48.375327153 [ INFO] [54] has timed out. starting new election...
05:48.376343680 [ INFO] [29] has timed out. starting new election...
05:48.377130741 [ INFO] [11] has timed out. starting new election...
05:48.384566870 [ INFO] [13] has timed out. starting new election...
05:48.608453339 [ INFO] [55] has timed out. starting new election...
05:48.630222338 [ INFO] [55] becomes leader with 45 votes
05:48.955078211 [ INFO] [26] has timed out. starting new election...
05:48.975117305 [ INFO] [26] becomes leader with 33 votes
05:49.166524147 [ INFO] [15] has timed out. starting new election...
05:49.169770037 [ INFO] [15] becomes leader with 33 votes
05:49.362630039 [ INFO] [14] has timed out. starting new election...
05:49.409459596 [ INFO] [14] becomes leader with 54 votes
05:49.592297408 [ INFO] [33] has timed out. starting new election...
05:49.602977708 [ INFO] [5] has timed out. starting new election...
05:49.606335375 [ INFO] [5] becomes leader with 33 votes
05:49.801957047 [ INFO] [55] has timed out. starting new election...
05:49.805144060 [ INFO] [55] becomes leader with 33 votes
05:49.975519988 [ INFO] [33] has timed out. starting new election...
05:50.014826900 [ INFO] [33] becomes leader with 54 votes
05:50.330468631 [ INFO] [26] has timed out. starting new election...
05:50.354322761 [ INFO] [26] becomes leader with 54 votes
05:50.579853488 [ INFO] [15] has timed out. starting new election...
05:50.613473584 [ INFO] [15] becomes leader with 54 votes
05:50.785647817 [ INFO] [14] has timed out. starting new election...
05:50.788904081 [ INFO] [14] becomes leader with 33 votes
05:50.976992414 [ INFO] [55] has timed out. starting new election...
05:51.010829206 [ INFO] [55] becomes leader with 54 votes
05:51.233002292 [ INFO] [33] has timed out. starting new election...
05:51.244637440 [ INFO] [5] has timed out. starting new election...
05:51.246804061 [ INFO] [29] has timed out. starting new election...
05:51.274441560 [ INFO] [29] becomes leader with 33 votes
05:51.541030373 [ INFO] [26] has timed out. starting new election...
05:51.549873508 [ INFO] [5] candidate has timed out. starting new election...
05:51.554832259 [ INFO] [33] candidate has timed out. starting new election...
05:51.557729734 [ INFO] [26] becomes leader with 33 votes
05:51.773293984 [ INFO] [15] has timed out. starting new election...
05:51.780500960 [ INFO] [15] becomes leader with 33 votes
05:51.960441894 [ INFO] [14] has timed out. starting new election...
05:51.993460642 [ INFO] [14] becomes leader with 52 votes
05:52.237787124 [ INFO] [55] has timed out. starting new election...
05:52.240913871 [ INFO] [55] becomes leader with 33 votes
05:52.459461322 [ INFO] [29] has timed out. starting new election...
05:52.501459021 [ INFO] [29] becomes leader with 52 votes
05:52.717661781 [ INFO] [26] has timed out. starting new election...
05:52.720582239 [ INFO] [26] becomes leader with 33 votes
05:52.940340291 [ INFO] [15] has timed out. starting new election...
05:52.944779704 [ INFO] [15] becomes leader with 33 votes
05:53.165235802 [ INFO] [14] has timed out. starting new election...
05:53.175166189 [ INFO] [14] becomes leader with 33 votes
05:53.412719676 [ INFO] [55] has timed out. starting new election...
05:53.415973592 [ INFO] [55] becomes leader with 33 votes
05:53.687574671 [ INFO] [54] has timed out. starting new election...
05:53.691704599 [ INFO] [11] has timed out. starting new election...
05:53.694814883 [ INFO] [11] becomes leader with 33 votes
05:53.897686523 [ INFO] [26] has timed out. starting new election...
05:53.941459587 [ INFO] [26] becomes leader with 52 votes
05:54.150924093 [ INFO] [15] has timed out. starting new election...
05:54.154109054 [ INFO] [15] becomes leader with 33 votes
05:54.346988715 [ INFO] [14] has timed out. starting new election...
05:54.350050450 [ INFO] [14] becomes leader with 33 votes
05:54.587677705 [ INFO] [55] has timed out. starting new election...
05:54.630825392 [ INFO] [55] becomes leader with 52 votes
05:54.881062813 [ INFO] [29] has timed out. starting new election...
05:54.886063504 [ INFO] [29] becomes leader with 33 votes
05:55.153026579 [ INFO] [26] has timed out. starting new election...
05:55.221461845 [ INFO] [26] becomes leader with 51 votes
05:55.509975807 [ INFO] [15] has timed out. starting new election...
05:55.513100079 [ INFO] [15] becomes leader with 33 votes
05:55.810882682 [ INFO] [14] has timed out. starting new election...
05:55.810367564 [ INFO] [55] has timed out. starting new election...
05:55.813848138 [ INFO] [55] becomes leader with 33 votes
05:56.071176302 [ INFO] [29] has timed out. starting new election...
05:56.086578769 [ INFO] [29] becomes leader with 33 votes
05:56.389541215 [ INFO] [26] has timed out. starting new election...
05:56.392743704 [ INFO] [26] becomes leader with 33 votes
05:56.672885089 [ INFO] [15] has timed out. starting new election...
05:56.685119853 [ INFO] [14] has timed out. starting new election...
05:56.690100048 [ INFO] [14] becomes leader with 33 votes
05:56.986065554 [ INFO] [55] has timed out. starting new election...
05:56.989336298 [ INFO] [55] becomes leader with 33 votes
05:57.245298531 [ INFO] [15] has timed out. starting new election...
05:57.248543340 [ INFO] [15] becomes leader with 33 votes
05:57.552616690 [ INFO] [26] has timed out. starting new election...
05:57.581459735 [ INFO] [26] becomes leader with 52 votes
05:57.883853389 [ INFO] [14] has timed out. starting new election...
05:57.898225333 [ INFO] [29] has timed out. starting new election...
05:57.929461525 [ INFO] [29] becomes leader with 51 votes
05:58.160996187 [ INFO] [55] has timed out. starting new election...
05:58.165357664 [ INFO] [55] becomes leader with 33 votes
05:58.408789206 [ INFO] [15] has timed out. starting new election...
05:58.426903623 [ INFO] [15] becomes leader with 33 votes
05:58.598806410 [ INFO] [14] has timed out. starting new election...
05:58.608857552 [ INFO] [54] has timed out. starting new election...
05:58.650828863 [ INFO] [54] becomes leader with 51 votes
05:58.807612676 [ INFO] [26] has timed out. starting new election...
05:58.837291610 [ INFO] [11] has timed out. starting new election...
05:58.877459437 [ INFO] [11] becomes leader with 51 votes
05:59.101423296 [ INFO] [14] has timed out. starting new election...
05:59.104687746 [ INFO] [14] becomes leader with 33 votes
05:59.593145181 [ INFO] [32] has timed out. starting new election...
05:59.591078319 [ INFO] [34] has timed out. starting new election...
05:59.610297635 [ INFO] [35] has timed out. starting new election...
05:59.530215395 [ INFO] [63] has timed out. starting new election...
05:59.541831375 [ INFO] [39] has timed out. starting new election...
05:59.617505476 [ INFO] [38] has timed out. starting new election...
05:59.628886311 [ INFO] [37] has timed out. starting new election...
05:59.631601201 [ INFO] [40] has timed out. starting new election...
05:59.593258826 [ INFO] [41] has timed out. starting new election...
05:59.540161023 [ INFO] [42] has timed out. starting new election...
05:59.581699551 [ INFO] [43] has timed out. starting new election...
05:59.584665450 [ INFO] [44] has timed out. starting new election...
05:59.628037373 [ INFO] [59] has timed out. starting new election...
05:59.631153637 [ INFO] [52] has timed out. starting new election...
05:59.590360945 [ INFO] [48] has timed out. starting new election...
05:59.639020245 [ INFO] [45] has timed out. starting new election...
05:59.593906411 [ INFO] [50] has timed out. starting new election...
05:59.574393036 [ INFO] [51] has timed out. starting new election...
05:59.609368339 [ INFO] [47] has timed out. starting new election...
05:59.539777690 [ INFO] [53] has timed out. starting new election...
05:59.544628441 [ INFO] [56] has timed out. starting new election...
05:59.337287519 [ INFO] [55] has timed out. starting new election...
05:59.637491578 [ INFO] [55] candidate has timed out. starting new election...
05:59.590523351 [ INFO] [46] has timed out. starting new election...
05:59.623571686 [ INFO] [60] has timed out. starting new election...
05:59.575890071 [ INFO] [61] has timed out. starting new election...
05:59.562042551 [ INFO] [62] has timed out. starting new election...
05:59.835579049 [ INFO] [54] has timed out. starting new election...
06:00.146823928 [ INFO] [54] candidate has timed out. starting new election...
